---------------------------------------------------------------
[ 2018-05-05T11:59:48+08:00 ] 111.59.124.168 GET /TypeLocation?type=11&location=%E5%8C%97%E4%BA%AC
[ error ] [0]exception 'think\exception\ErrorException' with message 'Division by zero' in /var/www/html/think/application/api/model/TypeLocation.php:54
Stack trace:
#0 /var/www/html/think/application/api/model/TypeLocation.php(54): think\Error::appError(2, 'Division by zer...', '/var/www/html/t...', 54, Array)
#1 /var/www/html/think/application/api/controller/v1/TypeLocation.php(21): app\api\model\TypeLocation::getGoodsByType('11', '\xE5\x8C\x97\xE4\xBA\xAC')
#2 [internal function]: app\api\controller\v1\TypeLocation->getGoodsDescribe(Object(think\Request))
#3 /var/www/html/think/thinkphp/library/think/App.php(343): ReflectionMethod->invokeArgs(Object(app\api\controller\v1\TypeLocation), Array)
#4 /var/www/html/think/thinkphp/library/think/App.php(602): think\App::invokeMethod(Array, Array)
#5 /var/www/html/think/thinkphp/library/think/App.php(457): think\App::module(Array, Array, false)
#6 /var/www/html/think/thinkphp/library/think/App.php(139): think\App::exec(Array, Array)
#7 /var/www/html/think/thinkphp/start.php(19): think\App::run()
#8 /var/www/html/think/public/index.php(21): require('/var/www/html/t...')
#9 {main}
---------------------------------------------------------------
[ 2018-05-05T12:00:39+08:00 ] 111.59.124.168 GET /TypeLocation?type=11&location=%E5%8C%97%E4%BA%AC
[ sql ] [ DB ] CONNECT:[ UseTime:0.000673s ] mysql:host=127.0.0.1;dbname=store;charset=utf8
[ sql ] [ SQL ] SHOW COLUMNS FROM `type_location` [ RunTime:0.000781s ]
[ sql ] [ SQL ] SELECT * FROM `type_location` WHERE  `type` = 11  AND `location` = '北京' [ RunTime:0.000390s ]
[ sql ] [ SQL ] SHOW COLUMNS FROM `goods` [ RunTime:0.000619s ]
[ sql ] [ SQL ] SELECT `id`,`title`,`price`,`image_item` FROM `goods` WHERE  `id` IN (1,3) [ RunTime:0.000314s ]
[ sql ] [ SQL ] SELECT `id`,`title`,`price`,`image_item` FROM `goods` WHERE  `id` IN (1,3) [ RunTime:0.000303s ]
[ sql ] [ SQL ] SHOW COLUMNS FROM `goods_image` [ RunTime:0.000534s ]
[ sql ] [ SQL ] SELECT * FROM `goods_image` WHERE  `goods_id` IN (1) [ RunTime:0.000267s ]
[ sql ] [ SQL ] SELECT `id`,`title`,`price`,`image_item` FROM `goods` WHERE  `id` IN (1,3) [ RunTime:0.000297s ]
[ sql ] [ SQL ] SELECT * FROM `goods_image` WHERE  `goods_id` IN (1) [ RunTime:0.000270s ]
[ sql ] [ SQL ] SHOW COLUMNS FROM `image_by_goods` [ RunTime:0.000560s ]
[ sql ] [ SQL ] SELECT * FROM `image_by_goods` WHERE  `id` IN (1,2,4) [ RunTime:0.000287s ]
---------------------------------------------------------------
[ 2018-05-05T13:48:26+08:00 ] 111.59.124.168 GET /TypeLocation?type=11&location=%E5%8C%97%E4%BA%AC
[ sql ] [ DB ] CONNECT:[ UseTime:0.000724s ] mysql:host=127.0.0.1;dbname=store;charset=utf8
[ sql ] [ SQL ] SHOW COLUMNS FROM `type_location` [ RunTime:0.000956s ]
[ sql ] [ SQL ] SELECT * FROM `type_location` WHERE  `type` = 11  AND `location` = '北京' [ RunTime:0.000395s ]
[ sql ] [ SQL ] SHOW COLUMNS FROM `goods` [ RunTime:0.000642s ]
[ sql ] [ SQL ] SELECT `id`,`title`,`price`,`image_item` FROM `goods` WHERE  `id` IN (1,3) [ RunTime:0.000346s ]
[ sql ] [ SQL ] SELECT `id`,`title`,`price`,`image_item` FROM `goods` WHERE  `id` IN (1,3) [ RunTime:0.000315s ]
[ sql ] [ SQL ] SHOW COLUMNS FROM `goods_image` [ RunTime:0.000579s ]
[ sql ] [ SQL ] SELECT * FROM `goods_image` WHERE  `goods_id` IN (1,3) [ RunTime:0.000284s ]
[ sql ] [ SQL ] SELECT `id`,`title`,`price`,`image_item` FROM `goods` WHERE  `id` IN (1,3) [ RunTime:0.000333s ]
[ sql ] [ SQL ] SELECT * FROM `goods_image` WHERE  `goods_id` IN (1,3) [ RunTime:0.000281s ]
[ sql ] [ SQL ] SHOW COLUMNS FROM `image_by_goods` [ RunTime:0.000589s ]
[ sql ] [ SQL ] SELECT * FROM `image_by_goods` WHERE  `id` IN (1,2,4) [ RunTime:0.000291s ]
---------------------------------------------------------------
[ 2018-05-05T13:49:17+08:00 ] 111.59.124.168 GET /TypeLocation?type=11&location=%E5%8C%97%E4%BA%AC
[ sql ] [ DB ] CONNECT:[ UseTime:0.000663s ] mysql:host=127.0.0.1;dbname=store;charset=utf8
[ sql ] [ SQL ] SHOW COLUMNS FROM `type_location` [ RunTime:0.000797s ]
[ sql ] [ SQL ] SELECT * FROM `type_location` WHERE  `type` = 11  AND `location` = '北京' [ RunTime:0.000379s ]
[ sql ] [ SQL ] SHOW COLUMNS FROM `goods` [ RunTime:0.000602s ]
[ sql ] [ SQL ] SELECT `id`,`title`,`price`,`image_item` FROM `goods` WHERE  `id` IN (1,3,4) [ RunTime:0.000317s ]
[ sql ] [ SQL ] SELECT `id`,`title`,`price`,`image_item` FROM `goods` WHERE  `id` IN (1,3,4) [ RunTime:0.000288s ]
[ sql ] [ SQL ] SHOW COLUMNS FROM `goods_image` [ RunTime:0.000538s ]
[ sql ] [ SQL ] SELECT * FROM `goods_image` WHERE  `goods_id` IN (1,3,4) [ RunTime:0.000266s ]
[ sql ] [ SQL ] SELECT `id`,`title`,`price`,`image_item` FROM `goods` WHERE  `id` IN (1,3,4) [ RunTime:0.000278s ]
[ sql ] [ SQL ] SELECT * FROM `goods_image` WHERE  `goods_id` IN (1,3,4) [ RunTime:0.000275s ]
[ sql ] [ SQL ] SHOW COLUMNS FROM `image_by_goods` [ RunTime:0.000560s ]
[ sql ] [ SQL ] SELECT * FROM `image_by_goods` WHERE  `id` IN (1,2,4) [ RunTime:0.000256s ]
---------------------------------------------------------------
[ 2018-05-05T14:07:15+08:00 ] 111.59.124.168 GET /NewGoods?location=%E5%8C%97%E4%BA%AC
[ info ] www.guetused.top/NewGoods?location=%E5%8C%97%E4%BA%AC [运行时间：0.035593s][吞吐率：28.10req/s] [内存消耗：3,448.36kb] [文件加载：45]
[ sql ] [ DB ] CONNECT:[ UseTime:0.000411s ] mysql:host=127.0.0.1;dbname=store;charset=utf8
[ sql ] [ SQL ] SHOW COLUMNS FROM `type_location` [ RunTime:0.000785s ]
[ sql ] [ SQL ] SELECT * FROM `type_location` WHERE  `location` = '北京' [ RunTime:0.000361s ]
[ sql ] [ SQL ] SHOW COLUMNS FROM `goods` [ RunTime:0.000596s ]
[ sql ] [ SQL ] SELECT `id`,`title`,`price`,`image_item` FROM `goods` WHERE  `id` IN (1,2,3,4) ORDER BY `create_time` [ RunTime:0.000343s ]
[ sql ] [ SQL ] SELECT `id`,`title`,`price`,`image_item` FROM `goods` WHERE  `id` IN (1,2,3,4) ORDER BY `create_time` [ RunTime:0.000308s ]
[ sql ] [ SQL ] SHOW COLUMNS FROM `goods_image` [ RunTime:0.000554s ]
[ sql ] [ SQL ] SELECT * FROM `goods_image` WHERE  `goods_id` IN (1,2,3,4) [ RunTime:0.000280s ]
[ sql ] [ SQL ] SELECT `id`,`title`,`price`,`image_item` FROM `goods` WHERE  `id` IN (1,2,3,4) ORDER BY `create_time` [ RunTime:0.000314s ]
[ sql ] [ SQL ] SELECT * FROM `goods_image` WHERE  `goods_id` IN (1,2,3,4) [ RunTime:0.000295s ]
[ sql ] [ SQL ] SHOW COLUMNS FROM `image_by_goods` [ RunTime:0.000562s ]
[ sql ] [ SQL ] SELECT * FROM `image_by_goods` WHERE  `id` IN (1,2,3,4) [ RunTime:0.000272s ]
---------------------------------------------------------------
[ 2018-05-05T14:07:31+08:00 ] 111.59.124.168 GET /NewGoods?location=%E5%8C%97%E4%BA%AC
[ info ] www.guetused.top/NewGoods?location=%E5%8C%97%E4%BA%AC [运行时间：0.034335s][吞吐率：29.12req/s] [内存消耗：3,448.33kb] [文件加载：45]
[ sql ] [ DB ] CONNECT:[ UseTime:0.000434s ] mysql:host=127.0.0.1;dbname=store;charset=utf8
[ sql ] [ SQL ] SHOW COLUMNS FROM `type_location` [ RunTime:0.000820s ]
[ sql ] [ SQL ] SELECT * FROM `type_location` WHERE  `location` = '北京' [ RunTime:0.000371s ]
[ sql ] [ SQL ] SHOW COLUMNS FROM `goods` [ RunTime:0.000590s ]
[ sql ] [ SQL ] SELECT `id`,`title`,`price`,`image_item` FROM `goods` WHERE  `id` IN (1,2,3,4) ORDER BY `create_time` [ RunTime:0.000352s ]
[ sql ] [ SQL ] SELECT `id`,`title`,`price`,`image_item` FROM `goods` WHERE  `id` IN (1,2,3,4) ORDER BY `create_time` [ RunTime:0.000325s ]
[ sql ] [ SQL ] SHOW COLUMNS FROM `goods_image` [ RunTime:0.000550s ]
[ sql ] [ SQL ] SELECT * FROM `goods_image` WHERE  `goods_id` IN (1,2,3,4) [ RunTime:0.000323s ]
[ sql ] [ SQL ] SELECT `id`,`title`,`price`,`image_item` FROM `goods` WHERE  `id` IN (1,2,3,4) ORDER BY `create_time` [ RunTime:0.000312s ]
[ sql ] [ SQL ] SELECT * FROM `goods_image` WHERE  `goods_id` IN (1,2,3,4) [ RunTime:0.000296s ]
[ sql ] [ SQL ] SHOW COLUMNS FROM `image_by_goods` [ RunTime:0.000549s ]
[ sql ] [ SQL ] SELECT * FROM `image_by_goods` WHERE  `id` IN (1,2,3,4) [ RunTime:0.000271s ]
---------------------------------------------------------------
[ 2018-05-05T14:08:33+08:00 ] 111.59.124.168 GET /NewGoods?location=%E5%8C%97%E4%BA%AC
[ info ] www.guetused.top/NewGoods?location=%E5%8C%97%E4%BA%AC [运行时间：0.031167s][吞吐率：32.09req/s] [内存消耗：3,448.59kb] [文件加载：45]
[ sql ] [ DB ] CONNECT:[ UseTime:0.000454s ] mysql:host=127.0.0.1;dbname=store;charset=utf8
[ sql ] [ SQL ] SHOW COLUMNS FROM `type_location` [ RunTime:0.000801s ]
[ sql ] [ SQL ] SELECT * FROM `type_location` WHERE  `location` = '北京' ORDER BY `create_time` [ RunTime:0.000397s ]
[ sql ] [ SQL ] SHOW COLUMNS FROM `goods` [ RunTime:0.000578s ]
[ sql ] [ SQL ] SELECT `id`,`title`,`price`,`image_item` FROM `goods` WHERE  `id` IN (1,2,3,4) ORDER BY `create_time` [ RunTime:0.000333s ]
[ sql ] [ SQL ] SELECT `id`,`title`,`price`,`image_item` FROM `goods` WHERE  `id` IN (1,2,3,4) ORDER BY `create_time` [ RunTime:0.000304s ]
[ sql ] [ SQL ] SHOW COLUMNS FROM `goods_image` [ RunTime:0.000538s ]
[ sql ] [ SQL ] SELECT * FROM `goods_image` WHERE  `goods_id` IN (1,2,3,4) [ RunTime:0.000272s ]
[ sql ] [ SQL ] SELECT `id`,`title`,`price`,`image_item` FROM `goods` WHERE  `id` IN (1,2,3,4) ORDER BY `create_time` [ RunTime:0.000294s ]
[ sql ] [ SQL ] SELECT * FROM `goods_image` WHERE  `goods_id` IN (1,2,3,4) [ RunTime:0.000301s ]
[ sql ] [ SQL ] SHOW COLUMNS FROM `image_by_goods` [ RunTime:0.000545s ]
[ sql ] [ SQL ] SELECT * FROM `image_by_goods` WHERE  `id` IN (1,2,3,4) [ RunTime:0.000257s ]
---------------------------------------------------------------
[ 2018-05-05T14:09:28+08:00 ] 111.59.124.168 GET /NewGoods?location=%E5%8C%97%E4%BA%AC
[ info ] www.guetused.top/NewGoods?location=%E5%8C%97%E4%BA%AC [运行时间：0.034694s][吞吐率：28.82req/s] [内存消耗：3,448.55kb] [文件加载：45]
[ sql ] [ DB ] CONNECT:[ UseTime:0.000427s ] mysql:host=127.0.0.1;dbname=store;charset=utf8
[ sql ] [ SQL ] SHOW COLUMNS FROM `type_location` [ RunTime:0.000809s ]
[ sql ] [ SQL ] SELECT * FROM `type_location` WHERE  `location` = '北京' ORDER BY create_time desc [ RunTime:0.000403s ]
[ sql ] [ SQL ] SHOW COLUMNS FROM `goods` [ RunTime:0.000591s ]
[ sql ] [ SQL ] SELECT `id`,`title`,`price`,`image_item` FROM `goods` WHERE  `id` IN (4,3,2,1) ORDER BY `create_time` [ RunTime:0.000334s ]
[ sql ] [ SQL ] SELECT `id`,`title`,`price`,`image_item` FROM `goods` WHERE  `id` IN (4,3,2,1) ORDER BY `create_time` [ RunTime:0.000308s ]
[ sql ] [ SQL ] SHOW COLUMNS FROM `goods_image` [ RunTime:0.000550s ]
[ sql ] [ SQL ] SELECT * FROM `goods_image` WHERE  `goods_id` IN (1,2,3,4) [ RunTime:0.000281s ]
[ sql ] [ SQL ] SELECT `id`,`title`,`price`,`image_item` FROM `goods` WHERE  `id` IN (4,3,2,1) ORDER BY `create_time` [ RunTime:0.000533s ]
[ sql ] [ SQL ] SELECT * FROM `goods_image` WHERE  `goods_id` IN (1,2,3,4) [ RunTime:0.000293s ]
[ sql ] [ SQL ] SHOW COLUMNS FROM `image_by_goods` [ RunTime:0.000564s ]
[ sql ] [ SQL ] SELECT * FROM `image_by_goods` WHERE  `id` IN (1,2,3,4) [ RunTime:0.000266s ]
---------------------------------------------------------------
[ 2018-05-05T16:40:37+08:00 ] 111.59.124.151 POST /Token/user
[ error ] [无code]
[ error ] [1]Uncaught exception 'think\exception\ErrorException' with message 'http_response_code() expects parameter 1 to be long, string given' in /var/www/html/think/thinkphp/library/think/Response.php:115
Stack trace:
#0 [internal function]: think\Error::appError(2, 'http_response_c...', '/var/www/html/t...', 115, Array)
#1 /var/www/html/think/thinkphp/library/think/Response.php(115): http_response_code('\xE6\x97\xA0code')
#2 /var/www/html/think/thinkphp/library/think/Error.php(52): think\Response->send()
#3 [internal function]: think\Error::appException(Object(app\lib\exception\BaseException))
#4 {main}
  thrown
---------------------------------------------------------------
[ 2018-05-05T16:41:38+08:00 ] 111.59.124.151 POST /Token/user
[ error ] [无code]
[ error ] [1]Uncaught exception 'think\exception\ErrorException' with message 'http_response_code() expects parameter 1 to be long, string given' in /var/www/html/think/thinkphp/library/think/Response.php:115
Stack trace:
#0 [internal function]: think\Error::appError(2, 'http_response_c...', '/var/www/html/t...', 115, Array)
#1 /var/www/html/think/thinkphp/library/think/Response.php(115): http_response_code('\xE6\x97\xA0code')
#2 /var/www/html/think/thinkphp/library/think/Error.php(52): think\Response->send()
#3 [internal function]: think\Error::appException(Object(app\lib\exception\BaseException))
#4 {main}
  thrown
---------------------------------------------------------------
[ 2018-05-05T16:43:53+08:00 ] 111.59.124.151 POST /Token/user
[ error ] [无code]
[ error ] [1]Uncaught exception 'think\exception\ErrorException' with message 'http_response_code() expects parameter 1 to be long, string given' in /var/www/html/think/thinkphp/library/think/Response.php:115
Stack trace:
#0 [internal function]: think\Error::appError(2, 'http_response_c...', '/var/www/html/t...', 115, Array)
#1 /var/www/html/think/thinkphp/library/think/Response.php(115): http_response_code('\xE6\x97\xA0code')
#2 /var/www/html/think/thinkphp/library/think/Error.php(52): think\Response->send()
#3 [internal function]: think\Error::appException(Object(app\lib\exception\BaseException))
#4 {main}
  thrown
---------------------------------------------------------------
[ 2018-05-05T16:47:30+08:00 ] 111.59.124.151 POST /token/user
[ error ] [无code]
[ error ] [1]Uncaught exception 'think\exception\ErrorException' with message 'http_response_code() expects parameter 1 to be long, string given' in /var/www/html/think/thinkphp/library/think/Response.php:115
Stack trace:
#0 [internal function]: think\Error::appError(2, 'http_response_c...', '/var/www/html/t...', 115, Array)
#1 /var/www/html/think/thinkphp/library/think/Response.php(115): http_response_code('\xE6\x97\xA0code')
#2 /var/www/html/think/thinkphp/library/think/Error.php(52): think\Response->send()
#3 [internal function]: think\Error::appException(Object(app\lib\exception\BaseException))
#4 {main}
  thrown
---------------------------------------------------------------
[ 2018-05-05T16:47:49+08:00 ] 111.59.124.151 POST /token/user
[ error ] [无code]
[ error ] [1]Uncaught exception 'think\exception\ErrorException' with message 'http_response_code() expects parameter 1 to be long, string given' in /var/www/html/think/thinkphp/library/think/Response.php:115
Stack trace:
#0 [internal function]: think\Error::appError(2, 'http_response_c...', '/var/www/html/t...', 115, Array)
#1 /var/www/html/think/thinkphp/library/think/Response.php(115): http_response_code('\xE6\x97\xA0code')
#2 /var/www/html/think/thinkphp/library/think/Error.php(52): think\Response->send()
#3 [internal function]: think\Error::appException(Object(app\lib\exception\BaseException))
#4 {main}
  thrown
---------------------------------------------------------------
[ 2018-05-05T16:47:58+08:00 ] 111.59.124.151 POST /token/user
[ error ] [无code]
[ error ] [1]Uncaught exception 'think\exception\ErrorException' with message 'http_response_code() expects parameter 1 to be long, string given' in /var/www/html/think/thinkphp/library/think/Response.php:115
Stack trace:
#0 [internal function]: think\Error::appError(2, 'http_response_c...', '/var/www/html/t...', 115, Array)
#1 /var/www/html/think/thinkphp/library/think/Response.php(115): http_response_code('\xE6\x97\xA0code')
#2 /var/www/html/think/thinkphp/library/think/Error.php(52): think\Response->send()
#3 [internal function]: think\Error::appException(Object(app\lib\exception\BaseException))
#4 {main}
  thrown
---------------------------------------------------------------
[ 2018-05-05T16:48:06+08:00 ] 111.59.124.151 POST /token/user
[ error ] [无code]
[ error ] [1]Uncaught exception 'think\exception\ErrorException' with message 'http_response_code() expects parameter 1 to be long, string given' in /var/www/html/think/thinkphp/library/think/Response.php:115
Stack trace:
#0 [internal function]: think\Error::appError(2, 'http_response_c...', '/var/www/html/t...', 115, Array)
#1 /var/www/html/think/thinkphp/library/think/Response.php(115): http_response_code('\xE6\x97\xA0code')
#2 /var/www/html/think/thinkphp/library/think/Error.php(52): think\Response->send()
#3 [internal function]: think\Error::appException(Object(app\lib\exception\BaseException))
#4 {main}
  thrown
---------------------------------------------------------------
[ 2018-05-05T16:48:15+08:00 ] 111.59.124.151 POST /token/user
[ error ] [无code]
[ error ] [1]Uncaught exception 'think\exception\ErrorException' with message 'http_response_code() expects parameter 1 to be long, string given' in /var/www/html/think/thinkphp/library/think/Response.php:115
Stack trace:
#0 [internal function]: think\Error::appError(2, 'http_response_c...', '/var/www/html/t...', 115, Array)
#1 /var/www/html/think/thinkphp/library/think/Response.php(115): http_response_code('\xE6\x97\xA0code')
#2 /var/www/html/think/thinkphp/library/think/Error.php(52): think\Response->send()
#3 [internal function]: think\Error::appException(Object(app\lib\exception\BaseException))
#4 {main}
  thrown
---------------------------------------------------------------
[ 2018-05-05T16:51:39+08:00 ] 111.59.124.151 POST /Token/user
[ error ] [无code]
[ error ] [1]Uncaught exception 'think\exception\ErrorException' with message 'http_response_code() expects parameter 1 to be long, string given' in /var/www/html/think/thinkphp/library/think/Response.php:115
Stack trace:
#0 [internal function]: think\Error::appError(2, 'http_response_c...', '/var/www/html/t...', 115, Array)
#1 /var/www/html/think/thinkphp/library/think/Response.php(115): http_response_code('\xE6\x97\xA0code')
#2 /var/www/html/think/thinkphp/library/think/Error.php(52): think\Response->send()
#3 [internal function]: think\Error::appException(Object(app\lib\exception\BaseException))
#4 {main}
  thrown
---------------------------------------------------------------
[ 2018-05-05T16:55:17+08:00 ] 111.59.124.151 POST /Token/user
[ error ] [4]语法错误: unexpected 'if' (T_IF)
---------------------------------------------------------------
[ 2018-05-05T16:55:19+08:00 ] 111.59.124.151 POST /Token/user
[ error ] [4]语法错误: unexpected 'if' (T_IF)
---------------------------------------------------------------
[ 2018-05-05T16:55:25+08:00 ] 111.59.124.151 POST /Token/user
[ error ] [无code]
[ error ] [1]Uncaught exception 'think\exception\ErrorException' with message 'http_response_code() expects parameter 1 to be long, string given' in /var/www/html/think/thinkphp/library/think/Response.php:115
Stack trace:
#0 [internal function]: think\Error::appError(2, 'http_response_c...', '/var/www/html/t...', 115, Array)
#1 /var/www/html/think/thinkphp/library/think/Response.php(115): http_response_code('\xE6\x97\xA0code')
#2 /var/www/html/think/thinkphp/library/think/Error.php(52): think\Response->send()
#3 [internal function]: think\Error::appException(Object(app\lib\exception\BaseException))
#4 {main}
  thrown
---------------------------------------------------------------
[ 2018-05-05T16:56:02+08:00 ] 111.59.124.151 POST /Token/user
[ error ] [无code]
[ error ] [1]Uncaught exception 'think\exception\ErrorException' with message 'http_response_code() expects parameter 1 to be long, string given' in /var/www/html/think/thinkphp/library/think/Response.php:115
Stack trace:
#0 [internal function]: think\Error::appError(2, 'http_response_c...', '/var/www/html/t...', 115, Array)
#1 /var/www/html/think/thinkphp/library/think/Response.php(115): http_response_code('\xE6\x97\xA0code')
#2 /var/www/html/think/thinkphp/library/think/Error.php(52): think\Response->send()
#3 [internal function]: think\Error::appException(Object(app\lib\exception\BaseException))
#4 {main}
  thrown
---------------------------------------------------------------
[ 2018-05-05T16:56:32+08:00 ] 111.59.124.151 POST /Token/user
[ error ] [无code]
[ error ] [1]Uncaught exception 'think\exception\ErrorException' with message 'http_response_code() expects parameter 1 to be long, string given' in /var/www/html/think/thinkphp/library/think/Response.php:115
Stack trace:
#0 [internal function]: think\Error::appError(2, 'http_response_c...', '/var/www/html/t...', 115, Array)
#1 /var/www/html/think/thinkphp/library/think/Response.php(115): http_response_code('\xE6\x97\xA0code')
#2 /var/www/html/think/thinkphp/library/think/Error.php(52): think\Response->send()
#3 [internal function]: think\Error::appException(Object(app\lib\exception\BaseException))
#4 {main}
  thrown
---------------------------------------------------------------
[ 2018-05-05T17:08:28+08:00 ] 111.59.124.151 POST /Token/user
[ error ] [8]未定义数组索引: msg
---------------------------------------------------------------
[ 2018-05-05T17:08:35+08:00 ] 111.59.124.151 POST /Token/user
[ error ] [8]未定义数组索引: msg
---------------------------------------------------------------
[ 2018-05-05T17:15:25+08:00 ] 111.59.124.151 POST /banner
[ error ] [1]Cannot access protected property think\exception\HttpException::$code
---------------------------------------------------------------
[ 2018-05-05T17:15:31+08:00 ] 111.59.124.151 POST /banner
[ error ] [1]Cannot access protected property think\exception\HttpException::$code
---------------------------------------------------------------
[ 2018-05-05T17:25:49+08:00 ] 111.59.124.151 POST /Token/user
[ error ] [1]Call to undefined function app\api\service\getUrl()
---------------------------------------------------------------
[ 2018-05-05T17:26:06+08:00 ] 111.59.124.151 POST /Token/user
[ error ] [1]Call to undefined function app\api\service\getUrl()
---------------------------------------------------------------
[ 2018-05-05T17:27:20+08:00 ] 111.59.124.151 POST /Token/user
[ error ] [1]Call to undefined function app\api\service\getUrl()
---------------------------------------------------------------
[ 2018-05-05T17:27:48+08:00 ] 111.59.124.151 POST /Token/user
[ error ] [1]Call to undefined function app\api\service\getUrl()
---------------------------------------------------------------
[ 2018-05-05T17:39:10+08:00 ] 111.59.124.151 GET /Goods?id=1
[ info ] www.guetused.top/Goods?id=1 [运行时间：0.031210s][吞吐率：32.04req/s] [内存消耗：3,377.29kb] [文件加载：45]
[ sql ] [ DB ] CONNECT:[ UseTime:0.000467s ] mysql:host=127.0.0.1;dbname=store;charset=utf8
[ sql ] [ SQL ] SHOW COLUMNS FROM `goods` [ RunTime:0.000851s ]
[ sql ] [ SQL ] SELECT * FROM `goods` WHERE  `id` = 1 LIMIT 1 [ RunTime:0.000401s ]
[ sql ] [ SQL ] SHOW COLUMNS FROM `goods_image` [ RunTime:0.000544s ]
[ sql ] [ SQL ] SELECT * FROM `goods_image` WHERE  `goods_id` = 1 [ RunTime:0.000290s ]
[ sql ] [ SQL ] SELECT * FROM `goods_image` WHERE  `goods_id` = 1 [ RunTime:0.000278s ]
[ sql ] [ SQL ] SHOW COLUMNS FROM `image_by_goods` [ RunTime:0.000573s ]
[ sql ] [ SQL ] SELECT * FROM `image_by_goods` WHERE  `id` IN (1,2,4) [ RunTime:0.000270s ]
---------------------------------------------------------------
[ 2018-05-05T17:39:24+08:00 ] 111.59.124.151 POST /Token/user
[ info ] www.guetused.top/Token/user [运行时间：0.446565s][吞吐率：2.24req/s] [内存消耗：3,087.27kb] [文件加载：39]
[ sql ] [ DB ] CONNECT:[ UseTime:0.000397s ] mysql:host=127.0.0.1;dbname=store;charset=utf8
[ sql ] [ SQL ] SHOW COLUMNS FROM `user` [ RunTime:0.000840s ]
[ sql ] [ SQL ] SELECT * FROM `user` WHERE  `openid` = 0 LIMIT 1 [ RunTime:0.000373s ]
---------------------------------------------------------------
[ 2018-05-05T17:42:39+08:00 ] 111.59.124.151 POST /Token/user
[ info ] www.guetused.top/Token/user [运行时间：0.454081s][吞吐率：2.20req/s] [内存消耗：3,087.27kb] [文件加载：39]
[ sql ] [ DB ] CONNECT:[ UseTime:0.000418s ] mysql:host=127.0.0.1;dbname=store;charset=utf8
[ sql ] [ SQL ] SHOW COLUMNS FROM `user` [ RunTime:0.000808s ]
[ sql ] [ SQL ] SELECT * FROM `user` WHERE  `openid` = 0 LIMIT 1 [ RunTime:0.000370s ]
---------------------------------------------------------------
[ 2018-05-05T21:10:02+08:00 ] 111.59.124.151 POST /token/user
[ info ] www.guetused.top/token/user [运行时间：0.443829s][吞吐率：2.25req/s] [内存消耗：3,092.24kb] [文件加载：39]
[ sql ] [ DB ] CONNECT:[ UseTime:0.000414s ] mysql:host=127.0.0.1;dbname=store;charset=utf8
[ sql ] [ SQL ] SHOW COLUMNS FROM `user` [ RunTime:0.000821s ]
[ sql ] [ SQL ] SELECT * FROM `user` WHERE  `openid` = 0 LIMIT 1 [ RunTime:0.000371s ]
[ sql ] [ SQL ] INSERT INTO `user` (`openid`) VALUES (0) [ RunTime:0.001577s ]
---------------------------------------------------------------
[ 2018-05-05T21:12:37+08:00 ] 111.59.124.151 POST /token/user
[ info ] www.guetused.top/token/user [运行时间：0.408984s][吞吐率：2.45req/s] [内存消耗：3,092.80kb] [文件加载：39]
[ sql ] [ DB ] CONNECT:[ UseTime:0.000404s ] mysql:host=127.0.0.1;dbname=store;charset=utf8
[ sql ] [ SQL ] SHOW COLUMNS FROM `user` [ RunTime:0.000781s ]
[ sql ] [ SQL ] SELECT * FROM `user` WHERE  `openid` = 'oyKA95aeisZH87vnR6uYOABfOch4' LIMIT 1 [ RunTime:0.000363s ]
[ sql ] [ SQL ] INSERT INTO `user` (`openid`) VALUES ('oyKA95aeisZH87vnR6uYOABfOch4') [ RunTime:0.001043s ]
---------------------------------------------------------------
[ 2018-05-05T21:16:56+08:00 ] 111.59.124.151 POST /token/user
[ info ] www.guetused.top/token/user [运行时间：0.487997s][吞吐率：2.05req/s] [内存消耗：3,093.16kb] [文件加载：39]
[ sql ] [ DB ] CONNECT:[ UseTime:0.000446s ] mysql:host=127.0.0.1;dbname=store;charset=utf8
[ sql ] [ SQL ] SHOW COLUMNS FROM `user` [ RunTime:0.000817s ]
[ sql ] [ SQL ] SELECT * FROM `user` WHERE  `openid` = 'oyKA95aeisZH87vnR6uYOABfOch4' LIMIT 1 [ RunTime:0.000354s ]
---------------------------------------------------------------
[ 2018-05-05T21:17:31+08:00 ] 111.59.124.151 POST /token/user
[ info ] www.guetused.top/token/user [运行时间：0.356686s][吞吐率：2.80req/s] [内存消耗：3,092.89kb] [文件加载：39]
[ sql ] [ DB ] CONNECT:[ UseTime:0.000403s ] mysql:host=127.0.0.1;dbname=store;charset=utf8
[ sql ] [ SQL ] SHOW COLUMNS FROM `user` [ RunTime:0.000840s ]
[ sql ] [ SQL ] SELECT * FROM `user` WHERE  `openid` = 'oyKA95aeisZH87vnR6uYOABfOch4' LIMIT 1 [ RunTime:0.000385s ]
---------------------------------------------------------------
[ 2018-05-05T21:18:32+08:00 ] 111.59.124.151 POST /token/user
[ info ] www.guetused.top/token/user [运行时间：0.352571s][吞吐率：2.84req/s] [内存消耗：3,093.55kb] [文件加载：39]
[ sql ] [ DB ] CONNECT:[ UseTime:0.000388s ] mysql:host=127.0.0.1;dbname=store;charset=utf8
[ sql ] [ SQL ] SHOW COLUMNS FROM `user` [ RunTime:0.001727s ]
[ sql ] [ SQL ] SELECT * FROM `user` WHERE  `openid` = 'oyKA95aeisZH87vnR6uYOABfOch4' LIMIT 1 [ RunTime:0.000389s ]
---------------------------------------------------------------
[ 2018-05-05T21:19:40+08:00 ] 111.59.124.151 POST /token/user
[ info ] www.guetused.top/token/user [运行时间：0.392699s][吞吐率：2.55req/s] [内存消耗：3,092.52kb] [文件加载：39]
[ sql ] [ DB ] CONNECT:[ UseTime:0.000400s ] mysql:host=127.0.0.1;dbname=store;charset=utf8
[ sql ] [ SQL ] SHOW COLUMNS FROM `user` [ RunTime:0.000867s ]
[ sql ] [ SQL ] SELECT * FROM `user` WHERE  `openid` = 'oyKA95aeisZH87vnR6uYOABfOch4' LIMIT 1 [ RunTime:0.000372s ]
[ sql ] [ SQL ] INSERT INTO `user` (`openid`) VALUES ('oyKA95aeisZH87vnR6uYOABfOch4') [ RunTime:0.003344s ]
---------------------------------------------------------------
[ 2018-05-05T21:21:20+08:00 ] 111.59.124.151 POST /token/user
[ info ] www.guetused.top/token/user [运行时间：0.372991s][吞吐率：2.68req/s] [内存消耗：3,092.14kb] [文件加载：39]
[ sql ] [ DB ] CONNECT:[ UseTime:0.000385s ] mysql:host=127.0.0.1;dbname=store;charset=utf8
[ sql ] [ SQL ] SHOW COLUMNS FROM `user` [ RunTime:0.000824s ]
[ sql ] [ SQL ] SELECT * FROM `user` WHERE  `openid` = 'oyKA95aeisZH87vnR6uYOABfOch4' LIMIT 1 [ RunTime:0.000377s ]
[ sql ] [ SQL ] INSERT INTO `user` (`openid`) VALUES ('oyKA95aeisZH87vnR6uYOABfOch4') [ RunTime:0.000989s ]
---------------------------------------------------------------
[ 2018-05-05T21:23:09+08:00 ] 111.59.124.151 POST /token/user
[ info ] www.guetused.top/token/user [运行时间：0.383020s][吞吐率：2.61req/s] [内存消耗：3,092.05kb] [文件加载：39]
[ sql ] [ DB ] CONNECT:[ UseTime:0.000411s ] mysql:host=127.0.0.1;dbname=store;charset=utf8
[ sql ] [ SQL ] SHOW COLUMNS FROM `user` [ RunTime:0.000853s ]
[ sql ] [ SQL ] SELECT * FROM `user` WHERE  `openid` = 'oyKA95aeisZH87vnR6uYOABfOch4' LIMIT 1 [ RunTime:0.000391s ]
[ sql ] [ SQL ] INSERT INTO `user` (`openid`) VALUES ('oyKA95aeisZH87vnR6uYOABfOch4') [ RunTime:0.001139s ]
---------------------------------------------------------------
[ 2018-05-05T21:25:26+08:00 ] 111.59.124.151 POST /token/user
[ info ] www.guetused.top/token/user [运行时间：0.384339s][吞吐率：2.60req/s] [内存消耗：3,093.30kb] [文件加载：39]
[ sql ] [ DB ] CONNECT:[ UseTime:0.000423s ] mysql:host=127.0.0.1;dbname=store;charset=utf8
[ sql ] [ SQL ] SHOW COLUMNS FROM `user` [ RunTime:0.000834s ]
[ sql ] [ SQL ] SELECT * FROM `user` WHERE  `openid` = 'oyKA95aeisZH87vnR6uYOABfOch4' LIMIT 1 [ RunTime:0.000354s ]
---------------------------------------------------------------
[ 2018-05-05T21:26:43+08:00 ] 111.59.124.151 POST /token/user
[ info ] www.guetused.top/token/user [运行时间：0.411050s][吞吐率：2.43req/s] [内存消耗：3,093.99kb] [文件加载：39]
[ sql ] [ DB ] CONNECT:[ UseTime:0.000385s ] mysql:host=127.0.0.1;dbname=store;charset=utf8
[ sql ] [ SQL ] SHOW COLUMNS FROM `user` [ RunTime:0.000840s ]
[ sql ] [ SQL ] SELECT * FROM `user` WHERE  `openid` = 'oyKA95aeisZH87vnR6uYOABfOch4' LIMIT 1 [ RunTime:0.000385s ]
---------------------------------------------------------------
[ 2018-05-05T21:27:09+08:00 ] 111.59.124.151 POST /token/user
[ info ] www.guetused.top/token/user [运行时间：0.371111s][吞吐率：2.69req/s] [内存消耗：3,095.13kb] [文件加载：39]
[ sql ] [ DB ] CONNECT:[ UseTime:0.000416s ] mysql:host=127.0.0.1;dbname=store;charset=utf8
[ sql ] [ SQL ] SHOW COLUMNS FROM `user` [ RunTime:0.000851s ]
[ sql ] [ SQL ] SELECT * FROM `user` WHERE  `openid` = 'oyKA95aeisZH87vnR6uYOABfOch4' LIMIT 1 [ RunTime:0.000392s ]
[ sql ] [ SQL ] INSERT INTO `user` (`openid`) VALUES ('oyKA95aeisZH87vnR6uYOABfOch4') [ RunTime:0.000970s ]
[ sql ] [ SQL ] SELECT `id` FROM `user` LIMIT 1 [ RunTime:0.000227s ]
---------------------------------------------------------------
[ 2018-05-05T21:34:38+08:00 ] 111.59.124.151 POST /token/user
[ info ] www.guetused.top/token/user [运行时间：0.381090s][吞吐率：2.62req/s] [内存消耗：3,096.04kb] [文件加载：39]
[ sql ] [ DB ] CONNECT:[ UseTime:0.000396s ] mysql:host=127.0.0.1;dbname=store;charset=utf8
[ sql ] [ SQL ] SHOW COLUMNS FROM `user` [ RunTime:0.000890s ]
[ sql ] [ SQL ] SELECT * FROM `user` WHERE  `openid` = 'oyKA95aeisZH87vnR6uYOABfOch4' LIMIT 1 [ RunTime:0.000340s ]
[ sql ] [ SQL ] INSERT INTO `user` (`openid`) VALUES ('oyKA95aeisZH87vnR6uYOABfOch4') [ RunTime:0.001104s ]
[ sql ] [ SQL ] SELECT `id` FROM `user` LIMIT 1 [ RunTime:0.000223s ]
---------------------------------------------------------------
[ 2018-05-05T22:33:05+08:00 ] 111.59.124.151 POST /token/user
[ info ] www.guetused.top/token/user [运行时间：0.455788s][吞吐率：2.19req/s] [内存消耗：3,230.77kb] [文件加载：45]
[ sql ] [ DB ] CONNECT:[ UseTime:0.000553s ] mysql:host=127.0.0.1;dbname=store;charset=utf8
[ sql ] [ SQL ] SHOW COLUMNS FROM `user` [ RunTime:0.000907s ]
[ sql ] [ SQL ] SELECT * FROM `user` WHERE  `openid` = 'oyKA95aeisZH87vnR6uYOABfOch4' LIMIT 1 [ RunTime:0.000419s ]
---------------------------------------------------------------
[ 2018-05-05T22:39:07+08:00 ] 111.59.124.151 POST /token/user
[ info ] www.guetused.top/token/user [运行时间：0.365794s][吞吐率：2.73req/s] [内存消耗：3,114.20kb] [文件加载：42]
[ sql ] [ DB ] CONNECT:[ UseTime:0.000404s ] mysql:host=127.0.0.1;dbname=store;charset=utf8
[ sql ] [ SQL ] SHOW COLUMNS FROM `user` [ RunTime:0.000798s ]
[ sql ] [ SQL ] SELECT * FROM `user` WHERE  `openid` = 'oyKA95aeisZH87vnR6uYOABfOch4' LIMIT 1 [ RunTime:0.000350s ]
---------------------------------------------------------------
[ 2018-05-05T22:40:35+08:00 ] 111.59.124.151 POST /Token/user
[ info ] www.guetused.top/Token/user [运行时间：0.382118s][吞吐率：2.62req/s] [内存消耗：3,230.68kb] [文件加载：45]
[ sql ] [ DB ] CONNECT:[ UseTime:0.000431s ] mysql:host=127.0.0.1;dbname=store;charset=utf8
[ sql ] [ SQL ] SHOW COLUMNS FROM `user` [ RunTime:0.000807s ]
[ sql ] [ SQL ] SELECT * FROM `user` WHERE  `openid` = 'oyKA95aeisZH87vnR6uYOABfOch4' LIMIT 1 [ RunTime:0.000374s ]
---------------------------------------------------------------
[ 2018-05-05T22:41:20+08:00 ] 111.59.124.151 POST /Token/user
[ info ] www.guetused.top/Token/user [运行时间：0.399413s][吞吐率：2.50req/s] [内存消耗：3,230.68kb] [文件加载：45]
[ sql ] [ DB ] CONNECT:[ UseTime:0.000405s ] mysql:host=127.0.0.1;dbname=store;charset=utf8
[ sql ] [ SQL ] SHOW COLUMNS FROM `user` [ RunTime:0.000807s ]
[ sql ] [ SQL ] SELECT * FROM `user` WHERE  `openid` = 'oyKA95aeisZH87vnR6uYOABfOch4' LIMIT 1 [ RunTime:0.000393s ]
---------------------------------------------------------------
[ 2018-05-05T22:41:44+08:00 ] 111.59.124.151 POST /Token/user
[ info ] www.guetused.top/Token/user [运行时间：0.363638s][吞吐率：2.75req/s] [内存消耗：3,230.68kb] [文件加载：45]
[ sql ] [ DB ] CONNECT:[ UseTime:0.000399s ] mysql:host=127.0.0.1;dbname=store;charset=utf8
[ sql ] [ SQL ] SHOW COLUMNS FROM `user` [ RunTime:0.000902s ]
[ sql ] [ SQL ] SELECT * FROM `user` WHERE  `openid` = 'oyKA95aeisZH87vnR6uYOABfOch4' LIMIT 1 [ RunTime:0.000387s ]
---------------------------------------------------------------
[ 2018-05-05T22:41:48+08:00 ] 111.59.124.151 POST /Token/user
[ info ] www.guetused.top/Token/user [运行时间：0.372357s][吞吐率：2.69req/s] [内存消耗：3,230.68kb] [文件加载：45]
[ sql ] [ DB ] CONNECT:[ UseTime:0.000397s ] mysql:host=127.0.0.1;dbname=store;charset=utf8
[ sql ] [ SQL ] SHOW COLUMNS FROM `user` [ RunTime:0.000812s ]
[ sql ] [ SQL ] SELECT * FROM `user` WHERE  `openid` = 'oyKA95aeisZH87vnR6uYOABfOch4' LIMIT 1 [ RunTime:0.000355s ]
---------------------------------------------------------------
[ 2018-05-05T22:42:12+08:00 ] 111.59.124.151 POST /token/user
[ info ] www.guetused.top/token/user [运行时间：0.368642s][吞吐率：2.71req/s] [内存消耗：3,230.66kb] [文件加载：45]
[ sql ] [ DB ] CONNECT:[ UseTime:0.000417s ] mysql:host=127.0.0.1;dbname=store;charset=utf8
[ sql ] [ SQL ] SHOW COLUMNS FROM `user` [ RunTime:0.000786s ]
[ sql ] [ SQL ] SELECT * FROM `user` WHERE  `openid` = 'oyKA95aeisZH87vnR6uYOABfOch4' LIMIT 1 [ RunTime:0.000367s ]
---------------------------------------------------------------
[ 2018-05-05T22:45:02+08:00 ] 111.59.124.151 POST /Token/user
[ info ] www.guetused.top/Token/user [运行时间：0.393396s][吞吐率：2.54req/s] [内存消耗：3,230.28kb] [文件加载：45]
[ sql ] [ DB ] CONNECT:[ UseTime:0.000437s ] mysql:host=127.0.0.1;dbname=store;charset=utf8
[ sql ] [ SQL ] SHOW COLUMNS FROM `user` [ RunTime:0.000857s ]
[ sql ] [ SQL ] SELECT * FROM `user` WHERE  `openid` = 'oyKA95aeisZH87vnR6uYOABfOch4' LIMIT 1 [ RunTime:0.000474s ]
---------------------------------------------------------------
[ 2018-05-05T22:45:39+08:00 ] 111.59.124.151 POST /Token/user
[ info ] www.guetused.top/Token/user [运行时间：0.382268s][吞吐率：2.62req/s] [内存消耗：3,229.89kb] [文件加载：45]
[ sql ] [ DB ] CONNECT:[ UseTime:0.000433s ] mysql:host=127.0.0.1;dbname=store;charset=utf8
[ sql ] [ SQL ] SHOW COLUMNS FROM `user` [ RunTime:0.000812s ]
[ sql ] [ SQL ] SELECT * FROM `user` WHERE  `openid` = 'oyKA95aeisZH87vnR6uYOABfOch4' LIMIT 1 [ RunTime:0.000396s ]
---------------------------------------------------------------
[ 2018-05-05T22:46:42+08:00 ] 111.59.124.151 POST /Token/user
[ info ] www.guetused.top/Token/user [运行时间：0.378188s][吞吐率：2.64req/s] [内存消耗：3,229.89kb] [文件加载：45]
[ sql ] [ DB ] CONNECT:[ UseTime:0.000588s ] mysql:host=127.0.0.1;dbname=store;charset=utf8
[ sql ] [ SQL ] SHOW COLUMNS FROM `user` [ RunTime:0.000815s ]
[ sql ] [ SQL ] SELECT * FROM `user` WHERE  `openid` = 'oyKA95aeisZH87vnR6uYOABfOch4' LIMIT 1 [ RunTime:0.000380s ]
---------------------------------------------------------------
[ 2018-05-05T22:49:15+08:00 ] 111.59.124.151 GET /Goods?id=1
[ info ] www.guetused.top/Goods?id=1 [运行时间：0.027437s][吞吐率：36.45req/s] [内存消耗：3,379.68kb] [文件加载：46]
[ sql ] [ DB ] CONNECT:[ UseTime:0.000471s ] mysql:host=127.0.0.1;dbname=store;charset=utf8
[ sql ] [ SQL ] SHOW COLUMNS FROM `goods` [ RunTime:0.000839s ]
[ sql ] [ SQL ] SELECT * FROM `goods` WHERE  `id` = 1 LIMIT 1 [ RunTime:0.000456s ]
[ sql ] [ SQL ] SHOW COLUMNS FROM `goods_image` [ RunTime:0.000554s ]
[ sql ] [ SQL ] SELECT * FROM `goods_image` WHERE  `goods_id` = 1 [ RunTime:0.000267s ]
[ sql ] [ SQL ] SELECT * FROM `goods_image` WHERE  `goods_id` = 1 [ RunTime:0.000285s ]
[ sql ] [ SQL ] SHOW COLUMNS FROM `image_by_goods` [ RunTime:0.000552s ]
[ sql ] [ SQL ] SELECT * FROM `image_by_goods` WHERE  `id` IN (1,2,4) [ RunTime:0.000282s ]
---------------------------------------------------------------
[ 2018-05-05T22:55:10+08:00 ] 111.59.124.151 GET /banner?id=1&location=%E5%8C%97%E4%BA%AC
[ info ] www.guetused.top/banner?id=1&location=%E5%8C%97%E4%BA%AC [运行时间：0.031528s][吞吐率：31.72req/s] [内存消耗：3,382.76kb] [文件加载：46]
[ sql ] [ DB ] CONNECT:[ UseTime:0.000467s ] mysql:host=127.0.0.1;dbname=store;charset=utf8
[ sql ] [ SQL ] SHOW COLUMNS FROM `banner` [ RunTime:0.000795s ]
[ sql ] [ SQL ] SELECT * FROM `banner` WHERE  `id` = 1 LIMIT 1 [ RunTime:0.000391s ]
[ sql ] [ SQL ] SHOW COLUMNS FROM `banner_item` [ RunTime:0.000607s ]
[ sql ] [ SQL ] SELECT * FROM `banner_item` WHERE  `location` = '北京'  AND `banner_id` = 1 [ RunTime:0.000302s ]
[ sql ] [ SQL ] SELECT * FROM `banner_item` WHERE  `location` = '北京'  AND `banner_id` = 1 [ RunTime:0.000307s ]
[ sql ] [ SQL ] SHOW COLUMNS FROM `image_by_banner` [ RunTime:0.000577s ]
[ sql ] [ SQL ] SELECT * FROM `image_by_banner` WHERE  `id` IN (1,2,3) [ RunTime:0.000304s ]
---------------------------------------------------------------
[ 2018-05-05T23:00:05+08:00 ] 111.59.124.151 GET /NewGoods?location=%E5%8C%97%E4%BA%AC
[ info ] www.guetused.top/NewGoods?location=%E5%8C%97%E4%BA%AC [运行时间：0.035833s][吞吐率：27.91req/s] [内存消耗：3,456.89kb] [文件加载：47]
[ sql ] [ DB ] CONNECT:[ UseTime:0.000500s ] mysql:host=127.0.0.1;dbname=store;charset=utf8
[ sql ] [ SQL ] SHOW COLUMNS FROM `type_location` [ RunTime:0.000799s ]
[ sql ] [ SQL ] SELECT * FROM `type_location` WHERE  `location` = '北京' ORDER BY create_time desc [ RunTime:0.000387s ]
[ sql ] [ SQL ] SHOW COLUMNS FROM `goods` [ RunTime:0.000626s ]
[ sql ] [ SQL ] SELECT `id`,`title`,`price`,`image_item` FROM `goods` WHERE  `id` IN (4,3,2,1) ORDER BY `create_time` [ RunTime:0.000354s ]
[ sql ] [ SQL ] SELECT `id`,`title`,`price`,`image_item` FROM `goods` WHERE  `id` IN (4,3,2,1) ORDER BY `create_time` [ RunTime:0.000310s ]
[ sql ] [ SQL ] SHOW COLUMNS FROM `goods_image` [ RunTime:0.000580s ]
[ sql ] [ SQL ] SELECT * FROM `goods_image` WHERE  `goods_id` IN (1,2,3,4) [ RunTime:0.000263s ]
[ sql ] [ SQL ] SELECT `id`,`title`,`price`,`image_item` FROM `goods` WHERE  `id` IN (4,3,2,1) ORDER BY `create_time` [ RunTime:0.000306s ]
[ sql ] [ SQL ] SELECT * FROM `goods_image` WHERE  `goods_id` IN (1,2,3,4) [ RunTime:0.000278s ]
[ sql ] [ SQL ] SHOW COLUMNS FROM `image_by_goods` [ RunTime:0.000575s ]
[ sql ] [ SQL ] SELECT * FROM `image_by_goods` WHERE  `id` IN (1,2,3,4) [ RunTime:0.000268s ]
---------------------------------------------------------------
[ 2018-05-05T23:04:13+08:00 ] 111.59.124.151 GET /TypeLocation?type=11&location=%E5%8C%97%E4%BA%AC
[ info ] www.guetused.top/TypeLocation?type=11&location=%E5%8C%97%E4%BA%AC [运行时间：0.036327s][吞吐率：27.53req/s] [内存消耗：3,455.72kb] [文件加载：47]
[ sql ] [ DB ] CONNECT:[ UseTime:0.000478s ] mysql:host=127.0.0.1;dbname=store;charset=utf8
[ sql ] [ SQL ] SHOW COLUMNS FROM `type_location` [ RunTime:0.000811s ]
[ sql ] [ SQL ] SELECT * FROM `type_location` WHERE  `type` = 11  AND `location` = '北京' [ RunTime:0.000407s ]
[ sql ] [ SQL ] SHOW COLUMNS FROM `goods` [ RunTime:0.000585s ]
[ sql ] [ SQL ] SELECT `id`,`title`,`price`,`image_item` FROM `goods` WHERE  `id` IN (1,3,4) [ RunTime:0.000319s ]
[ sql ] [ SQL ] SELECT `id`,`title`,`price`,`image_item` FROM `goods` WHERE  `id` IN (1,3,4) [ RunTime:0.000300s ]
[ sql ] [ SQL ] SHOW COLUMNS FROM `goods_image` [ RunTime:0.000538s ]
[ sql ] [ SQL ] SELECT * FROM `goods_image` WHERE  `goods_id` IN (1,3,4) [ RunTime:0.000276s ]
[ sql ] [ SQL ] SELECT `id`,`title`,`price`,`image_item` FROM `goods` WHERE  `id` IN (1,3,4) [ RunTime:0.000313s ]
[ sql ] [ SQL ] SELECT * FROM `goods_image` WHERE  `goods_id` IN (1,3,4) [ RunTime:0.000277s ]
[ sql ] [ SQL ] SHOW COLUMNS FROM `image_by_goods` [ RunTime:0.000557s ]
[ sql ] [ SQL ] SELECT * FROM `image_by_goods` WHERE  `id` IN (1,2,4) [ RunTime:0.000284s ]
---------------------------------------------------------------
[ 2018-05-05T23:07:50+08:00 ] 111.59.124.151 GET /Goods?id=1
[ info ] www.guetused.top/Goods?id=1 [运行时间：0.030698s][吞吐率：32.58req/s] [内存消耗：3,377.64kb] [文件加载：46]
[ sql ] [ DB ] CONNECT:[ UseTime:0.000400s ] mysql:host=127.0.0.1;dbname=store;charset=utf8
[ sql ] [ SQL ] SHOW COLUMNS FROM `goods` [ RunTime:0.000840s ]
[ sql ] [ SQL ] SELECT * FROM `goods` WHERE  `id` = 1 LIMIT 1 [ RunTime:0.000388s ]
[ sql ] [ SQL ] SHOW COLUMNS FROM `goods_image` [ RunTime:0.000575s ]
[ sql ] [ SQL ] SELECT * FROM `goods_image` WHERE  `goods_id` = 1 [ RunTime:0.000259s ]
[ sql ] [ SQL ] SELECT * FROM `goods_image` WHERE  `goods_id` = 1 [ RunTime:0.000317s ]
[ sql ] [ SQL ] SHOW COLUMNS FROM `image_by_goods` [ RunTime:0.000624s ]
[ sql ] [ SQL ] SELECT * FROM `image_by_goods` WHERE  `id` IN (1,2,4) [ RunTime:0.000277s ]
