---------------------------------------------------------------
[ 2018-05-07T13:28:00+08:00 ] 111.59.124.151 GET /api/Banner?id=1&location=%E5%8C%97%E4%BA%AC
[ info ] www.guetused.top/api/Banner?id=1&location=%E5%8C%97%E4%BA%AC [运行时间：0.033979s][吞吐率：29.43req/s] [内存消耗：3,390.98kb] [文件加载：46]
[ sql ] [ DB ] CONNECT:[ UseTime:0.000568s ] mysql:host=127.0.0.1;dbname=store;charset=utf8
[ sql ] [ SQL ] SHOW COLUMNS FROM `banner` [ RunTime:0.000842s ]
[ sql ] [ SQL ] SELECT * FROM `banner` WHERE  `id` = 1 LIMIT 1 [ RunTime:0.000369s ]
[ sql ] [ SQL ] SHOW COLUMNS FROM `banner_item` [ RunTime:0.000604s ]
[ sql ] [ SQL ] SELECT * FROM `banner_item` WHERE  `location` = '北京'  AND `banner_id` = 1 [ RunTime:0.000300s ]
[ sql ] [ SQL ] SELECT * FROM `banner_item` WHERE  `location` = '北京'  AND `banner_id` = 1 [ RunTime:0.000297s ]
[ sql ] [ SQL ] SHOW COLUMNS FROM `image_by_banner` [ RunTime:0.000586s ]
[ sql ] [ SQL ] SELECT * FROM `image_by_banner` WHERE  `id` IN (1,2,3) [ RunTime:0.000344s ]
---------------------------------------------------------------
[ 2018-05-07T13:29:19+08:00 ] 111.59.124.151 GET /api/Banner?id=1&location=%E5%8C%97%E4%BA%AC
[ info ] www.guetused.top/api/Banner?id=1&location=%E5%8C%97%E4%BA%AC [运行时间：0.035064s][吞吐率：28.52req/s] [内存消耗：3,391.17kb] [文件加载：46]
[ sql ] [ DB ] CONNECT:[ UseTime:0.000529s ] mysql:host=127.0.0.1;dbname=store;charset=utf8
[ sql ] [ SQL ] SHOW COLUMNS FROM `banner` [ RunTime:0.000831s ]
[ sql ] [ SQL ] SELECT * FROM `banner` WHERE  `id` = 1 LIMIT 1 [ RunTime:0.000369s ]
[ sql ] [ SQL ] SHOW COLUMNS FROM `banner_item` [ RunTime:0.000561s ]
[ sql ] [ SQL ] SELECT * FROM `banner_item` WHERE  `location` = '北京'  AND `banner_id` = 1 [ RunTime:0.000309s ]
[ sql ] [ SQL ] SELECT * FROM `banner_item` WHERE  `location` = '北京'  AND `banner_id` = 1 [ RunTime:0.000321s ]
[ sql ] [ SQL ] SHOW COLUMNS FROM `image_by_banner` [ RunTime:0.000560s ]
[ sql ] [ SQL ] SELECT * FROM `image_by_banner` WHERE  `id` IN (1,2,3) [ RunTime:0.000323s ]
---------------------------------------------------------------
[ 2018-05-07T13:29:42+08:00 ] 111.59.124.151 GET /api/Banner?id=1&location=%E5%8C%97%E4%BA%AC
[ info ] www.guetused.top/api/Banner?id=1&location=%E5%8C%97%E4%BA%AC [运行时间：0.029831s][吞吐率：33.52req/s] [内存消耗：3,391.15kb] [文件加载：46]
[ sql ] [ DB ] CONNECT:[ UseTime:0.000578s ] mysql:host=127.0.0.1;dbname=store;charset=utf8
[ sql ] [ SQL ] SHOW COLUMNS FROM `banner` [ RunTime:0.000832s ]
[ sql ] [ SQL ] SELECT * FROM `banner` WHERE  `id` = 1 LIMIT 1 [ RunTime:0.000352s ]
[ sql ] [ SQL ] SHOW COLUMNS FROM `banner_item` [ RunTime:0.000572s ]
[ sql ] [ SQL ] SELECT * FROM `banner_item` WHERE  `location` = '北京'  AND `banner_id` = 1 [ RunTime:0.000344s ]
[ sql ] [ SQL ] SELECT * FROM `banner_item` WHERE  `location` = '北京'  AND `banner_id` = 1 [ RunTime:0.000300s ]
[ sql ] [ SQL ] SHOW COLUMNS FROM `image_by_banner` [ RunTime:0.000564s ]
[ sql ] [ SQL ] SELECT * FROM `image_by_banner` WHERE  `id` IN (1,2,3) [ RunTime:0.000323s ]
---------------------------------------------------------------
[ 2018-05-07T13:33:10+08:00 ] 111.59.124.171 GET /api/Banner?id=1&location=%E5%8C%97%E4%BA%AC
[ info ] www.guetused.top/api/Banner?id=1&location=%E5%8C%97%E4%BA%AC [运行时间：0.032965s][吞吐率：30.34req/s] [内存消耗：3,390.98kb] [文件加载：46]
[ sql ] [ DB ] CONNECT:[ UseTime:0.000557s ] mysql:host=127.0.0.1;dbname=store;charset=utf8
[ sql ] [ SQL ] SHOW COLUMNS FROM `banner` [ RunTime:0.000834s ]
[ sql ] [ SQL ] SELECT * FROM `banner` WHERE  `id` = 1 LIMIT 1 [ RunTime:0.000355s ]
[ sql ] [ SQL ] SHOW COLUMNS FROM `banner_item` [ RunTime:0.000570s ]
[ sql ] [ SQL ] SELECT * FROM `banner_item` WHERE  `location` = '北京'  AND `banner_id` = 1 [ RunTime:0.000321s ]
[ sql ] [ SQL ] SELECT * FROM `banner_item` WHERE  `location` = '北京'  AND `banner_id` = 1 [ RunTime:0.000298s ]
[ sql ] [ SQL ] SHOW COLUMNS FROM `image_by_banner` [ RunTime:0.000588s ]
[ sql ] [ SQL ] SELECT * FROM `image_by_banner` WHERE  `id` IN (1,2,3) [ RunTime:0.000331s ]
---------------------------------------------------------------
[ 2018-05-07T13:35:10+08:00 ] 111.59.124.171 GET /api/Banner?id=1&location=%E5%8C%97%E4%BA%AC
[ info ] www.guetused.top/api/Banner?id=1&location=%E5%8C%97%E4%BA%AC [运行时间：0.032469s][吞吐率：30.80req/s] [内存消耗：3,391.15kb] [文件加载：46]
[ sql ] [ DB ] CONNECT:[ UseTime:0.000569s ] mysql:host=127.0.0.1;dbname=store;charset=utf8
[ sql ] [ SQL ] SHOW COLUMNS FROM `banner` [ RunTime:0.000829s ]
[ sql ] [ SQL ] SELECT * FROM `banner` WHERE  `id` = 1 LIMIT 1 [ RunTime:0.000364s ]
[ sql ] [ SQL ] SHOW COLUMNS FROM `banner_item` [ RunTime:0.000588s ]
[ sql ] [ SQL ] SELECT * FROM `banner_item` WHERE  `location` = '北京'  AND `banner_id` = 1 [ RunTime:0.000301s ]
[ sql ] [ SQL ] SELECT * FROM `banner_item` WHERE  `location` = '北京'  AND `banner_id` = 1 [ RunTime:0.000307s ]
[ sql ] [ SQL ] SHOW COLUMNS FROM `image_by_banner` [ RunTime:0.000598s ]
[ sql ] [ SQL ] SELECT * FROM `image_by_banner` WHERE  `id` IN (1,2,3) [ RunTime:0.000307s ]
---------------------------------------------------------------
[ 2018-05-07T13:35:29+08:00 ] 111.59.124.171 GET /api/Banner?id=1&location=%E5%8C%97%E4%BA%AC
[ info ] www.guetused.top/api/Banner?id=1&location=%E5%8C%97%E4%BA%AC [运行时间：0.028459s][吞吐率：35.14req/s] [内存消耗：3,391.15kb] [文件加载：46]
[ sql ] [ DB ] CONNECT:[ UseTime:0.000537s ] mysql:host=127.0.0.1;dbname=store;charset=utf8
[ sql ] [ SQL ] SHOW COLUMNS FROM `banner` [ RunTime:0.000841s ]
[ sql ] [ SQL ] SELECT * FROM `banner` WHERE  `id` = 1 LIMIT 1 [ RunTime:0.000353s ]
[ sql ] [ SQL ] SHOW COLUMNS FROM `banner_item` [ RunTime:0.000581s ]
[ sql ] [ SQL ] SELECT * FROM `banner_item` WHERE  `location` = '北京'  AND `banner_id` = 1 [ RunTime:0.000288s ]
[ sql ] [ SQL ] SELECT * FROM `banner_item` WHERE  `location` = '北京'  AND `banner_id` = 1 [ RunTime:0.000301s ]
[ sql ] [ SQL ] SHOW COLUMNS FROM `image_by_banner` [ RunTime:0.000567s ]
[ sql ] [ SQL ] SELECT * FROM `image_by_banner` WHERE  `id` IN (1,2,3) [ RunTime:0.000302s ]
---------------------------------------------------------------
[ 2018-05-07T13:36:01+08:00 ] 111.59.124.171 GET /api/Banner?id=1&location=%E5%8C%97%E4%BA%AC
[ info ] www.guetused.top/api/Banner?id=1&location=%E5%8C%97%E4%BA%AC [运行时间：0.032719s][吞吐率：30.56req/s] [内存消耗：3,391.15kb] [文件加载：46]
[ sql ] [ DB ] CONNECT:[ UseTime:0.000527s ] mysql:host=127.0.0.1;dbname=store;charset=utf8
[ sql ] [ SQL ] SHOW COLUMNS FROM `banner` [ RunTime:0.000850s ]
[ sql ] [ SQL ] SELECT * FROM `banner` WHERE  `id` = 1 LIMIT 1 [ RunTime:0.000383s ]
[ sql ] [ SQL ] SHOW COLUMNS FROM `banner_item` [ RunTime:0.000683s ]
[ sql ] [ SQL ] SELECT * FROM `banner_item` WHERE  `location` = '北京'  AND `banner_id` = 1 [ RunTime:0.000318s ]
[ sql ] [ SQL ] SELECT * FROM `banner_item` WHERE  `location` = '北京'  AND `banner_id` = 1 [ RunTime:0.000326s ]
[ sql ] [ SQL ] SHOW COLUMNS FROM `image_by_banner` [ RunTime:0.000599s ]
[ sql ] [ SQL ] SELECT * FROM `image_by_banner` WHERE  `id` IN (1,2,3) [ RunTime:0.000322s ]
---------------------------------------------------------------
[ 2018-05-07T13:36:23+08:00 ] 111.59.124.171 GET /api/Banner?id=1&location=%E5%8C%97%E4%BA%AC
[ info ] www.guetused.top/api/Banner?id=1&location=%E5%8C%97%E4%BA%AC [运行时间：0.033250s][吞吐率：30.08req/s] [内存消耗：3,391.15kb] [文件加载：46]
[ sql ] [ DB ] CONNECT:[ UseTime:0.000435s ] mysql:host=127.0.0.1;dbname=store;charset=utf8
[ sql ] [ SQL ] SHOW COLUMNS FROM `banner` [ RunTime:0.001888s ]
[ sql ] [ SQL ] SELECT * FROM `banner` WHERE  `id` = 1 LIMIT 1 [ RunTime:0.000414s ]
[ sql ] [ SQL ] SHOW COLUMNS FROM `banner_item` [ RunTime:0.000614s ]
[ sql ] [ SQL ] SELECT * FROM `banner_item` WHERE  `location` = '北京'  AND `banner_id` = 1 [ RunTime:0.000316s ]
[ sql ] [ SQL ] SELECT * FROM `banner_item` WHERE  `location` = '北京'  AND `banner_id` = 1 [ RunTime:0.000331s ]
[ sql ] [ SQL ] SHOW COLUMNS FROM `image_by_banner` [ RunTime:0.000611s ]
[ sql ] [ SQL ] SELECT * FROM `image_by_banner` WHERE  `id` IN (1,2,3) [ RunTime:0.000341s ]
---------------------------------------------------------------
[ 2018-05-07T13:36:46+08:00 ] 111.59.124.171 GET /api/Banner?id=1&location=%E5%8C%97%E4%BA%AC
[ info ] www.guetused.top/api/Banner?id=1&location=%E5%8C%97%E4%BA%AC [运行时间：0.035808s][吞吐率：27.93req/s] [内存消耗：3,391.17kb] [文件加载：46]
[ sql ] [ DB ] CONNECT:[ UseTime:0.000493s ] mysql:host=127.0.0.1;dbname=store;charset=utf8
[ sql ] [ SQL ] SHOW COLUMNS FROM `banner` [ RunTime:0.000828s ]
[ sql ] [ SQL ] SELECT * FROM `banner` WHERE  `id` = 1 LIMIT 1 [ RunTime:0.000371s ]
[ sql ] [ SQL ] SHOW COLUMNS FROM `banner_item` [ RunTime:0.000555s ]
[ sql ] [ SQL ] SELECT * FROM `banner_item` WHERE  `location` = '北京'  AND `banner_id` = 1 [ RunTime:0.000308s ]
[ sql ] [ SQL ] SELECT * FROM `banner_item` WHERE  `location` = '北京'  AND `banner_id` = 1 [ RunTime:0.000321s ]
[ sql ] [ SQL ] SHOW COLUMNS FROM `image_by_banner` [ RunTime:0.000570s ]
[ sql ] [ SQL ] SELECT * FROM `image_by_banner` WHERE  `id` IN (1,2,3) [ RunTime:0.000321s ]
---------------------------------------------------------------
[ 2018-05-07T13:37:01+08:00 ] 111.59.124.171 GET /api/Banner?id=1&location=%E5%8C%97%E4%BA%AC
[ info ] www.guetused.top/api/Banner?id=1&location=%E5%8C%97%E4%BA%AC [运行时间：0.031941s][吞吐率：31.31req/s] [内存消耗：3,391.15kb] [文件加载：46]
[ sql ] [ DB ] CONNECT:[ UseTime:0.000414s ] mysql:host=127.0.0.1;dbname=store;charset=utf8
[ sql ] [ SQL ] SHOW COLUMNS FROM `banner` [ RunTime:0.000817s ]
[ sql ] [ SQL ] SELECT * FROM `banner` WHERE  `id` = 1 LIMIT 1 [ RunTime:0.000378s ]
[ sql ] [ SQL ] SHOW COLUMNS FROM `banner_item` [ RunTime:0.000593s ]
[ sql ] [ SQL ] SELECT * FROM `banner_item` WHERE  `location` = '北京'  AND `banner_id` = 1 [ RunTime:0.000322s ]
[ sql ] [ SQL ] SELECT * FROM `banner_item` WHERE  `location` = '北京'  AND `banner_id` = 1 [ RunTime:0.000334s ]
[ sql ] [ SQL ] SHOW COLUMNS FROM `image_by_banner` [ RunTime:0.000595s ]
[ sql ] [ SQL ] SELECT * FROM `image_by_banner` WHERE  `id` IN (1,2,3) [ RunTime:0.000334s ]
---------------------------------------------------------------
[ 2018-05-07T13:39:17+08:00 ] 111.59.124.171 GET /api/Banner?id=1&location=%E5%8C%97%E4%BA%AC
[ info ] www.guetused.top/api/Banner?id=1&location=%E5%8C%97%E4%BA%AC [运行时间：0.033117s][吞吐率：30.20req/s] [内存消耗：3,390.98kb] [文件加载：46]
[ sql ] [ DB ] CONNECT:[ UseTime:0.000418s ] mysql:host=127.0.0.1;dbname=store;charset=utf8
[ sql ] [ SQL ] SHOW COLUMNS FROM `banner` [ RunTime:0.000810s ]
[ sql ] [ SQL ] SELECT * FROM `banner` WHERE  `id` = 1 LIMIT 1 [ RunTime:0.000352s ]
[ sql ] [ SQL ] SHOW COLUMNS FROM `banner_item` [ RunTime:0.000581s ]
[ sql ] [ SQL ] SELECT * FROM `banner_item` WHERE  `location` = '北京'  AND `banner_id` = 1 [ RunTime:0.000300s ]
[ sql ] [ SQL ] SELECT * FROM `banner_item` WHERE  `location` = '北京'  AND `banner_id` = 1 [ RunTime:0.000310s ]
[ sql ] [ SQL ] SHOW COLUMNS FROM `image_by_banner` [ RunTime:0.000659s ]
[ sql ] [ SQL ] SELECT * FROM `image_by_banner` WHERE  `id` IN (1,2,3) [ RunTime:0.000337s ]
---------------------------------------------------------------
[ 2018-05-07T13:39:33+08:00 ] 111.59.124.171 GET /api/Banner?id=1&location=%E5%8C%97%E4%BA%AC
[ info ] www.guetused.top/api/Banner?id=1&location=%E5%8C%97%E4%BA%AC [运行时间：0.028697s][吞吐率：34.85req/s] [内存消耗：3,391.15kb] [文件加载：46]
[ sql ] [ DB ] CONNECT:[ UseTime:0.000438s ] mysql:host=127.0.0.1;dbname=store;charset=utf8
[ sql ] [ SQL ] SHOW COLUMNS FROM `banner` [ RunTime:0.000772s ]
[ sql ] [ SQL ] SELECT * FROM `banner` WHERE  `id` = 1 LIMIT 1 [ RunTime:0.000391s ]
[ sql ] [ SQL ] SHOW COLUMNS FROM `banner_item` [ RunTime:0.000563s ]
[ sql ] [ SQL ] SELECT * FROM `banner_item` WHERE  `location` = '北京'  AND `banner_id` = 1 [ RunTime:0.000303s ]
[ sql ] [ SQL ] SELECT * FROM `banner_item` WHERE  `location` = '北京'  AND `banner_id` = 1 [ RunTime:0.000310s ]
[ sql ] [ SQL ] SHOW COLUMNS FROM `image_by_banner` [ RunTime:0.000541s ]
[ sql ] [ SQL ] SELECT * FROM `image_by_banner` WHERE  `id` IN (1,2,3) [ RunTime:0.000309s ]
---------------------------------------------------------------
[ 2018-05-07T13:40:15+08:00 ] 111.59.124.171 GET /api/Banner?id=1&location=%E5%8C%97%E4%BA%AC
[ info ] www.guetused.top/api/Banner?id=1&location=%E5%8C%97%E4%BA%AC [运行时间：0.032123s][吞吐率：31.13req/s] [内存消耗：3,391.15kb] [文件加载：46]
[ sql ] [ DB ] CONNECT:[ UseTime:0.000414s ] mysql:host=127.0.0.1;dbname=store;charset=utf8
[ sql ] [ SQL ] SHOW COLUMNS FROM `banner` [ RunTime:0.000840s ]
[ sql ] [ SQL ] SELECT * FROM `banner` WHERE  `id` = 1 LIMIT 1 [ RunTime:0.000373s ]
[ sql ] [ SQL ] SHOW COLUMNS FROM `banner_item` [ RunTime:0.000609s ]
[ sql ] [ SQL ] SELECT * FROM `banner_item` WHERE  `location` = '北京'  AND `banner_id` = 1 [ RunTime:0.000332s ]
[ sql ] [ SQL ] SELECT * FROM `banner_item` WHERE  `location` = '北京'  AND `banner_id` = 1 [ RunTime:0.000316s ]
[ sql ] [ SQL ] SHOW COLUMNS FROM `image_by_banner` [ RunTime:0.000592s ]
[ sql ] [ SQL ] SELECT * FROM `image_by_banner` WHERE  `id` IN (1,2,3) [ RunTime:0.000343s ]
---------------------------------------------------------------
[ 2018-05-07T13:40:32+08:00 ] 111.59.124.171 GET /api/Banner?id=1&location=%E5%8C%97%E4%BA%AC
[ info ] www.guetused.top/api/Banner?id=1&location=%E5%8C%97%E4%BA%AC [运行时间：0.029692s][吞吐率：33.68req/s] [内存消耗：3,391.15kb] [文件加载：46]
[ sql ] [ DB ] CONNECT:[ UseTime:0.000469s ] mysql:host=127.0.0.1;dbname=store;charset=utf8
[ sql ] [ SQL ] SHOW COLUMNS FROM `banner` [ RunTime:0.000850s ]
[ sql ] [ SQL ] SELECT * FROM `banner` WHERE  `id` = 1 LIMIT 1 [ RunTime:0.000474s ]
[ sql ] [ SQL ] SHOW COLUMNS FROM `banner_item` [ RunTime:0.000647s ]
[ sql ] [ SQL ] SELECT * FROM `banner_item` WHERE  `location` = '北京'  AND `banner_id` = 1 [ RunTime:0.000323s ]
[ sql ] [ SQL ] SELECT * FROM `banner_item` WHERE  `location` = '北京'  AND `banner_id` = 1 [ RunTime:0.000335s ]
[ sql ] [ SQL ] SHOW COLUMNS FROM `image_by_banner` [ RunTime:0.000614s ]
[ sql ] [ SQL ] SELECT * FROM `image_by_banner` WHERE  `id` IN (1,2,3) [ RunTime:0.000317s ]
---------------------------------------------------------------
[ 2018-05-07T13:40:36+08:00 ] 111.59.124.171 GET /api/Banner?id=1&location=%E5%8C%97%E4%BA%AC
[ info ] www.guetused.top/api/Banner?id=1&location=%E5%8C%97%E4%BA%AC [运行时间：0.031428s][吞吐率：31.82req/s] [内存消耗：3,391.15kb] [文件加载：46]
[ sql ] [ DB ] CONNECT:[ UseTime:0.000463s ] mysql:host=127.0.0.1;dbname=store;charset=utf8
[ sql ] [ SQL ] SHOW COLUMNS FROM `banner` [ RunTime:0.000790s ]
[ sql ] [ SQL ] SELECT * FROM `banner` WHERE  `id` = 1 LIMIT 1 [ RunTime:0.000327s ]
[ sql ] [ SQL ] SHOW COLUMNS FROM `banner_item` [ RunTime:0.000563s ]
[ sql ] [ SQL ] SELECT * FROM `banner_item` WHERE  `location` = '北京'  AND `banner_id` = 1 [ RunTime:0.000320s ]
[ sql ] [ SQL ] SELECT * FROM `banner_item` WHERE  `location` = '北京'  AND `banner_id` = 1 [ RunTime:0.000301s ]
[ sql ] [ SQL ] SHOW COLUMNS FROM `image_by_banner` [ RunTime:0.000577s ]
[ sql ] [ SQL ] SELECT * FROM `image_by_banner` WHERE  `id` IN (1,2,3) [ RunTime:0.000322s ]
---------------------------------------------------------------
[ 2018-05-07T13:40:54+08:00 ] 111.59.124.171 GET /api/Banner?id=1&location=%E5%8C%97%E4%BA%AC
[ info ] www.guetused.top/api/Banner?id=1&location=%E5%8C%97%E4%BA%AC [运行时间：0.033369s][吞吐率：29.97req/s] [内存消耗：3,391.15kb] [文件加载：46]
[ sql ] [ DB ] CONNECT:[ UseTime:0.000436s ] mysql:host=127.0.0.1;dbname=store;charset=utf8
[ sql ] [ SQL ] SHOW COLUMNS FROM `banner` [ RunTime:0.001940s ]
[ sql ] [ SQL ] SELECT * FROM `banner` WHERE  `id` = 1 LIMIT 1 [ RunTime:0.000407s ]
[ sql ] [ SQL ] SHOW COLUMNS FROM `banner_item` [ RunTime:0.000613s ]
[ sql ] [ SQL ] SELECT * FROM `banner_item` WHERE  `location` = '北京'  AND `banner_id` = 1 [ RunTime:0.000316s ]
[ sql ] [ SQL ] SELECT * FROM `banner_item` WHERE  `location` = '北京'  AND `banner_id` = 1 [ RunTime:0.000319s ]
[ sql ] [ SQL ] SHOW COLUMNS FROM `image_by_banner` [ RunTime:0.000610s ]
[ sql ] [ SQL ] SELECT * FROM `image_by_banner` WHERE  `id` IN (1,2,3) [ RunTime:0.000342s ]
---------------------------------------------------------------
[ 2018-05-07T13:41:40+08:00 ] 111.59.124.171 GET /api/Banner?id=1&location=%E5%8C%97%E4%BA%AC
[ info ] www.guetused.top/api/Banner?id=1&location=%E5%8C%97%E4%BA%AC [运行时间：0.031984s][吞吐率：31.27req/s] [内存消耗：3,391.15kb] [文件加载：46]
[ sql ] [ DB ] CONNECT:[ UseTime:0.000390s ] mysql:host=127.0.0.1;dbname=store;charset=utf8
[ sql ] [ SQL ] SHOW COLUMNS FROM `banner` [ RunTime:0.000797s ]
[ sql ] [ SQL ] SELECT * FROM `banner` WHERE  `id` = 1 LIMIT 1 [ RunTime:0.000359s ]
[ sql ] [ SQL ] SHOW COLUMNS FROM `banner_item` [ RunTime:0.000601s ]
[ sql ] [ SQL ] SELECT * FROM `banner_item` WHERE  `location` = '北京'  AND `banner_id` = 1 [ RunTime:0.000325s ]
[ sql ] [ SQL ] SELECT * FROM `banner_item` WHERE  `location` = '北京'  AND `banner_id` = 1 [ RunTime:0.000312s ]
[ sql ] [ SQL ] SHOW COLUMNS FROM `image_by_banner` [ RunTime:0.000584s ]
[ sql ] [ SQL ] SELECT * FROM `image_by_banner` WHERE  `id` IN (1,2,3) [ RunTime:0.000392s ]
---------------------------------------------------------------
[ 2018-05-07T13:43:58+08:00 ] 111.59.124.171 GET /api/Banner?id=1&location=%E5%8C%97%E4%BA%AC
[ info ] www.guetused.top/api/Banner?id=1&location=%E5%8C%97%E4%BA%AC [运行时间：0.032172s][吞吐率：31.08req/s] [内存消耗：3,391.15kb] [文件加载：46]
[ sql ] [ DB ] CONNECT:[ UseTime:0.000383s ] mysql:host=127.0.0.1;dbname=store;charset=utf8
[ sql ] [ SQL ] SHOW COLUMNS FROM `banner` [ RunTime:0.000828s ]
[ sql ] [ SQL ] SELECT * FROM `banner` WHERE  `id` = 1 LIMIT 1 [ RunTime:0.000370s ]
[ sql ] [ SQL ] SHOW COLUMNS FROM `banner_item` [ RunTime:0.000617s ]
[ sql ] [ SQL ] SELECT * FROM `banner_item` WHERE  `location` = '北京'  AND `banner_id` = 1 [ RunTime:0.000313s ]
[ sql ] [ SQL ] SELECT * FROM `banner_item` WHERE  `location` = '北京'  AND `banner_id` = 1 [ RunTime:0.000375s ]
[ sql ] [ SQL ] SHOW COLUMNS FROM `image_by_banner` [ RunTime:0.000603s ]
[ sql ] [ SQL ] SELECT * FROM `image_by_banner` WHERE  `id` IN (1,2,3) [ RunTime:0.000343s ]
---------------------------------------------------------------
[ 2018-05-07T13:45:50+08:00 ] 111.59.124.171 GET /api/Banner?id=1&location=%E5%8C%97%E4%BA%AC
[ info ] www.guetused.top/api/Banner?id=1&location=%E5%8C%97%E4%BA%AC [运行时间：0.031297s][吞吐率：31.95req/s] [内存消耗：3,390.98kb] [文件加载：46]
[ sql ] [ DB ] CONNECT:[ UseTime:0.000424s ] mysql:host=127.0.0.1;dbname=store;charset=utf8
[ sql ] [ SQL ] SHOW COLUMNS FROM `banner` [ RunTime:0.000771s ]
[ sql ] [ SQL ] SELECT * FROM `banner` WHERE  `id` = 1 LIMIT 1 [ RunTime:0.000340s ]
[ sql ] [ SQL ] SHOW COLUMNS FROM `banner_item` [ RunTime:0.000560s ]
[ sql ] [ SQL ] SELECT * FROM `banner_item` WHERE  `location` = '北京'  AND `banner_id` = 1 [ RunTime:0.000319s ]
[ sql ] [ SQL ] SELECT * FROM `banner_item` WHERE  `location` = '北京'  AND `banner_id` = 1 [ RunTime:0.000295s ]
[ sql ] [ SQL ] SHOW COLUMNS FROM `image_by_banner` [ RunTime:0.000559s ]
[ sql ] [ SQL ] SELECT * FROM `image_by_banner` WHERE  `id` IN (1,2,3) [ RunTime:0.000322s ]
---------------------------------------------------------------
[ 2018-05-07T13:46:22+08:00 ] 111.59.124.171 GET /api/Banner?id=1&location=%E5%8C%97%E4%BA%AC
[ info ] www.guetused.top/api/Banner?id=1&location=%E5%8C%97%E4%BA%AC [运行时间：0.034907s][吞吐率：28.65req/s] [内存消耗：3,391.17kb] [文件加载：46]
[ sql ] [ DB ] CONNECT:[ UseTime:0.000514s ] mysql:host=127.0.0.1;dbname=store;charset=utf8
[ sql ] [ SQL ] SHOW COLUMNS FROM `banner` [ RunTime:0.000826s ]
[ sql ] [ SQL ] SELECT * FROM `banner` WHERE  `id` = 1 LIMIT 1 [ RunTime:0.000383s ]
[ sql ] [ SQL ] SHOW COLUMNS FROM `banner_item` [ RunTime:0.000577s ]
[ sql ] [ SQL ] SELECT * FROM `banner_item` WHERE  `location` = '北京'  AND `banner_id` = 1 [ RunTime:0.000296s ]
[ sql ] [ SQL ] SELECT * FROM `banner_item` WHERE  `location` = '北京'  AND `banner_id` = 1 [ RunTime:0.000319s ]
[ sql ] [ SQL ] SHOW COLUMNS FROM `image_by_banner` [ RunTime:0.000604s ]
[ sql ] [ SQL ] SELECT * FROM `image_by_banner` WHERE  `id` IN (1,2,3) [ RunTime:0.000309s ]
---------------------------------------------------------------
[ 2018-05-07T16:17:51+08:00 ] 111.59.124.171 GET /api/Banner?id=1&location=%E5%8C%97%E4%BA%AC
[ info ] www.guetused.top/api/Banner?id=1&location=%E5%8C%97%E4%BA%AC [运行时间：0.032245s][吞吐率：31.01req/s] [内存消耗：3,390.98kb] [文件加载：46]
[ sql ] [ DB ] CONNECT:[ UseTime:0.000416s ] mysql:host=127.0.0.1;dbname=store;charset=utf8
[ sql ] [ SQL ] SHOW COLUMNS FROM `banner` [ RunTime:0.000820s ]
[ sql ] [ SQL ] SELECT * FROM `banner` WHERE  `id` = 1 LIMIT 1 [ RunTime:0.000399s ]
[ sql ] [ SQL ] SHOW COLUMNS FROM `banner_item` [ RunTime:0.000603s ]
[ sql ] [ SQL ] SELECT * FROM `banner_item` WHERE  `location` = '北京'  AND `banner_id` = 1 [ RunTime:0.000319s ]
[ sql ] [ SQL ] SELECT * FROM `banner_item` WHERE  `location` = '北京'  AND `banner_id` = 1 [ RunTime:0.000385s ]
[ sql ] [ SQL ] SHOW COLUMNS FROM `image_by_banner` [ RunTime:0.000615s ]
[ sql ] [ SQL ] SELECT * FROM `image_by_banner` WHERE  `id` IN (1,2,3) [ RunTime:0.000368s ]
---------------------------------------------------------------
[ 2018-05-07T16:18:37+08:00 ] 111.59.124.171 GET /api/Banner?id=1&location=%E5%8C%97%E4%BA%AC
[ info ] www.guetused.top/api/Banner?id=1&location=%E5%8C%97%E4%BA%AC [运行时间：0.032268s][吞吐率：30.99req/s] [内存消耗：3,391.15kb] [文件加载：46]
[ sql ] [ DB ] CONNECT:[ UseTime:0.000452s ] mysql:host=127.0.0.1;dbname=store;charset=utf8
[ sql ] [ SQL ] SHOW COLUMNS FROM `banner` [ RunTime:0.000838s ]
[ sql ] [ SQL ] SELECT * FROM `banner` WHERE  `id` = 1 LIMIT 1 [ RunTime:0.000393s ]
[ sql ] [ SQL ] SHOW COLUMNS FROM `banner_item` [ RunTime:0.000610s ]
[ sql ] [ SQL ] SELECT * FROM `banner_item` WHERE  `location` = '北京'  AND `banner_id` = 1 [ RunTime:0.000315s ]
[ sql ] [ SQL ] SELECT * FROM `banner_item` WHERE  `location` = '北京'  AND `banner_id` = 1 [ RunTime:0.000350s ]
[ sql ] [ SQL ] SHOW COLUMNS FROM `image_by_banner` [ RunTime:0.000610s ]
[ sql ] [ SQL ] SELECT * FROM `image_by_banner` WHERE  `id` IN (1,2,3) [ RunTime:0.000322s ]
---------------------------------------------------------------
[ 2018-05-07T16:19:21+08:00 ] 111.59.124.145 GET /api/Banner?id=1&location=%E5%8C%97%E4%BA%AC
[ info ] www.guetused.top/api/Banner?id=1&location=%E5%8C%97%E4%BA%AC [运行时间：0.032391s][吞吐率：30.87req/s] [内存消耗：3,390.74kb] [文件加载：46]
[ sql ] [ DB ] CONNECT:[ UseTime:0.000447s ] mysql:host=127.0.0.1;dbname=store;charset=utf8
[ sql ] [ SQL ] SHOW COLUMNS FROM `banner` [ RunTime:0.000804s ]
[ sql ] [ SQL ] SELECT * FROM `banner` WHERE  `id` = 1 LIMIT 1 [ RunTime:0.000369s ]
[ sql ] [ SQL ] SHOW COLUMNS FROM `banner_item` [ RunTime:0.000621s ]
[ sql ] [ SQL ] SELECT * FROM `banner_item` WHERE  `location` = '北京'  AND `banner_id` = 1 [ RunTime:0.000316s ]
[ sql ] [ SQL ] SELECT * FROM `banner_item` WHERE  `location` = '北京'  AND `banner_id` = 1 [ RunTime:0.000315s ]
[ sql ] [ SQL ] SHOW COLUMNS FROM `image_by_banner` [ RunTime:0.000636s ]
[ sql ] [ SQL ] SELECT * FROM `image_by_banner` WHERE  `id` IN (1,2,3) [ RunTime:0.000372s ]
---------------------------------------------------------------
[ 2018-05-07T19:13:37+08:00 ] 111.59.124.151 GET /api/Banner?id=1&location=%E5%8C%97%E4%BA%AC
[ info ] www.guetused.top/api/Banner?id=1&location=%E5%8C%97%E4%BA%AC [运行时间：0.031140s][吞吐率：32.11req/s] [内存消耗：3,390.98kb] [文件加载：46]
[ sql ] [ DB ] CONNECT:[ UseTime:0.000390s ] mysql:host=127.0.0.1;dbname=store;charset=utf8
[ sql ] [ SQL ] SHOW COLUMNS FROM `banner` [ RunTime:0.003313s ]
[ sql ] [ SQL ] SELECT * FROM `banner` WHERE  `id` = 1 LIMIT 1 [ RunTime:0.000358s ]
[ sql ] [ SQL ] SHOW COLUMNS FROM `banner_item` [ RunTime:0.000548s ]
[ sql ] [ SQL ] SELECT * FROM `banner_item` WHERE  `location` = '北京'  AND `banner_id` = 1 [ RunTime:0.000293s ]
[ sql ] [ SQL ] SELECT * FROM `banner_item` WHERE  `location` = '北京'  AND `banner_id` = 1 [ RunTime:0.000371s ]
[ sql ] [ SQL ] SHOW COLUMNS FROM `image_by_banner` [ RunTime:0.000558s ]
[ sql ] [ SQL ] SELECT * FROM `image_by_banner` WHERE  `id` IN (1,2,3) [ RunTime:0.000313s ]
---------------------------------------------------------------
[ 2018-05-07T19:17:25+08:00 ] 111.59.124.151 GET /api/Banner?id=1&location=%E5%8C%97%E4%BA%AC
[ info ] www.guetused.top/api/Banner?id=1&location=%E5%8C%97%E4%BA%AC [运行时间：0.032730s][吞吐率：30.55req/s] [内存消耗：3,391.15kb] [文件加载：46]
[ sql ] [ DB ] CONNECT:[ UseTime:0.000460s ] mysql:host=127.0.0.1;dbname=store;charset=utf8
[ sql ] [ SQL ] SHOW COLUMNS FROM `banner` [ RunTime:0.000796s ]
[ sql ] [ SQL ] SELECT * FROM `banner` WHERE  `id` = 1 LIMIT 1 [ RunTime:0.000358s ]
[ sql ] [ SQL ] SHOW COLUMNS FROM `banner_item` [ RunTime:0.000561s ]
[ sql ] [ SQL ] SELECT * FROM `banner_item` WHERE  `location` = '北京'  AND `banner_id` = 1 [ RunTime:0.000299s ]
[ sql ] [ SQL ] SELECT * FROM `banner_item` WHERE  `location` = '北京'  AND `banner_id` = 1 [ RunTime:0.000352s ]
[ sql ] [ SQL ] SHOW COLUMNS FROM `image_by_banner` [ RunTime:0.000567s ]
[ sql ] [ SQL ] SELECT * FROM `image_by_banner` WHERE  `id` IN (1,2,3) [ RunTime:0.000303s ]
---------------------------------------------------------------
[ 2018-05-07T19:32:46+08:00 ] 111.59.124.151 GET /api/Banner?id=1&location=%E5%8C%97%E4%BA%AC
[ info ] www.guetused.top/api/Banner?id=1&location=%E5%8C%97%E4%BA%AC [运行时间：0.031499s][吞吐率：31.75req/s] [内存消耗：3,390.98kb] [文件加载：46]
[ sql ] [ DB ] CONNECT:[ UseTime:0.000424s ] mysql:host=127.0.0.1;dbname=store;charset=utf8
[ sql ] [ SQL ] SHOW COLUMNS FROM `banner` [ RunTime:0.000778s ]
[ sql ] [ SQL ] SELECT * FROM `banner` WHERE  `id` = 1 LIMIT 1 [ RunTime:0.000350s ]
[ sql ] [ SQL ] SHOW COLUMNS FROM `banner_item` [ RunTime:0.000565s ]
[ sql ] [ SQL ] SELECT * FROM `banner_item` WHERE  `location` = '北京'  AND `banner_id` = 1 [ RunTime:0.000315s ]
[ sql ] [ SQL ] SELECT * FROM `banner_item` WHERE  `location` = '北京'  AND `banner_id` = 1 [ RunTime:0.000295s ]
[ sql ] [ SQL ] SHOW COLUMNS FROM `image_by_banner` [ RunTime:0.000562s ]
[ sql ] [ SQL ] SELECT * FROM `image_by_banner` WHERE  `id` IN (1,2,3) [ RunTime:0.000321s ]
---------------------------------------------------------------
[ 2018-05-07T19:32:57+08:00 ] 111.59.124.151 GET /api/Banner?id=1&location=%E5%8C%97%E4%BA%AC
[ info ] www.guetused.top/api/Banner?id=1&location=%E5%8C%97%E4%BA%AC [运行时间：0.032951s][吞吐率：30.35req/s] [内存消耗：3,391.15kb] [文件加载：46]
[ sql ] [ DB ] CONNECT:[ UseTime:0.000393s ] mysql:host=127.0.0.1;dbname=store;charset=utf8
[ sql ] [ SQL ] SHOW COLUMNS FROM `banner` [ RunTime:0.000810s ]
[ sql ] [ SQL ] SELECT * FROM `banner` WHERE  `id` = 1 LIMIT 1 [ RunTime:0.000375s ]
[ sql ] [ SQL ] SHOW COLUMNS FROM `banner_item` [ RunTime:0.000595s ]
[ sql ] [ SQL ] SELECT * FROM `banner_item` WHERE  `location` = '北京'  AND `banner_id` = 1 [ RunTime:0.000341s ]
[ sql ] [ SQL ] SELECT * FROM `banner_item` WHERE  `location` = '北京'  AND `banner_id` = 1 [ RunTime:0.000328s ]
[ sql ] [ SQL ] SHOW COLUMNS FROM `image_by_banner` [ RunTime:0.000595s ]
[ sql ] [ SQL ] SELECT * FROM `image_by_banner` WHERE  `id` IN (1,2,3) [ RunTime:0.000326s ]
---------------------------------------------------------------
[ 2018-05-07T19:33:04+08:00 ] 111.59.124.151 GET /api/Banner?id=1&location=%E5%8C%97%E4%BA%AC
[ info ] www.guetused.top/api/Banner?id=1&location=%E5%8C%97%E4%BA%AC [运行时间：0.034746s][吞吐率：28.78req/s] [内存消耗：3,391.15kb] [文件加载：46]
[ sql ] [ DB ] CONNECT:[ UseTime:0.000584s ] mysql:host=127.0.0.1;dbname=store;charset=utf8
[ sql ] [ SQL ] SHOW COLUMNS FROM `banner` [ RunTime:0.000930s ]
[ sql ] [ SQL ] SELECT * FROM `banner` WHERE  `id` = 1 LIMIT 1 [ RunTime:0.000384s ]
[ sql ] [ SQL ] SHOW COLUMNS FROM `banner_item` [ RunTime:0.000649s ]
[ sql ] [ SQL ] SELECT * FROM `banner_item` WHERE  `location` = '北京'  AND `banner_id` = 1 [ RunTime:0.000344s ]
[ sql ] [ SQL ] SELECT * FROM `banner_item` WHERE  `location` = '北京'  AND `banner_id` = 1 [ RunTime:0.000361s ]
[ sql ] [ SQL ] SHOW COLUMNS FROM `image_by_banner` [ RunTime:0.000668s ]
[ sql ] [ SQL ] SELECT * FROM `image_by_banner` WHERE  `id` IN (1,2,3) [ RunTime:0.000364s ]
---------------------------------------------------------------
[ 2018-05-07T19:33:08+08:00 ] 111.59.124.151 GET /api/Banner?id=1&location=%E5%8C%97%E4%BA%AC
[ info ] www.guetused.top/api/Banner?id=1&location=%E5%8C%97%E4%BA%AC [运行时间：0.031189s][吞吐率：32.06req/s] [内存消耗：3,391.15kb] [文件加载：46]
[ sql ] [ DB ] CONNECT:[ UseTime:0.000411s ] mysql:host=127.0.0.1;dbname=store;charset=utf8
[ sql ] [ SQL ] SHOW COLUMNS FROM `banner` [ RunTime:0.000777s ]
[ sql ] [ SQL ] SELECT * FROM `banner` WHERE  `id` = 1 LIMIT 1 [ RunTime:0.000359s ]
[ sql ] [ SQL ] SHOW COLUMNS FROM `banner_item` [ RunTime:0.000576s ]
[ sql ] [ SQL ] SELECT * FROM `banner_item` WHERE  `location` = '北京'  AND `banner_id` = 1 [ RunTime:0.000310s ]
[ sql ] [ SQL ] SELECT * FROM `banner_item` WHERE  `location` = '北京'  AND `banner_id` = 1 [ RunTime:0.000296s ]
[ sql ] [ SQL ] SHOW COLUMNS FROM `image_by_banner` [ RunTime:0.000578s ]
[ sql ] [ SQL ] SELECT * FROM `image_by_banner` WHERE  `id` IN (1,2,3) [ RunTime:0.000317s ]
---------------------------------------------------------------
[ 2018-05-07T19:33:12+08:00 ] 111.59.124.151 GET /api/Banner?id=1&location=%E5%8C%97%E4%BA%AC
[ info ] www.guetused.top/api/Banner?id=1&location=%E5%8C%97%E4%BA%AC [运行时间：0.032804s][吞吐率：30.48req/s] [内存消耗：3,391.15kb] [文件加载：46]
[ sql ] [ DB ] CONNECT:[ UseTime:0.000482s ] mysql:host=127.0.0.1;dbname=store;charset=utf8
[ sql ] [ SQL ] SHOW COLUMNS FROM `banner` [ RunTime:0.000891s ]
[ sql ] [ SQL ] SELECT * FROM `banner` WHERE  `id` = 1 LIMIT 1 [ RunTime:0.000386s ]
[ sql ] [ SQL ] SHOW COLUMNS FROM `banner_item` [ RunTime:0.000662s ]
[ sql ] [ SQL ] SELECT * FROM `banner_item` WHERE  `location` = '北京'  AND `banner_id` = 1 [ RunTime:0.000362s ]
[ sql ] [ SQL ] SELECT * FROM `banner_item` WHERE  `location` = '北京'  AND `banner_id` = 1 [ RunTime:0.000336s ]
[ sql ] [ SQL ] SHOW COLUMNS FROM `image_by_banner` [ RunTime:0.000641s ]
[ sql ] [ SQL ] SELECT * FROM `image_by_banner` WHERE  `id` IN (1,2,3) [ RunTime:0.000352s ]
---------------------------------------------------------------
[ 2018-05-07T19:33:32+08:00 ] 111.59.124.151 GET /api/Banner?id=1&location=%E5%8C%97%E4%BA%AC
[ info ] www.guetused.top/api/Banner?id=1&location=%E5%8C%97%E4%BA%AC [运行时间：0.031508s][吞吐率：31.74req/s] [内存消耗：3,391.15kb] [文件加载：46]
[ sql ] [ DB ] CONNECT:[ UseTime:0.000380s ] mysql:host=127.0.0.1;dbname=store;charset=utf8
[ sql ] [ SQL ] SHOW COLUMNS FROM `banner` [ RunTime:0.000813s ]
[ sql ] [ SQL ] SELECT * FROM `banner` WHERE  `id` = 1 LIMIT 1 [ RunTime:0.000356s ]
[ sql ] [ SQL ] SHOW COLUMNS FROM `banner_item` [ RunTime:0.000574s ]
[ sql ] [ SQL ] SELECT * FROM `banner_item` WHERE  `location` = '北京'  AND `banner_id` = 1 [ RunTime:0.000302s ]
[ sql ] [ SQL ] SELECT * FROM `banner_item` WHERE  `location` = '北京'  AND `banner_id` = 1 [ RunTime:0.000308s ]
[ sql ] [ SQL ] SHOW COLUMNS FROM `image_by_banner` [ RunTime:0.000578s ]
[ sql ] [ SQL ] SELECT * FROM `image_by_banner` WHERE  `id` IN (1,2,3) [ RunTime:0.000316s ]
---------------------------------------------------------------
[ 2018-05-07T19:33:57+08:00 ] 111.59.124.151 GET /api/Banner?id=1&location=%E5%8C%97%E4%BA%AC
[ info ] www.guetused.top/api/Banner?id=1&location=%E5%8C%97%E4%BA%AC [运行时间：0.033257s][吞吐率：30.07req/s] [内存消耗：3,391.15kb] [文件加载：46]
[ sql ] [ DB ] CONNECT:[ UseTime:0.000432s ] mysql:host=127.0.0.1;dbname=store;charset=utf8
[ sql ] [ SQL ] SHOW COLUMNS FROM `banner` [ RunTime:0.002078s ]
[ sql ] [ SQL ] SELECT * FROM `banner` WHERE  `id` = 1 LIMIT 1 [ RunTime:0.000380s ]
[ sql ] [ SQL ] SHOW COLUMNS FROM `banner_item` [ RunTime:0.000598s ]
[ sql ] [ SQL ] SELECT * FROM `banner_item` WHERE  `location` = '北京'  AND `banner_id` = 1 [ RunTime:0.000316s ]
[ sql ] [ SQL ] SELECT * FROM `banner_item` WHERE  `location` = '北京'  AND `banner_id` = 1 [ RunTime:0.000333s ]
[ sql ] [ SQL ] SHOW COLUMNS FROM `image_by_banner` [ RunTime:0.000602s ]
[ sql ] [ SQL ] SELECT * FROM `image_by_banner` WHERE  `id` IN (1,2,3) [ RunTime:0.000327s ]
---------------------------------------------------------------
[ 2018-05-07T19:41:00+08:00 ] 111.59.124.151 GET /api/Banner?id=1&location=%E5%8C%97%E4%BA%AC
[ info ] www.guetused.top/api/Banner?id=1&location=%E5%8C%97%E4%BA%AC [运行时间：0.028635s][吞吐率：34.92req/s] [内存消耗：3,390.98kb] [文件加载：46]
[ sql ] [ DB ] CONNECT:[ UseTime:0.000436s ] mysql:host=127.0.0.1;dbname=store;charset=utf8
[ sql ] [ SQL ] SHOW COLUMNS FROM `banner` [ RunTime:0.000811s ]
[ sql ] [ SQL ] SELECT * FROM `banner` WHERE  `id` = 1 LIMIT 1 [ RunTime:0.000389s ]
[ sql ] [ SQL ] SHOW COLUMNS FROM `banner_item` [ RunTime:0.000610s ]
[ sql ] [ SQL ] SELECT * FROM `banner_item` WHERE  `location` = '北京'  AND `banner_id` = 1 [ RunTime:0.000329s ]
[ sql ] [ SQL ] SELECT * FROM `banner_item` WHERE  `location` = '北京'  AND `banner_id` = 1 [ RunTime:0.000315s ]
[ sql ] [ SQL ] SHOW COLUMNS FROM `image_by_banner` [ RunTime:0.000568s ]
[ sql ] [ SQL ] SELECT * FROM `image_by_banner` WHERE  `id` IN (1,2,3) [ RunTime:0.000325s ]
---------------------------------------------------------------
[ 2018-05-07T19:41:02+08:00 ] 111.59.124.151 GET /api/Banner?id=1&location=%E5%8C%97%E4%BA%AC
[ info ] www.guetused.top/api/Banner?id=1&location=%E5%8C%97%E4%BA%AC [运行时间：0.032048s][吞吐率：31.20req/s] [内存消耗：3,390.98kb] [文件加载：46]
[ sql ] [ DB ] CONNECT:[ UseTime:0.000458s ] mysql:host=127.0.0.1;dbname=store;charset=utf8
[ sql ] [ SQL ] SHOW COLUMNS FROM `banner` [ RunTime:0.000788s ]
[ sql ] [ SQL ] SELECT * FROM `banner` WHERE  `id` = 1 LIMIT 1 [ RunTime:0.000350s ]
[ sql ] [ SQL ] SHOW COLUMNS FROM `banner_item` [ RunTime:0.000554s ]
[ sql ] [ SQL ] SELECT * FROM `banner_item` WHERE  `location` = '北京'  AND `banner_id` = 1 [ RunTime:0.000309s ]
[ sql ] [ SQL ] SELECT * FROM `banner_item` WHERE  `location` = '北京'  AND `banner_id` = 1 [ RunTime:0.000316s ]
[ sql ] [ SQL ] SHOW COLUMNS FROM `image_by_banner` [ RunTime:0.000555s ]
[ sql ] [ SQL ] SELECT * FROM `image_by_banner` WHERE  `id` IN (1,2,3) [ RunTime:0.000317s ]
---------------------------------------------------------------
[ 2018-05-07T19:41:07+08:00 ] 111.59.124.151 GET /api/Banner?id=1&location=%E5%8C%97%E4%BA%AC
[ info ] www.guetused.top/api/Banner?id=1&location=%E5%8C%97%E4%BA%AC [运行时间：0.031518s][吞吐率：31.73req/s] [内存消耗：3,390.98kb] [文件加载：46]
[ sql ] [ DB ] CONNECT:[ UseTime:0.000464s ] mysql:host=127.0.0.1;dbname=store;charset=utf8
[ sql ] [ SQL ] SHOW COLUMNS FROM `banner` [ RunTime:0.000801s ]
[ sql ] [ SQL ] SELECT * FROM `banner` WHERE  `id` = 1 LIMIT 1 [ RunTime:0.000349s ]
[ sql ] [ SQL ] SHOW COLUMNS FROM `banner_item` [ RunTime:0.000573s ]
[ sql ] [ SQL ] SELECT * FROM `banner_item` WHERE  `location` = '北京'  AND `banner_id` = 1 [ RunTime:0.000315s ]
[ sql ] [ SQL ] SELECT * FROM `banner_item` WHERE  `location` = '北京'  AND `banner_id` = 1 [ RunTime:0.000318s ]
[ sql ] [ SQL ] SHOW COLUMNS FROM `image_by_banner` [ RunTime:0.000569s ]
[ sql ] [ SQL ] SELECT * FROM `image_by_banner` WHERE  `id` IN (1,2,3) [ RunTime:0.000317s ]
---------------------------------------------------------------
[ 2018-05-07T19:41:11+08:00 ] 111.59.124.151 GET /api/Banner?id=1&location=%E5%8C%97%E4%BA%AC
[ info ] www.guetused.top/api/Banner?id=1&location=%E5%8C%97%E4%BA%AC [运行时间：0.032623s][吞吐率：30.65req/s] [内存消耗：3,390.98kb] [文件加载：46]
[ sql ] [ DB ] CONNECT:[ UseTime:0.000452s ] mysql:host=127.0.0.1;dbname=store;charset=utf8
[ sql ] [ SQL ] SHOW COLUMNS FROM `banner` [ RunTime:0.000973s ]
[ sql ] [ SQL ] SELECT * FROM `banner` WHERE  `id` = 1 LIMIT 1 [ RunTime:0.000359s ]
[ sql ] [ SQL ] SHOW COLUMNS FROM `banner_item` [ RunTime:0.000599s ]
[ sql ] [ SQL ] SELECT * FROM `banner_item` WHERE  `location` = '北京'  AND `banner_id` = 1 [ RunTime:0.000336s ]
[ sql ] [ SQL ] SELECT * FROM `banner_item` WHERE  `location` = '北京'  AND `banner_id` = 1 [ RunTime:0.000314s ]
[ sql ] [ SQL ] SHOW COLUMNS FROM `image_by_banner` [ RunTime:0.000601s ]
[ sql ] [ SQL ] SELECT * FROM `image_by_banner` WHERE  `id` IN (1,2,3) [ RunTime:0.000336s ]
---------------------------------------------------------------
[ 2018-05-07T19:41:24+08:00 ] 111.59.124.151 GET /api/Banner?id=1&location=%E5%8C%97%E4%BA%AC
[ info ] www.guetused.top/api/Banner?id=1&location=%E5%8C%97%E4%BA%AC [运行时间：0.031738s][吞吐率：31.51req/s] [内存消耗：3,390.86kb] [文件加载：46]
[ sql ] [ DB ] CONNECT:[ UseTime:0.000436s ] mysql:host=127.0.0.1;dbname=store;charset=utf8
[ sql ] [ SQL ] SHOW COLUMNS FROM `banner` [ RunTime:0.000778s ]
[ sql ] [ SQL ] SELECT * FROM `banner` WHERE  `id` = 1 LIMIT 1 [ RunTime:0.000372s ]
[ sql ] [ SQL ] SHOW COLUMNS FROM `banner_item` [ RunTime:0.000573s ]
[ sql ] [ SQL ] SELECT * FROM `banner_item` WHERE  `location` = '北京'  AND `banner_id` = 1 [ RunTime:0.000298s ]
[ sql ] [ SQL ] SELECT * FROM `banner_item` WHERE  `location` = '北京'  AND `banner_id` = 1 [ RunTime:0.000306s ]
[ sql ] [ SQL ] SHOW COLUMNS FROM `image_by_banner` [ RunTime:0.000631s ]
[ sql ] [ SQL ] SELECT * FROM `image_by_banner` WHERE  `id` IN (1,2,3) [ RunTime:0.000307s ]
---------------------------------------------------------------
[ 2018-05-07T19:41:32+08:00 ] 111.59.124.151 GET /api/Banner?id=1&location=%E5%8C%97%E4%BA%AC
[ info ] www.guetused.top/api/Banner?id=1&location=%E5%8C%97%E4%BA%AC [运行时间：0.026931s][吞吐率：37.13req/s] [内存消耗：3,390.87kb] [文件加载：46]
[ sql ] [ DB ] CONNECT:[ UseTime:0.000439s ] mysql:host=127.0.0.1;dbname=store;charset=utf8
[ sql ] [ SQL ] SHOW COLUMNS FROM `banner` [ RunTime:0.000790s ]
[ sql ] [ SQL ] SELECT * FROM `banner` WHERE  `id` = 1 LIMIT 1 [ RunTime:0.000341s ]
[ sql ] [ SQL ] SHOW COLUMNS FROM `banner_item` [ RunTime:0.000544s ]
[ sql ] [ SQL ] SELECT * FROM `banner_item` WHERE  `location` = '北京'  AND `banner_id` = 1 [ RunTime:0.000302s ]
[ sql ] [ SQL ] SELECT * FROM `banner_item` WHERE  `location` = '北京'  AND `banner_id` = 1 [ RunTime:0.000334s ]
[ sql ] [ SQL ] SHOW COLUMNS FROM `image_by_banner` [ RunTime:0.000549s ]
[ sql ] [ SQL ] SELECT * FROM `image_by_banner` WHERE  `id` IN (1,2,3) [ RunTime:0.000314s ]
---------------------------------------------------------------
[ 2018-05-07T19:41:36+08:00 ] 111.59.124.151 GET /api/Banner?id=1&location=%E5%8C%97%E4%BA%AC
[ info ] www.guetused.top/api/Banner?id=1&location=%E5%8C%97%E4%BA%AC [运行时间：0.032827s][吞吐率：30.46req/s] [内存消耗：3,390.87kb] [文件加载：46]
[ sql ] [ DB ] CONNECT:[ UseTime:0.000464s ] mysql:host=127.0.0.1;dbname=store;charset=utf8
[ sql ] [ SQL ] SHOW COLUMNS FROM `banner` [ RunTime:0.001908s ]
[ sql ] [ SQL ] SELECT * FROM `banner` WHERE  `id` = 1 LIMIT 1 [ RunTime:0.000379s ]
[ sql ] [ SQL ] SHOW COLUMNS FROM `banner_item` [ RunTime:0.000590s ]
[ sql ] [ SQL ] SELECT * FROM `banner_item` WHERE  `location` = '北京'  AND `banner_id` = 1 [ RunTime:0.000335s ]
[ sql ] [ SQL ] SELECT * FROM `banner_item` WHERE  `location` = '北京'  AND `banner_id` = 1 [ RunTime:0.000317s ]
[ sql ] [ SQL ] SHOW COLUMNS FROM `image_by_banner` [ RunTime:0.000587s ]
[ sql ] [ SQL ] SELECT * FROM `image_by_banner` WHERE  `id` IN (1,2,3) [ RunTime:0.000343s ]
---------------------------------------------------------------
[ 2018-05-07T19:41:39+08:00 ] 111.59.124.151 GET /api/Banner?id=1&location=%E5%8C%97%E4%BA%AC
[ info ] www.guetused.top/api/Banner?id=1&location=%E5%8C%97%E4%BA%AC [运行时间：0.031114s][吞吐率：32.14req/s] [内存消耗：3,390.86kb] [文件加载：46]
[ sql ] [ DB ] CONNECT:[ UseTime:0.000461s ] mysql:host=127.0.0.1;dbname=store;charset=utf8
[ sql ] [ SQL ] SHOW COLUMNS FROM `banner` [ RunTime:0.000783s ]
[ sql ] [ SQL ] SELECT * FROM `banner` WHERE  `id` = 1 LIMIT 1 [ RunTime:0.000339s ]
[ sql ] [ SQL ] SHOW COLUMNS FROM `banner_item` [ RunTime:0.000578s ]
[ sql ] [ SQL ] SELECT * FROM `banner_item` WHERE  `location` = '北京'  AND `banner_id` = 1 [ RunTime:0.000295s ]
[ sql ] [ SQL ] SELECT * FROM `banner_item` WHERE  `location` = '北京'  AND `banner_id` = 1 [ RunTime:0.000305s ]
[ sql ] [ SQL ] SHOW COLUMNS FROM `image_by_banner` [ RunTime:0.000569s ]
[ sql ] [ SQL ] SELECT * FROM `image_by_banner` WHERE  `id` IN (1,2,3) [ RunTime:0.000610s ]
---------------------------------------------------------------
[ 2018-05-07T19:41:43+08:00 ] 111.59.124.151 GET /api/Banner?id=1&location=%E5%8C%97%E4%BA%AC
[ info ] www.guetused.top/api/Banner?id=1&location=%E5%8C%97%E4%BA%AC [运行时间：0.030956s][吞吐率：32.30req/s] [内存消耗：3,390.86kb] [文件加载：46]
[ sql ] [ DB ] CONNECT:[ UseTime:0.000523s ] mysql:host=127.0.0.1;dbname=store;charset=utf8
[ sql ] [ SQL ] SHOW COLUMNS FROM `banner` [ RunTime:0.000798s ]
[ sql ] [ SQL ] SELECT * FROM `banner` WHERE  `id` = 1 LIMIT 1 [ RunTime:0.000350s ]
[ sql ] [ SQL ] SHOW COLUMNS FROM `banner_item` [ RunTime:0.000567s ]
[ sql ] [ SQL ] SELECT * FROM `banner_item` WHERE  `location` = '北京'  AND `banner_id` = 1 [ RunTime:0.000308s ]
[ sql ] [ SQL ] SELECT * FROM `banner_item` WHERE  `location` = '北京'  AND `banner_id` = 1 [ RunTime:0.000318s ]
[ sql ] [ SQL ] SHOW COLUMNS FROM `image_by_banner` [ RunTime:0.000562s ]
[ sql ] [ SQL ] SELECT * FROM `image_by_banner` WHERE  `id` IN (1,2,3) [ RunTime:0.000316s ]
---------------------------------------------------------------
[ 2018-05-07T19:41:46+08:00 ] 111.59.124.151 GET /api/Banner?id=1&location=%E5%8C%97%E4%BA%AC
[ info ] www.guetused.top/api/Banner?id=1&location=%E5%8C%97%E4%BA%AC [运行时间：0.030657s][吞吐率：32.62req/s] [内存消耗：3,390.86kb] [文件加载：46]
[ sql ] [ DB ] CONNECT:[ UseTime:0.000420s ] mysql:host=127.0.0.1;dbname=store;charset=utf8
[ sql ] [ SQL ] SHOW COLUMNS FROM `banner` [ RunTime:0.000791s ]
[ sql ] [ SQL ] SELECT * FROM `banner` WHERE  `id` = 1 LIMIT 1 [ RunTime:0.000340s ]
[ sql ] [ SQL ] SHOW COLUMNS FROM `banner_item` [ RunTime:0.000576s ]
[ sql ] [ SQL ] SELECT * FROM `banner_item` WHERE  `location` = '北京'  AND `banner_id` = 1 [ RunTime:0.000296s ]
[ sql ] [ SQL ] SELECT * FROM `banner_item` WHERE  `location` = '北京'  AND `banner_id` = 1 [ RunTime:0.000307s ]
[ sql ] [ SQL ] SHOW COLUMNS FROM `image_by_banner` [ RunTime:0.000569s ]
[ sql ] [ SQL ] SELECT * FROM `image_by_banner` WHERE  `id` IN (1,2,3) [ RunTime:0.000304s ]
---------------------------------------------------------------
[ 2018-05-07T19:41:50+08:00 ] 111.59.124.151 GET /api/Banner?id=1&location=%E5%8C%97%E4%BA%AC
[ info ] www.guetused.top/api/Banner?id=1&location=%E5%8C%97%E4%BA%AC [运行时间：0.035962s][吞吐率：27.81req/s] [内存消耗：3,391.15kb] [文件加载：46]
[ sql ] [ DB ] CONNECT:[ UseTime:0.000483s ] mysql:host=127.0.0.1;dbname=store;charset=utf8
[ sql ] [ SQL ] SHOW COLUMNS FROM `banner` [ RunTime:0.000857s ]
[ sql ] [ SQL ] SELECT * FROM `banner` WHERE  `id` = 1 LIMIT 1 [ RunTime:0.000353s ]
[ sql ] [ SQL ] SHOW COLUMNS FROM `banner_item` [ RunTime:0.000604s ]
[ sql ] [ SQL ] SELECT * FROM `banner_item` WHERE  `location` = '北京'  AND `banner_id` = 1 [ RunTime:0.000330s ]
[ sql ] [ SQL ] SELECT * FROM `banner_item` WHERE  `location` = '北京'  AND `banner_id` = 1 [ RunTime:0.000299s ]
[ sql ] [ SQL ] SHOW COLUMNS FROM `image_by_banner` [ RunTime:0.000614s ]
[ sql ] [ SQL ] SELECT * FROM `image_by_banner` WHERE  `id` IN (1,2,3) [ RunTime:0.000338s ]
---------------------------------------------------------------
[ 2018-05-07T19:41:53+08:00 ] 111.59.124.151 GET /api/Banner?id=1&location=%E5%8C%97%E4%BA%AC
[ info ] www.guetused.top/api/Banner?id=1&location=%E5%8C%97%E4%BA%AC [运行时间：0.031230s][吞吐率：32.02req/s] [内存消耗：3,391.15kb] [文件加载：46]
[ sql ] [ DB ] CONNECT:[ UseTime:0.000462s ] mysql:host=127.0.0.1;dbname=store;charset=utf8
[ sql ] [ SQL ] SHOW COLUMNS FROM `banner` [ RunTime:0.000778s ]
[ sql ] [ SQL ] SELECT * FROM `banner` WHERE  `id` = 1 LIMIT 1 [ RunTime:0.000346s ]
[ sql ] [ SQL ] SHOW COLUMNS FROM `banner_item` [ RunTime:0.000571s ]
[ sql ] [ SQL ] SELECT * FROM `banner_item` WHERE  `location` = '北京'  AND `banner_id` = 1 [ RunTime:0.000298s ]
[ sql ] [ SQL ] SELECT * FROM `banner_item` WHERE  `location` = '北京'  AND `banner_id` = 1 [ RunTime:0.000307s ]
[ sql ] [ SQL ] SHOW COLUMNS FROM `image_by_banner` [ RunTime:0.000571s ]
[ sql ] [ SQL ] SELECT * FROM `image_by_banner` WHERE  `id` IN (1,2,3) [ RunTime:0.000306s ]
---------------------------------------------------------------
[ 2018-05-07T20:12:13+08:00 ] 111.59.124.151 GET /api/Banner?id=1&location=%E5%8C%97%E4%BA%AC
[ info ] www.guetused.top/api/Banner?id=1&location=%E5%8C%97%E4%BA%AC [运行时间：0.031412s][吞吐率：31.83req/s] [内存消耗：3,390.98kb] [文件加载：46]
[ sql ] [ DB ] CONNECT:[ UseTime:0.000445s ] mysql:host=127.0.0.1;dbname=store;charset=utf8
[ sql ] [ SQL ] SHOW COLUMNS FROM `banner` [ RunTime:0.000808s ]
[ sql ] [ SQL ] SELECT * FROM `banner` WHERE  `id` = 1 LIMIT 1 [ RunTime:0.000403s ]
[ sql ] [ SQL ] SHOW COLUMNS FROM `banner_item` [ RunTime:0.000581s ]
[ sql ] [ SQL ] SELECT * FROM `banner_item` WHERE  `location` = '北京'  AND `banner_id` = 1 [ RunTime:0.000295s ]
[ sql ] [ SQL ] SELECT * FROM `banner_item` WHERE  `location` = '北京'  AND `banner_id` = 1 [ RunTime:0.000305s ]
[ sql ] [ SQL ] SHOW COLUMNS FROM `image_by_banner` [ RunTime:0.000572s ]
[ sql ] [ SQL ] SELECT * FROM `image_by_banner` WHERE  `id` IN (1,2,3) [ RunTime:0.000307s ]
---------------------------------------------------------------
[ 2018-05-07T20:14:20+08:00 ] 111.59.124.151 GET /api/Banner?id=1&location=%E5%8C%97%E4%BA%AC
[ info ] www.guetused.top/api/Banner?id=1&location=%E5%8C%97%E4%BA%AC [运行时间：0.031851s][吞吐率：31.40req/s] [内存消耗：3,391.15kb] [文件加载：46]
[ sql ] [ DB ] CONNECT:[ UseTime:0.000483s ] mysql:host=127.0.0.1;dbname=store;charset=utf8
[ sql ] [ SQL ] SHOW COLUMNS FROM `banner` [ RunTime:0.000825s ]
[ sql ] [ SQL ] SELECT * FROM `banner` WHERE  `id` = 1 LIMIT 1 [ RunTime:0.000382s ]
[ sql ] [ SQL ] SHOW COLUMNS FROM `banner_item` [ RunTime:0.000560s ]
[ sql ] [ SQL ] SELECT * FROM `banner_item` WHERE  `location` = '北京'  AND `banner_id` = 1 [ RunTime:0.000305s ]
[ sql ] [ SQL ] SELECT * FROM `banner_item` WHERE  `location` = '北京'  AND `banner_id` = 1 [ RunTime:0.000356s ]
[ sql ] [ SQL ] SHOW COLUMNS FROM `image_by_banner` [ RunTime:0.000564s ]
[ sql ] [ SQL ] SELECT * FROM `image_by_banner` WHERE  `id` IN (1,2,3) [ RunTime:0.000308s ]
---------------------------------------------------------------
[ 2018-05-07T20:14:38+08:00 ] 117.136.97.114 GET /api/Banner?id=1&location=%E5%8C%97%E4%BA%AC
[ info ] www.guetused.top/api/Banner?id=1&location=%E5%8C%97%E4%BA%AC [运行时间：0.031649s][吞吐率：31.60req/s] [内存消耗：3,390.71kb] [文件加载：46]
[ sql ] [ DB ] CONNECT:[ UseTime:0.000468s ] mysql:host=127.0.0.1;dbname=store;charset=utf8
[ sql ] [ SQL ] SHOW COLUMNS FROM `banner` [ RunTime:0.000800s ]
[ sql ] [ SQL ] SELECT * FROM `banner` WHERE  `id` = 1 LIMIT 1 [ RunTime:0.000352s ]
[ sql ] [ SQL ] SHOW COLUMNS FROM `banner_item` [ RunTime:0.000555s ]
[ sql ] [ SQL ] SELECT * FROM `banner_item` WHERE  `location` = '北京'  AND `banner_id` = 1 [ RunTime:0.000361s ]
[ sql ] [ SQL ] SELECT * FROM `banner_item` WHERE  `location` = '北京'  AND `banner_id` = 1 [ RunTime:0.000305s ]
[ sql ] [ SQL ] SHOW COLUMNS FROM `image_by_banner` [ RunTime:0.000565s ]
[ sql ] [ SQL ] SELECT * FROM `image_by_banner` WHERE  `id` IN (1,2,3) [ RunTime:0.000325s ]
---------------------------------------------------------------
[ 2018-05-07T20:14:48+08:00 ] 117.136.97.114 GET /api/Banner?id=1&location=%E5%8C%97%E4%BA%AC
[ info ] www.guetused.top/api/Banner?id=1&location=%E5%8C%97%E4%BA%AC [运行时间：0.029605s][吞吐率：33.78req/s] [内存消耗：3,391.06kb] [文件加载：46]
[ sql ] [ DB ] CONNECT:[ UseTime:0.000451s ] mysql:host=127.0.0.1;dbname=store;charset=utf8
[ sql ] [ SQL ] SHOW COLUMNS FROM `banner` [ RunTime:0.002808s ]
[ sql ] [ SQL ] SELECT * FROM `banner` WHERE  `id` = 1 LIMIT 1 [ RunTime:0.000358s ]
[ sql ] [ SQL ] SHOW COLUMNS FROM `banner_item` [ RunTime:0.000573s ]
[ sql ] [ SQL ] SELECT * FROM `banner_item` WHERE  `location` = '北京'  AND `banner_id` = 1 [ RunTime:0.000289s ]
[ sql ] [ SQL ] SELECT * FROM `banner_item` WHERE  `location` = '北京'  AND `banner_id` = 1 [ RunTime:0.000314s ]
[ sql ] [ SQL ] SHOW COLUMNS FROM `image_by_banner` [ RunTime:0.000576s ]
[ sql ] [ SQL ] SELECT * FROM `image_by_banner` WHERE  `id` IN (1,2,3) [ RunTime:0.000296s ]
---------------------------------------------------------------
[ 2018-05-07T20:14:51+08:00 ] 117.136.97.114 GET /api/Banner?id=1&location=%E5%8C%97%E4%BA%AC
[ info ] www.guetused.top/api/Banner?id=1&location=%E5%8C%97%E4%BA%AC [运行时间：0.032419s][吞吐率：30.85req/s] [内存消耗：3,391.06kb] [文件加载：46]
[ sql ] [ DB ] CONNECT:[ UseTime:0.000419s ] mysql:host=127.0.0.1;dbname=store;charset=utf8
[ sql ] [ SQL ] SHOW COLUMNS FROM `banner` [ RunTime:0.000841s ]
[ sql ] [ SQL ] SELECT * FROM `banner` WHERE  `id` = 1 LIMIT 1 [ RunTime:0.000348s ]
[ sql ] [ SQL ] SHOW COLUMNS FROM `banner_item` [ RunTime:0.000611s ]
[ sql ] [ SQL ] SELECT * FROM `banner_item` WHERE  `location` = '北京'  AND `banner_id` = 1 [ RunTime:0.000315s ]
[ sql ] [ SQL ] SELECT * FROM `banner_item` WHERE  `location` = '北京'  AND `banner_id` = 1 [ RunTime:0.000315s ]
[ sql ] [ SQL ] SHOW COLUMNS FROM `image_by_banner` [ RunTime:0.000616s ]
[ sql ] [ SQL ] SELECT * FROM `image_by_banner` WHERE  `id` IN (1,2,3) [ RunTime:0.000330s ]
---------------------------------------------------------------
[ 2018-05-07T20:14:53+08:00 ] 117.136.97.114 GET /api/Banner?id=1&location=%E5%8C%97%E4%BA%AC
[ info ] www.guetused.top/api/Banner?id=1&location=%E5%8C%97%E4%BA%AC [运行时间：0.032526s][吞吐率：30.74req/s] [内存消耗：3,391.06kb] [文件加载：46]
[ sql ] [ DB ] CONNECT:[ UseTime:0.000466s ] mysql:host=127.0.0.1;dbname=store;charset=utf8
[ sql ] [ SQL ] SHOW COLUMNS FROM `banner` [ RunTime:0.000763s ]
[ sql ] [ SQL ] SELECT * FROM `banner` WHERE  `id` = 1 LIMIT 1 [ RunTime:0.000343s ]
[ sql ] [ SQL ] SHOW COLUMNS FROM `banner_item` [ RunTime:0.000583s ]
[ sql ] [ SQL ] SELECT * FROM `banner_item` WHERE  `location` = '北京'  AND `banner_id` = 1 [ RunTime:0.000299s ]
[ sql ] [ SQL ] SELECT * FROM `banner_item` WHERE  `location` = '北京'  AND `banner_id` = 1 [ RunTime:0.000322s ]
[ sql ] [ SQL ] SHOW COLUMNS FROM `image_by_banner` [ RunTime:0.000583s ]
[ sql ] [ SQL ] SELECT * FROM `image_by_banner` WHERE  `id` IN (1,2,3) [ RunTime:0.000304s ]
---------------------------------------------------------------
[ 2018-05-07T20:15:46+08:00 ] 111.59.124.151 GET /api/Banner?id=1&location=undefined
[ info ] www.guetused.top/api/Banner?id=1&location=undefined [运行时间：0.031013s][吞吐率：32.24req/s] [内存消耗：3,380.50kb] [文件加载：46]
[ sql ] [ DB ] CONNECT:[ UseTime:0.000443s ] mysql:host=127.0.0.1;dbname=store;charset=utf8
[ sql ] [ SQL ] SHOW COLUMNS FROM `banner` [ RunTime:0.000800s ]
[ sql ] [ SQL ] SELECT * FROM `banner` WHERE  `id` = 1 LIMIT 1 [ RunTime:0.000352s ]
[ sql ] [ SQL ] SHOW COLUMNS FROM `banner_item` [ RunTime:0.000553s ]
[ sql ] [ SQL ] SELECT * FROM `banner_item` WHERE  `location` = 'undefined'  AND `banner_id` = 1 [ RunTime:0.000322s ]
[ sql ] [ SQL ] SELECT * FROM `banner_item` WHERE  `location` = 'undefined'  AND `banner_id` = 1 [ RunTime:0.000292s ]
---------------------------------------------------------------
[ 2018-05-07T20:16:05+08:00 ] 111.59.124.151 GET /api/Banner?id=1&location=%E5%8C%97%E4%BA%AC
[ info ] www.guetused.top/api/Banner?id=1&location=%E5%8C%97%E4%BA%AC [运行时间：0.030121s][吞吐率：33.20req/s] [内存消耗：3,391.15kb] [文件加载：46]
[ sql ] [ DB ] CONNECT:[ UseTime:0.000441s ] mysql:host=127.0.0.1;dbname=store;charset=utf8
[ sql ] [ SQL ] SHOW COLUMNS FROM `banner` [ RunTime:0.000788s ]
[ sql ] [ SQL ] SELECT * FROM `banner` WHERE  `id` = 1 LIMIT 1 [ RunTime:0.000338s ]
[ sql ] [ SQL ] SHOW COLUMNS FROM `banner_item` [ RunTime:0.000554s ]
[ sql ] [ SQL ] SELECT * FROM `banner_item` WHERE  `location` = '北京'  AND `banner_id` = 1 [ RunTime:0.000313s ]
[ sql ] [ SQL ] SELECT * FROM `banner_item` WHERE  `location` = '北京'  AND `banner_id` = 1 [ RunTime:0.000318s ]
[ sql ] [ SQL ] SHOW COLUMNS FROM `image_by_banner` [ RunTime:0.000548s ]
[ sql ] [ SQL ] SELECT * FROM `image_by_banner` WHERE  `id` IN (1,2,3) [ RunTime:0.000311s ]
---------------------------------------------------------------
[ 2018-05-07T20:30:47+08:00 ] 111.59.124.151 GET /api/Banner?id=1&location=%E5%8C%97%E4%BA%AC
[ info ] www.guetused.top/api/Banner?id=1&location=%E5%8C%97%E4%BA%AC [运行时间：0.031276s][吞吐率：31.97req/s] [内存消耗：3,390.98kb] [文件加载：46]
[ sql ] [ DB ] CONNECT:[ UseTime:0.000440s ] mysql:host=127.0.0.1;dbname=store;charset=utf8
[ sql ] [ SQL ] SHOW COLUMNS FROM `banner` [ RunTime:0.000782s ]
[ sql ] [ SQL ] SELECT * FROM `banner` WHERE  `id` = 1 LIMIT 1 [ RunTime:0.000344s ]
[ sql ] [ SQL ] SHOW COLUMNS FROM `banner_item` [ RunTime:0.000576s ]
[ sql ] [ SQL ] SELECT * FROM `banner_item` WHERE  `location` = '北京'  AND `banner_id` = 1 [ RunTime:0.000305s ]
[ sql ] [ SQL ] SELECT * FROM `banner_item` WHERE  `location` = '北京'  AND `banner_id` = 1 [ RunTime:0.000296s ]
[ sql ] [ SQL ] SHOW COLUMNS FROM `image_by_banner` [ RunTime:0.000569s ]
[ sql ] [ SQL ] SELECT * FROM `image_by_banner` WHERE  `id` IN (1,2,3) [ RunTime:0.000314s ]
---------------------------------------------------------------
[ 2018-05-07T20:30:58+08:00 ] 111.59.124.151 GET /api/Banner?id=1&location=%E5%8C%97%E4%BA%AC
[ info ] www.guetused.top/api/Banner?id=1&location=%E5%8C%97%E4%BA%AC [运行时间：0.039702s][吞吐率：25.19req/s] [内存消耗：3,391.15kb] [文件加载：46]
[ sql ] [ DB ] CONNECT:[ UseTime:0.000494s ] mysql:host=127.0.0.1;dbname=store;charset=utf8
[ sql ] [ SQL ] SHOW COLUMNS FROM `banner` [ RunTime:0.000851s ]
[ sql ] [ SQL ] SELECT * FROM `banner` WHERE  `id` = 1 LIMIT 1 [ RunTime:0.000473s ]
[ sql ] [ SQL ] SHOW COLUMNS FROM `banner_item` [ RunTime:0.000857s ]
[ sql ] [ SQL ] SELECT * FROM `banner_item` WHERE  `location` = '北京'  AND `banner_id` = 1 [ RunTime:0.000476s ]
[ sql ] [ SQL ] SELECT * FROM `banner_item` WHERE  `location` = '北京'  AND `banner_id` = 1 [ RunTime:0.000340s ]
[ sql ] [ SQL ] SHOW COLUMNS FROM `image_by_banner` [ RunTime:0.000638s ]
[ sql ] [ SQL ] SELECT * FROM `image_by_banner` WHERE  `id` IN (1,2,3) [ RunTime:0.000454s ]
---------------------------------------------------------------
[ 2018-05-07T20:31:24+08:00 ] 111.59.124.151 GET /api/Banner?id=1&location=%E5%8C%97%E4%BA%AC
[ info ] www.guetused.top/api/Banner?id=1&location=%E5%8C%97%E4%BA%AC [运行时间：0.027672s][吞吐率：36.14req/s] [内存消耗：3,391.15kb] [文件加载：46]
[ sql ] [ DB ] CONNECT:[ UseTime:0.000433s ] mysql:host=127.0.0.1;dbname=store;charset=utf8
[ sql ] [ SQL ] SHOW COLUMNS FROM `banner` [ RunTime:0.000793s ]
[ sql ] [ SQL ] SELECT * FROM `banner` WHERE  `id` = 1 LIMIT 1 [ RunTime:0.000360s ]
[ sql ] [ SQL ] SHOW COLUMNS FROM `banner_item` [ RunTime:0.000564s ]
[ sql ] [ SQL ] SELECT * FROM `banner_item` WHERE  `location` = '北京'  AND `banner_id` = 1 [ RunTime:0.000300s ]
[ sql ] [ SQL ] SELECT * FROM `banner_item` WHERE  `location` = '北京'  AND `banner_id` = 1 [ RunTime:0.000309s ]
[ sql ] [ SQL ] SHOW COLUMNS FROM `image_by_banner` [ RunTime:0.000555s ]
[ sql ] [ SQL ] SELECT * FROM `image_by_banner` WHERE  `id` IN (1,2,3) [ RunTime:0.000299s ]
---------------------------------------------------------------
[ 2018-05-07T20:35:49+08:00 ] 111.59.124.151 GET /api/Banner?id=1&location=%E5%8C%97%E4%BA%AC
[ info ] www.guetused.top/api/Banner?id=1&location=%E5%8C%97%E4%BA%AC [运行时间：0.032069s][吞吐率：31.18req/s] [内存消耗：3,390.98kb] [文件加载：46]
[ sql ] [ DB ] CONNECT:[ UseTime:0.000452s ] mysql:host=127.0.0.1;dbname=store;charset=utf8
[ sql ] [ SQL ] SHOW COLUMNS FROM `banner` [ RunTime:0.000825s ]
[ sql ] [ SQL ] SELECT * FROM `banner` WHERE  `id` = 1 LIMIT 1 [ RunTime:0.000363s ]
[ sql ] [ SQL ] SHOW COLUMNS FROM `banner_item` [ RunTime:0.000604s ]
[ sql ] [ SQL ] SELECT * FROM `banner_item` WHERE  `location` = '北京'  AND `banner_id` = 1 [ RunTime:0.000319s ]
[ sql ] [ SQL ] SELECT * FROM `banner_item` WHERE  `location` = '北京'  AND `banner_id` = 1 [ RunTime:0.000341s ]
[ sql ] [ SQL ] SHOW COLUMNS FROM `image_by_banner` [ RunTime:0.000582s ]
[ sql ] [ SQL ] SELECT * FROM `image_by_banner` WHERE  `id` IN (1,2,3) [ RunTime:0.000334s ]
---------------------------------------------------------------
[ 2018-05-07T20:52:51+08:00 ] 111.59.124.151 GET /api/Banner?id=1&location=%E5%8C%97%E4%BA%AC
[ info ] www.guetused.top/api/Banner?id=1&location=%E5%8C%97%E4%BA%AC [运行时间：0.032813s][吞吐率：30.48req/s] [内存消耗：3,390.98kb] [文件加载：46]
[ sql ] [ DB ] CONNECT:[ UseTime:0.000550s ] mysql:host=127.0.0.1;dbname=store;charset=utf8
[ sql ] [ SQL ] SHOW COLUMNS FROM `banner` [ RunTime:0.000835s ]
[ sql ] [ SQL ] SELECT * FROM `banner` WHERE  `id` = 1 LIMIT 1 [ RunTime:0.000364s ]
[ sql ] [ SQL ] SHOW COLUMNS FROM `banner_item` [ RunTime:0.000587s ]
[ sql ] [ SQL ] SELECT * FROM `banner_item` WHERE  `location` = '北京'  AND `banner_id` = 1 [ RunTime:0.000330s ]
[ sql ] [ SQL ] SELECT * FROM `banner_item` WHERE  `location` = '北京'  AND `banner_id` = 1 [ RunTime:0.000336s ]
[ sql ] [ SQL ] SHOW COLUMNS FROM `image_by_banner` [ RunTime:0.000586s ]
[ sql ] [ SQL ] SELECT * FROM `image_by_banner` WHERE  `id` IN (1,2,3) [ RunTime:0.000340s ]
---------------------------------------------------------------
[ 2018-05-07T20:53:49+08:00 ] 111.59.124.151 GET /api/Banner?id=1&location=%E5%8C%97%E4%BA%AC
[ info ] www.guetused.top/api/Banner?id=1&location=%E5%8C%97%E4%BA%AC [运行时间：0.032539s][吞吐率：30.73req/s] [内存消耗：3,391.15kb] [文件加载：46]
[ sql ] [ DB ] CONNECT:[ UseTime:0.000412s ] mysql:host=127.0.0.1;dbname=store;charset=utf8
[ sql ] [ SQL ] SHOW COLUMNS FROM `banner` [ RunTime:0.000816s ]
[ sql ] [ SQL ] SELECT * FROM `banner` WHERE  `id` = 1 LIMIT 1 [ RunTime:0.000368s ]
[ sql ] [ SQL ] SHOW COLUMNS FROM `banner_item` [ RunTime:0.000621s ]
[ sql ] [ SQL ] SELECT * FROM `banner_item` WHERE  `location` = '北京'  AND `banner_id` = 1 [ RunTime:0.000316s ]
[ sql ] [ SQL ] SELECT * FROM `banner_item` WHERE  `location` = '北京'  AND `banner_id` = 1 [ RunTime:0.000355s ]
[ sql ] [ SQL ] SHOW COLUMNS FROM `image_by_banner` [ RunTime:0.000607s ]
[ sql ] [ SQL ] SELECT * FROM `image_by_banner` WHERE  `id` IN (1,2,3) [ RunTime:0.000359s ]
---------------------------------------------------------------
[ 2018-05-07T20:54:24+08:00 ] 111.59.124.151 GET /api/Banner?id=1&location=%E5%8C%97%E4%BA%AC
[ info ] www.guetused.top/api/Banner?id=1&location=%E5%8C%97%E4%BA%AC [运行时间：0.034271s][吞吐率：29.18req/s] [内存消耗：3,391.15kb] [文件加载：46]
[ sql ] [ DB ] CONNECT:[ UseTime:0.000591s ] mysql:host=127.0.0.1;dbname=store;charset=utf8
[ sql ] [ SQL ] SHOW COLUMNS FROM `banner` [ RunTime:0.000918s ]
[ sql ] [ SQL ] SELECT * FROM `banner` WHERE  `id` = 1 LIMIT 1 [ RunTime:0.000393s ]
[ sql ] [ SQL ] SHOW COLUMNS FROM `banner_item` [ RunTime:0.000624s ]
[ sql ] [ SQL ] SELECT * FROM `banner_item` WHERE  `location` = '北京'  AND `banner_id` = 1 [ RunTime:0.000330s ]
[ sql ] [ SQL ] SELECT * FROM `banner_item` WHERE  `location` = '北京'  AND `banner_id` = 1 [ RunTime:0.000347s ]
[ sql ] [ SQL ] SHOW COLUMNS FROM `image_by_banner` [ RunTime:0.000667s ]
[ sql ] [ SQL ] SELECT * FROM `image_by_banner` WHERE  `id` IN (1,2,3) [ RunTime:0.000353s ]
---------------------------------------------------------------
[ 2018-05-07T20:57:10+08:00 ] 111.59.124.151 GET /api/Banner?id=1&location=%E5%8C%97%E4%BA%AC
[ info ] www.guetused.top/api/Banner?id=1&location=%E5%8C%97%E4%BA%AC [运行时间：0.032860s][吞吐率：30.43req/s] [内存消耗：3,391.15kb] [文件加载：46]
[ sql ] [ DB ] CONNECT:[ UseTime:0.000461s ] mysql:host=127.0.0.1;dbname=store;charset=utf8
[ sql ] [ SQL ] SHOW COLUMNS FROM `banner` [ RunTime:0.000817s ]
[ sql ] [ SQL ] SELECT * FROM `banner` WHERE  `id` = 1 LIMIT 1 [ RunTime:0.000377s ]
[ sql ] [ SQL ] SHOW COLUMNS FROM `banner_item` [ RunTime:0.000611s ]
[ sql ] [ SQL ] SELECT * FROM `banner_item` WHERE  `location` = '北京'  AND `banner_id` = 1 [ RunTime:0.000316s ]
[ sql ] [ SQL ] SELECT * FROM `banner_item` WHERE  `location` = '北京'  AND `banner_id` = 1 [ RunTime:0.000316s ]
[ sql ] [ SQL ] SHOW COLUMNS FROM `image_by_banner` [ RunTime:0.000618s ]
[ sql ] [ SQL ] SELECT * FROM `image_by_banner` WHERE  `id` IN (1,2,3) [ RunTime:0.000324s ]
---------------------------------------------------------------
[ 2018-05-07T20:58:28+08:00 ] 111.59.124.151 GET /api/Banner?id=1&location=%E5%8C%97%E4%BA%AC
[ info ] www.guetused.top/api/Banner?id=1&location=%E5%8C%97%E4%BA%AC [运行时间：0.029826s][吞吐率：33.53req/s] [内存消耗：3,390.98kb] [文件加载：46]
[ sql ] [ DB ] CONNECT:[ UseTime:0.000475s ] mysql:host=127.0.0.1;dbname=store;charset=utf8
[ sql ] [ SQL ] SHOW COLUMNS FROM `banner` [ RunTime:0.001108s ]
[ sql ] [ SQL ] SELECT * FROM `banner` WHERE  `id` = 1 LIMIT 1 [ RunTime:0.000385s ]
[ sql ] [ SQL ] SHOW COLUMNS FROM `banner_item` [ RunTime:0.001629s ]
[ sql ] [ SQL ] SELECT * FROM `banner_item` WHERE  `location` = '北京'  AND `banner_id` = 1 [ RunTime:0.000311s ]
[ sql ] [ SQL ] SELECT * FROM `banner_item` WHERE  `location` = '北京'  AND `banner_id` = 1 [ RunTime:0.000324s ]
[ sql ] [ SQL ] SHOW COLUMNS FROM `image_by_banner` [ RunTime:0.000618s ]
[ sql ] [ SQL ] SELECT * FROM `image_by_banner` WHERE  `id` IN (1,2,3) [ RunTime:0.000321s ]
---------------------------------------------------------------
[ 2018-05-07T20:58:51+08:00 ] 111.59.124.151 GET /api/Banner?id=1&location=%E5%8C%97%E4%BA%AC
[ info ] www.guetused.top/api/Banner?id=1&location=%E5%8C%97%E4%BA%AC [运行时间：0.033281s][吞吐率：30.05req/s] [内存消耗：3,391.15kb] [文件加载：46]
[ sql ] [ DB ] CONNECT:[ UseTime:0.000478s ] mysql:host=127.0.0.1;dbname=store;charset=utf8
[ sql ] [ SQL ] SHOW COLUMNS FROM `banner` [ RunTime:0.000808s ]
[ sql ] [ SQL ] SELECT * FROM `banner` WHERE  `id` = 1 LIMIT 1 [ RunTime:0.000362s ]
[ sql ] [ SQL ] SHOW COLUMNS FROM `banner_item` [ RunTime:0.000593s ]
[ sql ] [ SQL ] SELECT * FROM `banner_item` WHERE  `location` = '北京'  AND `banner_id` = 1 [ RunTime:0.000299s ]
[ sql ] [ SQL ] SELECT * FROM `banner_item` WHERE  `location` = '北京'  AND `banner_id` = 1 [ RunTime:0.000314s ]
[ sql ] [ SQL ] SHOW COLUMNS FROM `image_by_banner` [ RunTime:0.000596s ]
[ sql ] [ SQL ] SELECT * FROM `image_by_banner` WHERE  `id` IN (1,2,3) [ RunTime:0.000307s ]
---------------------------------------------------------------
[ 2018-05-07T20:59:06+08:00 ] 111.59.124.151 GET /api/Banner?id=1&location=%E5%8C%97%E4%BA%AC
[ info ] www.guetused.top/api/Banner?id=1&location=%E5%8C%97%E4%BA%AC [运行时间：0.031282s][吞吐率：31.97req/s] [内存消耗：3,391.15kb] [文件加载：46]
[ sql ] [ DB ] CONNECT:[ UseTime:0.000448s ] mysql:host=127.0.0.1;dbname=store;charset=utf8
[ sql ] [ SQL ] SHOW COLUMNS FROM `banner` [ RunTime:0.000784s ]
[ sql ] [ SQL ] SELECT * FROM `banner` WHERE  `id` = 1 LIMIT 1 [ RunTime:0.000358s ]
[ sql ] [ SQL ] SHOW COLUMNS FROM `banner_item` [ RunTime:0.000571s ]
[ sql ] [ SQL ] SELECT * FROM `banner_item` WHERE  `location` = '北京'  AND `banner_id` = 1 [ RunTime:0.000305s ]
[ sql ] [ SQL ] SELECT * FROM `banner_item` WHERE  `location` = '北京'  AND `banner_id` = 1 [ RunTime:0.000315s ]
[ sql ] [ SQL ] SHOW COLUMNS FROM `image_by_banner` [ RunTime:0.000572s ]
[ sql ] [ SQL ] SELECT * FROM `image_by_banner` WHERE  `id` IN (1,2,3) [ RunTime:0.000318s ]
---------------------------------------------------------------
[ 2018-05-07T21:05:16+08:00 ] 111.59.124.151 GET /api/Banner?id=1&location=%E5%8C%97%E4%BA%AC
[ info ] www.guetused.top/api/Banner?id=1&location=%E5%8C%97%E4%BA%AC [运行时间：0.033053s][吞吐率：30.25req/s] [内存消耗：3,390.98kb] [文件加载：46]
[ sql ] [ DB ] CONNECT:[ UseTime:0.000470s ] mysql:host=127.0.0.1;dbname=store;charset=utf8
[ sql ] [ SQL ] SHOW COLUMNS FROM `banner` [ RunTime:0.000820s ]
[ sql ] [ SQL ] SELECT * FROM `banner` WHERE  `id` = 1 LIMIT 1 [ RunTime:0.000375s ]
[ sql ] [ SQL ] SHOW COLUMNS FROM `banner_item` [ RunTime:0.000591s ]
[ sql ] [ SQL ] SELECT * FROM `banner_item` WHERE  `location` = '北京'  AND `banner_id` = 1 [ RunTime:0.000342s ]
[ sql ] [ SQL ] SELECT * FROM `banner_item` WHERE  `location` = '北京'  AND `banner_id` = 1 [ RunTime:0.000344s ]
[ sql ] [ SQL ] SHOW COLUMNS FROM `image_by_banner` [ RunTime:0.000626s ]
[ sql ] [ SQL ] SELECT * FROM `image_by_banner` WHERE  `id` IN (1,2,3) [ RunTime:0.000335s ]
---------------------------------------------------------------
[ 2018-05-07T21:05:48+08:00 ] 111.59.124.151 GET /api/Banner?id=1&location=%E5%8C%97%E4%BA%AC
[ info ] www.guetused.top/api/Banner?id=1&location=%E5%8C%97%E4%BA%AC [运行时间：0.032150s][吞吐率：31.10req/s] [内存消耗：3,391.15kb] [文件加载：46]
[ sql ] [ DB ] CONNECT:[ UseTime:0.000453s ] mysql:host=127.0.0.1;dbname=store;charset=utf8
[ sql ] [ SQL ] SHOW COLUMNS FROM `banner` [ RunTime:0.000816s ]
[ sql ] [ SQL ] SELECT * FROM `banner` WHERE  `id` = 1 LIMIT 1 [ RunTime:0.000359s ]
[ sql ] [ SQL ] SHOW COLUMNS FROM `banner_item` [ RunTime:0.000609s ]
[ sql ] [ SQL ] SELECT * FROM `banner_item` WHERE  `location` = '北京'  AND `banner_id` = 1 [ RunTime:0.000318s ]
[ sql ] [ SQL ] SELECT * FROM `banner_item` WHERE  `location` = '北京'  AND `banner_id` = 1 [ RunTime:0.000342s ]
[ sql ] [ SQL ] SHOW COLUMNS FROM `image_by_banner` [ RunTime:0.000602s ]
[ sql ] [ SQL ] SELECT * FROM `image_by_banner` WHERE  `id` IN (1,2,3) [ RunTime:0.000333s ]
---------------------------------------------------------------
[ 2018-05-07T21:07:03+08:00 ] 111.59.124.151 GET /api/Banner?id=1&location=%E5%8C%97%E4%BA%AC
[ info ] www.guetused.top/api/Banner?id=1&location=%E5%8C%97%E4%BA%AC [运行时间：0.033275s][吞吐率：30.05req/s] [内存消耗：3,391.15kb] [文件加载：46]
[ sql ] [ DB ] CONNECT:[ UseTime:0.000523s ] mysql:host=127.0.0.1;dbname=store;charset=utf8
[ sql ] [ SQL ] SHOW COLUMNS FROM `banner` [ RunTime:0.000831s ]
[ sql ] [ SQL ] SELECT * FROM `banner` WHERE  `id` = 1 LIMIT 1 [ RunTime:0.000343s ]
[ sql ] [ SQL ] SHOW COLUMNS FROM `banner_item` [ RunTime:0.000604s ]
[ sql ] [ SQL ] SELECT * FROM `banner_item` WHERE  `location` = '北京'  AND `banner_id` = 1 [ RunTime:0.000332s ]
[ sql ] [ SQL ] SELECT * FROM `banner_item` WHERE  `location` = '北京'  AND `banner_id` = 1 [ RunTime:0.000322s ]
[ sql ] [ SQL ] SHOW COLUMNS FROM `image_by_banner` [ RunTime:0.000584s ]
[ sql ] [ SQL ] SELECT * FROM `image_by_banner` WHERE  `id` IN (1,2,3) [ RunTime:0.000339s ]
---------------------------------------------------------------
[ 2018-05-07T21:07:24+08:00 ] 111.59.124.151 GET /api/Banner?id=1&location=%E5%8C%97%E4%BA%AC
[ info ] www.guetused.top/api/Banner?id=1&location=%E5%8C%97%E4%BA%AC [运行时间：0.032403s][吞吐率：30.86req/s] [内存消耗：3,391.15kb] [文件加载：46]
[ sql ] [ DB ] CONNECT:[ UseTime:0.000492s ] mysql:host=127.0.0.1;dbname=store;charset=utf8
[ sql ] [ SQL ] SHOW COLUMNS FROM `banner` [ RunTime:0.000842s ]
[ sql ] [ SQL ] SELECT * FROM `banner` WHERE  `id` = 1 LIMIT 1 [ RunTime:0.000357s ]
[ sql ] [ SQL ] SHOW COLUMNS FROM `banner_item` [ RunTime:0.000614s ]
[ sql ] [ SQL ] SELECT * FROM `banner_item` WHERE  `location` = '北京'  AND `banner_id` = 1 [ RunTime:0.000301s ]
[ sql ] [ SQL ] SELECT * FROM `banner_item` WHERE  `location` = '北京'  AND `banner_id` = 1 [ RunTime:0.000317s ]
[ sql ] [ SQL ] SHOW COLUMNS FROM `image_by_banner` [ RunTime:0.000621s ]
[ sql ] [ SQL ] SELECT * FROM `image_by_banner` WHERE  `id` IN (1,2,3) [ RunTime:0.000338s ]
---------------------------------------------------------------
[ 2018-05-07T21:07:50+08:00 ] 111.59.124.151 GET /api/Banner?id=1&location=%E5%8C%97%E4%BA%AC
[ info ] www.guetused.top/api/Banner?id=1&location=%E5%8C%97%E4%BA%AC [运行时间：0.031716s][吞吐率：31.53req/s] [内存消耗：3,391.15kb] [文件加载：46]
[ sql ] [ DB ] CONNECT:[ UseTime:0.000443s ] mysql:host=127.0.0.1;dbname=store;charset=utf8
[ sql ] [ SQL ] SHOW COLUMNS FROM `banner` [ RunTime:0.000803s ]
[ sql ] [ SQL ] SELECT * FROM `banner` WHERE  `id` = 1 LIMIT 1 [ RunTime:0.000362s ]
[ sql ] [ SQL ] SHOW COLUMNS FROM `banner_item` [ RunTime:0.000565s ]
[ sql ] [ SQL ] SELECT * FROM `banner_item` WHERE  `location` = '北京'  AND `banner_id` = 1 [ RunTime:0.000298s ]
[ sql ] [ SQL ] SELECT * FROM `banner_item` WHERE  `location` = '北京'  AND `banner_id` = 1 [ RunTime:0.000314s ]
[ sql ] [ SQL ] SHOW COLUMNS FROM `image_by_banner` [ RunTime:0.000569s ]
[ sql ] [ SQL ] SELECT * FROM `image_by_banner` WHERE  `id` IN (1,2,3) [ RunTime:0.000309s ]
---------------------------------------------------------------
[ 2018-05-07T21:08:18+08:00 ] 111.59.124.151 GET /api/Banner?id=1&location=%E5%8C%97%E4%BA%AC
[ info ] www.guetused.top/api/Banner?id=1&location=%E5%8C%97%E4%BA%AC [运行时间：0.031280s][吞吐率：31.97req/s] [内存消耗：3,391.15kb] [文件加载：46]
[ sql ] [ DB ] CONNECT:[ UseTime:0.000414s ] mysql:host=127.0.0.1;dbname=store;charset=utf8
[ sql ] [ SQL ] SHOW COLUMNS FROM `banner` [ RunTime:0.000775s ]
[ sql ] [ SQL ] SELECT * FROM `banner` WHERE  `id` = 1 LIMIT 1 [ RunTime:0.000356s ]
[ sql ] [ SQL ] SHOW COLUMNS FROM `banner_item` [ RunTime:0.000570s ]
[ sql ] [ SQL ] SELECT * FROM `banner_item` WHERE  `location` = '北京'  AND `banner_id` = 1 [ RunTime:0.000310s ]
[ sql ] [ SQL ] SELECT * FROM `banner_item` WHERE  `location` = '北京'  AND `banner_id` = 1 [ RunTime:0.000292s ]
[ sql ] [ SQL ] SHOW COLUMNS FROM `image_by_banner` [ RunTime:0.000571s ]
[ sql ] [ SQL ] SELECT * FROM `image_by_banner` WHERE  `id` IN (1,2,3) [ RunTime:0.000313s ]
---------------------------------------------------------------
[ 2018-05-07T21:08:22+08:00 ] 111.59.124.151 GET /api/Banner?id=1&location=%E5%8C%97%E4%BA%AC
[ info ] www.guetused.top/api/Banner?id=1&location=%E5%8C%97%E4%BA%AC [运行时间：0.028510s][吞吐率：35.08req/s] [内存消耗：3,391.15kb] [文件加载：46]
[ sql ] [ DB ] CONNECT:[ UseTime:0.000408s ] mysql:host=127.0.0.1;dbname=store;charset=utf8
[ sql ] [ SQL ] SHOW COLUMNS FROM `banner` [ RunTime:0.000777s ]
[ sql ] [ SQL ] SELECT * FROM `banner` WHERE  `id` = 1 LIMIT 1 [ RunTime:0.000341s ]
[ sql ] [ SQL ] SHOW COLUMNS FROM `banner_item` [ RunTime:0.000553s ]
[ sql ] [ SQL ] SELECT * FROM `banner_item` WHERE  `location` = '北京'  AND `banner_id` = 1 [ RunTime:0.000303s ]
[ sql ] [ SQL ] SELECT * FROM `banner_item` WHERE  `location` = '北京'  AND `banner_id` = 1 [ RunTime:0.000314s ]
[ sql ] [ SQL ] SHOW COLUMNS FROM `image_by_banner` [ RunTime:0.000558s ]
[ sql ] [ SQL ] SELECT * FROM `image_by_banner` WHERE  `id` IN (1,2,3) [ RunTime:0.000316s ]
---------------------------------------------------------------
[ 2018-05-07T21:08:42+08:00 ] 111.59.124.151 GET /api/Banner?id=1&location=%E5%8C%97%E4%BA%AC
[ info ] www.guetused.top/api/Banner?id=1&location=%E5%8C%97%E4%BA%AC [运行时间：0.030612s][吞吐率：32.67req/s] [内存消耗：3,391.15kb] [文件加载：46]
[ sql ] [ DB ] CONNECT:[ UseTime:0.000389s ] mysql:host=127.0.0.1;dbname=store;charset=utf8
[ sql ] [ SQL ] SHOW COLUMNS FROM `banner` [ RunTime:0.000794s ]
[ sql ] [ SQL ] SELECT * FROM `banner` WHERE  `id` = 1 LIMIT 1 [ RunTime:0.000355s ]
[ sql ] [ SQL ] SHOW COLUMNS FROM `banner_item` [ RunTime:0.000593s ]
[ sql ] [ SQL ] SELECT * FROM `banner_item` WHERE  `location` = '北京'  AND `banner_id` = 1 [ RunTime:0.000298s ]
[ sql ] [ SQL ] SELECT * FROM `banner_item` WHERE  `location` = '北京'  AND `banner_id` = 1 [ RunTime:0.000340s ]
[ sql ] [ SQL ] SHOW COLUMNS FROM `image_by_banner` [ RunTime:0.000575s ]
[ sql ] [ SQL ] SELECT * FROM `image_by_banner` WHERE  `id` IN (1,2,3) [ RunTime:0.000352s ]
---------------------------------------------------------------
[ 2018-05-07T21:08:59+08:00 ] 111.59.124.151 GET /api/Banner?id=1&location=%E5%8C%97%E4%BA%AC
[ info ] www.guetused.top/api/Banner?id=1&location=%E5%8C%97%E4%BA%AC [运行时间：0.032130s][吞吐率：31.12req/s] [内存消耗：3,391.15kb] [文件加载：46]
[ sql ] [ DB ] CONNECT:[ UseTime:0.000438s ] mysql:host=127.0.0.1;dbname=store;charset=utf8
[ sql ] [ SQL ] SHOW COLUMNS FROM `banner` [ RunTime:0.000837s ]
[ sql ] [ SQL ] SELECT * FROM `banner` WHERE  `id` = 1 LIMIT 1 [ RunTime:0.000375s ]
[ sql ] [ SQL ] SHOW COLUMNS FROM `banner_item` [ RunTime:0.000615s ]
[ sql ] [ SQL ] SELECT * FROM `banner_item` WHERE  `location` = '北京'  AND `banner_id` = 1 [ RunTime:0.000333s ]
[ sql ] [ SQL ] SELECT * FROM `banner_item` WHERE  `location` = '北京'  AND `banner_id` = 1 [ RunTime:0.000316s ]
[ sql ] [ SQL ] SHOW COLUMNS FROM `image_by_banner` [ RunTime:0.000600s ]
[ sql ] [ SQL ] SELECT * FROM `image_by_banner` WHERE  `id` IN (1,2,3) [ RunTime:0.000344s ]
---------------------------------------------------------------
[ 2018-05-07T21:09:28+08:00 ] 111.59.124.151 GET /api/Banner?id=1&location=%E5%8C%97%E4%BA%AC
[ info ] www.guetused.top/api/Banner?id=1&location=%E5%8C%97%E4%BA%AC [运行时间：0.031588s][吞吐率：31.66req/s] [内存消耗：3,391.15kb] [文件加载：46]
[ sql ] [ DB ] CONNECT:[ UseTime:0.000426s ] mysql:host=127.0.0.1;dbname=store;charset=utf8
[ sql ] [ SQL ] SHOW COLUMNS FROM `banner` [ RunTime:0.000780s ]
[ sql ] [ SQL ] SELECT * FROM `banner` WHERE  `id` = 1 LIMIT 1 [ RunTime:0.000348s ]
[ sql ] [ SQL ] SHOW COLUMNS FROM `banner_item` [ RunTime:0.000577s ]
[ sql ] [ SQL ] SELECT * FROM `banner_item` WHERE  `location` = '北京'  AND `banner_id` = 1 [ RunTime:0.000308s ]
[ sql ] [ SQL ] SELECT * FROM `banner_item` WHERE  `location` = '北京'  AND `banner_id` = 1 [ RunTime:0.000298s ]
[ sql ] [ SQL ] SHOW COLUMNS FROM `image_by_banner` [ RunTime:0.000576s ]
[ sql ] [ SQL ] SELECT * FROM `image_by_banner` WHERE  `id` IN (1,2,3) [ RunTime:0.000317s ]
---------------------------------------------------------------
[ 2018-05-07T21:15:48+08:00 ] 117.136.97.114 GET /api/Banner?id=1&location=%E5%8C%97%E4%BA%AC
[ info ] www.guetused.top/api/Banner?id=1&location=%E5%8C%97%E4%BA%AC [运行时间：0.031783s][吞吐率：31.46req/s] [内存消耗：3,390.71kb] [文件加载：46]
[ sql ] [ DB ] CONNECT:[ UseTime:0.000457s ] mysql:host=127.0.0.1;dbname=store;charset=utf8
[ sql ] [ SQL ] SHOW COLUMNS FROM `banner` [ RunTime:0.000818s ]
[ sql ] [ SQL ] SELECT * FROM `banner` WHERE  `id` = 1 LIMIT 1 [ RunTime:0.000361s ]
[ sql ] [ SQL ] SHOW COLUMNS FROM `banner_item` [ RunTime:0.000594s ]
[ sql ] [ SQL ] SELECT * FROM `banner_item` WHERE  `location` = '北京'  AND `banner_id` = 1 [ RunTime:0.000337s ]
[ sql ] [ SQL ] SELECT * FROM `banner_item` WHERE  `location` = '北京'  AND `banner_id` = 1 [ RunTime:0.000315s ]
[ sql ] [ SQL ] SHOW COLUMNS FROM `image_by_banner` [ RunTime:0.000599s ]
[ sql ] [ SQL ] SELECT * FROM `image_by_banner` WHERE  `id` IN (1,2,3) [ RunTime:0.000326s ]
---------------------------------------------------------------
[ 2018-05-07T21:15:51+08:00 ] 117.136.97.114 GET /api/Banner?id=1&location=%E5%8C%97%E4%BA%AC
[ info ] www.guetused.top/api/Banner?id=1&location=%E5%8C%97%E4%BA%AC [运行时间：0.032828s][吞吐率：30.46req/s] [内存消耗：3,391.06kb] [文件加载：46]
[ sql ] [ DB ] CONNECT:[ UseTime:0.000481s ] mysql:host=127.0.0.1;dbname=store;charset=utf8
[ sql ] [ SQL ] SHOW COLUMNS FROM `banner` [ RunTime:0.000821s ]
[ sql ] [ SQL ] SELECT * FROM `banner` WHERE  `id` = 1 LIMIT 1 [ RunTime:0.000343s ]
[ sql ] [ SQL ] SHOW COLUMNS FROM `banner_item` [ RunTime:0.000569s ]
[ sql ] [ SQL ] SELECT * FROM `banner_item` WHERE  `location` = '北京'  AND `banner_id` = 1 [ RunTime:0.000320s ]
[ sql ] [ SQL ] SELECT * FROM `banner_item` WHERE  `location` = '北京'  AND `banner_id` = 1 [ RunTime:0.000304s ]
[ sql ] [ SQL ] SHOW COLUMNS FROM `image_by_banner` [ RunTime:0.000569s ]
[ sql ] [ SQL ] SELECT * FROM `image_by_banner` WHERE  `id` IN (1,2,3) [ RunTime:0.000326s ]
---------------------------------------------------------------
[ 2018-05-07T21:15:54+08:00 ] 117.136.97.114 GET /api/Banner?id=1&location=%E5%8C%97%E4%BA%AC
[ info ] www.guetused.top/api/Banner?id=1&location=%E5%8C%97%E4%BA%AC [运行时间：0.031383s][吞吐率：31.86req/s] [内存消耗：3,391.06kb] [文件加载：46]
[ sql ] [ DB ] CONNECT:[ UseTime:0.000526s ] mysql:host=127.0.0.1;dbname=store;charset=utf8
[ sql ] [ SQL ] SHOW COLUMNS FROM `banner` [ RunTime:0.000793s ]
[ sql ] [ SQL ] SELECT * FROM `banner` WHERE  `id` = 1 LIMIT 1 [ RunTime:0.000342s ]
[ sql ] [ SQL ] SHOW COLUMNS FROM `banner_item` [ RunTime:0.000571s ]
[ sql ] [ SQL ] SELECT * FROM `banner_item` WHERE  `location` = '北京'  AND `banner_id` = 1 [ RunTime:0.000297s ]
[ sql ] [ SQL ] SELECT * FROM `banner_item` WHERE  `location` = '北京'  AND `banner_id` = 1 [ RunTime:0.000312s ]
[ sql ] [ SQL ] SHOW COLUMNS FROM `image_by_banner` [ RunTime:0.000579s ]
[ sql ] [ SQL ] SELECT * FROM `image_by_banner` WHERE  `id` IN (1,2,3) [ RunTime:0.000305s ]
---------------------------------------------------------------
[ 2018-05-07T21:15:56+08:00 ] 117.136.97.114 GET /api/Banner?id=1&location=%E5%8C%97%E4%BA%AC
[ info ] www.guetused.top/api/Banner?id=1&location=%E5%8C%97%E4%BA%AC [运行时间：0.027215s][吞吐率：36.74req/s] [内存消耗：3,391.06kb] [文件加载：46]
[ sql ] [ DB ] CONNECT:[ UseTime:0.000387s ] mysql:host=127.0.0.1;dbname=store;charset=utf8
[ sql ] [ SQL ] SHOW COLUMNS FROM `banner` [ RunTime:0.000790s ]
[ sql ] [ SQL ] SELECT * FROM `banner` WHERE  `id` = 1 LIMIT 1 [ RunTime:0.000335s ]
[ sql ] [ SQL ] SHOW COLUMNS FROM `banner_item` [ RunTime:0.000549s ]
[ sql ] [ SQL ] SELECT * FROM `banner_item` WHERE  `location` = '北京'  AND `banner_id` = 1 [ RunTime:0.000312s ]
[ sql ] [ SQL ] SELECT * FROM `banner_item` WHERE  `location` = '北京'  AND `banner_id` = 1 [ RunTime:0.000301s ]
[ sql ] [ SQL ] SHOW COLUMNS FROM `image_by_banner` [ RunTime:0.000550s ]
[ sql ] [ SQL ] SELECT * FROM `image_by_banner` WHERE  `id` IN (1,2,3) [ RunTime:0.000309s ]
---------------------------------------------------------------
[ 2018-05-07T21:16:15+08:00 ] 117.136.97.114 GET /api/Banner?id=1&location=%E5%8C%97%E4%BA%AC
[ info ] www.guetused.top/api/Banner?id=1&location=%E5%8C%97%E4%BA%AC [运行时间：0.028467s][吞吐率：35.13req/s] [内存消耗：3,391.06kb] [文件加载：46]
[ sql ] [ DB ] CONNECT:[ UseTime:0.000462s ] mysql:host=127.0.0.1;dbname=store;charset=utf8
[ sql ] [ SQL ] SHOW COLUMNS FROM `banner` [ RunTime:0.001990s ]
[ sql ] [ SQL ] SELECT * FROM `banner` WHERE  `id` = 1 LIMIT 1 [ RunTime:0.000387s ]
[ sql ] [ SQL ] SHOW COLUMNS FROM `banner_item` [ RunTime:0.000559s ]
[ sql ] [ SQL ] SELECT * FROM `banner_item` WHERE  `location` = '北京'  AND `banner_id` = 1 [ RunTime:0.000306s ]
[ sql ] [ SQL ] SELECT * FROM `banner_item` WHERE  `location` = '北京'  AND `banner_id` = 1 [ RunTime:0.000301s ]
[ sql ] [ SQL ] SHOW COLUMNS FROM `image_by_banner` [ RunTime:0.000573s ]
[ sql ] [ SQL ] SELECT * FROM `image_by_banner` WHERE  `id` IN (1,2,3) [ RunTime:0.000311s ]
---------------------------------------------------------------
[ 2018-05-07T21:16:17+08:00 ] 117.136.97.114 GET /api/Banner?id=1&location=%E5%8C%97%E4%BA%AC
[ info ] www.guetused.top/api/Banner?id=1&location=%E5%8C%97%E4%BA%AC [运行时间：0.028394s][吞吐率：35.22req/s] [内存消耗：3,391.06kb] [文件加载：46]
[ sql ] [ DB ] CONNECT:[ UseTime:0.000388s ] mysql:host=127.0.0.1;dbname=store;charset=utf8
[ sql ] [ SQL ] SHOW COLUMNS FROM `banner` [ RunTime:0.000783s ]
[ sql ] [ SQL ] SELECT * FROM `banner` WHERE  `id` = 1 LIMIT 1 [ RunTime:0.000329s ]
[ sql ] [ SQL ] SHOW COLUMNS FROM `banner_item` [ RunTime:0.000559s ]
[ sql ] [ SQL ] SELECT * FROM `banner_item` WHERE  `location` = '北京'  AND `banner_id` = 1 [ RunTime:0.000297s ]
[ sql ] [ SQL ] SELECT * FROM `banner_item` WHERE  `location` = '北京'  AND `banner_id` = 1 [ RunTime:0.000288s ]
[ sql ] [ SQL ] SHOW COLUMNS FROM `image_by_banner` [ RunTime:0.000562s ]
[ sql ] [ SQL ] SELECT * FROM `image_by_banner` WHERE  `id` IN (1,2,3) [ RunTime:0.000306s ]
---------------------------------------------------------------
[ 2018-05-07T21:16:34+08:00 ] 117.136.97.114 GET /api/Banner?id=1&location=%E5%8C%97%E4%BA%AC
[ info ] www.guetused.top/api/Banner?id=1&location=%E5%8C%97%E4%BA%AC [运行时间：0.032578s][吞吐率：30.70req/s] [内存消耗：3,391.06kb] [文件加载：46]
[ sql ] [ DB ] CONNECT:[ UseTime:0.000458s ] mysql:host=127.0.0.1;dbname=store;charset=utf8
[ sql ] [ SQL ] SHOW COLUMNS FROM `banner` [ RunTime:0.000775s ]
[ sql ] [ SQL ] SELECT * FROM `banner` WHERE  `id` = 1 LIMIT 1 [ RunTime:0.000357s ]
[ sql ] [ SQL ] SHOW COLUMNS FROM `banner_item` [ RunTime:0.000598s ]
[ sql ] [ SQL ] SELECT * FROM `banner_item` WHERE  `location` = '北京'  AND `banner_id` = 1 [ RunTime:0.000340s ]
[ sql ] [ SQL ] SELECT * FROM `banner_item` WHERE  `location` = '北京'  AND `banner_id` = 1 [ RunTime:0.000346s ]
[ sql ] [ SQL ] SHOW COLUMNS FROM `image_by_banner` [ RunTime:0.000560s ]
[ sql ] [ SQL ] SELECT * FROM `image_by_banner` WHERE  `id` IN (1,2,3) [ RunTime:0.000307s ]
