---------------------------------------------------------------
[ 2018-05-09T14:29:25+08:00 ] 111.59.124.151 GET /api/Banner?id=1&location=%E5%8C%97%E4%BA%AC
[ info ] www.guetused.top/api/Banner?id=1&location=%E5%8C%97%E4%BA%AC [运行时间：0.062473s][吞吐率：16.01req/s] [内存消耗：3,391.18kb] [文件加载：46]
[ sql ] [ DB ] CONNECT:[ UseTime:0.001278s ] mysql:host=127.0.0.1;dbname=store;charset=utf8
[ sql ] [ SQL ] SHOW COLUMNS FROM `banner` [ RunTime:0.001225s ]
[ sql ] [ SQL ] SELECT * FROM `banner` WHERE  `id` = 1 LIMIT 1 [ RunTime:0.000977s ]
[ sql ] [ SQL ] SHOW COLUMNS FROM `banner_item` [ RunTime:0.000791s ]
[ sql ] [ SQL ] SELECT * FROM `banner_item` WHERE  `location` = '北京'  AND `banner_id` = 1 [ RunTime:0.001031s ]
[ sql ] [ SQL ] SELECT * FROM `banner_item` WHERE  `location` = '北京'  AND `banner_id` = 1 [ RunTime:0.001711s ]
[ sql ] [ SQL ] SHOW COLUMNS FROM `image_by_banner` [ RunTime:0.001356s ]
[ sql ] [ SQL ] SELECT * FROM `image_by_banner` WHERE  `id` IN (1,2,3) [ RunTime:0.000795s ]
---------------------------------------------------------------
[ 2018-05-09T14:29:25+08:00 ] 111.59.124.151 GET /api/NewGoods?location=%E5%8C%97%E4%BA%AC
[ info ] www.guetused.top/api/NewGoods?location=%E5%8C%97%E4%BA%AC [运行时间：0.060970s][吞吐率：16.40req/s] [内存消耗：3,477.13kb] [文件加载：47]
[ sql ] [ DB ] CONNECT:[ UseTime:0.003511s ] mysql:host=127.0.0.1;dbname=store;charset=utf8
[ sql ] [ SQL ] SHOW COLUMNS FROM `type_location` [ RunTime:0.001646s ]
[ sql ] [ SQL ] SELECT * FROM `type_location` WHERE  `location` = '北京' ORDER BY create_time desc [ RunTime:0.001009s ]
[ sql ] [ SQL ] SHOW COLUMNS FROM `goods` [ RunTime:0.001671s ]
[ sql ] [ SQL ] SELECT `id`,`title`,`price`,`image_item` FROM `goods` WHERE  `id` IN (4,3,2,1) ORDER BY `create_time` [ RunTime:0.002062s ]
[ sql ] [ SQL ] SELECT `id`,`title`,`price`,`image_item` FROM `goods` WHERE  `id` IN (4,3,2,1) ORDER BY `create_time` [ RunTime:0.000861s ]
[ sql ] [ SQL ] SHOW COLUMNS FROM `goods_image` [ RunTime:0.001317s ]
[ sql ] [ SQL ] SELECT * FROM `goods_image` WHERE  `goods_id` IN (1,2,3,4) [ RunTime:0.004559s ]
[ sql ] [ SQL ] SELECT `id`,`title`,`price`,`image_item` FROM `goods` WHERE  `id` IN (4,3,2,1) ORDER BY `create_time` [ RunTime:0.000336s ]
[ sql ] [ SQL ] SELECT * FROM `goods_image` WHERE  `goods_id` IN (1,2,3,4) [ RunTime:0.000284s ]
[ sql ] [ SQL ] SHOW COLUMNS FROM `image_by_goods` [ RunTime:0.000724s ]
[ sql ] [ SQL ] SELECT * FROM `image_by_goods` WHERE  `id` IN (1,2,3,4,5,6,7,8,9,10,11,12) [ RunTime:0.000332s ]
---------------------------------------------------------------
[ 2018-05-09T14:29:36+08:00 ] 111.59.124.151 GET /api/TypeLocation?type=11&location=%E5%8C%97%E4%BA%AC
[ info ] www.guetused.top/api/TypeLocation?type=11&location=%E5%8C%97%E4%BA%AC [运行时间：0.031162s][吞吐率：32.09req/s] [内存消耗：3,476.55kb] [文件加载：47]
[ sql ] [ DB ] CONNECT:[ UseTime:0.000454s ] mysql:host=127.0.0.1;dbname=store;charset=utf8
[ sql ] [ SQL ] SHOW COLUMNS FROM `type_location` [ RunTime:0.000812s ]
[ sql ] [ SQL ] SELECT * FROM `type_location` WHERE  `type` = 11  AND `location` = '北京' [ RunTime:0.000379s ]
[ sql ] [ SQL ] SHOW COLUMNS FROM `goods` [ RunTime:0.000584s ]
[ sql ] [ SQL ] SELECT `id`,`title`,`price`,`image_item` FROM `goods` WHERE  `id` IN (1,2,3,4) [ RunTime:0.000328s ]
[ sql ] [ SQL ] SELECT `id`,`title`,`price`,`image_item` FROM `goods` WHERE  `id` IN (1,2,3,4) [ RunTime:0.000293s ]
[ sql ] [ SQL ] SHOW COLUMNS FROM `goods_image` [ RunTime:0.000562s ]
[ sql ] [ SQL ] SELECT * FROM `goods_image` WHERE  `goods_id` IN (1,2,3,4) [ RunTime:0.000266s ]
[ sql ] [ SQL ] SELECT `id`,`title`,`price`,`image_item` FROM `goods` WHERE  `id` IN (1,2,3,4) [ RunTime:0.000285s ]
[ sql ] [ SQL ] SELECT * FROM `goods_image` WHERE  `goods_id` IN (1,2,3,4) [ RunTime:0.000287s ]
[ sql ] [ SQL ] SHOW COLUMNS FROM `image_by_goods` [ RunTime:0.000565s ]
[ sql ] [ SQL ] SELECT * FROM `image_by_goods` WHERE  `id` IN (1,2,3,4,5,6,7,8,9,10,11,12) [ RunTime:0.000314s ]
---------------------------------------------------------------
[ 2018-05-09T14:29:37+08:00 ] 111.59.124.151 GET /api/Goods?id=1
[ info ] www.guetused.top/api/Goods?id=1 [运行时间：0.078271s][吞吐率：12.78req/s] [内存消耗：3,757.85kb] [文件加载：52]
[ sql ] [ DB ] CONNECT:[ UseTime:0.000443s ] mysql:host=127.0.0.1;dbname=store;charset=utf8
[ sql ] [ SQL ] SHOW COLUMNS FROM `goods` [ RunTime:0.044217s ]
[ sql ] [ SQL ] SELECT * FROM `goods` WHERE  `id` = 1 LIMIT 1 [ RunTime:0.000416s ]
[ sql ] [ SQL ] SHOW COLUMNS FROM `goods_image` [ RunTime:0.000577s ]
[ sql ] [ SQL ] SELECT * FROM `goods_image` WHERE  `goods_id` = 1 [ RunTime:0.000264s ]
[ sql ] [ SQL ] SELECT * FROM `goods_image` WHERE  `goods_id` = 1 [ RunTime:0.000283s ]
[ sql ] [ SQL ] SHOW COLUMNS FROM `image_by_goods` [ RunTime:0.000568s ]
[ sql ] [ SQL ] SELECT * FROM `image_by_goods` WHERE  `id` IN (4,5,6) [ RunTime:0.000316s ]
---------------------------------------------------------------
[ 2018-05-09T14:29:53+08:00 ] 117.136.98.152 GET /api/Banner?id=1&location=%E5%8C%97%E4%BA%AC
[ info ] www.guetused.top/api/Banner?id=1&location=%E5%8C%97%E4%BA%AC [运行时间：0.056764s][吞吐率：17.62req/s] [内存消耗：3,390.71kb] [文件加载：46]
[ sql ] [ DB ] CONNECT:[ UseTime:0.002102s ] mysql:host=127.0.0.1;dbname=store;charset=utf8
[ sql ] [ SQL ] SHOW COLUMNS FROM `banner` [ RunTime:0.001376s ]
[ sql ] [ SQL ] SELECT * FROM `banner` WHERE  `id` = 1 LIMIT 1 [ RunTime:0.001191s ]
[ sql ] [ SQL ] SHOW COLUMNS FROM `banner_item` [ RunTime:0.002186s ]
[ sql ] [ SQL ] SELECT * FROM `banner_item` WHERE  `location` = '北京'  AND `banner_id` = 1 [ RunTime:0.001164s ]
[ sql ] [ SQL ] SELECT * FROM `banner_item` WHERE  `location` = '北京'  AND `banner_id` = 1 [ RunTime:0.000832s ]
[ sql ] [ SQL ] SHOW COLUMNS FROM `image_by_banner` [ RunTime:0.001839s ]
[ sql ] [ SQL ] SELECT * FROM `image_by_banner` WHERE  `id` IN (1,2,3) [ RunTime:0.001968s ]
---------------------------------------------------------------
[ 2018-05-09T14:29:53+08:00 ] 117.136.98.152 GET /api/NewGoods?location=%E5%8C%97%E4%BA%AC
[ info ] www.guetused.top/api/NewGoods?location=%E5%8C%97%E4%BA%AC [运行时间：0.072722s][吞吐率：13.75req/s] [内存消耗：3,476.63kb] [文件加载：47]
[ sql ] [ DB ] CONNECT:[ UseTime:0.002380s ] mysql:host=127.0.0.1;dbname=store;charset=utf8
[ sql ] [ SQL ] SHOW COLUMNS FROM `type_location` [ RunTime:0.000981s ]
[ sql ] [ SQL ] SELECT * FROM `type_location` WHERE  `location` = '北京' ORDER BY create_time desc [ RunTime:0.001284s ]
[ sql ] [ SQL ] SHOW COLUMNS FROM `goods` [ RunTime:0.001170s ]
[ sql ] [ SQL ] SELECT `id`,`title`,`price`,`image_item` FROM `goods` WHERE  `id` IN (4,3,2,1) ORDER BY `create_time` [ RunTime:0.001176s ]
[ sql ] [ SQL ] SELECT `id`,`title`,`price`,`image_item` FROM `goods` WHERE  `id` IN (4,3,2,1) ORDER BY `create_time` [ RunTime:0.000843s ]
[ sql ] [ SQL ] SHOW COLUMNS FROM `goods_image` [ RunTime:0.002508s ]
[ sql ] [ SQL ] SELECT * FROM `goods_image` WHERE  `goods_id` IN (1,2,3,4) [ RunTime:0.000992s ]
[ sql ] [ SQL ] SELECT `id`,`title`,`price`,`image_item` FROM `goods` WHERE  `id` IN (4,3,2,1) ORDER BY `create_time` [ RunTime:0.000877s ]
[ sql ] [ SQL ] SELECT * FROM `goods_image` WHERE  `goods_id` IN (1,2,3,4) [ RunTime:0.000423s ]
[ sql ] [ SQL ] SHOW COLUMNS FROM `image_by_goods` [ RunTime:0.004656s ]
[ sql ] [ SQL ] SELECT * FROM `image_by_goods` WHERE  `id` IN (1,2,3,4,5,6,7,8,9,10,11,12) [ RunTime:0.000372s ]
---------------------------------------------------------------
[ 2018-05-09T14:29:56+08:00 ] 117.136.98.152 GET /api/Goods?id=4
[ info ] www.guetused.top/api/Goods?id=4 [运行时间：0.036473s][吞吐率：27.42req/s] [内存消耗：3,757.76kb] [文件加载：52]
[ sql ] [ DB ] CONNECT:[ UseTime:0.000491s ] mysql:host=127.0.0.1;dbname=store;charset=utf8
[ sql ] [ SQL ] SHOW COLUMNS FROM `goods` [ RunTime:0.000876s ]
[ sql ] [ SQL ] SELECT * FROM `goods` WHERE  `id` = 4 LIMIT 1 [ RunTime:0.000402s ]
[ sql ] [ SQL ] SHOW COLUMNS FROM `goods_image` [ RunTime:0.000706s ]
[ sql ] [ SQL ] SELECT * FROM `goods_image` WHERE  `goods_id` = 4 [ RunTime:0.000272s ]
[ sql ] [ SQL ] SELECT * FROM `goods_image` WHERE  `goods_id` = 4 [ RunTime:0.000331s ]
[ sql ] [ SQL ] SHOW COLUMNS FROM `image_by_goods` [ RunTime:0.000585s ]
[ sql ] [ SQL ] SELECT * FROM `image_by_goods` WHERE  `id` IN (10,11,12) [ RunTime:0.000306s ]
---------------------------------------------------------------
[ 2018-05-09T14:29:58+08:00 ] 117.136.98.152 GET /api/Goods?id=3
[ info ] www.guetused.top/api/Goods?id=3 [运行时间：0.035235s][吞吐率：28.38req/s] [内存消耗：3,757.66kb] [文件加载：52]
[ sql ] [ DB ] CONNECT:[ UseTime:0.000485s ] mysql:host=127.0.0.1;dbname=store;charset=utf8
[ sql ] [ SQL ] SHOW COLUMNS FROM `goods` [ RunTime:0.002609s ]
[ sql ] [ SQL ] SELECT * FROM `goods` WHERE  `id` = 3 LIMIT 1 [ RunTime:0.000383s ]
[ sql ] [ SQL ] SHOW COLUMNS FROM `goods_image` [ RunTime:0.000557s ]
[ sql ] [ SQL ] SELECT * FROM `goods_image` WHERE  `goods_id` = 3 [ RunTime:0.000285s ]
[ sql ] [ SQL ] SELECT * FROM `goods_image` WHERE  `goods_id` = 3 [ RunTime:0.000275s ]
[ sql ] [ SQL ] SHOW COLUMNS FROM `image_by_goods` [ RunTime:0.000557s ]
[ sql ] [ SQL ] SELECT * FROM `image_by_goods` WHERE  `id` IN (7,8,9) [ RunTime:0.000319s ]
---------------------------------------------------------------
[ 2018-05-09T14:30:01+08:00 ] 117.136.98.152 GET /api/Goods?id=2
[ info ] www.guetused.top/api/Goods?id=2 [运行时间：0.035100s][吞吐率：28.49req/s] [内存消耗：3,757.66kb] [文件加载：52]
[ sql ] [ DB ] CONNECT:[ UseTime:0.000519s ] mysql:host=127.0.0.1;dbname=store;charset=utf8
[ sql ] [ SQL ] SHOW COLUMNS FROM `goods` [ RunTime:0.000880s ]
[ sql ] [ SQL ] SELECT * FROM `goods` WHERE  `id` = 2 LIMIT 1 [ RunTime:0.000422s ]
[ sql ] [ SQL ] SHOW COLUMNS FROM `goods_image` [ RunTime:0.000612s ]
[ sql ] [ SQL ] SELECT * FROM `goods_image` WHERE  `goods_id` = 2 [ RunTime:0.000285s ]
[ sql ] [ SQL ] SELECT * FROM `goods_image` WHERE  `goods_id` = 2 [ RunTime:0.000298s ]
[ sql ] [ SQL ] SHOW COLUMNS FROM `image_by_goods` [ RunTime:0.000603s ]
[ sql ] [ SQL ] SELECT * FROM `image_by_goods` WHERE  `id` IN (1,2,3) [ RunTime:0.000324s ]
---------------------------------------------------------------
[ 2018-05-09T14:30:03+08:00 ] 117.136.98.152 GET /api/Goods?id=1
[ info ] www.guetused.top/api/Goods?id=1 [运行时间：0.035295s][吞吐率：28.33req/s] [内存消耗：3,757.74kb] [文件加载：52]
[ sql ] [ DB ] CONNECT:[ UseTime:0.000487s ] mysql:host=127.0.0.1;dbname=store;charset=utf8
[ sql ] [ SQL ] SHOW COLUMNS FROM `goods` [ RunTime:0.000830s ]
[ sql ] [ SQL ] SELECT * FROM `goods` WHERE  `id` = 1 LIMIT 1 [ RunTime:0.000381s ]
[ sql ] [ SQL ] SHOW COLUMNS FROM `goods_image` [ RunTime:0.000540s ]
[ sql ] [ SQL ] SELECT * FROM `goods_image` WHERE  `goods_id` = 1 [ RunTime:0.000273s ]
[ sql ] [ SQL ] SELECT * FROM `goods_image` WHERE  `goods_id` = 1 [ RunTime:0.000269s ]
[ sql ] [ SQL ] SHOW COLUMNS FROM `image_by_goods` [ RunTime:0.000582s ]
[ sql ] [ SQL ] SELECT * FROM `image_by_goods` WHERE  `id` IN (4,5,6) [ RunTime:0.000319s ]
---------------------------------------------------------------
[ 2018-05-09T14:30:05+08:00 ] 117.136.98.152 GET /api/Goods?id=1
[ info ] www.guetused.top/api/Goods?id=1 [运行时间：0.038232s][吞吐率：26.16req/s] [内存消耗：3,757.47kb] [文件加载：52]
[ sql ] [ DB ] CONNECT:[ UseTime:0.000572s ] mysql:host=127.0.0.1;dbname=store;charset=utf8
[ sql ] [ SQL ] SHOW COLUMNS FROM `goods` [ RunTime:0.000922s ]
[ sql ] [ SQL ] SELECT * FROM `goods` WHERE  `id` = 1 LIMIT 1 [ RunTime:0.000397s ]
[ sql ] [ SQL ] SHOW COLUMNS FROM `goods_image` [ RunTime:0.000569s ]
[ sql ] [ SQL ] SELECT * FROM `goods_image` WHERE  `goods_id` = 1 [ RunTime:0.000287s ]
[ sql ] [ SQL ] SELECT * FROM `goods_image` WHERE  `goods_id` = 1 [ RunTime:0.000271s ]
[ sql ] [ SQL ] SHOW COLUMNS FROM `image_by_goods` [ RunTime:0.000581s ]
[ sql ] [ SQL ] SELECT * FROM `image_by_goods` WHERE  `id` IN (4,5,6) [ RunTime:0.000307s ]
---------------------------------------------------------------
[ 2018-05-09T14:30:06+08:00 ] 117.136.98.152 GET /api/Goods?id=2
[ info ] www.guetused.top/api/Goods?id=2 [运行时间：0.039260s][吞吐率：25.47req/s] [内存消耗：3,757.39kb] [文件加载：52]
[ sql ] [ DB ] CONNECT:[ UseTime:0.000592s ] mysql:host=127.0.0.1;dbname=store;charset=utf8
[ sql ] [ SQL ] SHOW COLUMNS FROM `goods` [ RunTime:0.000908s ]
[ sql ] [ SQL ] SELECT * FROM `goods` WHERE  `id` = 2 LIMIT 1 [ RunTime:0.000411s ]
[ sql ] [ SQL ] SHOW COLUMNS FROM `goods_image` [ RunTime:0.000583s ]
[ sql ] [ SQL ] SELECT * FROM `goods_image` WHERE  `goods_id` = 2 [ RunTime:0.000295s ]
[ sql ] [ SQL ] SELECT * FROM `goods_image` WHERE  `goods_id` = 2 [ RunTime:0.000291s ]
[ sql ] [ SQL ] SHOW COLUMNS FROM `image_by_goods` [ RunTime:0.000596s ]
[ sql ] [ SQL ] SELECT * FROM `image_by_goods` WHERE  `id` IN (1,2,3) [ RunTime:0.000343s ]
---------------------------------------------------------------
[ 2018-05-09T14:30:08+08:00 ] 117.136.98.152 GET /api/Goods?id=3
[ info ] www.guetused.top/api/Goods?id=3 [运行时间：0.035101s][吞吐率：28.49req/s] [内存消耗：3,757.39kb] [文件加载：52]
[ sql ] [ DB ] CONNECT:[ UseTime:0.000550s ] mysql:host=127.0.0.1;dbname=store;charset=utf8
[ sql ] [ SQL ] SHOW COLUMNS FROM `goods` [ RunTime:0.000892s ]
[ sql ] [ SQL ] SELECT * FROM `goods` WHERE  `id` = 3 LIMIT 1 [ RunTime:0.000404s ]
[ sql ] [ SQL ] SHOW COLUMNS FROM `goods_image` [ RunTime:0.000567s ]
[ sql ] [ SQL ] SELECT * FROM `goods_image` WHERE  `goods_id` = 3 [ RunTime:0.000284s ]
[ sql ] [ SQL ] SELECT * FROM `goods_image` WHERE  `goods_id` = 3 [ RunTime:0.000271s ]
[ sql ] [ SQL ] SHOW COLUMNS FROM `image_by_goods` [ RunTime:0.000574s ]
[ sql ] [ SQL ] SELECT * FROM `image_by_goods` WHERE  `id` IN (7,8,9) [ RunTime:0.000305s ]
---------------------------------------------------------------
[ 2018-05-09T14:30:09+08:00 ] 117.136.98.152 GET /api/Goods?id=4
[ info ] www.guetused.top/api/Goods?id=4 [运行时间：0.037468s][吞吐率：26.69req/s] [内存消耗：3,757.76kb] [文件加载：52]
[ sql ] [ DB ] CONNECT:[ UseTime:0.000454s ] mysql:host=127.0.0.1;dbname=store;charset=utf8
[ sql ] [ SQL ] SHOW COLUMNS FROM `goods` [ RunTime:0.000868s ]
[ sql ] [ SQL ] SELECT * FROM `goods` WHERE  `id` = 4 LIMIT 1 [ RunTime:0.000395s ]
[ sql ] [ SQL ] SHOW COLUMNS FROM `goods_image` [ RunTime:0.000557s ]
[ sql ] [ SQL ] SELECT * FROM `goods_image` WHERE  `goods_id` = 4 [ RunTime:0.000288s ]
[ sql ] [ SQL ] SELECT * FROM `goods_image` WHERE  `goods_id` = 4 [ RunTime:0.000276s ]
[ sql ] [ SQL ] SHOW COLUMNS FROM `image_by_goods` [ RunTime:0.000566s ]
[ sql ] [ SQL ] SELECT * FROM `image_by_goods` WHERE  `id` IN (10,11,12) [ RunTime:0.000329s ]
---------------------------------------------------------------
[ 2018-05-09T14:30:11+08:00 ] 117.136.98.152 GET /api/Goods?id=3
[ info ] www.guetused.top/api/Goods?id=3 [运行时间：0.036087s][吞吐率：27.71req/s] [内存消耗：3,757.66kb] [文件加载：52]
[ sql ] [ DB ] CONNECT:[ UseTime:0.000526s ] mysql:host=127.0.0.1;dbname=store;charset=utf8
[ sql ] [ SQL ] SHOW COLUMNS FROM `goods` [ RunTime:0.000851s ]
[ sql ] [ SQL ] SELECT * FROM `goods` WHERE  `id` = 3 LIMIT 1 [ RunTime:0.000398s ]
[ sql ] [ SQL ] SHOW COLUMNS FROM `goods_image` [ RunTime:0.000631s ]
[ sql ] [ SQL ] SELECT * FROM `goods_image` WHERE  `goods_id` = 3 [ RunTime:0.000270s ]
[ sql ] [ SQL ] SELECT * FROM `goods_image` WHERE  `goods_id` = 3 [ RunTime:0.000291s ]
[ sql ] [ SQL ] SHOW COLUMNS FROM `image_by_goods` [ RunTime:0.000582s ]
[ sql ] [ SQL ] SELECT * FROM `image_by_goods` WHERE  `id` IN (7,8,9) [ RunTime:0.000345s ]
---------------------------------------------------------------
[ 2018-05-09T14:30:14+08:00 ] 117.136.98.152 GET /api/Goods?id=2
[ info ] www.guetused.top/api/Goods?id=2 [运行时间：0.035336s][吞吐率：28.30req/s] [内存消耗：3,757.66kb] [文件加载：52]
[ sql ] [ DB ] CONNECT:[ UseTime:0.000515s ] mysql:host=127.0.0.1;dbname=store;charset=utf8
[ sql ] [ SQL ] SHOW COLUMNS FROM `goods` [ RunTime:0.000844s ]
[ sql ] [ SQL ] SELECT * FROM `goods` WHERE  `id` = 2 LIMIT 1 [ RunTime:0.000388s ]
[ sql ] [ SQL ] SHOW COLUMNS FROM `goods_image` [ RunTime:0.000542s ]
[ sql ] [ SQL ] SELECT * FROM `goods_image` WHERE  `goods_id` = 2 [ RunTime:0.000302s ]
[ sql ] [ SQL ] SELECT * FROM `goods_image` WHERE  `goods_id` = 2 [ RunTime:0.000275s ]
[ sql ] [ SQL ] SHOW COLUMNS FROM `image_by_goods` [ RunTime:0.000574s ]
[ sql ] [ SQL ] SELECT * FROM `image_by_goods` WHERE  `id` IN (1,2,3) [ RunTime:0.000325s ]
---------------------------------------------------------------
[ 2018-05-09T14:30:18+08:00 ] 117.136.98.152 GET /api/Goods?id=3
[ info ] www.guetused.top/api/Goods?id=3 [运行时间：0.036793s][吞吐率：27.18req/s] [内存消耗：3,757.66kb] [文件加载：52]
[ sql ] [ DB ] CONNECT:[ UseTime:0.000552s ] mysql:host=127.0.0.1;dbname=store;charset=utf8
[ sql ] [ SQL ] SHOW COLUMNS FROM `goods` [ RunTime:0.000907s ]
[ sql ] [ SQL ] SELECT * FROM `goods` WHERE  `id` = 3 LIMIT 1 [ RunTime:0.000438s ]
[ sql ] [ SQL ] SHOW COLUMNS FROM `goods_image` [ RunTime:0.000617s ]
[ sql ] [ SQL ] SELECT * FROM `goods_image` WHERE  `goods_id` = 3 [ RunTime:0.000292s ]
[ sql ] [ SQL ] SELECT * FROM `goods_image` WHERE  `goods_id` = 3 [ RunTime:0.000315s ]
[ sql ] [ SQL ] SHOW COLUMNS FROM `image_by_goods` [ RunTime:0.000623s ]
[ sql ] [ SQL ] SELECT * FROM `image_by_goods` WHERE  `id` IN (7,8,9) [ RunTime:0.000422s ]
---------------------------------------------------------------
[ 2018-05-09T14:35:13+08:00 ] 117.136.98.152 GET /api/TypeLocation?type=11&location=%E5%8C%97%E4%BA%AC
[ info ] www.guetused.top/api/TypeLocation?type=11&location=%E5%8C%97%E4%BA%AC [运行时间：0.037024s][吞吐率：27.01req/s] [内存消耗：3,476.41kb] [文件加载：47]
[ sql ] [ DB ] CONNECT:[ UseTime:0.000440s ] mysql:host=127.0.0.1;dbname=store;charset=utf8
[ sql ] [ SQL ] SHOW COLUMNS FROM `type_location` [ RunTime:0.000832s ]
[ sql ] [ SQL ] SELECT * FROM `type_location` WHERE  `type` = 11  AND `location` = '北京' [ RunTime:0.000393s ]
[ sql ] [ SQL ] SHOW COLUMNS FROM `goods` [ RunTime:0.000601s ]
[ sql ] [ SQL ] SELECT `id`,`title`,`price`,`image_item` FROM `goods` WHERE  `id` IN (1,2,3,4) [ RunTime:0.000333s ]
[ sql ] [ SQL ] SELECT `id`,`title`,`price`,`image_item` FROM `goods` WHERE  `id` IN (1,2,3,4) [ RunTime:0.000298s ]
[ sql ] [ SQL ] SHOW COLUMNS FROM `goods_image` [ RunTime:0.000565s ]
[ sql ] [ SQL ] SELECT * FROM `goods_image` WHERE  `goods_id` IN (1,2,3,4) [ RunTime:0.000271s ]
[ sql ] [ SQL ] SELECT `id`,`title`,`price`,`image_item` FROM `goods` WHERE  `id` IN (1,2,3,4) [ RunTime:0.000309s ]
[ sql ] [ SQL ] SELECT * FROM `goods_image` WHERE  `goods_id` IN (1,2,3,4) [ RunTime:0.000283s ]
[ sql ] [ SQL ] SHOW COLUMNS FROM `image_by_goods` [ RunTime:0.000560s ]
[ sql ] [ SQL ] SELECT * FROM `image_by_goods` WHERE  `id` IN (1,2,3,4,5,6,7,8,9,10,11,12) [ RunTime:0.000347s ]
---------------------------------------------------------------
[ 2018-05-09T14:35:15+08:00 ] 117.136.98.152 GET /api/Goods?id=4
[ info ] www.guetused.top/api/Goods?id=4 [运行时间：0.034905s][吞吐率：28.65req/s] [内存消耗：3,757.76kb] [文件加载：52]
[ sql ] [ DB ] CONNECT:[ UseTime:0.000445s ] mysql:host=127.0.0.1;dbname=store;charset=utf8
[ sql ] [ SQL ] SHOW COLUMNS FROM `goods` [ RunTime:0.000838s ]
[ sql ] [ SQL ] SELECT * FROM `goods` WHERE  `id` = 4 LIMIT 1 [ RunTime:0.000399s ]
[ sql ] [ SQL ] SHOW COLUMNS FROM `goods_image` [ RunTime:0.000608s ]
[ sql ] [ SQL ] SELECT * FROM `goods_image` WHERE  `goods_id` = 4 [ RunTime:0.000281s ]
[ sql ] [ SQL ] SELECT * FROM `goods_image` WHERE  `goods_id` = 4 [ RunTime:0.000304s ]
[ sql ] [ SQL ] SHOW COLUMNS FROM `image_by_goods` [ RunTime:0.000609s ]
[ sql ] [ SQL ] SELECT * FROM `image_by_goods` WHERE  `id` IN (10,11,12) [ RunTime:0.000322s ]
---------------------------------------------------------------
[ 2018-05-09T14:35:18+08:00 ] 117.136.98.152 GET /api/Goods?id=3
[ info ] www.guetused.top/api/Goods?id=3 [运行时间：0.034077s][吞吐率：29.35req/s] [内存消耗：3,757.66kb] [文件加载：52]
[ sql ] [ DB ] CONNECT:[ UseTime:0.000421s ] mysql:host=127.0.0.1;dbname=store;charset=utf8
[ sql ] [ SQL ] SHOW COLUMNS FROM `goods` [ RunTime:0.000832s ]
[ sql ] [ SQL ] SELECT * FROM `goods` WHERE  `id` = 3 LIMIT 1 [ RunTime:0.000381s ]
[ sql ] [ SQL ] SHOW COLUMNS FROM `goods_image` [ RunTime:0.000553s ]
[ sql ] [ SQL ] SELECT * FROM `goods_image` WHERE  `goods_id` = 3 [ RunTime:0.000348s ]
[ sql ] [ SQL ] SELECT * FROM `goods_image` WHERE  `goods_id` = 3 [ RunTime:0.000273s ]
[ sql ] [ SQL ] SHOW COLUMNS FROM `image_by_goods` [ RunTime:0.000555s ]
[ sql ] [ SQL ] SELECT * FROM `image_by_goods` WHERE  `id` IN (7,8,9) [ RunTime:0.000322s ]
---------------------------------------------------------------
[ 2018-05-09T14:35:20+08:00 ] 117.136.98.152 GET /api/Goods?id=2
[ info ] www.guetused.top/api/Goods?id=2 [运行时间：0.037064s][吞吐率：26.98req/s] [内存消耗：3,757.66kb] [文件加载：52]
[ sql ] [ DB ] CONNECT:[ UseTime:0.000473s ] mysql:host=127.0.0.1;dbname=store;charset=utf8
[ sql ] [ SQL ] SHOW COLUMNS FROM `goods` [ RunTime:0.000852s ]
[ sql ] [ SQL ] SELECT * FROM `goods` WHERE  `id` = 2 LIMIT 1 [ RunTime:0.000383s ]
[ sql ] [ SQL ] SHOW COLUMNS FROM `goods_image` [ RunTime:0.000565s ]
[ sql ] [ SQL ] SELECT * FROM `goods_image` WHERE  `goods_id` = 2 [ RunTime:0.000281s ]
[ sql ] [ SQL ] SELECT * FROM `goods_image` WHERE  `goods_id` = 2 [ RunTime:0.000321s ]
[ sql ] [ SQL ] SHOW COLUMNS FROM `image_by_goods` [ RunTime:0.000574s ]
[ sql ] [ SQL ] SELECT * FROM `image_by_goods` WHERE  `id` IN (1,2,3) [ RunTime:0.000337s ]
---------------------------------------------------------------
[ 2018-05-09T14:35:22+08:00 ] 117.136.98.152 GET /api/Goods?id=1
[ info ] www.guetused.top/api/Goods?id=1 [运行时间：0.034023s][吞吐率：29.39req/s] [内存消耗：3,757.74kb] [文件加载：52]
[ sql ] [ DB ] CONNECT:[ UseTime:0.000476s ] mysql:host=127.0.0.1;dbname=store;charset=utf8
[ sql ] [ SQL ] SHOW COLUMNS FROM `goods` [ RunTime:0.000850s ]
[ sql ] [ SQL ] SELECT * FROM `goods` WHERE  `id` = 1 LIMIT 1 [ RunTime:0.000376s ]
[ sql ] [ SQL ] SHOW COLUMNS FROM `goods_image` [ RunTime:0.000553s ]
[ sql ] [ SQL ] SELECT * FROM `goods_image` WHERE  `goods_id` = 1 [ RunTime:0.000263s ]
[ sql ] [ SQL ] SELECT * FROM `goods_image` WHERE  `goods_id` = 1 [ RunTime:0.000281s ]
[ sql ] [ SQL ] SHOW COLUMNS FROM `image_by_goods` [ RunTime:0.000569s ]
[ sql ] [ SQL ] SELECT * FROM `image_by_goods` WHERE  `id` IN (4,5,6) [ RunTime:0.000305s ]
---------------------------------------------------------------
[ 2018-05-09T14:35:26+08:00 ] 117.136.98.152 GET /api/Goods?id=2
[ info ] www.guetused.top/api/Goods?id=2 [运行时间：0.036417s][吞吐率：27.46req/s] [内存消耗：3,757.66kb] [文件加载：52]
[ sql ] [ DB ] CONNECT:[ UseTime:0.000488s ] mysql:host=127.0.0.1;dbname=store;charset=utf8
[ sql ] [ SQL ] SHOW COLUMNS FROM `goods` [ RunTime:0.000940s ]
[ sql ] [ SQL ] SELECT * FROM `goods` WHERE  `id` = 2 LIMIT 1 [ RunTime:0.000395s ]
[ sql ] [ SQL ] SHOW COLUMNS FROM `goods_image` [ RunTime:0.000610s ]
[ sql ] [ SQL ] SELECT * FROM `goods_image` WHERE  `goods_id` = 2 [ RunTime:0.000282s ]
[ sql ] [ SQL ] SELECT * FROM `goods_image` WHERE  `goods_id` = 2 [ RunTime:0.000287s ]
[ sql ] [ SQL ] SHOW COLUMNS FROM `image_by_goods` [ RunTime:0.000621s ]
[ sql ] [ SQL ] SELECT * FROM `image_by_goods` WHERE  `id` IN (1,2,3) [ RunTime:0.000312s ]
---------------------------------------------------------------
[ 2018-05-09T14:35:28+08:00 ] 117.136.98.152 GET /api/Goods?id=3
[ info ] www.guetused.top/api/Goods?id=3 [运行时间：0.037944s][吞吐率：26.35req/s] [内存消耗：3,757.66kb] [文件加载：52]
[ sql ] [ DB ] CONNECT:[ UseTime:0.001514s ] mysql:host=127.0.0.1;dbname=store;charset=utf8
[ sql ] [ SQL ] SHOW COLUMNS FROM `goods` [ RunTime:0.000888s ]
[ sql ] [ SQL ] SELECT * FROM `goods` WHERE  `id` = 3 LIMIT 1 [ RunTime:0.000389s ]
[ sql ] [ SQL ] SHOW COLUMNS FROM `goods_image` [ RunTime:0.000608s ]
[ sql ] [ SQL ] SELECT * FROM `goods_image` WHERE  `goods_id` = 3 [ RunTime:0.000296s ]
[ sql ] [ SQL ] SELECT * FROM `goods_image` WHERE  `goods_id` = 3 [ RunTime:0.000292s ]
[ sql ] [ SQL ] SHOW COLUMNS FROM `image_by_goods` [ RunTime:0.000586s ]
[ sql ] [ SQL ] SELECT * FROM `image_by_goods` WHERE  `id` IN (7,8,9) [ RunTime:0.000331s ]
---------------------------------------------------------------
[ 2018-05-09T14:35:30+08:00 ] 117.136.98.152 GET /api/Goods?id=4
[ info ] www.guetused.top/api/Goods?id=4 [运行时间：0.034211s][吞吐率：29.23req/s] [内存消耗：3,757.76kb] [文件加载：52]
[ sql ] [ DB ] CONNECT:[ UseTime:0.000454s ] mysql:host=127.0.0.1;dbname=store;charset=utf8
[ sql ] [ SQL ] SHOW COLUMNS FROM `goods` [ RunTime:0.000865s ]
[ sql ] [ SQL ] SELECT * FROM `goods` WHERE  `id` = 4 LIMIT 1 [ RunTime:0.000388s ]
[ sql ] [ SQL ] SHOW COLUMNS FROM `goods_image` [ RunTime:0.000566s ]
[ sql ] [ SQL ] SELECT * FROM `goods_image` WHERE  `goods_id` = 4 [ RunTime:0.000274s ]
[ sql ] [ SQL ] SELECT * FROM `goods_image` WHERE  `goods_id` = 4 [ RunTime:0.000291s ]
[ sql ] [ SQL ] SHOW COLUMNS FROM `image_by_goods` [ RunTime:0.000560s ]
[ sql ] [ SQL ] SELECT * FROM `image_by_goods` WHERE  `id` IN (10,11,12) [ RunTime:0.000304s ]
---------------------------------------------------------------
[ 2018-05-09T14:35:32+08:00 ] 117.136.98.152 GET /api/Goods?id=3
[ info ] www.guetused.top/api/Goods?id=3 [运行时间：0.033991s][吞吐率：29.42req/s] [内存消耗：3,757.66kb] [文件加载：52]
[ sql ] [ DB ] CONNECT:[ UseTime:0.000419s ] mysql:host=127.0.0.1;dbname=store;charset=utf8
[ sql ] [ SQL ] SHOW COLUMNS FROM `goods` [ RunTime:0.000827s ]
[ sql ] [ SQL ] SELECT * FROM `goods` WHERE  `id` = 3 LIMIT 1 [ RunTime:0.000384s ]
[ sql ] [ SQL ] SHOW COLUMNS FROM `goods_image` [ RunTime:0.000592s ]
[ sql ] [ SQL ] SELECT * FROM `goods_image` WHERE  `goods_id` = 3 [ RunTime:0.000343s ]
[ sql ] [ SQL ] SELECT * FROM `goods_image` WHERE  `goods_id` = 3 [ RunTime:0.000280s ]
[ sql ] [ SQL ] SHOW COLUMNS FROM `image_by_goods` [ RunTime:0.000665s ]
[ sql ] [ SQL ] SELECT * FROM `image_by_goods` WHERE  `id` IN (7,8,9) [ RunTime:0.000337s ]
---------------------------------------------------------------
[ 2018-05-09T14:35:34+08:00 ] 117.136.98.152 GET /api/Goods?id=3
[ info ] www.guetused.top/api/Goods?id=3 [运行时间：0.037132s][吞吐率：26.93req/s] [内存消耗：3,757.66kb] [文件加载：52]
[ sql ] [ DB ] CONNECT:[ UseTime:0.000664s ] mysql:host=127.0.0.1;dbname=store;charset=utf8
[ sql ] [ SQL ] SHOW COLUMNS FROM `goods` [ RunTime:0.000957s ]
[ sql ] [ SQL ] SELECT * FROM `goods` WHERE  `id` = 3 LIMIT 1 [ RunTime:0.000424s ]
[ sql ] [ SQL ] SHOW COLUMNS FROM `goods_image` [ RunTime:0.000608s ]
[ sql ] [ SQL ] SELECT * FROM `goods_image` WHERE  `goods_id` = 3 [ RunTime:0.000326s ]
[ sql ] [ SQL ] SELECT * FROM `goods_image` WHERE  `goods_id` = 3 [ RunTime:0.000328s ]
[ sql ] [ SQL ] SHOW COLUMNS FROM `image_by_goods` [ RunTime:0.000595s ]
[ sql ] [ SQL ] SELECT * FROM `image_by_goods` WHERE  `id` IN (7,8,9) [ RunTime:0.000355s ]
---------------------------------------------------------------
[ 2018-05-09T14:35:47+08:00 ] 111.59.124.151 GET /api/Banner?id=1&location=%E5%8C%97%E4%BA%AC
[ info ] www.guetused.top/api/Banner?id=1&location=%E5%8C%97%E4%BA%AC [运行时间：0.028595s][吞吐率：34.97req/s] [内存消耗：3,390.98kb] [文件加载：46]
[ sql ] [ DB ] CONNECT:[ UseTime:0.000942s ] mysql:host=127.0.0.1;dbname=store;charset=utf8
[ sql ] [ SQL ] SHOW COLUMNS FROM `banner` [ RunTime:0.000784s ]
[ sql ] [ SQL ] SELECT * FROM `banner` WHERE  `id` = 1 LIMIT 1 [ RunTime:0.000347s ]
[ sql ] [ SQL ] SHOW COLUMNS FROM `banner_item` [ RunTime:0.000559s ]
[ sql ] [ SQL ] SELECT * FROM `banner_item` WHERE  `location` = '北京'  AND `banner_id` = 1 [ RunTime:0.000315s ]
[ sql ] [ SQL ] SELECT * FROM `banner_item` WHERE  `location` = '北京'  AND `banner_id` = 1 [ RunTime:0.000315s ]
[ sql ] [ SQL ] SHOW COLUMNS FROM `image_by_banner` [ RunTime:0.000619s ]
[ sql ] [ SQL ] SELECT * FROM `image_by_banner` WHERE  `id` IN (1,2,3) [ RunTime:0.000322s ]
---------------------------------------------------------------
[ 2018-05-09T14:35:47+08:00 ] 111.59.124.151 GET /api/NewGoods?location=%E5%8C%97%E4%BA%AC
[ info ] www.guetused.top/api/NewGoods?location=%E5%8C%97%E4%BA%AC [运行时间：0.033245s][吞吐率：30.08req/s] [内存消耗：3,476.86kb] [文件加载：47]
[ sql ] [ DB ] CONNECT:[ UseTime:0.000536s ] mysql:host=127.0.0.1;dbname=store;charset=utf8
[ sql ] [ SQL ] SHOW COLUMNS FROM `type_location` [ RunTime:0.000817s ]
[ sql ] [ SQL ] SELECT * FROM `type_location` WHERE  `location` = '北京' ORDER BY create_time desc [ RunTime:0.000388s ]
[ sql ] [ SQL ] SHOW COLUMNS FROM `goods` [ RunTime:0.000600s ]
[ sql ] [ SQL ] SELECT `id`,`title`,`price`,`image_item` FROM `goods` WHERE  `id` IN (4,3,2,1) ORDER BY `create_time` [ RunTime:0.000362s ]
[ sql ] [ SQL ] SELECT `id`,`title`,`price`,`image_item` FROM `goods` WHERE  `id` IN (4,3,2,1) ORDER BY `create_time` [ RunTime:0.000371s ]
[ sql ] [ SQL ] SHOW COLUMNS FROM `goods_image` [ RunTime:0.000572s ]
[ sql ] [ SQL ] SELECT * FROM `goods_image` WHERE  `goods_id` IN (1,2,3,4) [ RunTime:0.000284s ]
[ sql ] [ SQL ] SELECT `id`,`title`,`price`,`image_item` FROM `goods` WHERE  `id` IN (4,3,2,1) ORDER BY `create_time` [ RunTime:0.000342s ]
[ sql ] [ SQL ] SELECT * FROM `goods_image` WHERE  `goods_id` IN (1,2,3,4) [ RunTime:0.000290s ]
[ sql ] [ SQL ] SHOW COLUMNS FROM `image_by_goods` [ RunTime:0.000570s ]
[ sql ] [ SQL ] SELECT * FROM `image_by_goods` WHERE  `id` IN (1,2,3,4,5,6,7,8,9,10,11,12) [ RunTime:0.000317s ]
---------------------------------------------------------------
[ 2018-05-09T14:35:50+08:00 ] 111.59.124.151 GET /api/Banner?id=1&location=%E5%8C%97%E4%BA%AC
[ info ] www.guetused.top/api/Banner?id=1&location=%E5%8C%97%E4%BA%AC [运行时间：0.055002s][吞吐率：18.18req/s] [内存消耗：3,390.98kb] [文件加载：46]
[ sql ] [ DB ] CONNECT:[ UseTime:0.010256s ] mysql:host=127.0.0.1;dbname=store;charset=utf8
[ sql ] [ SQL ] SHOW COLUMNS FROM `banner` [ RunTime:0.002102s ]
[ sql ] [ SQL ] SELECT * FROM `banner` WHERE  `id` = 1 LIMIT 1 [ RunTime:0.000438s ]
[ sql ] [ SQL ] SHOW COLUMNS FROM `banner_item` [ RunTime:0.001789s ]
[ sql ] [ SQL ] SELECT * FROM `banner_item` WHERE  `location` = '北京'  AND `banner_id` = 1 [ RunTime:0.000313s ]
[ sql ] [ SQL ] SELECT * FROM `banner_item` WHERE  `location` = '北京'  AND `banner_id` = 1 [ RunTime:0.003951s ]
[ sql ] [ SQL ] SHOW COLUMNS FROM `image_by_banner` [ RunTime:0.000598s ]
[ sql ] [ SQL ] SELECT * FROM `image_by_banner` WHERE  `id` IN (1,2,3) [ RunTime:0.000308s ]
---------------------------------------------------------------
[ 2018-05-09T14:35:50+08:00 ] 111.59.124.151 GET /api/NewGoods?location=%E5%8C%97%E4%BA%AC
[ info ] www.guetused.top/api/NewGoods?location=%E5%8C%97%E4%BA%AC [运行时间：0.051898s][吞吐率：19.27req/s] [内存消耗：3,476.86kb] [文件加载：47]
[ sql ] [ DB ] CONNECT:[ UseTime:0.001266s ] mysql:host=127.0.0.1;dbname=store;charset=utf8
[ sql ] [ SQL ] SHOW COLUMNS FROM `type_location` [ RunTime:0.000695s ]
[ sql ] [ SQL ] SELECT * FROM `type_location` WHERE  `location` = '北京' ORDER BY create_time desc [ RunTime:0.001460s ]
[ sql ] [ SQL ] SHOW COLUMNS FROM `goods` [ RunTime:0.001033s ]
[ sql ] [ SQL ] SELECT `id`,`title`,`price`,`image_item` FROM `goods` WHERE  `id` IN (4,3,2,1) ORDER BY `create_time` [ RunTime:0.002132s ]
[ sql ] [ SQL ] SELECT `id`,`title`,`price`,`image_item` FROM `goods` WHERE  `id` IN (4,3,2,1) ORDER BY `create_time` [ RunTime:0.000418s ]
[ sql ] [ SQL ] SHOW COLUMNS FROM `goods_image` [ RunTime:0.000576s ]
[ sql ] [ SQL ] SELECT * FROM `goods_image` WHERE  `goods_id` IN (1,2,3,4) [ RunTime:0.000409s ]
[ sql ] [ SQL ] SELECT `id`,`title`,`price`,`image_item` FROM `goods` WHERE  `id` IN (4,3,2,1) ORDER BY `create_time` [ RunTime:0.005449s ]
[ sql ] [ SQL ] SELECT * FROM `goods_image` WHERE  `goods_id` IN (1,2,3,4) [ RunTime:0.000294s ]
[ sql ] [ SQL ] SHOW COLUMNS FROM `image_by_goods` [ RunTime:0.000609s ]
[ sql ] [ SQL ] SELECT * FROM `image_by_goods` WHERE  `id` IN (1,2,3,4,5,6,7,8,9,10,11,12) [ RunTime:0.000358s ]
---------------------------------------------------------------
[ 2018-05-09T14:36:30+08:00 ] 111.59.124.151 GET /api/Banner?id=1&location=%E5%8C%97%E4%BA%AC
[ info ] www.guetused.top/api/Banner?id=1&location=%E5%8C%97%E4%BA%AC [运行时间：0.061292s][吞吐率：16.32req/s] [内存消耗：3,391.15kb] [文件加载：46]
[ sql ] [ DB ] CONNECT:[ UseTime:0.001328s ] mysql:host=127.0.0.1;dbname=store;charset=utf8
[ sql ] [ SQL ] SHOW COLUMNS FROM `banner` [ RunTime:0.000702s ]
[ sql ] [ SQL ] SELECT * FROM `banner` WHERE  `id` = 1 LIMIT 1 [ RunTime:0.001573s ]
[ sql ] [ SQL ] SHOW COLUMNS FROM `banner_item` [ RunTime:0.000825s ]
[ sql ] [ SQL ] SELECT * FROM `banner_item` WHERE  `location` = '北京'  AND `banner_id` = 1 [ RunTime:0.001046s ]
[ sql ] [ SQL ] SELECT * FROM `banner_item` WHERE  `location` = '北京'  AND `banner_id` = 1 [ RunTime:0.001673s ]
[ sql ] [ SQL ] SHOW COLUMNS FROM `image_by_banner` [ RunTime:0.001413s ]
[ sql ] [ SQL ] SELECT * FROM `image_by_banner` WHERE  `id` IN (1,2,3) [ RunTime:0.000773s ]
---------------------------------------------------------------
[ 2018-05-09T14:36:30+08:00 ] 111.59.124.151 GET /api/NewGoods?location=%E5%8C%97%E4%BA%AC
[ info ] www.guetused.top/api/NewGoods?location=%E5%8C%97%E4%BA%AC [运行时间：0.058476s][吞吐率：17.10req/s] [内存消耗：3,477.21kb] [文件加载：47]
[ sql ] [ DB ] CONNECT:[ UseTime:0.002891s ] mysql:host=127.0.0.1;dbname=store;charset=utf8
[ sql ] [ SQL ] SHOW COLUMNS FROM `type_location` [ RunTime:0.002226s ]
[ sql ] [ SQL ] SELECT * FROM `type_location` WHERE  `location` = '北京' ORDER BY create_time desc [ RunTime:0.000514s ]
[ sql ] [ SQL ] SHOW COLUMNS FROM `goods` [ RunTime:0.001711s ]
[ sql ] [ SQL ] SELECT `id`,`title`,`price`,`image_item` FROM `goods` WHERE  `id` IN (4,3,2,1) ORDER BY `create_time` [ RunTime:0.002024s ]
[ sql ] [ SQL ] SELECT `id`,`title`,`price`,`image_item` FROM `goods` WHERE  `id` IN (4,3,2,1) ORDER BY `create_time` [ RunTime:0.001139s ]
[ sql ] [ SQL ] SHOW COLUMNS FROM `goods_image` [ RunTime:0.001057s ]
[ sql ] [ SQL ] SELECT * FROM `goods_image` WHERE  `goods_id` IN (1,2,3,4) [ RunTime:0.003844s ]
[ sql ] [ SQL ] SELECT `id`,`title`,`price`,`image_item` FROM `goods` WHERE  `id` IN (4,3,2,1) ORDER BY `create_time` [ RunTime:0.000321s ]
[ sql ] [ SQL ] SELECT * FROM `goods_image` WHERE  `goods_id` IN (1,2,3,4) [ RunTime:0.000295s ]
[ sql ] [ SQL ] SHOW COLUMNS FROM `image_by_goods` [ RunTime:0.000585s ]
[ sql ] [ SQL ] SELECT * FROM `image_by_goods` WHERE  `id` IN (1,2,3,4,5,6,7,8,9,10,11,12) [ RunTime:0.000363s ]
---------------------------------------------------------------
[ 2018-05-09T14:36:46+08:00 ] 117.136.98.152 GET /api/Banner?id=1&location=%E5%8C%97%E4%BA%AC
[ info ] www.guetused.top/api/Banner?id=1&location=%E5%8C%97%E4%BA%AC [运行时间：0.048374s][吞吐率：20.67req/s] [内存消耗：3,391.06kb] [文件加载：46]
[ sql ] [ DB ] CONNECT:[ UseTime:0.021221s ] mysql:host=127.0.0.1;dbname=store;charset=utf8
[ sql ] [ SQL ] SHOW COLUMNS FROM `banner` [ RunTime:0.000799s ]
[ sql ] [ SQL ] SELECT * FROM `banner` WHERE  `id` = 1 LIMIT 1 [ RunTime:0.000349s ]
[ sql ] [ SQL ] SHOW COLUMNS FROM `banner_item` [ RunTime:0.000562s ]
[ sql ] [ SQL ] SELECT * FROM `banner_item` WHERE  `location` = '北京'  AND `banner_id` = 1 [ RunTime:0.000293s ]
[ sql ] [ SQL ] SELECT * FROM `banner_item` WHERE  `location` = '北京'  AND `banner_id` = 1 [ RunTime:0.000303s ]
[ sql ] [ SQL ] SHOW COLUMNS FROM `image_by_banner` [ RunTime:0.000561s ]
[ sql ] [ SQL ] SELECT * FROM `image_by_banner` WHERE  `id` IN (1,2,3) [ RunTime:0.000310s ]
---------------------------------------------------------------
[ 2018-05-09T14:36:46+08:00 ] 117.136.98.152 GET /api/NewGoods?location=%E5%8C%97%E4%BA%AC
[ info ] www.guetused.top/api/NewGoods?location=%E5%8C%97%E4%BA%AC [运行时间：0.041210s][吞吐率：24.27req/s] [内存消耗：3,476.58kb] [文件加载：47]
[ sql ] [ DB ] CONNECT:[ UseTime:0.010187s ] mysql:host=127.0.0.1;dbname=store;charset=utf8
[ sql ] [ SQL ] SHOW COLUMNS FROM `type_location` [ RunTime:0.000629s ]
[ sql ] [ SQL ] SELECT * FROM `type_location` WHERE  `location` = '北京' ORDER BY create_time desc [ RunTime:0.000326s ]
[ sql ] [ SQL ] SHOW COLUMNS FROM `goods` [ RunTime:0.000587s ]
[ sql ] [ SQL ] SELECT `id`,`title`,`price`,`image_item` FROM `goods` WHERE  `id` IN (4,3,2,1) ORDER BY `create_time` [ RunTime:0.000335s ]
[ sql ] [ SQL ] SELECT `id`,`title`,`price`,`image_item` FROM `goods` WHERE  `id` IN (4,3,2,1) ORDER BY `create_time` [ RunTime:0.000304s ]
[ sql ] [ SQL ] SHOW COLUMNS FROM `goods_image` [ RunTime:0.000567s ]
[ sql ] [ SQL ] SELECT * FROM `goods_image` WHERE  `goods_id` IN (1,2,3,4) [ RunTime:0.000264s ]
[ sql ] [ SQL ] SELECT `id`,`title`,`price`,`image_item` FROM `goods` WHERE  `id` IN (4,3,2,1) ORDER BY `create_time` [ RunTime:0.000299s ]
[ sql ] [ SQL ] SELECT * FROM `goods_image` WHERE  `goods_id` IN (1,2,3,4) [ RunTime:0.000287s ]
[ sql ] [ SQL ] SHOW COLUMNS FROM `image_by_goods` [ RunTime:0.000576s ]
[ sql ] [ SQL ] SELECT * FROM `image_by_goods` WHERE  `id` IN (1,2,3,4,5,6,7,8,9,10,11,12) [ RunTime:0.000339s ]
---------------------------------------------------------------
[ 2018-05-09T14:36:49+08:00 ] 117.136.98.152 GET /api/Goods?id=4
[ info ] www.guetused.top/api/Goods?id=4 [运行时间：0.034962s][吞吐率：28.60req/s] [内存消耗：3,757.76kb] [文件加载：52]
[ sql ] [ DB ] CONNECT:[ UseTime:0.000551s ] mysql:host=127.0.0.1;dbname=store;charset=utf8
[ sql ] [ SQL ] SHOW COLUMNS FROM `goods` [ RunTime:0.000877s ]
[ sql ] [ SQL ] SELECT * FROM `goods` WHERE  `id` = 4 LIMIT 1 [ RunTime:0.000395s ]
[ sql ] [ SQL ] SHOW COLUMNS FROM `goods_image` [ RunTime:0.000585s ]
[ sql ] [ SQL ] SELECT * FROM `goods_image` WHERE  `goods_id` = 4 [ RunTime:0.000301s ]
[ sql ] [ SQL ] SELECT * FROM `goods_image` WHERE  `goods_id` = 4 [ RunTime:0.000290s ]
[ sql ] [ SQL ] SHOW COLUMNS FROM `image_by_goods` [ RunTime:0.000585s ]
[ sql ] [ SQL ] SELECT * FROM `image_by_goods` WHERE  `id` IN (10,11,12) [ RunTime:0.000342s ]
---------------------------------------------------------------
[ 2018-05-09T14:36:51+08:00 ] 117.136.98.152 GET /api/Goods?id=3
[ info ] www.guetused.top/api/Goods?id=3 [运行时间：0.036225s][吞吐率：27.61req/s] [内存消耗：3,757.66kb] [文件加载：52]
[ sql ] [ DB ] CONNECT:[ UseTime:0.000566s ] mysql:host=127.0.0.1;dbname=store;charset=utf8
[ sql ] [ SQL ] SHOW COLUMNS FROM `goods` [ RunTime:0.000855s ]
[ sql ] [ SQL ] SELECT * FROM `goods` WHERE  `id` = 3 LIMIT 1 [ RunTime:0.000386s ]
[ sql ] [ SQL ] SHOW COLUMNS FROM `goods_image` [ RunTime:0.000582s ]
[ sql ] [ SQL ] SELECT * FROM `goods_image` WHERE  `goods_id` = 3 [ RunTime:0.000276s ]
[ sql ] [ SQL ] SELECT * FROM `goods_image` WHERE  `goods_id` = 3 [ RunTime:0.000311s ]
[ sql ] [ SQL ] SHOW COLUMNS FROM `image_by_goods` [ RunTime:0.000577s ]
[ sql ] [ SQL ] SELECT * FROM `image_by_goods` WHERE  `id` IN (7,8,9) [ RunTime:0.000318s ]
---------------------------------------------------------------
[ 2018-05-09T14:36:53+08:00 ] 117.136.98.152 GET /api/Goods?id=2
[ info ] www.guetused.top/api/Goods?id=2 [运行时间：0.036484s][吞吐率：27.41req/s] [内存消耗：3,757.66kb] [文件加载：52]
[ sql ] [ DB ] CONNECT:[ UseTime:0.000523s ] mysql:host=127.0.0.1;dbname=store;charset=utf8
[ sql ] [ SQL ] SHOW COLUMNS FROM `goods` [ RunTime:0.001305s ]
[ sql ] [ SQL ] SELECT * FROM `goods` WHERE  `id` = 2 LIMIT 1 [ RunTime:0.000622s ]
[ sql ] [ SQL ] SHOW COLUMNS FROM `goods_image` [ RunTime:0.000961s ]
[ sql ] [ SQL ] SELECT * FROM `goods_image` WHERE  `goods_id` = 2 [ RunTime:0.000448s ]
[ sql ] [ SQL ] SELECT * FROM `goods_image` WHERE  `goods_id` = 2 [ RunTime:0.000350s ]
[ sql ] [ SQL ] SHOW COLUMNS FROM `image_by_goods` [ RunTime:0.000742s ]
[ sql ] [ SQL ] SELECT * FROM `image_by_goods` WHERE  `id` IN (1,2,3) [ RunTime:0.000448s ]
---------------------------------------------------------------
[ 2018-05-09T14:36:55+08:00 ] 117.136.98.152 GET /api/Goods?id=1
[ info ] www.guetused.top/api/Goods?id=1 [运行时间：0.034136s][吞吐率：29.29req/s] [内存消耗：3,757.74kb] [文件加载：52]
[ sql ] [ DB ] CONNECT:[ UseTime:0.000476s ] mysql:host=127.0.0.1;dbname=store;charset=utf8
[ sql ] [ SQL ] SHOW COLUMNS FROM `goods` [ RunTime:0.000823s ]
[ sql ] [ SQL ] SELECT * FROM `goods` WHERE  `id` = 1 LIMIT 1 [ RunTime:0.000383s ]
[ sql ] [ SQL ] SHOW COLUMNS FROM `goods_image` [ RunTime:0.000670s ]
[ sql ] [ SQL ] SELECT * FROM `goods_image` WHERE  `goods_id` = 1 [ RunTime:0.000267s ]
[ sql ] [ SQL ] SELECT * FROM `goods_image` WHERE  `goods_id` = 1 [ RunTime:0.000272s ]
[ sql ] [ SQL ] SHOW COLUMNS FROM `image_by_goods` [ RunTime:0.000579s ]
[ sql ] [ SQL ] SELECT * FROM `image_by_goods` WHERE  `id` IN (4,5,6) [ RunTime:0.000315s ]
---------------------------------------------------------------
[ 2018-05-09T14:36:59+08:00 ] 117.136.98.152 GET /api/Goods?id=1
[ info ] www.guetused.top/api/Goods?id=1 [运行时间：0.035892s][吞吐率：27.86req/s] [内存消耗：3,757.74kb] [文件加载：52]
[ sql ] [ DB ] CONNECT:[ UseTime:0.000574s ] mysql:host=127.0.0.1;dbname=store;charset=utf8
[ sql ] [ SQL ] SHOW COLUMNS FROM `goods` [ RunTime:0.000865s ]
[ sql ] [ SQL ] SELECT * FROM `goods` WHERE  `id` = 1 LIMIT 1 [ RunTime:0.000406s ]
[ sql ] [ SQL ] SHOW COLUMNS FROM `goods_image` [ RunTime:0.000585s ]
[ sql ] [ SQL ] SELECT * FROM `goods_image` WHERE  `goods_id` = 1 [ RunTime:0.000301s ]
[ sql ] [ SQL ] SELECT * FROM `goods_image` WHERE  `goods_id` = 1 [ RunTime:0.000289s ]
[ sql ] [ SQL ] SHOW COLUMNS FROM `image_by_goods` [ RunTime:0.000626s ]
[ sql ] [ SQL ] SELECT * FROM `image_by_goods` WHERE  `id` IN (4,5,6) [ RunTime:0.000342s ]
---------------------------------------------------------------
[ 2018-05-09T14:37:01+08:00 ] 117.136.98.152 GET /api/TypeLocation?type=11&location=%E5%8C%97%E4%BA%AC
[ info ] www.guetused.top/api/TypeLocation?type=11&location=%E5%8C%97%E4%BA%AC [运行时间：0.032985s][吞吐率：30.32req/s] [内存消耗：3,476.84kb] [文件加载：47]
[ sql ] [ DB ] CONNECT:[ UseTime:0.000435s ] mysql:host=127.0.0.1;dbname=store;charset=utf8
[ sql ] [ SQL ] SHOW COLUMNS FROM `type_location` [ RunTime:0.000818s ]
[ sql ] [ SQL ] SELECT * FROM `type_location` WHERE  `type` = 11  AND `location` = '北京' [ RunTime:0.000382s ]
[ sql ] [ SQL ] SHOW COLUMNS FROM `goods` [ RunTime:0.000605s ]
[ sql ] [ SQL ] SELECT `id`,`title`,`price`,`image_item` FROM `goods` WHERE  `id` IN (1,2,3,4) [ RunTime:0.000340s ]
[ sql ] [ SQL ] SELECT `id`,`title`,`price`,`image_item` FROM `goods` WHERE  `id` IN (1,2,3,4) [ RunTime:0.000323s ]
[ sql ] [ SQL ] SHOW COLUMNS FROM `goods_image` [ RunTime:0.000556s ]
[ sql ] [ SQL ] SELECT * FROM `goods_image` WHERE  `goods_id` IN (1,2,3,4) [ RunTime:0.000275s ]
[ sql ] [ SQL ] SELECT `id`,`title`,`price`,`image_item` FROM `goods` WHERE  `id` IN (1,2,3,4) [ RunTime:0.000293s ]
[ sql ] [ SQL ] SELECT * FROM `goods_image` WHERE  `goods_id` IN (1,2,3,4) [ RunTime:0.000397s ]
[ sql ] [ SQL ] SHOW COLUMNS FROM `image_by_goods` [ RunTime:0.000562s ]
[ sql ] [ SQL ] SELECT * FROM `image_by_goods` WHERE  `id` IN (1,2,3,4,5,6,7,8,9,10,11,12) [ RunTime:0.000314s ]
---------------------------------------------------------------
[ 2018-05-09T14:37:05+08:00 ] 117.136.98.152 GET /api/TypeLocation?type=11&location=%E5%8C%97%E4%BA%AC
[ info ] www.guetused.top/api/TypeLocation?type=11&location=%E5%8C%97%E4%BA%AC [运行时间：0.033940s][吞吐率：29.46req/s] [内存消耗：3,476.84kb] [文件加载：47]
[ sql ] [ DB ] CONNECT:[ UseTime:0.000493s ] mysql:host=127.0.0.1;dbname=store;charset=utf8
[ sql ] [ SQL ] SHOW COLUMNS FROM `type_location` [ RunTime:0.002053s ]
[ sql ] [ SQL ] SELECT * FROM `type_location` WHERE  `type` = 11  AND `location` = '北京' [ RunTime:0.000417s ]
[ sql ] [ SQL ] SHOW COLUMNS FROM `goods` [ RunTime:0.000606s ]
[ sql ] [ SQL ] SELECT `id`,`title`,`price`,`image_item` FROM `goods` WHERE  `id` IN (1,2,3,4) [ RunTime:0.000312s ]
[ sql ] [ SQL ] SELECT `id`,`title`,`price`,`image_item` FROM `goods` WHERE  `id` IN (1,2,3,4) [ RunTime:0.000321s ]
[ sql ] [ SQL ] SHOW COLUMNS FROM `goods_image` [ RunTime:0.000663s ]
[ sql ] [ SQL ] SELECT * FROM `goods_image` WHERE  `goods_id` IN (1,2,3,4) [ RunTime:0.000273s ]
[ sql ] [ SQL ] SELECT `id`,`title`,`price`,`image_item` FROM `goods` WHERE  `id` IN (1,2,3,4) [ RunTime:0.000319s ]
[ sql ] [ SQL ] SELECT * FROM `goods_image` WHERE  `goods_id` IN (1,2,3,4) [ RunTime:0.000300s ]
[ sql ] [ SQL ] SHOW COLUMNS FROM `image_by_goods` [ RunTime:0.000587s ]
[ sql ] [ SQL ] SELECT * FROM `image_by_goods` WHERE  `id` IN (1,2,3,4,5,6,7,8,9,10,11,12) [ RunTime:0.000336s ]
---------------------------------------------------------------
[ 2018-05-09T14:37:11+08:00 ] 111.59.124.151 GET /api/Banner?id=1&location=%E5%8C%97%E4%BA%AC
[ info ] www.guetused.top/api/Banner?id=1&location=%E5%8C%97%E4%BA%AC [运行时间：0.064695s][吞吐率：15.46req/s] [内存消耗：3,391.15kb] [文件加载：46]
[ sql ] [ DB ] CONNECT:[ UseTime:0.001355s ] mysql:host=127.0.0.1;dbname=store;charset=utf8
[ sql ] [ SQL ] SHOW COLUMNS FROM `banner` [ RunTime:0.001313s ]
[ sql ] [ SQL ] SELECT * FROM `banner` WHERE  `id` = 1 LIMIT 1 [ RunTime:0.001069s ]
[ sql ] [ SQL ] SHOW COLUMNS FROM `banner_item` [ RunTime:0.000854s ]
[ sql ] [ SQL ] SELECT * FROM `banner_item` WHERE  `location` = '北京'  AND `banner_id` = 1 [ RunTime:0.001086s ]
[ sql ] [ SQL ] SELECT * FROM `banner_item` WHERE  `location` = '北京'  AND `banner_id` = 1 [ RunTime:0.001811s ]
[ sql ] [ SQL ] SHOW COLUMNS FROM `image_by_banner` [ RunTime:0.001455s ]
[ sql ] [ SQL ] SELECT * FROM `image_by_banner` WHERE  `id` IN (1,2,3) [ RunTime:0.000924s ]
---------------------------------------------------------------
[ 2018-05-09T14:37:11+08:00 ] 111.59.124.151 GET /api/NewGoods?location=%E5%8C%97%E4%BA%AC
[ info ] www.guetused.top/api/NewGoods?location=%E5%8C%97%E4%BA%AC [运行时间：0.062608s][吞吐率：15.97req/s] [内存消耗：3,477.21kb] [文件加载：47]
[ sql ] [ DB ] CONNECT:[ UseTime:0.003973s ] mysql:host=127.0.0.1;dbname=store;charset=utf8
[ sql ] [ SQL ] SHOW COLUMNS FROM `type_location` [ RunTime:0.001710s ]
[ sql ] [ SQL ] SELECT * FROM `type_location` WHERE  `location` = '北京' ORDER BY create_time desc [ RunTime:0.001072s ]
[ sql ] [ SQL ] SHOW COLUMNS FROM `goods` [ RunTime:0.001758s ]
[ sql ] [ SQL ] SELECT `id`,`title`,`price`,`image_item` FROM `goods` WHERE  `id` IN (4,3,2,1) ORDER BY `create_time` [ RunTime:0.002114s ]
[ sql ] [ SQL ] SELECT `id`,`title`,`price`,`image_item` FROM `goods` WHERE  `id` IN (4,3,2,1) ORDER BY `create_time` [ RunTime:0.001143s ]
[ sql ] [ SQL ] SHOW COLUMNS FROM `goods_image` [ RunTime:0.001078s ]
[ sql ] [ SQL ] SELECT * FROM `goods_image` WHERE  `goods_id` IN (1,2,3,4) [ RunTime:0.004245s ]
[ sql ] [ SQL ] SELECT `id`,`title`,`price`,`image_item` FROM `goods` WHERE  `id` IN (4,3,2,1) ORDER BY `create_time` [ RunTime:0.000441s ]
[ sql ] [ SQL ] SELECT * FROM `goods_image` WHERE  `goods_id` IN (1,2,3,4) [ RunTime:0.000302s ]
[ sql ] [ SQL ] SHOW COLUMNS FROM `image_by_goods` [ RunTime:0.000580s ]
[ sql ] [ SQL ] SELECT * FROM `image_by_goods` WHERE  `id` IN (1,2,3,4,5,6,7,8,9,10,11,12) [ RunTime:0.000356s ]
---------------------------------------------------------------
[ 2018-05-09T14:40:05+08:00 ] 117.136.98.152 GET /api/TypeLocation?type=11&location=%E5%8C%97%E4%BA%AC
[ info ] www.guetused.top/api/TypeLocation?type=11&location=%E5%8C%97%E4%BA%AC [运行时间：0.036072s][吞吐率：27.72req/s] [内存消耗：3,476.84kb] [文件加载：47]
[ sql ] [ DB ] CONNECT:[ UseTime:0.000414s ] mysql:host=127.0.0.1;dbname=store;charset=utf8
[ sql ] [ SQL ] SHOW COLUMNS FROM `type_location` [ RunTime:0.000812s ]
[ sql ] [ SQL ] SELECT * FROM `type_location` WHERE  `type` = 11  AND `location` = '北京' [ RunTime:0.000377s ]
[ sql ] [ SQL ] SHOW COLUMNS FROM `goods` [ RunTime:0.000598s ]
[ sql ] [ SQL ] SELECT `id`,`title`,`price`,`image_item` FROM `goods` WHERE  `id` IN (1,2,3,4) [ RunTime:0.000329s ]
[ sql ] [ SQL ] SELECT `id`,`title`,`price`,`image_item` FROM `goods` WHERE  `id` IN (1,2,3,4) [ RunTime:0.000298s ]
[ sql ] [ SQL ] SHOW COLUMNS FROM `goods_image` [ RunTime:0.000573s ]
[ sql ] [ SQL ] SELECT * FROM `goods_image` WHERE  `goods_id` IN (1,2,3,4) [ RunTime:0.000274s ]
[ sql ] [ SQL ] SELECT `id`,`title`,`price`,`image_item` FROM `goods` WHERE  `id` IN (1,2,3,4) [ RunTime:0.000313s ]
[ sql ] [ SQL ] SELECT * FROM `goods_image` WHERE  `goods_id` IN (1,2,3,4) [ RunTime:0.000283s ]
[ sql ] [ SQL ] SHOW COLUMNS FROM `image_by_goods` [ RunTime:0.000561s ]
[ sql ] [ SQL ] SELECT * FROM `image_by_goods` WHERE  `id` IN (1,2,3,4,5,6,7,8,9,10,11,12) [ RunTime:0.000355s ]
---------------------------------------------------------------
[ 2018-05-09T14:40:06+08:00 ] 117.136.98.152 GET /api/Goods?id=1
[ info ] www.guetused.top/api/Goods?id=1 [运行时间：0.037196s][吞吐率：26.88req/s] [内存消耗：3,757.74kb] [文件加载：52]
[ sql ] [ DB ] CONNECT:[ UseTime:0.000479s ] mysql:host=127.0.0.1;dbname=store;charset=utf8
[ sql ] [ SQL ] SHOW COLUMNS FROM `goods` [ RunTime:0.002900s ]
[ sql ] [ SQL ] SELECT * FROM `goods` WHERE  `id` = 1 LIMIT 1 [ RunTime:0.000441s ]
[ sql ] [ SQL ] SHOW COLUMNS FROM `goods_image` [ RunTime:0.000595s ]
[ sql ] [ SQL ] SELECT * FROM `goods_image` WHERE  `goods_id` = 1 [ RunTime:0.000283s ]
[ sql ] [ SQL ] SELECT * FROM `goods_image` WHERE  `goods_id` = 1 [ RunTime:0.000299s ]
[ sql ] [ SQL ] SHOW COLUMNS FROM `image_by_goods` [ RunTime:0.000602s ]
[ sql ] [ SQL ] SELECT * FROM `image_by_goods` WHERE  `id` IN (4,5,6) [ RunTime:0.000325s ]
---------------------------------------------------------------
[ 2018-05-09T14:40:08+08:00 ] 117.136.98.152 GET /api/Goods?id=2
[ info ] www.guetused.top/api/Goods?id=2 [运行时间：0.033359s][吞吐率：29.98req/s] [内存消耗：3,757.66kb] [文件加载：52]
[ sql ] [ DB ] CONNECT:[ UseTime:0.000487s ] mysql:host=127.0.0.1;dbname=store;charset=utf8
[ sql ] [ SQL ] SHOW COLUMNS FROM `goods` [ RunTime:0.000832s ]
[ sql ] [ SQL ] SELECT * FROM `goods` WHERE  `id` = 2 LIMIT 1 [ RunTime:0.000363s ]
[ sql ] [ SQL ] SHOW COLUMNS FROM `goods_image` [ RunTime:0.000553s ]
[ sql ] [ SQL ] SELECT * FROM `goods_image` WHERE  `goods_id` = 2 [ RunTime:0.000278s ]
[ sql ] [ SQL ] SELECT * FROM `goods_image` WHERE  `goods_id` = 2 [ RunTime:0.000281s ]
[ sql ] [ SQL ] SHOW COLUMNS FROM `image_by_goods` [ RunTime:0.000589s ]
[ sql ] [ SQL ] SELECT * FROM `image_by_goods` WHERE  `id` IN (1,2,3) [ RunTime:0.000303s ]
---------------------------------------------------------------
[ 2018-05-09T14:40:17+08:00 ] 117.136.98.152 GET /api/Goods?id=3
[ info ] www.guetused.top/api/Goods?id=3 [运行时间：0.033700s][吞吐率：29.67req/s] [内存消耗：3,757.77kb] [文件加载：52]
[ sql ] [ DB ] CONNECT:[ UseTime:0.000422s ] mysql:host=127.0.0.1;dbname=store;charset=utf8
[ sql ] [ SQL ] SHOW COLUMNS FROM `goods` [ RunTime:0.000830s ]
[ sql ] [ SQL ] SELECT * FROM `goods` WHERE  `id` = 3 LIMIT 1 [ RunTime:0.000391s ]
[ sql ] [ SQL ] SHOW COLUMNS FROM `goods_image` [ RunTime:0.000552s ]
[ sql ] [ SQL ] SELECT * FROM `goods_image` WHERE  `goods_id` = 3 [ RunTime:0.000285s ]
[ sql ] [ SQL ] SELECT * FROM `goods_image` WHERE  `goods_id` = 3 [ RunTime:0.000273s ]
[ sql ] [ SQL ] SHOW COLUMNS FROM `image_by_goods` [ RunTime:0.000749s ]
[ sql ] [ SQL ] SELECT * FROM `image_by_goods` WHERE  `id` IN (7,8,9) [ RunTime:0.000324s ]
---------------------------------------------------------------
[ 2018-05-09T14:40:21+08:00 ] 117.136.98.152 GET /api/Goods?id=1
[ info ] www.guetused.top/api/Goods?id=1 [运行时间：0.033437s][吞吐率：29.91req/s] [内存消耗：3,757.74kb] [文件加载：52]
[ sql ] [ DB ] CONNECT:[ UseTime:0.000436s ] mysql:host=127.0.0.1;dbname=store;charset=utf8
[ sql ] [ SQL ] SHOW COLUMNS FROM `goods` [ RunTime:0.000844s ]
[ sql ] [ SQL ] SELECT * FROM `goods` WHERE  `id` = 1 LIMIT 1 [ RunTime:0.000368s ]
[ sql ] [ SQL ] SHOW COLUMNS FROM `goods_image` [ RunTime:0.000571s ]
[ sql ] [ SQL ] SELECT * FROM `goods_image` WHERE  `goods_id` = 1 [ RunTime:0.000265s ]
[ sql ] [ SQL ] SELECT * FROM `goods_image` WHERE  `goods_id` = 1 [ RunTime:0.000282s ]
[ sql ] [ SQL ] SHOW COLUMNS FROM `image_by_goods` [ RunTime:0.000574s ]
[ sql ] [ SQL ] SELECT * FROM `image_by_goods` WHERE  `id` IN (4,5,6) [ RunTime:0.000305s ]
