---------------------------------------------------------------
[ 2018-05-14T18:29:55+08:00 ] 111.59.124.169 GET /api/Task?location=%E5%8C%97%E4%BA%AC
[ info ] www.guetused.top/api/Task?location=%E5%8C%97%E4%BA%AC [运行时间：0.085719s][吞吐率：11.67req/s] [内存消耗：3,317.86kb] [文件加载：44]
[ sql ] [ DB ] CONNECT:[ UseTime:0.013906s ] mysql:host=127.0.0.1;dbname=store;charset=utf8
[ sql ] [ SQL ] SHOW COLUMNS FROM `task_location` [ RunTime:0.004932s ]
[ sql ] [ SQL ] SELECT * FROM `task_location` WHERE  `location` = '北京' [ RunTime:0.000698s ]
[ sql ] [ SQL ] SHOW COLUMNS FROM `task` [ RunTime:0.002533s ]
[ sql ] [ SQL ] SELECT * FROM `task` WHERE  `id` IN (1,2) [ RunTime:0.002080s ]
---------------------------------------------------------------
[ 2018-05-14T18:29:55+08:00 ] 111.59.124.169 GET /api/Banner?id=1&location=%E5%8C%97%E4%BA%AC
[ info ] www.guetused.top/api/Banner?id=1&location=%E5%8C%97%E4%BA%AC [运行时间：0.109968s][吞吐率：9.09req/s] [内存消耗：3,425.86kb] [文件加载：46]
[ sql ] [ DB ] CONNECT:[ UseTime:0.003237s ] mysql:host=127.0.0.1;dbname=store;charset=utf8
[ sql ] [ SQL ] SHOW COLUMNS FROM `banner` [ RunTime:0.001637s ]
[ sql ] [ SQL ] SELECT * FROM `banner` WHERE  `id` = 1 LIMIT 1 [ RunTime:0.002052s ]
[ sql ] [ SQL ] SHOW COLUMNS FROM `banner_item` [ RunTime:0.003550s ]
[ sql ] [ SQL ] SELECT * FROM `banner_item` WHERE  `location` = '北京'  AND `banner_id` = 1 [ RunTime:0.004979s ]
[ sql ] [ SQL ] SELECT * FROM `banner_item` WHERE  `location` = '北京'  AND `banner_id` = 1 [ RunTime:0.005881s ]
[ sql ] [ SQL ] SHOW COLUMNS FROM `image_by_banner` [ RunTime:0.001674s ]
[ sql ] [ SQL ] SELECT * FROM `image_by_banner` WHERE  `id` IN (1,2,3) [ RunTime:0.000296s ]
---------------------------------------------------------------
[ 2018-05-14T18:29:55+08:00 ] 111.59.124.169 GET /api/NewGoods?location=%E5%8C%97%E4%BA%AC
[ info ] www.guetused.top/api/NewGoods?location=%E5%8C%97%E4%BA%AC [运行时间：0.094086s][吞吐率：10.63req/s] [内存消耗：3,512.85kb] [文件加载：47]
[ sql ] [ DB ] CONNECT:[ UseTime:0.011619s ] mysql:host=127.0.0.1;dbname=store;charset=utf8
[ sql ] [ SQL ] SHOW COLUMNS FROM `type_location` [ RunTime:0.001949s ]
[ sql ] [ SQL ] SELECT * FROM `type_location` WHERE  `location` = '北京' ORDER BY `create_time` DESC [ RunTime:0.003392s ]
[ sql ] [ SQL ] SHOW COLUMNS FROM `goods` [ RunTime:0.002298s ]
[ sql ] [ SQL ] SELECT `id`,`title`,`price`,`image_item` FROM `goods` WHERE  `id` IN (4,3,2,1) ORDER BY `create_time` [ RunTime:0.006900s ]
[ sql ] [ SQL ] SELECT `id`,`title`,`price`,`image_item` FROM `goods` WHERE  `id` IN (4,3,2,1) ORDER BY `create_time` [ RunTime:0.000675s ]
[ sql ] [ SQL ] SHOW COLUMNS FROM `goods_image` [ RunTime:0.000733s ]
[ sql ] [ SQL ] SELECT * FROM `goods_image` WHERE  `goods_id` IN (1,2,3,4) [ RunTime:0.000250s ]
[ sql ] [ SQL ] SELECT `id`,`title`,`price`,`image_item` FROM `goods` WHERE  `id` IN (4,3,2,1) ORDER BY `create_time` [ RunTime:0.000322s ]
[ sql ] [ SQL ] SELECT * FROM `goods_image` WHERE  `goods_id` IN (1,2,3,4) [ RunTime:0.001491s ]
[ sql ] [ SQL ] SHOW COLUMNS FROM `image_by_goods` [ RunTime:0.004968s ]
[ sql ] [ SQL ] SELECT * FROM `image_by_goods` WHERE  `id` IN (1,2,3,4,5,6,7,8,9,10,11,12) [ RunTime:0.000331s ]
---------------------------------------------------------------
[ 2018-05-14T18:30:05+08:00 ] 111.59.124.169 GET /api/Banner?id=1&location=%E5%8C%97%E4%BA%AC
[ info ] www.guetused.top/api/Banner?id=1&location=%E5%8C%97%E4%BA%AC [运行时间：0.086477s][吞吐率：11.56req/s] [内存消耗：3,425.92kb] [文件加载：46]
[ sql ] [ DB ] CONNECT:[ UseTime:0.008120s ] mysql:host=127.0.0.1;dbname=store;charset=utf8
[ sql ] [ SQL ] SHOW COLUMNS FROM `banner` [ RunTime:0.000789s ]
[ sql ] [ SQL ] SELECT * FROM `banner` WHERE  `id` = 1 LIMIT 1 [ RunTime:0.000317s ]
[ sql ] [ SQL ] SHOW COLUMNS FROM `banner_item` [ RunTime:0.000551s ]
[ sql ] [ SQL ] SELECT * FROM `banner_item` WHERE  `location` = '北京'  AND `banner_id` = 1 [ RunTime:0.000295s ]
[ sql ] [ SQL ] SELECT * FROM `banner_item` WHERE  `location` = '北京'  AND `banner_id` = 1 [ RunTime:0.000278s ]
[ sql ] [ SQL ] SHOW COLUMNS FROM `image_by_banner` [ RunTime:0.000542s ]
[ sql ] [ SQL ] SELECT * FROM `image_by_banner` WHERE  `id` IN (1,2,3) [ RunTime:0.000447s ]
---------------------------------------------------------------
[ 2018-05-14T18:30:05+08:00 ] 111.59.124.169 GET /api/Task?location=%E5%8C%97%E4%BA%AC
[ info ] www.guetused.top/api/Task?location=%E5%8C%97%E4%BA%AC [运行时间：0.067555s][吞吐率：14.80req/s] [内存消耗：3,318.16kb] [文件加载：44]
[ sql ] [ DB ] CONNECT:[ UseTime:0.012075s ] mysql:host=127.0.0.1;dbname=store;charset=utf8
[ sql ] [ SQL ] SHOW COLUMNS FROM `task_location` [ RunTime:0.001588s ]
[ sql ] [ SQL ] SELECT * FROM `task_location` WHERE  `location` = '北京' [ RunTime:0.000875s ]
[ sql ] [ SQL ] SHOW COLUMNS FROM `task` [ RunTime:0.002197s ]
[ sql ] [ SQL ] SELECT * FROM `task` WHERE  `id` IN (1,2) [ RunTime:0.000972s ]
---------------------------------------------------------------
[ 2018-05-14T18:30:05+08:00 ] 111.59.124.169 GET /api/NewGoods?location=%E5%8C%97%E4%BA%AC
[ info ] www.guetused.top/api/NewGoods?location=%E5%8C%97%E4%BA%AC [运行时间：0.086621s][吞吐率：11.54req/s] [内存消耗：3,512.86kb] [文件加载：47]
[ sql ] [ DB ] CONNECT:[ UseTime:0.011886s ] mysql:host=127.0.0.1;dbname=store;charset=utf8
[ sql ] [ SQL ] SHOW COLUMNS FROM `type_location` [ RunTime:0.000613s ]
[ sql ] [ SQL ] SELECT * FROM `type_location` WHERE  `location` = '北京' ORDER BY `create_time` DESC [ RunTime:0.001348s ]
[ sql ] [ SQL ] SHOW COLUMNS FROM `goods` [ RunTime:0.001123s ]
[ sql ] [ SQL ] SELECT `id`,`title`,`price`,`image_item` FROM `goods` WHERE  `id` IN (4,3,2,1) ORDER BY `create_time` [ RunTime:0.001090s ]
[ sql ] [ SQL ] SELECT `id`,`title`,`price`,`image_item` FROM `goods` WHERE  `id` IN (4,3,2,1) ORDER BY `create_time` [ RunTime:0.000880s ]
[ sql ] [ SQL ] SHOW COLUMNS FROM `goods_image` [ RunTime:0.004164s ]
[ sql ] [ SQL ] SELECT * FROM `goods_image` WHERE  `goods_id` IN (1,2,3,4) [ RunTime:0.000365s ]
[ sql ] [ SQL ] SELECT `id`,`title`,`price`,`image_item` FROM `goods` WHERE  `id` IN (4,3,2,1) ORDER BY `create_time` [ RunTime:0.000307s ]
[ sql ] [ SQL ] SELECT * FROM `goods_image` WHERE  `goods_id` IN (1,2,3,4) [ RunTime:0.000299s ]
[ sql ] [ SQL ] SHOW COLUMNS FROM `image_by_goods` [ RunTime:0.000534s ]
[ sql ] [ SQL ] SELECT * FROM `image_by_goods` WHERE  `id` IN (1,2,3,4,5,6,7,8,9,10,11,12) [ RunTime:0.000335s ]
---------------------------------------------------------------
[ 2018-05-14T18:30:06+08:00 ] 111.59.124.169 GET /api/Banner?id=1&location=%E5%8C%97%E4%BA%AC
[ info ] www.guetused.top/api/Banner?id=1&location=%E5%8C%97%E4%BA%AC [运行时间：0.085145s][吞吐率：11.74req/s] [内存消耗：3,425.87kb] [文件加载：46]
[ sql ] [ DB ] CONNECT:[ UseTime:0.004749s ] mysql:host=127.0.0.1;dbname=store;charset=utf8
[ sql ] [ SQL ] SHOW COLUMNS FROM `banner` [ RunTime:0.002594s ]
[ sql ] [ SQL ] SELECT * FROM `banner` WHERE  `id` = 1 LIMIT 1 [ RunTime:0.000378s ]
[ sql ] [ SQL ] SHOW COLUMNS FROM `banner_item` [ RunTime:0.000574s ]
[ sql ] [ SQL ] SELECT * FROM `banner_item` WHERE  `location` = '北京'  AND `banner_id` = 1 [ RunTime:0.000280s ]
[ sql ] [ SQL ] SELECT * FROM `banner_item` WHERE  `location` = '北京'  AND `banner_id` = 1 [ RunTime:0.001105s ]
[ sql ] [ SQL ] SHOW COLUMNS FROM `image_by_banner` [ RunTime:0.001343s ]
[ sql ] [ SQL ] SELECT * FROM `image_by_banner` WHERE  `id` IN (1,2,3) [ RunTime:0.001690s ]
---------------------------------------------------------------
[ 2018-05-14T18:30:06+08:00 ] 111.59.124.169 GET /api/Task?location=%E5%8C%97%E4%BA%AC
[ info ] www.guetused.top/api/Task?location=%E5%8C%97%E4%BA%AC [运行时间：0.067992s][吞吐率：14.71req/s] [内存消耗：3,318.16kb] [文件加载：44]
[ sql ] [ DB ] CONNECT:[ UseTime:0.003507s ] mysql:host=127.0.0.1;dbname=store;charset=utf8
[ sql ] [ SQL ] SHOW COLUMNS FROM `task_location` [ RunTime:0.005552s ]
[ sql ] [ SQL ] SELECT * FROM `task_location` WHERE  `location` = '北京' [ RunTime:0.000946s ]
[ sql ] [ SQL ] SHOW COLUMNS FROM `task` [ RunTime:0.001334s ]
[ sql ] [ SQL ] SELECT * FROM `task` WHERE  `id` IN (1,2) [ RunTime:0.004942s ]
---------------------------------------------------------------
[ 2018-05-14T18:30:06+08:00 ] 111.59.124.169 GET /api/NewGoods?location=%E5%8C%97%E4%BA%AC
[ info ] www.guetused.top/api/NewGoods?location=%E5%8C%97%E4%BA%AC [运行时间：0.069935s][吞吐率：14.30req/s] [内存消耗：3,512.84kb] [文件加载：47]
[ sql ] [ DB ] CONNECT:[ UseTime:0.002029s ] mysql:host=127.0.0.1;dbname=store;charset=utf8
[ sql ] [ SQL ] SHOW COLUMNS FROM `type_location` [ RunTime:0.008438s ]
[ sql ] [ SQL ] SELECT * FROM `type_location` WHERE  `location` = '北京' ORDER BY `create_time` DESC [ RunTime:0.008428s ]
[ sql ] [ SQL ] SHOW COLUMNS FROM `goods` [ RunTime:0.000593s ]
[ sql ] [ SQL ] SELECT `id`,`title`,`price`,`image_item` FROM `goods` WHERE  `id` IN (4,3,2,1) ORDER BY `create_time` [ RunTime:0.000318s ]
[ sql ] [ SQL ] SELECT `id`,`title`,`price`,`image_item` FROM `goods` WHERE  `id` IN (4,3,2,1) ORDER BY `create_time` [ RunTime:0.000317s ]
[ sql ] [ SQL ] SHOW COLUMNS FROM `goods_image` [ RunTime:0.000554s ]
[ sql ] [ SQL ] SELECT * FROM `goods_image` WHERE  `goods_id` IN (1,2,3,4) [ RunTime:0.000276s ]
[ sql ] [ SQL ] SELECT `id`,`title`,`price`,`image_item` FROM `goods` WHERE  `id` IN (4,3,2,1) ORDER BY `create_time` [ RunTime:0.000288s ]
[ sql ] [ SQL ] SELECT * FROM `goods_image` WHERE  `goods_id` IN (1,2,3,4) [ RunTime:0.000286s ]
[ sql ] [ SQL ] SHOW COLUMNS FROM `image_by_goods` [ RunTime:0.000574s ]
[ sql ] [ SQL ] SELECT * FROM `image_by_goods` WHERE  `id` IN (1,2,3,4,5,6,7,8,9,10,11,12) [ RunTime:0.000321s ]
---------------------------------------------------------------
[ 2018-05-14T18:30:07+08:00 ] 111.59.124.169 GET /api/Task?location=%E5%8C%97%E4%BA%AC
[ info ] www.guetused.top/api/Task?location=%E5%8C%97%E4%BA%AC [运行时间：0.060841s][吞吐率：16.44req/s] [内存消耗：3,318.16kb] [文件加载：44]
[ sql ] [ DB ] CONNECT:[ UseTime:0.020831s ] mysql:host=127.0.0.1;dbname=store;charset=utf8
[ sql ] [ SQL ] SHOW COLUMNS FROM `task_location` [ RunTime:0.001659s ]
[ sql ] [ SQL ] SELECT * FROM `task_location` WHERE  `location` = '北京' [ RunTime:0.001031s ]
[ sql ] [ SQL ] SHOW COLUMNS FROM `task` [ RunTime:0.001317s ]
[ sql ] [ SQL ] SELECT * FROM `task` WHERE  `id` IN (1,2) [ RunTime:0.002408s ]
---------------------------------------------------------------
[ 2018-05-14T18:30:07+08:00 ] 111.59.124.169 GET /api/NewGoods?location=%E5%8C%97%E4%BA%AC
[ info ] www.guetused.top/api/NewGoods?location=%E5%8C%97%E4%BA%AC [运行时间：0.060507s][吞吐率：16.53req/s] [内存消耗：3,512.84kb] [文件加载：47]
[ sql ] [ DB ] CONNECT:[ UseTime:0.012130s ] mysql:host=127.0.0.1;dbname=store;charset=utf8
[ sql ] [ SQL ] SHOW COLUMNS FROM `type_location` [ RunTime:0.001336s ]
[ sql ] [ SQL ] SELECT * FROM `type_location` WHERE  `location` = '北京' ORDER BY `create_time` DESC [ RunTime:0.000994s ]
[ sql ] [ SQL ] SHOW COLUMNS FROM `goods` [ RunTime:0.001349s ]
[ sql ] [ SQL ] SELECT `id`,`title`,`price`,`image_item` FROM `goods` WHERE  `id` IN (4,3,2,1) ORDER BY `create_time` [ RunTime:0.000426s ]
[ sql ] [ SQL ] SELECT `id`,`title`,`price`,`image_item` FROM `goods` WHERE  `id` IN (4,3,2,1) ORDER BY `create_time` [ RunTime:0.004224s ]
[ sql ] [ SQL ] SHOW COLUMNS FROM `goods_image` [ RunTime:0.001765s ]
[ sql ] [ SQL ] SELECT * FROM `goods_image` WHERE  `goods_id` IN (1,2,3,4) [ RunTime:0.000291s ]
[ sql ] [ SQL ] SELECT `id`,`title`,`price`,`image_item` FROM `goods` WHERE  `id` IN (4,3,2,1) ORDER BY `create_time` [ RunTime:0.000297s ]
[ sql ] [ SQL ] SELECT * FROM `goods_image` WHERE  `goods_id` IN (1,2,3,4) [ RunTime:0.000267s ]
[ sql ] [ SQL ] SHOW COLUMNS FROM `image_by_goods` [ RunTime:0.000559s ]
[ sql ] [ SQL ] SELECT * FROM `image_by_goods` WHERE  `id` IN (1,2,3,4,5,6,7,8,9,10,11,12) [ RunTime:0.000292s ]
---------------------------------------------------------------
[ 2018-05-14T18:30:07+08:00 ] 111.59.124.169 GET /api/Banner?id=1&location=%E5%8C%97%E4%BA%AC
[ info ] www.guetused.top/api/Banner?id=1&location=%E5%8C%97%E4%BA%AC [运行时间：0.091231s][吞吐率：10.96req/s] [内存消耗：3,425.87kb] [文件加载：46]
[ sql ] [ DB ] CONNECT:[ UseTime:0.008776s ] mysql:host=127.0.0.1;dbname=store;charset=utf8
[ sql ] [ SQL ] SHOW COLUMNS FROM `banner` [ RunTime:0.000591s ]
[ sql ] [ SQL ] SELECT * FROM `banner` WHERE  `id` = 1 LIMIT 1 [ RunTime:0.000255s ]
[ sql ] [ SQL ] SHOW COLUMNS FROM `banner_item` [ RunTime:0.000537s ]
[ sql ] [ SQL ] SELECT * FROM `banner_item` WHERE  `location` = '北京'  AND `banner_id` = 1 [ RunTime:0.000310s ]
[ sql ] [ SQL ] SELECT * FROM `banner_item` WHERE  `location` = '北京'  AND `banner_id` = 1 [ RunTime:0.000269s ]
[ sql ] [ SQL ] SHOW COLUMNS FROM `image_by_banner` [ RunTime:0.000581s ]
[ sql ] [ SQL ] SELECT * FROM `image_by_banner` WHERE  `id` IN (1,2,3) [ RunTime:0.000270s ]
---------------------------------------------------------------
[ 2018-05-14T18:30:09+08:00 ] 111.59.124.169 GET /api/Task?location=%E5%8C%97%E4%BA%AC
[ info ] www.guetused.top/api/Task?location=%E5%8C%97%E4%BA%AC [运行时间：0.068801s][吞吐率：14.53req/s] [内存消耗：3,318.16kb] [文件加载：44]
[ sql ] [ DB ] CONNECT:[ UseTime:0.005510s ] mysql:host=127.0.0.1;dbname=store;charset=utf8
[ sql ] [ SQL ] SHOW COLUMNS FROM `task_location` [ RunTime:0.001925s ]
[ sql ] [ SQL ] SELECT * FROM `task_location` WHERE  `location` = '北京' [ RunTime:0.000919s ]
[ sql ] [ SQL ] SHOW COLUMNS FROM `task` [ RunTime:0.000773s ]
[ sql ] [ SQL ] SELECT * FROM `task` WHERE  `id` IN (1,2) [ RunTime:0.001002s ]
---------------------------------------------------------------
[ 2018-05-14T18:30:09+08:00 ] 111.59.124.169 GET /api/NewGoods?location=%E5%8C%97%E4%BA%AC
[ info ] www.guetused.top/api/NewGoods?location=%E5%8C%97%E4%BA%AC [运行时间：0.073187s][吞吐率：13.66req/s] [内存消耗：3,512.84kb] [文件加载：47]
[ sql ] [ DB ] CONNECT:[ UseTime:0.004307s ] mysql:host=127.0.0.1;dbname=store;charset=utf8
[ sql ] [ SQL ] SHOW COLUMNS FROM `type_location` [ RunTime:0.000952s ]
[ sql ] [ SQL ] SELECT * FROM `type_location` WHERE  `location` = '北京' ORDER BY `create_time` DESC [ RunTime:0.000980s ]
[ sql ] [ SQL ] SHOW COLUMNS FROM `goods` [ RunTime:0.001736s ]
[ sql ] [ SQL ] SELECT `id`,`title`,`price`,`image_item` FROM `goods` WHERE  `id` IN (4,3,2,1) ORDER BY `create_time` [ RunTime:0.004023s ]
[ sql ] [ SQL ] SELECT `id`,`title`,`price`,`image_item` FROM `goods` WHERE  `id` IN (4,3,2,1) ORDER BY `create_time` [ RunTime:0.000896s ]
[ sql ] [ SQL ] SHOW COLUMNS FROM `goods_image` [ RunTime:0.001197s ]
[ sql ] [ SQL ] SELECT * FROM `goods_image` WHERE  `goods_id` IN (1,2,3,4) [ RunTime:0.000705s ]
[ sql ] [ SQL ] SELECT `id`,`title`,`price`,`image_item` FROM `goods` WHERE  `id` IN (4,3,2,1) ORDER BY `create_time` [ RunTime:0.000529s ]
[ sql ] [ SQL ] SELECT * FROM `goods_image` WHERE  `goods_id` IN (1,2,3,4) [ RunTime:0.000713s ]
[ sql ] [ SQL ] SHOW COLUMNS FROM `image_by_goods` [ RunTime:0.002118s ]
[ sql ] [ SQL ] SELECT * FROM `image_by_goods` WHERE  `id` IN (1,2,3,4,5,6,7,8,9,10,11,12) [ RunTime:0.001071s ]
---------------------------------------------------------------
[ 2018-05-14T18:30:09+08:00 ] 111.59.124.169 GET /api/Banner?id=1&location=%E5%8C%97%E4%BA%AC
[ info ] www.guetused.top/api/Banner?id=1&location=%E5%8C%97%E4%BA%AC [运行时间：0.098127s][吞吐率：10.19req/s] [内存消耗：3,425.87kb] [文件加载：46]
[ sql ] [ DB ] CONNECT:[ UseTime:0.011079s ] mysql:host=127.0.0.1;dbname=store;charset=utf8
[ sql ] [ SQL ] SHOW COLUMNS FROM `banner` [ RunTime:0.001141s ]
[ sql ] [ SQL ] SELECT * FROM `banner` WHERE  `id` = 1 LIMIT 1 [ RunTime:0.000694s ]
[ sql ] [ SQL ] SHOW COLUMNS FROM `banner_item` [ RunTime:0.002390s ]
[ sql ] [ SQL ] SELECT * FROM `banner_item` WHERE  `location` = '北京'  AND `banner_id` = 1 [ RunTime:0.001141s ]
[ sql ] [ SQL ] SELECT * FROM `banner_item` WHERE  `location` = '北京'  AND `banner_id` = 1 [ RunTime:0.000775s ]
[ sql ] [ SQL ] SHOW COLUMNS FROM `image_by_banner` [ RunTime:0.005183s ]
[ sql ] [ SQL ] SELECT * FROM `image_by_banner` WHERE  `id` IN (1,2,3) [ RunTime:0.000373s ]
---------------------------------------------------------------
[ 2018-05-14T18:50:08+08:00 ] 111.59.124.144 POST /api/Token/user
[ info ] www.guetused.top/api/Token/user [运行时间：0.191263s][吞吐率：5.23req/s] [内存消耗：3,283.90kb] [文件加载：46]
[ sql ] [ DB ] CONNECT:[ UseTime:0.000372s ] mysql:host=127.0.0.1;dbname=store;charset=utf8
[ sql ] [ SQL ] SHOW COLUMNS FROM `user` [ RunTime:0.000770s ]
[ sql ] [ SQL ] SELECT * FROM `user` WHERE  `openid` = 'oyKA95aeisZH87vnR6uYOABfOch4' LIMIT 1 [ RunTime:0.000351s ]
[ sql ] [ SQL ] INSERT INTO `user` (`openid` , `create_time` , `update_time`) VALUES ('oyKA95aeisZH87vnR6uYOABfOch4' , '1526295008' , '1526295008') [ RunTime:0.001088s ]
[ sql ] [ SQL ] SELECT `id` FROM `user` LIMIT 1 [ RunTime:0.000194s ]
---------------------------------------------------------------
[ 2018-05-14T18:58:05+08:00 ] 111.59.124.144 POST /api/Token/user
[ info ] www.guetused.top/api/Token/user [运行时间：0.166277s][吞吐率：6.01req/s] [内存消耗：3,280.36kb] [文件加载：46]
[ sql ] [ DB ] CONNECT:[ UseTime:0.000418s ] mysql:host=127.0.0.1;dbname=store;charset=utf8
[ sql ] [ SQL ] SHOW COLUMNS FROM `user` [ RunTime:0.001079s ]
[ sql ] [ SQL ] SELECT * FROM `user` WHERE  `openid` = 'oyKA95aeisZH87vnR6uYOABfOch4' LIMIT 1 [ RunTime:0.000338s ]
---------------------------------------------------------------
[ 2018-05-14T18:58:25+08:00 ] 111.59.124.144 POST /api/Token/user
[ info ] www.guetused.top/api/Token/user [运行时间：0.264074s][吞吐率：3.79req/s] [内存消耗：3,283.86kb] [文件加载：46]
[ sql ] [ DB ] CONNECT:[ UseTime:0.000375s ] mysql:host=127.0.0.1;dbname=store;charset=utf8
[ sql ] [ SQL ] SHOW COLUMNS FROM `user` [ RunTime:0.000790s ]
[ sql ] [ SQL ] SELECT * FROM `user` WHERE  `openid` = 'oyKA95aeisZH87vnR6uYOABfOch4' LIMIT 1 [ RunTime:0.000328s ]
[ sql ] [ SQL ] INSERT INTO `user` (`openid` , `create_time` , `update_time`) VALUES ('oyKA95aeisZH87vnR6uYOABfOch4' , '1526295505' , '1526295505') [ RunTime:0.001115s ]
[ sql ] [ SQL ] SELECT `id` FROM `user` LIMIT 1 [ RunTime:0.000208s ]
---------------------------------------------------------------
[ 2018-05-14T19:01:30+08:00 ] 111.59.124.144 POST /api/Token/user
[ info ] www.guetused.top/api/Token/user [运行时间：0.265274s][吞吐率：3.77req/s] [内存消耗：3,283.85kb] [文件加载：46]
[ sql ] [ DB ] CONNECT:[ UseTime:0.000349s ] mysql:host=127.0.0.1;dbname=store;charset=utf8
[ sql ] [ SQL ] SHOW COLUMNS FROM `user` [ RunTime:0.000763s ]
[ sql ] [ SQL ] SELECT * FROM `user` WHERE  `openid` = 'oyKA95aeisZH87vnR6uYOABfOch4' LIMIT 1 [ RunTime:0.000311s ]
[ sql ] [ SQL ] INSERT INTO `user` (`openid` , `create_time` , `update_time`) VALUES ('oyKA95aeisZH87vnR6uYOABfOch4' , '1526295690' , '1526295690') [ RunTime:0.002394s ]
[ sql ] [ SQL ] SELECT `id` FROM `user` LIMIT 1 [ RunTime:0.000190s ]
---------------------------------------------------------------
[ 2018-05-14T19:24:41+08:00 ] 111.59.124.169 POST /api/Token/user
[ info ] www.guetused.top/api/Token/user [运行时间：0.262681s][吞吐率：3.81req/s] [内存消耗：3,283.80kb] [文件加载：46]
[ sql ] [ DB ] CONNECT:[ UseTime:0.000448s ] mysql:host=127.0.0.1;dbname=store;charset=utf8
[ sql ] [ SQL ] SHOW COLUMNS FROM `user` [ RunTime:0.000757s ]
[ sql ] [ SQL ] SELECT * FROM `user` WHERE  `openid` = 'oyKA95aeisZH87vnR6uYOABfOch4' LIMIT 1 [ RunTime:0.000352s ]
[ sql ] [ SQL ] INSERT INTO `user` (`openid` , `create_time` , `update_time`) VALUES ('oyKA95aeisZH87vnR6uYOABfOch4' , '2018-05-14 19:24:41' , '2018-05-14 19:24:41') [ RunTime:0.002450s ]
[ sql ] [ SQL ] SELECT `id` FROM `user` LIMIT 1 [ RunTime:0.000214s ]
---------------------------------------------------------------
[ 2018-05-14T19:24:55+08:00 ] 111.59.124.169 POST /api/Token/user
[ info ] www.guetused.top/api/Token/user [运行时间：0.239314s][吞吐率：4.18req/s] [内存消耗：3,280.68kb] [文件加载：46]
[ sql ] [ DB ] CONNECT:[ UseTime:0.000348s ] mysql:host=127.0.0.1;dbname=store;charset=utf8
[ sql ] [ SQL ] SHOW COLUMNS FROM `user` [ RunTime:0.000726s ]
[ sql ] [ SQL ] SELECT * FROM `user` WHERE  `openid` = 'oyKA95aeisZH87vnR6uYOABfOch4' LIMIT 1 [ RunTime:0.000329s ]
---------------------------------------------------------------
[ 2018-05-14T19:25:48+08:00 ] 111.59.124.169 POST /api/Token/user
[ info ] www.guetused.top/api/Token/user [运行时间：0.178696s][吞吐率：5.60req/s] [内存消耗：3,280.68kb] [文件加载：46]
[ sql ] [ DB ] CONNECT:[ UseTime:0.000397s ] mysql:host=127.0.0.1;dbname=store;charset=utf8
[ sql ] [ SQL ] SHOW COLUMNS FROM `user` [ RunTime:0.000764s ]
[ sql ] [ SQL ] SELECT * FROM `user` WHERE  `openid` = 'oyKA95aeisZH87vnR6uYOABfOch4' LIMIT 1 [ RunTime:0.000343s ]
---------------------------------------------------------------
[ 2018-05-14T21:01:45+08:00 ] 111.59.124.169 GET /api/TypeLocation?type=11&location=%E5%8C%97%E4%BA%AC
[ info ] www.guetused.top/api/TypeLocation?type=11&location=%E5%8C%97%E4%BA%AC [运行时间：0.036067s][吞吐率：27.73req/s] [内存消耗：3,510.77kb] [文件加载：47]
[ sql ] [ DB ] CONNECT:[ UseTime:0.000412s ] mysql:host=127.0.0.1;dbname=store;charset=utf8
[ sql ] [ SQL ] SHOW COLUMNS FROM `type_location` [ RunTime:0.000744s ]
[ sql ] [ SQL ] SELECT * FROM `type_location` WHERE  `type` = 11  AND `location` = '北京' [ RunTime:0.000379s ]
[ sql ] [ SQL ] SHOW COLUMNS FROM `goods` [ RunTime:0.000544s ]
[ sql ] [ SQL ] SELECT `id`,`title`,`price` FROM `goods` WHERE  `id` IN (1,2,3,4) [ RunTime:0.000299s ]
[ sql ] [ SQL ] SELECT `id`,`title`,`price` FROM `goods` WHERE  `id` IN (1,2,3,4) [ RunTime:0.000264s ]
[ sql ] [ SQL ] SHOW COLUMNS FROM `goods_image` [ RunTime:0.000516s ]
[ sql ] [ SQL ] SELECT * FROM `goods_image` WHERE  `goods_id` IN (1,2,3,4) [ RunTime:0.000257s ]
[ sql ] [ SQL ] SELECT `id`,`title`,`price` FROM `goods` WHERE  `id` IN (1,2,3,4) [ RunTime:0.000271s ]
[ sql ] [ SQL ] SELECT * FROM `goods_image` WHERE  `goods_id` IN (1,2,3,4) [ RunTime:0.000277s ]
[ sql ] [ SQL ] SHOW COLUMNS FROM `image_by_goods` [ RunTime:0.000521s ]
[ sql ] [ SQL ] SELECT * FROM `image_by_goods` WHERE  `id` IN (1,2,3,4,5,6,7,8,9,10,11,12) [ RunTime:0.000315s ]
---------------------------------------------------------------
[ 2018-05-14T21:01:51+08:00 ] 111.59.124.169 GET /api/NewGoods?location=%E5%8C%97%E4%BA%AC
[ info ] www.guetused.top/api/NewGoods?location=%E5%8C%97%E4%BA%AC [运行时间：0.031568s][吞吐率：31.68req/s] [内存消耗：3,511.44kb] [文件加载：47]
[ sql ] [ DB ] CONNECT:[ UseTime:0.000413s ] mysql:host=127.0.0.1;dbname=store;charset=utf8
[ sql ] [ SQL ] SHOW COLUMNS FROM `type_location` [ RunTime:0.000754s ]
[ sql ] [ SQL ] SELECT * FROM `type_location` WHERE  `location` = '北京' ORDER BY `create_time` DESC [ RunTime:0.000344s ]
[ sql ] [ SQL ] SHOW COLUMNS FROM `goods` [ RunTime:0.000558s ]
[ sql ] [ SQL ] SELECT `id`,`title`,`price` FROM `goods` WHERE  `id` IN (4,3,2,1) ORDER BY `create_time` [ RunTime:0.000330s ]
[ sql ] [ SQL ] SELECT `id`,`title`,`price` FROM `goods` WHERE  `id` IN (4,3,2,1) ORDER BY `create_time` [ RunTime:0.000295s ]
[ sql ] [ SQL ] SHOW COLUMNS FROM `goods_image` [ RunTime:0.000535s ]
[ sql ] [ SQL ] SELECT * FROM `goods_image` WHERE  `goods_id` IN (1,2,3,4) [ RunTime:0.000267s ]
[ sql ] [ SQL ] SELECT `id`,`title`,`price` FROM `goods` WHERE  `id` IN (4,3,2,1) ORDER BY `create_time` [ RunTime:0.000285s ]
[ sql ] [ SQL ] SELECT * FROM `goods_image` WHERE  `goods_id` IN (1,2,3,4) [ RunTime:0.000260s ]
[ sql ] [ SQL ] SHOW COLUMNS FROM `image_by_goods` [ RunTime:0.000527s ]
[ sql ] [ SQL ] SELECT * FROM `image_by_goods` WHERE  `id` IN (1,2,3,4,5,6,7,8,9,10,11,12) [ RunTime:0.000300s ]
---------------------------------------------------------------
[ 2018-05-14T21:02:21+08:00 ] 111.59.124.169 GET /api/Task?location=%E5%8C%97%E4%BA%AC
[ info ] www.guetused.top/api/Task?location=%E5%8C%97%E4%BA%AC [运行时间：0.074534s][吞吐率：13.42req/s] [内存消耗：3,318.16kb] [文件加载：44]
[ sql ] [ DB ] CONNECT:[ UseTime:0.001955s ] mysql:host=127.0.0.1;dbname=store;charset=utf8
[ sql ] [ SQL ] SHOW COLUMNS FROM `task_location` [ RunTime:0.001667s ]
[ sql ] [ SQL ] SELECT * FROM `task_location` WHERE  `location` = '北京' [ RunTime:0.001479s ]
[ sql ] [ SQL ] SHOW COLUMNS FROM `task` [ RunTime:0.002025s ]
[ sql ] [ SQL ] SELECT * FROM `task` WHERE  `id` IN (1,2) [ RunTime:0.003410s ]
---------------------------------------------------------------
[ 2018-05-14T21:02:21+08:00 ] 111.59.124.169 GET /api/Banner?id=1&location=%E5%8C%97%E4%BA%AC
[ info ] www.guetused.top/api/Banner?id=1&location=%E5%8C%97%E4%BA%AC [运行时间：0.091620s][吞吐率：10.91req/s] [内存消耗：3,425.87kb] [文件加载：46]
[ sql ] [ DB ] CONNECT:[ UseTime:0.004349s ] mysql:host=127.0.0.1;dbname=store;charset=utf8
[ sql ] [ SQL ] SHOW COLUMNS FROM `banner` [ RunTime:0.002817s ]
[ sql ] [ SQL ] SELECT * FROM `banner` WHERE  `id` = 1 LIMIT 1 [ RunTime:0.000972s ]
[ sql ] [ SQL ] SHOW COLUMNS FROM `banner_item` [ RunTime:0.002550s ]
[ sql ] [ SQL ] SELECT * FROM `banner_item` WHERE  `location` = '北京'  AND `banner_id` = 1 [ RunTime:0.002366s ]
[ sql ] [ SQL ] SELECT * FROM `banner_item` WHERE  `location` = '北京'  AND `banner_id` = 1 [ RunTime:0.004619s ]
[ sql ] [ SQL ] SHOW COLUMNS FROM `image_by_banner` [ RunTime:0.000796s ]
[ sql ] [ SQL ] SELECT * FROM `image_by_banner` WHERE  `id` IN (1,2,3) [ RunTime:0.000827s ]
---------------------------------------------------------------
[ 2018-05-14T21:02:21+08:00 ] 111.59.124.169 GET /api/NewGoods?location=%E5%8C%97%E4%BA%AC
[ info ] www.guetused.top/api/NewGoods?location=%E5%8C%97%E4%BA%AC [运行时间：0.078218s][吞吐率：12.78req/s] [内存消耗：3,511.44kb] [文件加载：47]
[ sql ] [ DB ] CONNECT:[ UseTime:0.003373s ] mysql:host=127.0.0.1;dbname=store;charset=utf8
[ sql ] [ SQL ] SHOW COLUMNS FROM `type_location` [ RunTime:0.001399s ]
[ sql ] [ SQL ] SELECT * FROM `type_location` WHERE  `location` = '北京' ORDER BY `create_time` DESC [ RunTime:0.002032s ]
[ sql ] [ SQL ] SHOW COLUMNS FROM `goods` [ RunTime:0.001381s ]
[ sql ] [ SQL ] SELECT `id`,`title`,`price` FROM `goods` WHERE  `id` IN (4,3,2,1) ORDER BY `create_time` [ RunTime:0.001548s ]
[ sql ] [ SQL ] SELECT `id`,`title`,`price` FROM `goods` WHERE  `id` IN (4,3,2,1) ORDER BY `create_time` [ RunTime:0.005736s ]
[ sql ] [ SQL ] SHOW COLUMNS FROM `goods_image` [ RunTime:0.001704s ]
[ sql ] [ SQL ] SELECT * FROM `goods_image` WHERE  `goods_id` IN (1,2,3,4) [ RunTime:0.003986s ]
[ sql ] [ SQL ] SELECT `id`,`title`,`price` FROM `goods` WHERE  `id` IN (4,3,2,1) ORDER BY `create_time` [ RunTime:0.000397s ]
[ sql ] [ SQL ] SELECT * FROM `goods_image` WHERE  `goods_id` IN (1,2,3,4) [ RunTime:0.000276s ]
[ sql ] [ SQL ] SHOW COLUMNS FROM `image_by_goods` [ RunTime:0.000544s ]
[ sql ] [ SQL ] SELECT * FROM `image_by_goods` WHERE  `id` IN (1,2,3,4,5,6,7,8,9,10,11,12) [ RunTime:0.000328s ]
---------------------------------------------------------------
[ 2018-05-14T21:02:23+08:00 ] 111.59.124.169 GET /api/TypeLocation?type=11&location=%E5%8C%97%E4%BA%AC
[ info ] www.guetused.top/api/TypeLocation?type=11&location=%E5%8C%97%E4%BA%AC [运行时间：0.035447s][吞吐率：28.21req/s] [内存消耗：3,510.70kb] [文件加载：47]
[ sql ] [ DB ] CONNECT:[ UseTime:0.000413s ] mysql:host=127.0.0.1;dbname=store;charset=utf8
[ sql ] [ SQL ] SHOW COLUMNS FROM `type_location` [ RunTime:0.000814s ]
[ sql ] [ SQL ] SELECT * FROM `type_location` WHERE  `type` = 11  AND `location` = '北京' [ RunTime:0.000412s ]
[ sql ] [ SQL ] SHOW COLUMNS FROM `goods` [ RunTime:0.000599s ]
[ sql ] [ SQL ] SELECT `id`,`title`,`price` FROM `goods` WHERE  `id` IN (1,2,3,4) [ RunTime:0.000297s ]
[ sql ] [ SQL ] SELECT `id`,`title`,`price` FROM `goods` WHERE  `id` IN (1,2,3,4) [ RunTime:0.000297s ]
[ sql ] [ SQL ] SHOW COLUMNS FROM `goods_image` [ RunTime:0.000555s ]
[ sql ] [ SQL ] SELECT * FROM `goods_image` WHERE  `goods_id` IN (1,2,3,4) [ RunTime:0.000277s ]
[ sql ] [ SQL ] SELECT `id`,`title`,`price` FROM `goods` WHERE  `id` IN (1,2,3,4) [ RunTime:0.000280s ]
[ sql ] [ SQL ] SELECT * FROM `goods_image` WHERE  `goods_id` IN (1,2,3,4) [ RunTime:0.000284s ]
[ sql ] [ SQL ] SHOW COLUMNS FROM `image_by_goods` [ RunTime:0.000536s ]
[ sql ] [ SQL ] SELECT * FROM `image_by_goods` WHERE  `id` IN (1,2,3,4,5,6,7,8,9,10,11,12) [ RunTime:0.000318s ]
---------------------------------------------------------------
[ 2018-05-14T21:02:25+08:00 ] 111.59.124.169 GET /api/Goods?id=1
[ info ] www.guetused.top/api/Goods?id=1 [运行时间：0.032817s][吞吐率：30.47req/s] [内存消耗：3,793.40kb] [文件加载：52]
[ sql ] [ DB ] CONNECT:[ UseTime:0.000432s ] mysql:host=127.0.0.1;dbname=store;charset=utf8
[ sql ] [ SQL ] SHOW COLUMNS FROM `goods` [ RunTime:0.000749s ]
[ sql ] [ SQL ] SELECT * FROM `goods` WHERE  `id` = 1 LIMIT 1 [ RunTime:0.000352s ]
[ sql ] [ SQL ] SHOW COLUMNS FROM `goods_image` [ RunTime:0.000524s ]
[ sql ] [ SQL ] SELECT * FROM `goods_image` WHERE  `goods_id` = 1 [ RunTime:0.000244s ]
[ sql ] [ SQL ] SELECT * FROM `goods_image` WHERE  `goods_id` = 1 [ RunTime:0.000242s ]
[ sql ] [ SQL ] SHOW COLUMNS FROM `image_by_goods` [ RunTime:0.000506s ]
[ sql ] [ SQL ] SELECT * FROM `image_by_goods` WHERE  `id` IN (4,5,6) [ RunTime:0.000299s ]
---------------------------------------------------------------
[ 2018-05-14T21:53:54+08:00 ] 111.59.124.169 POST /api/Token/user
[ info ] www.guetused.top/api/Token/user [运行时间：0.260934s][吞吐率：3.83req/s] [内存消耗：3,281.79kb] [文件加载：46]
[ sql ] [ DB ] CONNECT:[ UseTime:0.000366s ] mysql:host=127.0.0.1;dbname=store;charset=utf8
[ sql ] [ SQL ] SHOW COLUMNS FROM `user` [ RunTime:0.000730s ]
[ sql ] [ SQL ] SELECT * FROM `user` WHERE  `openid` = 'oyKA95aeisZH87vnR6uYOABfOch4' LIMIT 1 [ RunTime:0.000342s ]
---------------------------------------------------------------
[ 2018-05-14T21:55:17+08:00 ] 111.59.124.169 POST /api/AddGoods
[ info ] www.guetused.top/api/AddGoods [运行时间：0.028089s][吞吐率：35.60req/s] [内存消耗：3,364.55kb] [文件加载：48]
[ sql ] [ DB ] CONNECT:[ UseTime:0.000369s ] mysql:host=127.0.0.1;dbname=store;charset=utf8
[ sql ] [ SQL ] SHOW COLUMNS FROM `goods` [ RunTime:0.000752s ]
[ sql ] [ SQL ] INSERT INTO `goods` (`title` , `describe` , `location` , `price` , `user_id` , `type` , `create_time` , `update_time`) VALUES ('坚果pro' , 'slkjfkljslkjjlkj家里开始大家来看' , '北京' , 1200 , 5 , 11 , '2018-05-14 21:55:17' , '2018-05-14 21:55:17') [ RunTime:0.001197s ]
---------------------------------------------------------------
[ 2018-05-14T21:55:36+08:00 ] 111.59.124.169 POST /api/AddGoods
[ info ] www.guetused.top/api/AddGoods [运行时间：0.031311s][吞吐率：31.94req/s] [内存消耗：3,364.55kb] [文件加载：48]
[ sql ] [ DB ] CONNECT:[ UseTime:0.000444s ] mysql:host=127.0.0.1;dbname=store;charset=utf8
[ sql ] [ SQL ] SHOW COLUMNS FROM `goods` [ RunTime:0.000845s ]
[ sql ] [ SQL ] INSERT INTO `goods` (`title` , `describe` , `location` , `price` , `user_id` , `type` , `create_time` , `update_time`) VALUES ('坚果pro' , 'slkjfkljslkjjlkj家里开始大家来看' , '北京' , 1200 , 5 , 11 , '2018-05-14 21:55:36' , '2018-05-14 21:55:36') [ RunTime:0.001203s ]
---------------------------------------------------------------
[ 2018-05-14T22:00:09+08:00 ] 111.59.124.169 POST /api/AddGoods
[ info ] www.guetused.top/api/AddGoods [运行时间：0.028915s][吞吐率：34.58req/s] [内存消耗：3,366.13kb] [文件加载：48]
[ sql ] [ DB ] CONNECT:[ UseTime:0.000413s ] mysql:host=127.0.0.1;dbname=store;charset=utf8
[ sql ] [ SQL ] SHOW COLUMNS FROM `goods` [ RunTime:0.000778s ]
[ sql ] [ SQL ] INSERT INTO `goods` (`title` , `describe` , `location` , `price` , `user_id` , `type` , `create_time` , `update_time`) VALUES ('坚果pro' , 'slkjfkljslkjjlkj家里开始大家来看' , '北京' , 1200 , 5 , 11 , '2018-05-14 22:00:09' , '2018-05-14 22:00:09') [ RunTime:0.001904s ]
---------------------------------------------------------------
[ 2018-05-14T22:20:31+08:00 ] 117.136.98.120 POST /api/AddGoods
[ info ] www.guetused.top/api/AddGoods [运行时间：0.037226s][吞吐率：26.86req/s] [内存消耗：3,421.13kb] [文件加载：49]
[ sql ] [ DB ] CONNECT:[ UseTime:0.000447s ] mysql:host=127.0.0.1;dbname=store;charset=utf8
[ sql ] [ SQL ] SHOW COLUMNS FROM `goods` [ RunTime:0.000800s ]
[ sql ] [ SQL ] INSERT INTO `goods` (`title` , `describe` , `location` , `price` , `user_id` , `type`) VALUES ('坚果pro' , 'slkjfkljslkjjlkj家里开始大家来看' , '北京' , 1200 , 5 , 11) [ RunTime:0.000357s ]
[ sql ] [ SQL ] SHOW COLUMNS FROM `image_by_goods` [ RunTime:0.000552s ]
[ sql ] [ SQL ] INSERT INTO `image_by_goods` (`image_url` , `goods_id` , `from`) VALUES ('/images/1.png' , 14 , 1) [ RunTime:0.000223s ]
[ sql ] [ SQL ] INSERT INTO `image_by_goods` (`image_url` , `goods_id` , `from`) VALUES ('/images/2.png' , 14 , 1) [ RunTime:0.000099s ]
[ sql ] [ SQL ] INSERT INTO `image_by_goods` (`image_url` , `goods_id` , `from`) VALUES ('/images/3.png' , 14 , 1) [ RunTime:0.000114s ]
---------------------------------------------------------------
[ 2018-05-14T22:24:40+08:00 ] 117.136.98.120 POST /api/AddGoods
[ info ] www.guetused.top/api/AddGoods [运行时间：0.031828s][吞吐率：31.42req/s] [内存消耗：3,422.13kb] [文件加载：49]
[ sql ] [ DB ] CONNECT:[ UseTime:0.000373s ] mysql:host=127.0.0.1;dbname=store;charset=utf8
[ sql ] [ SQL ] SHOW COLUMNS FROM `goods` [ RunTime:0.000837s ]
[ sql ] [ SQL ] INSERT INTO `goods` (`title` , `describe` , `location` , `price` , `user_id` , `type`) VALUES ('坚果pro' , 'slkjfkljslkjjlkj家里开始大家来看' , '北京' , 1200 , 5 , 11) [ RunTime:0.000309s ]
[ sql ] [ SQL ] SHOW COLUMNS FROM `image_by_goods` [ RunTime:0.000507s ]
[ sql ] [ SQL ] INSERT INTO `image_by_goods` (`image_url` , `goods_id` , `from`) VALUES ('/images/1.png' , 19 , 1) [ RunTime:0.000243s ]
[ sql ] [ SQL ] INSERT INTO `image_by_goods` (`image_url` , `goods_id` , `from`) VALUES ('/images/2.png' , 19 , 1) [ RunTime:0.000098s ]
[ sql ] [ SQL ] INSERT INTO `image_by_goods` (`image_url` , `goods_id` , `from`) VALUES ('/images/3.png' , 19 , 1) [ RunTime:0.000105s ]
---------------------------------------------------------------
[ 2018-05-14T22:25:27+08:00 ] 117.136.98.120 POST /api/AddGoods
[ info ] www.guetused.top/api/AddGoods [运行时间：0.033179s][吞吐率：30.14req/s] [内存消耗：3,422.54kb] [文件加载：49]
[ sql ] [ DB ] CONNECT:[ UseTime:0.000590s ] mysql:host=127.0.0.1;dbname=store;charset=utf8
[ sql ] [ SQL ] SHOW COLUMNS FROM `goods` [ RunTime:0.000937s ]
[ sql ] [ SQL ] INSERT INTO `goods` (`title` , `describe` , `location` , `price` , `user_id` , `type`) VALUES ('坚果pro' , 'slkjfkljslkjjlkj家里开始大家来看' , '北京' , 1200 , 5 , 11) [ RunTime:0.000352s ]
[ sql ] [ SQL ] SHOW COLUMNS FROM `image_by_goods` [ RunTime:0.000540s ]
[ sql ] [ SQL ] INSERT INTO `image_by_goods` (`image_url` , `goods_id` , `from`) VALUES ('/images/1.png' , 20 , 1) [ RunTime:0.000225s ]
[ sql ] [ SQL ] INSERT INTO `image_by_goods` (`image_url` , `goods_id` , `from`) VALUES ('/images/2.png' , 20 , 1) [ RunTime:0.000097s ]
[ sql ] [ SQL ] INSERT INTO `image_by_goods` (`image_url` , `goods_id` , `from`) VALUES ('/images/3.png' , 20 , 1) [ RunTime:0.000124s ]
---------------------------------------------------------------
[ 2018-05-14T22:30:32+08:00 ] 117.136.98.120 POST /api/AddGoods
[ info ] www.guetused.top/api/AddGoods [运行时间：0.031955s][吞吐率：31.29req/s] [内存消耗：3,422.32kb] [文件加载：49]
[ sql ] [ DB ] CONNECT:[ UseTime:0.000441s ] mysql:host=127.0.0.1;dbname=store;charset=utf8
[ sql ] [ SQL ] SHOW COLUMNS FROM `goods` [ RunTime:0.000848s ]
[ sql ] [ SQL ] INSERT INTO `goods` (`title` , `describe` , `location` , `price` , `user_id` , `type`) VALUES ('坚果pro' , 'slkjfkljslkjjlkj家里开始大家来看' , '北京' , 1200 , 5 , 11) [ RunTime:0.000845s ]
[ sql ] [ SQL ] SHOW COLUMNS FROM `image_by_goods` [ RunTime:0.000526s ]
[ sql ] [ SQL ] INSERT INTO `image_by_goods` (`image_url` , `goods_id` , `from`) VALUES ('/images/1.png' , 22 , 1) [ RunTime:0.000211s ]
[ sql ] [ SQL ] INSERT INTO `image_by_goods` (`image_url` , `goods_id` , `from`) VALUES ('/images/2.png' , 22 , 1) [ RunTime:0.000114s ]
[ sql ] [ SQL ] INSERT INTO `image_by_goods` (`image_url` , `goods_id` , `from`) VALUES ('/images/3.png' , 22 , 1) [ RunTime:0.000094s ]
