---------------------------------------------------------------
[ 2018-05-15T12:22:08+08:00 ] 111.59.124.169 GET /api/Task?location=%E5%8C%97%E4%BA%AC
[ info ] www.guetused.top/api/Task?location=%E5%8C%97%E4%BA%AC [运行时间：0.073479s][吞吐率：13.61req/s] [内存消耗：3,320.70kb] [文件加载：44]
[ sql ] [ DB ] CONNECT:[ UseTime:0.003151s ] mysql:host=127.0.0.1;dbname=store;charset=utf8
[ sql ] [ SQL ] SHOW COLUMNS FROM `task_location` [ RunTime:0.000999s ]
[ sql ] [ SQL ] SELECT * FROM `task_location` WHERE  `location` = '北京' [ RunTime:0.001596s ]
[ sql ] [ SQL ] SHOW COLUMNS FROM `task` [ RunTime:0.001958s ]
[ sql ] [ SQL ] SELECT * FROM `task` WHERE  `id` IN (1,2) [ RunTime:0.003146s ]
---------------------------------------------------------------
[ 2018-05-15T12:22:08+08:00 ] 111.59.124.169 GET /api/Banner?id=1&location=%E5%8C%97%E4%BA%AC
[ info ] www.guetused.top/api/Banner?id=1&location=%E5%8C%97%E4%BA%AC [运行时间：0.091018s][吞吐率：10.99req/s] [内存消耗：3,428.21kb] [文件加载：46]
[ sql ] [ DB ] CONNECT:[ UseTime:0.004932s ] mysql:host=127.0.0.1;dbname=store;charset=utf8
[ sql ] [ SQL ] SHOW COLUMNS FROM `banner` [ RunTime:0.002022s ]
[ sql ] [ SQL ] SELECT * FROM `banner` WHERE  `id` = 1 LIMIT 1 [ RunTime:0.002106s ]
[ sql ] [ SQL ] SHOW COLUMNS FROM `banner_item` [ RunTime:0.001473s ]
[ sql ] [ SQL ] SELECT * FROM `banner_item` WHERE  `location` = '北京'  AND `banner_id` = 1 [ RunTime:0.001121s ]
[ sql ] [ SQL ] SELECT * FROM `banner_item` WHERE  `location` = '北京'  AND `banner_id` = 1 [ RunTime:0.004185s ]
[ sql ] [ SQL ] SHOW COLUMNS FROM `image_by_banner` [ RunTime:0.002105s ]
[ sql ] [ SQL ] SELECT * FROM `image_by_banner` WHERE  `id` IN (1,2,3) [ RunTime:0.001070s ]
---------------------------------------------------------------
[ 2018-05-15T12:36:07+08:00 ] 111.59.124.169 GET /api/Goods?id=2
[ info ] www.guetused.top/api/Goods?id=2 [运行时间：0.032599s][吞吐率：30.68req/s] [内存消耗：3,796.68kb] [文件加载：52]
[ sql ] [ DB ] CONNECT:[ UseTime:0.000459s ] mysql:host=127.0.0.1;dbname=store;charset=utf8
[ sql ] [ SQL ] SHOW COLUMNS FROM `goods` [ RunTime:0.002004s ]
[ sql ] [ SQL ] SELECT * FROM `goods` WHERE  `id` = 2 LIMIT 1 [ RunTime:0.000375s ]
[ sql ] [ SQL ] SHOW COLUMNS FROM `goods_image` [ RunTime:0.001470s ]
[ sql ] [ SQL ] SELECT * FROM `goods_image` WHERE  `goods_id` = 2 [ RunTime:0.000239s ]
[ sql ] [ SQL ] SELECT * FROM `goods_image` WHERE  `goods_id` = 2 [ RunTime:0.000283s ]
[ sql ] [ SQL ] SHOW COLUMNS FROM `image_by_goods` [ RunTime:0.000580s ]
[ sql ] [ SQL ] SELECT * FROM `image_by_goods` WHERE  `id` IN (1,2,3) [ RunTime:0.000318s ]
---------------------------------------------------------------
[ 2018-05-15T12:45:23+08:00 ] 111.59.124.169 POST /api/Token/user
[ info ] www.guetused.top/api/Token/user [运行时间：0.182144s][吞吐率：5.49req/s] [内存消耗：3,281.79kb] [文件加载：46]
[ sql ] [ DB ] CONNECT:[ UseTime:0.000402s ] mysql:host=127.0.0.1;dbname=store;charset=utf8
[ sql ] [ SQL ] SHOW COLUMNS FROM `user` [ RunTime:0.000767s ]
[ sql ] [ SQL ] SELECT * FROM `user` WHERE  `openid` = 'oyKA95aeisZH87vnR6uYOABfOch4' LIMIT 1 [ RunTime:0.000330s ]
---------------------------------------------------------------
[ 2018-05-15T12:45:39+08:00 ] 111.59.124.169 POST /api/AddGoods
[ info ] www.guetused.top/api/AddGoods [运行时间：0.030425s][吞吐率：32.87req/s] [内存消耗：3,422.27kb] [文件加载：49]
[ sql ] [ DB ] CONNECT:[ UseTime:0.000412s ] mysql:host=127.0.0.1;dbname=store;charset=utf8
[ sql ] [ SQL ] SHOW COLUMNS FROM `goods` [ RunTime:0.000802s ]
[ sql ] [ SQL ] INSERT INTO `goods` (`title` , `describe` , `location` , `price` , `user_id` , `type`) VALUES ('坚果pro' , 'slkjfkljslkjjlkj家里开始大家来看' , '北京' , 1200 , 5 , 11) [ RunTime:0.000332s ]
[ sql ] [ SQL ] SHOW COLUMNS FROM `image_by_goods` [ RunTime:0.000504s ]
[ sql ] [ SQL ] INSERT INTO `image_by_goods` (`image_url` , `goods_id` , `from`) VALUES ('/images/1.png' , 23 , 1) [ RunTime:0.000248s ]
[ sql ] [ SQL ] INSERT INTO `image_by_goods` (`image_url` , `goods_id` , `from`) VALUES ('/images/2.png' , 23 , 1) [ RunTime:0.000098s ]
[ sql ] [ SQL ] INSERT INTO `image_by_goods` (`image_url` , `goods_id` , `from`) VALUES ('/images/3.png' , 23 , 1) [ RunTime:0.000095s ]
---------------------------------------------------------------
[ 2018-05-15T12:49:02+08:00 ] 111.59.124.169 POST /api/AddGoods
[ info ] www.guetused.top/api/AddGoods [运行时间：0.028243s][吞吐率：35.41req/s] [内存消耗：3,479.60kb] [文件加载：50]
[ sql ] [ DB ] CONNECT:[ UseTime:0.000393s ] mysql:host=127.0.0.1;dbname=store;charset=utf8
[ sql ] [ SQL ] SHOW COLUMNS FROM `goods` [ RunTime:0.000787s ]
[ sql ] [ SQL ] INSERT INTO `goods` (`title` , `describe` , `location` , `price` , `user_id` , `type`) VALUES ('坚果pro' , 'slkjfkljslkjjlkj家里开始大家来看' , '北京' , 1200 , 5 , 11) [ RunTime:0.000351s ]
[ sql ] [ SQL ] SHOW COLUMNS FROM `image_by_goods` [ RunTime:0.000532s ]
[ sql ] [ SQL ] INSERT INTO `image_by_goods` (`image_url` , `goods_id` , `from`) VALUES ('/images/1.png' , 24 , 1) [ RunTime:0.000208s ]
[ sql ] [ SQL ] INSERT INTO `image_by_goods` (`image_url` , `goods_id` , `from`) VALUES ('/images/2.png' , 24 , 1) [ RunTime:0.000095s ]
[ sql ] [ SQL ] INSERT INTO `image_by_goods` (`image_url` , `goods_id` , `from`) VALUES ('/images/3.png' , 24 , 1) [ RunTime:0.000090s ]
---------------------------------------------------------------
[ 2018-05-15T12:50:08+08:00 ] 111.59.124.169 POST /api/AddGoods
[ info ] www.guetused.top/api/AddGoods [运行时间：0.030989s][吞吐率：32.27req/s] [内存消耗：3,480.54kb] [文件加载：50]
[ sql ] [ DB ] CONNECT:[ UseTime:0.000427s ] mysql:host=127.0.0.1;dbname=store;charset=utf8
[ sql ] [ SQL ] SHOW COLUMNS FROM `goods` [ RunTime:0.000817s ]
[ sql ] [ SQL ] INSERT INTO `goods` (`title` , `describe` , `location` , `price` , `user_id` , `type` , `create_time` , `update_time`) VALUES ('坚果pro' , 'slkjfkljslkjjlkj家里开始大家来看' , '北京' , 1200 , 5 , 11 , '2018-05-15 12:50:08' , '2018-05-15 12:50:08') [ RunTime:0.000333s ]
[ sql ] [ SQL ] SHOW COLUMNS FROM `image_by_goods` [ RunTime:0.000497s ]
[ sql ] [ SQL ] INSERT INTO `image_by_goods` (`image_url` , `goods_id` , `from`) VALUES ('/images/1.png' , 25 , 1) [ RunTime:0.000215s ]
[ sql ] [ SQL ] INSERT INTO `image_by_goods` (`image_url` , `goods_id` , `from`) VALUES ('/images/2.png' , 25 , 1) [ RunTime:0.000094s ]
[ sql ] [ SQL ] INSERT INTO `image_by_goods` (`image_url` , `goods_id` , `from`) VALUES ('/images/3.png' , 25 , 1) [ RunTime:0.000091s ]
---------------------------------------------------------------
[ 2018-05-15T12:56:17+08:00 ] 111.59.124.169 POST /api/AddGoods
[ info ] www.guetused.top/api/AddGoods [运行时间：0.032305s][吞吐率：30.95req/s] [内存消耗：3,494.49kb] [文件加载：50]
[ sql ] [ DB ] CONNECT:[ UseTime:0.000372s ] mysql:host=127.0.0.1;dbname=store;charset=utf8
[ sql ] [ SQL ] SHOW COLUMNS FROM `goods` [ RunTime:0.000836s ]
[ sql ] [ SQL ] INSERT INTO `goods` (`title` , `describe` , `location` , `price` , `user_id` , `type` , `create_time` , `update_time`) VALUES ('坚果pro' , 'slkjfkljslkjjlkj家里开始大家来看' , '北京' , 1200 , 5 , 11 , '2018-05-15 12:56:17' , '2018-05-15 12:56:17') [ RunTime:0.000330s ]
[ sql ] [ SQL ] SHOW COLUMNS FROM `image_by_goods` [ RunTime:0.000510s ]
[ sql ] [ SQL ] INSERT INTO `image_by_goods` (`image_url` , `goods_id` , `from`) VALUES ('/images/1.png' , 26 , 1) [ RunTime:0.000247s ]
[ sql ] [ SQL ] INSERT INTO `image_by_goods` (`image_url` , `goods_id` , `from`) VALUES ('/images/2.png' , 26 , 1) [ RunTime:0.000095s ]
[ sql ] [ SQL ] INSERT INTO `image_by_goods` (`image_url` , `goods_id` , `from`) VALUES ('/images/3.png' , 26 , 1) [ RunTime:0.000093s ]
[ sql ] [ SQL ] SHOW COLUMNS FROM `type_location` [ RunTime:0.000520s ]
[ sql ] [ SQL ] INSERT INTO `type_location` (`type` , `goods_id` , `location` , `create_time` , `update_time`) VALUES (11 , 26 , '北京' , '2018-05-15 12:56:17' , '2018-05-15 12:56:17') [ RunTime:0.000246s ]
---------------------------------------------------------------
[ 2018-05-15T13:02:26+08:00 ] 111.59.124.169 POST /api/AddGoods
[ info ] www.guetused.top/api/AddGoods [运行时间：0.033332s][吞吐率：30.00req/s] [内存消耗：3,547.91kb] [文件加载：51]
[ sql ] [ DB ] CONNECT:[ UseTime:0.000371s ] mysql:host=127.0.0.1;dbname=store;charset=utf8
[ sql ] [ SQL ] SHOW COLUMNS FROM `goods` [ RunTime:0.000778s ]
[ sql ] [ SQL ] INSERT INTO `goods` (`title` , `describe` , `location` , `price` , `user_id` , `type` , `create_time` , `update_time`) VALUES ('坚果pro' , 'slkjfkljslkjjlkj家里开始大家来看' , '北京' , 1200 , 5 , 11 , '2018-05-15 13:02:26' , '2018-05-15 13:02:26') [ RunTime:0.000406s ]
[ sql ] [ SQL ] SHOW COLUMNS FROM `image_by_goods` [ RunTime:0.000558s ]
[ sql ] [ SQL ] INSERT INTO `image_by_goods` (`image_url` , `goods_id` , `from`) VALUES ('/images/1.png' , 27 , 1) [ RunTime:0.000226s ]
[ sql ] [ SQL ] INSERT INTO `image_by_goods` (`image_url` , `goods_id` , `from`) VALUES ('/images/2.png' , 27 , 1) [ RunTime:0.000098s ]
[ sql ] [ SQL ] INSERT INTO `image_by_goods` (`image_url` , `goods_id` , `from`) VALUES ('/images/3.png' , 27 , 1) [ RunTime:0.000091s ]
[ sql ] [ SQL ] SHOW COLUMNS FROM `type_location` [ RunTime:0.000539s ]
[ sql ] [ SQL ] INSERT INTO `type_location` (`type` , `goods_id` , `location` , `create_time` , `update_time`) VALUES (11 , 27 , '北京' , '2018-05-15 13:02:26' , '2018-05-15 13:02:26') [ RunTime:0.000250s ]
[ sql ] [ SQL ] SHOW COLUMNS FROM `goods_image` [ RunTime:0.000474s ]
[ sql ] [ SQL ] INSERT INTO `goods_image` (`goods_id` , `image_id`) VALUES (27 , 58) [ RunTime:0.000226s ]
[ sql ] [ SQL ] INSERT INTO `goods_image` (`goods_id` , `image_id`) VALUES (27 , 59) [ RunTime:0.000087s ]
[ sql ] [ SQL ] INSERT INTO `goods_image` (`goods_id` , `image_id`) VALUES (27 , 60) [ RunTime:0.000085s ]
---------------------------------------------------------------
[ 2018-05-15T13:09:01+08:00 ] 111.59.124.169 POST /api/AddGoods
[ info ] www.guetused.top/api/AddGoods [运行时间：0.033685s][吞吐率：29.69req/s] [内存消耗：3,547.84kb] [文件加载：51]
[ sql ] [ DB ] CONNECT:[ UseTime:0.000401s ] mysql:host=127.0.0.1;dbname=store;charset=utf8
[ sql ] [ SQL ] SHOW COLUMNS FROM `goods` [ RunTime:0.000829s ]
[ sql ] [ SQL ] INSERT INTO `goods` (`title` , `describe` , `location` , `price` , `user_id` , `type` , `create_time` , `update_time`) VALUES ('坚果pro' , 'slkjfkljslkjjlkj家里开始大家来看' , '北京' , 1200 , 5 , 11 , '2018-05-15 13:09:01' , '2018-05-15 13:09:01') [ RunTime:0.000319s ]
[ sql ] [ SQL ] SHOW COLUMNS FROM `image_by_goods` [ RunTime:0.000602s ]
[ sql ] [ SQL ] INSERT INTO `image_by_goods` (`image_url` , `goods_id` , `from`) VALUES ('/images/1.png' , 5 , 1) [ RunTime:0.000210s ]
[ sql ] [ SQL ] INSERT INTO `image_by_goods` (`image_url` , `goods_id` , `from`) VALUES ('/images/2.png' , 5 , 1) [ RunTime:0.000121s ]
[ sql ] [ SQL ] INSERT INTO `image_by_goods` (`image_url` , `goods_id` , `from`) VALUES ('/images/3.png' , 5 , 1) [ RunTime:0.000093s ]
[ sql ] [ SQL ] SHOW COLUMNS FROM `type_location` [ RunTime:0.000551s ]
[ sql ] [ SQL ] INSERT INTO `type_location` (`type` , `goods_id` , `location` , `create_time` , `update_time`) VALUES (11 , 5 , '北京' , '2018-05-15 13:09:01' , '2018-05-15 13:09:01') [ RunTime:0.000218s ]
[ sql ] [ SQL ] SHOW COLUMNS FROM `goods_image` [ RunTime:0.000553s ]
[ sql ] [ SQL ] INSERT INTO `goods_image` (`goods_id` , `image_id`) VALUES (5 , 61) [ RunTime:0.000197s ]
[ sql ] [ SQL ] INSERT INTO `goods_image` (`goods_id` , `image_id`) VALUES (5 , 62) [ RunTime:0.000129s ]
[ sql ] [ SQL ] INSERT INTO `goods_image` (`goods_id` , `image_id`) VALUES (5 , 63) [ RunTime:0.000090s ]
---------------------------------------------------------------
[ 2018-05-15T13:11:01+08:00 ] 111.59.124.169 POST /api/AddGoods
[ info ] www.guetused.top/api/AddGoods [运行时间：0.036852s][吞吐率：27.14req/s] [内存消耗：3,548.03kb] [文件加载：51]
[ sql ] [ DB ] CONNECT:[ UseTime:0.000451s ] mysql:host=127.0.0.1;dbname=store;charset=utf8
[ sql ] [ SQL ] SHOW COLUMNS FROM `goods` [ RunTime:0.000830s ]
[ sql ] [ SQL ] INSERT INTO `goods` (`title` , `describe` , `location` , `price` , `user_id` , `type` , `create_time` , `update_time`) VALUES ('坚果pro' , 'slkjfkljslkjjlkj家里开始大家来看' , '北京' , 1200 , 5 , 11 , '2018-05-15 13:11:01' , '2018-05-15 13:11:01') [ RunTime:0.000345s ]
[ sql ] [ SQL ] SHOW COLUMNS FROM `image_by_goods` [ RunTime:0.000548s ]
[ sql ] [ SQL ] INSERT INTO `image_by_goods` (`image_url` , `goods_id` , `from`) VALUES ('/images/1.png' , 6 , 1) [ RunTime:0.000206s ]
[ sql ] [ SQL ] INSERT INTO `image_by_goods` (`image_url` , `goods_id` , `from`) VALUES ('/images/2.png' , 6 , 1) [ RunTime:0.000094s ]
[ sql ] [ SQL ] INSERT INTO `image_by_goods` (`image_url` , `goods_id` , `from`) VALUES ('/images/3.png' , 6 , 1) [ RunTime:0.000096s ]
[ sql ] [ SQL ] SHOW COLUMNS FROM `type_location` [ RunTime:0.000545s ]
[ sql ] [ SQL ] INSERT INTO `type_location` (`type` , `goods_id` , `location` , `create_time` , `update_time`) VALUES (11 , 6 , '北京' , '2018-05-15 13:11:01' , '2018-05-15 13:11:01') [ RunTime:0.000217s ]
[ sql ] [ SQL ] SHOW COLUMNS FROM `goods_image` [ RunTime:0.000504s ]
[ sql ] [ SQL ] INSERT INTO `goods_image` (`goods_id` , `image_id`) VALUES (6 , 64) [ RunTime:0.000193s ]
[ sql ] [ SQL ] INSERT INTO `goods_image` (`goods_id` , `image_id`) VALUES (6 , 65) [ RunTime:0.000089s ]
[ sql ] [ SQL ] INSERT INTO `goods_image` (`goods_id` , `image_id`) VALUES (6 , 66) [ RunTime:0.000092s ]
---------------------------------------------------------------
[ 2018-05-15T13:12:10+08:00 ] 111.59.124.169 POST /api/AddGoods
[ info ] www.guetused.top/api/AddGoods [运行时间：0.034056s][吞吐率：29.36req/s] [内存消耗：3,548.03kb] [文件加载：51]
[ sql ] [ DB ] CONNECT:[ UseTime:0.000345s ] mysql:host=127.0.0.1;dbname=store;charset=utf8
[ sql ] [ SQL ] SHOW COLUMNS FROM `goods` [ RunTime:0.000898s ]
[ sql ] [ SQL ] INSERT INTO `goods` (`title` , `describe` , `location` , `price` , `user_id` , `type` , `create_time` , `update_time`) VALUES ('坚果pro' , 'slkjfkljslkjjlkj家里开始大家来看' , '北京' , 1200 , 5 , 11 , '2018-05-15 13:12:10' , '2018-05-15 13:12:10') [ RunTime:0.000358s ]
[ sql ] [ SQL ] SHOW COLUMNS FROM `image_by_goods` [ RunTime:0.000622s ]
[ sql ] [ SQL ] INSERT INTO `image_by_goods` (`image_url` , `goods_id` , `from`) VALUES ('/images/1.png' , 7 , 1) [ RunTime:0.000213s ]
[ sql ] [ SQL ] INSERT INTO `image_by_goods` (`image_url` , `goods_id` , `from`) VALUES ('/images/2.png' , 7 , 1) [ RunTime:0.000127s ]
[ sql ] [ SQL ] INSERT INTO `image_by_goods` (`image_url` , `goods_id` , `from`) VALUES ('/images/3.png' , 7 , 1) [ RunTime:0.000100s ]
[ sql ] [ SQL ] SHOW COLUMNS FROM `type_location` [ RunTime:0.000588s ]
[ sql ] [ SQL ] INSERT INTO `type_location` (`type` , `goods_id` , `location` , `create_time` , `update_time`) VALUES (11 , 7 , '北京' , '2018-05-15 13:12:10' , '2018-05-15 13:12:10') [ RunTime:0.000223s ]
[ sql ] [ SQL ] SHOW COLUMNS FROM `goods_image` [ RunTime:0.000499s ]
[ sql ] [ SQL ] INSERT INTO `goods_image` (`goods_id` , `image_id`) VALUES (7 , 19) [ RunTime:0.000202s ]
[ sql ] [ SQL ] INSERT INTO `goods_image` (`goods_id` , `image_id`) VALUES (7 , 20) [ RunTime:0.000098s ]
[ sql ] [ SQL ] INSERT INTO `goods_image` (`goods_id` , `image_id`) VALUES (7 , 21) [ RunTime:0.000091s ]
---------------------------------------------------------------
[ 2018-05-15T13:14:14+08:00 ] 111.59.124.169 POST /api/AddGoods
[ info ] www.guetused.top/api/AddGoods [运行时间：0.033437s][吞吐率：29.91req/s] [内存消耗：3,547.59kb] [文件加载：51]
[ sql ] [ DB ] CONNECT:[ UseTime:0.000487s ] mysql:host=127.0.0.1;dbname=store;charset=utf8
[ sql ] [ SQL ] SHOW COLUMNS FROM `goods` [ RunTime:0.000782s ]
[ sql ] [ SQL ] INSERT INTO `goods` (`title` , `describe` , `location` , `price` , `user_id` , `type` , `create_time` , `update_time`) VALUES ('坚果pro' , 'slkjfkljslkjjlkj家里开始大家来看' , '北京' , 1200 , 5 , 11 , '2018-05-15 13:14:14' , '2018-05-15 13:14:14') [ RunTime:0.000359s ]
[ sql ] [ SQL ] SHOW COLUMNS FROM `image_by_goods` [ RunTime:0.000536s ]
[ sql ] [ SQL ] INSERT INTO `image_by_goods` (`image_url` , `goods_id` , `from`) VALUES ('/images/1.png' , 8 , 1) [ RunTime:0.000213s ]
[ sql ] [ SQL ] INSERT INTO `image_by_goods` (`image_url` , `goods_id` , `from`) VALUES ('/images/2.png' , 8 , 1) [ RunTime:0.000093s ]
[ sql ] [ SQL ] INSERT INTO `image_by_goods` (`image_url` , `goods_id` , `from`) VALUES ('/images/3.png' , 8 , 1) [ RunTime:0.000098s ]
[ sql ] [ SQL ] SHOW COLUMNS FROM `type_location` [ RunTime:0.000533s ]
[ sql ] [ SQL ] INSERT INTO `type_location` (`type` , `goods_id` , `location` , `create_time` , `update_time`) VALUES (11 , 8 , '北京' , '2018-05-15 13:14:14' , '2018-05-15 13:14:14') [ RunTime:0.000213s ]
[ sql ] [ SQL ] SHOW COLUMNS FROM `goods_image` [ RunTime:0.000507s ]
[ sql ] [ SQL ] INSERT INTO `goods_image` (`goods_id` , `image_id`) VALUES (8 , 22) [ RunTime:0.000202s ]
[ sql ] [ SQL ] INSERT INTO `goods_image` (`goods_id` , `image_id`) VALUES (8 , 23) [ RunTime:0.000104s ]
[ sql ] [ SQL ] INSERT INTO `goods_image` (`goods_id` , `image_id`) VALUES (8 , 24) [ RunTime:0.000092s ]
---------------------------------------------------------------
[ 2018-05-15T13:15:36+08:00 ] 111.59.124.169 POST /api/AddGoods
[ info ] www.guetused.top/api/AddGoods [运行时间：0.041268s][吞吐率：24.23req/s] [内存消耗：3,547.58kb] [文件加载：51]
[ sql ] [ DB ] CONNECT:[ UseTime:0.000364s ] mysql:host=127.0.0.1;dbname=store;charset=utf8
[ sql ] [ SQL ] SHOW COLUMNS FROM `goods` [ RunTime:0.000809s ]
[ sql ] [ SQL ] INSERT INTO `goods` (`title` , `describe` , `location` , `price` , `user_id` , `type` , `create_time` , `update_time`) VALUES ('坚果pro' , 'slkjfkljslkjjlkj家里开始大家来看' , '北京' , 1200 , 5 , 11 , '2018-05-15 13:15:36' , '2018-05-15 13:15:36') [ RunTime:0.000338s ]
[ sql ] [ SQL ] SHOW COLUMNS FROM `image_by_goods` [ RunTime:0.000507s ]
[ sql ] [ SQL ] INSERT INTO `image_by_goods` (`image_url` , `goods_id` , `from`) VALUES ('/images/1.png' , 9 , 1) [ RunTime:0.000223s ]
[ sql ] [ SQL ] INSERT INTO `image_by_goods` (`image_url` , `goods_id` , `from`) VALUES ('/images/2.png' , 9 , 1) [ RunTime:0.000095s ]
[ sql ] [ SQL ] INSERT INTO `image_by_goods` (`image_url` , `goods_id` , `from`) VALUES ('/images/3.png' , 9 , 1) [ RunTime:0.000092s ]
[ sql ] [ SQL ] SHOW COLUMNS FROM `type_location` [ RunTime:0.000570s ]
[ sql ] [ SQL ] INSERT INTO `type_location` (`type` , `goods_id` , `location` , `create_time` , `update_time`) VALUES (11 , 9 , '北京' , '2018-05-15 13:15:36' , '2018-05-15 13:15:36') [ RunTime:0.000262s ]
[ sql ] [ SQL ] SHOW COLUMNS FROM `goods_image` [ RunTime:0.000488s ]
[ sql ] [ SQL ] INSERT INTO `goods_image` (`goods_id` , `image_id`) VALUES (9 , 25) [ RunTime:0.000201s ]
[ sql ] [ SQL ] INSERT INTO `goods_image` (`goods_id` , `image_id`) VALUES (9 , 26) [ RunTime:0.000090s ]
[ sql ] [ SQL ] INSERT INTO `goods_image` (`goods_id` , `image_id`) VALUES (9 , 27) [ RunTime:0.000088s ]
---------------------------------------------------------------
[ 2018-05-15T15:47:21+08:00 ] 117.136.98.120 GET /api/banner?id=1&location=%E5%8C%97%E4%BA%AC
[ info ] www.guetused.top/api/banner?id=1&location=%E5%8C%97%E4%BA%AC [运行时间：0.026144s][吞吐率：38.25req/s] [内存消耗：3,431.45kb] [文件加载：46]
[ sql ] [ DB ] CONNECT:[ UseTime:0.000393s ] mysql:host=127.0.0.1;dbname=store;charset=utf8
[ sql ] [ SQL ] SHOW COLUMNS FROM `banner` [ RunTime:0.000746s ]
[ sql ] [ SQL ] SELECT * FROM `banner` WHERE  `id` = 1 LIMIT 1 [ RunTime:0.000321s ]
[ sql ] [ SQL ] SHOW COLUMNS FROM `banner_item` [ RunTime:0.000508s ]
[ sql ] [ SQL ] SELECT * FROM `banner_item` WHERE  `location` = '北京'  AND `banner_id` = 1 [ RunTime:0.000300s ]
[ sql ] [ SQL ] SELECT * FROM `banner_item` WHERE  `location` = '北京'  AND `banner_id` = 1 [ RunTime:0.000278s ]
[ sql ] [ SQL ] SHOW COLUMNS FROM `image_by_banner` [ RunTime:0.000530s ]
[ sql ] [ SQL ] SELECT * FROM `image_by_banner` WHERE  `id` IN (1,2,3) [ RunTime:0.000279s ]
---------------------------------------------------------------
[ 2018-05-15T15:47:31+08:00 ] 117.136.98.120 GET /api/banner?id=1&location=%E5%8C%97%E4%BA%AC
[ info ] www.guetused.top/api/banner?id=1&location=%E5%8C%97%E4%BA%AC [运行时间：0.031412s][吞吐率：31.84req/s] [内存消耗：3,431.45kb] [文件加载：46]
[ sql ] [ DB ] CONNECT:[ UseTime:0.000371s ] mysql:host=127.0.0.1;dbname=store;charset=utf8
[ sql ] [ SQL ] SHOW COLUMNS FROM `banner` [ RunTime:0.000722s ]
[ sql ] [ SQL ] SELECT * FROM `banner` WHERE  `id` = 1 LIMIT 1 [ RunTime:0.000350s ]
[ sql ] [ SQL ] SHOW COLUMNS FROM `banner_item` [ RunTime:0.000501s ]
[ sql ] [ SQL ] SELECT * FROM `banner_item` WHERE  `location` = '北京'  AND `banner_id` = 1 [ RunTime:0.000277s ]
[ sql ] [ SQL ] SELECT * FROM `banner_item` WHERE  `location` = '北京'  AND `banner_id` = 1 [ RunTime:0.000284s ]
[ sql ] [ SQL ] SHOW COLUMNS FROM `image_by_banner` [ RunTime:0.000501s ]
[ sql ] [ SQL ] SELECT * FROM `image_by_banner` WHERE  `id` IN (1,2,3) [ RunTime:0.000309s ]
---------------------------------------------------------------
[ 2018-05-15T15:47:41+08:00 ] 117.136.98.120 GET /api/banner?id=1&location=%E5%8C%97%E4%BA%AC
[ info ] www.guetused.top/api/banner?id=1&location=%E5%8C%97%E4%BA%AC [运行时间：0.030575s][吞吐率：32.71req/s] [内存消耗：3,431.70kb] [文件加载：46]
[ sql ] [ DB ] CONNECT:[ UseTime:0.000419s ] mysql:host=127.0.0.1;dbname=store;charset=utf8
[ sql ] [ SQL ] SHOW COLUMNS FROM `banner` [ RunTime:0.000746s ]
[ sql ] [ SQL ] SELECT * FROM `banner` WHERE  `id` = 1 LIMIT 1 [ RunTime:0.000306s ]
[ sql ] [ SQL ] SHOW COLUMNS FROM `banner_item` [ RunTime:0.000521s ]
[ sql ] [ SQL ] SELECT * FROM `banner_item` WHERE  `location` = '北京'  AND `banner_id` = 1 [ RunTime:0.000306s ]
[ sql ] [ SQL ] SELECT * FROM `banner_item` WHERE  `location` = '北京'  AND `banner_id` = 1 [ RunTime:0.000273s ]
[ sql ] [ SQL ] SHOW COLUMNS FROM `image_by_banner` [ RunTime:0.000542s ]
[ sql ] [ SQL ] SELECT * FROM `image_by_banner` WHERE  `id` IN (1,2,3) [ RunTime:0.000282s ]
---------------------------------------------------------------
[ 2018-05-15T16:53:28+08:00 ] 111.59.124.149 GET /api/Banner?id=1&location=%E5%8C%97%E4%BA%AC
[ info ] www.guetused.top/api/Banner?id=1&location=%E5%8C%97%E4%BA%AC [运行时间：0.048165s][吞吐率：20.76req/s] [内存消耗：3,430.70kb] [文件加载：46]
[ sql ] [ DB ] CONNECT:[ UseTime:0.002720s ] mysql:host=127.0.0.1;dbname=store;charset=utf8
[ sql ] [ SQL ] SHOW COLUMNS FROM `banner` [ RunTime:0.000766s ]
[ sql ] [ SQL ] SELECT * FROM `banner` WHERE  `id` = 1 LIMIT 1 [ RunTime:0.000427s ]
[ sql ] [ SQL ] SHOW COLUMNS FROM `banner_item` [ RunTime:0.001821s ]
[ sql ] [ SQL ] SELECT * FROM `banner_item` WHERE  `location` = '北京'  AND `banner_id` = 1 [ RunTime:0.001002s ]
[ sql ] [ SQL ] SELECT * FROM `banner_item` WHERE  `location` = '北京'  AND `banner_id` = 1 [ RunTime:0.000532s ]
[ sql ] [ SQL ] SHOW COLUMNS FROM `image_by_banner` [ RunTime:0.001115s ]
[ sql ] [ SQL ] SELECT * FROM `image_by_banner` WHERE  `id` IN (1,2,3) [ RunTime:0.001940s ]
---------------------------------------------------------------
[ 2018-05-15T16:53:28+08:00 ] 111.59.124.149 GET /api/NewGoods?location=%E5%8C%97%E4%BA%AC
[ info ] www.guetused.top/api/NewGoods?location=%E5%8C%97%E4%BA%AC [运行时间：0.071188s][吞吐率：14.05req/s] [内存消耗：3,535.19kb] [文件加载：47]
[ sql ] [ DB ] CONNECT:[ UseTime:0.002408s ] mysql:host=127.0.0.1;dbname=store;charset=utf8
[ sql ] [ SQL ] SHOW COLUMNS FROM `type_location` [ RunTime:0.000826s ]
[ sql ] [ SQL ] SELECT * FROM `type_location` WHERE  `location` = '北京' ORDER BY `create_time` DESC [ RunTime:0.000898s ]
[ sql ] [ SQL ] SHOW COLUMNS FROM `goods` [ RunTime:0.002816s ]
[ sql ] [ SQL ] SELECT `id`,`title`,`price` FROM `goods` WHERE  `id` IN (9,8,7,6,5,4,3,2,1) ORDER BY `create_time` [ RunTime:0.000811s ]
[ sql ] [ SQL ] SELECT `id`,`title`,`price` FROM `goods` WHERE  `id` IN (9,8,7,6,5,4,3,2,1) ORDER BY `create_time` [ RunTime:0.004053s ]
[ sql ] [ SQL ] SHOW COLUMNS FROM `goods_image` [ RunTime:0.000655s ]
[ sql ] [ SQL ] SELECT * FROM `goods_image` WHERE  `goods_id` IN (1,2,3,4,5,6,7,8,9) [ RunTime:0.000327s ]
[ sql ] [ SQL ] SELECT `id`,`title`,`price` FROM `goods` WHERE  `id` IN (9,8,7,6,5,4,3,2,1) ORDER BY `create_time` [ RunTime:0.000314s ]
[ sql ] [ SQL ] SELECT * FROM `goods_image` WHERE  `goods_id` IN (1,2,3,4,5,6,7,8,9) [ RunTime:0.000309s ]
[ sql ] [ SQL ] SHOW COLUMNS FROM `image_by_goods` [ RunTime:0.000558s ]
[ sql ] [ SQL ] SELECT * FROM `image_by_goods` WHERE  `id` IN (1,2,3,4,5,6,7,8,9,10,11,12,61,62,63,64,65,66,19,20,21,22,23,24,25,26,27) [ RunTime:0.000410s ]
---------------------------------------------------------------
[ 2018-05-15T16:53:44+08:00 ] 111.59.124.149 GET /api/Goods?id=3
[ info ] www.guetused.top/api/Goods?id=3 [运行时间：0.037035s][吞吐率：27.00req/s] [内存消耗：3,799.43kb] [文件加载：52]
[ sql ] [ DB ] CONNECT:[ UseTime:0.000576s ] mysql:host=127.0.0.1;dbname=store;charset=utf8
[ sql ] [ SQL ] SHOW COLUMNS FROM `goods` [ RunTime:0.000785s ]
[ sql ] [ SQL ] SELECT * FROM `goods` WHERE  `id` = 3 LIMIT 1 [ RunTime:0.000372s ]
[ sql ] [ SQL ] SHOW COLUMNS FROM `goods_image` [ RunTime:0.000512s ]
[ sql ] [ SQL ] SELECT * FROM `goods_image` WHERE  `goods_id` = 3 [ RunTime:0.000297s ]
[ sql ] [ SQL ] SELECT * FROM `goods_image` WHERE  `goods_id` = 3 [ RunTime:0.000249s ]
[ sql ] [ SQL ] SHOW COLUMNS FROM `image_by_goods` [ RunTime:0.000519s ]
[ sql ] [ SQL ] SELECT * FROM `image_by_goods` WHERE  `id` IN (7,8,9) [ RunTime:0.000285s ]
---------------------------------------------------------------
[ 2018-05-15T16:53:50+08:00 ] 111.59.124.149 GET /api/Goods?id=9
[ info ] www.guetused.top/api/Goods?id=9 [运行时间：0.032309s][吞吐率：30.95req/s] [内存消耗：3,799.50kb] [文件加载：52]
[ sql ] [ DB ] CONNECT:[ UseTime:0.000327s ] mysql:host=127.0.0.1;dbname=store;charset=utf8
[ sql ] [ SQL ] SHOW COLUMNS FROM `goods` [ RunTime:0.000771s ]
[ sql ] [ SQL ] SELECT * FROM `goods` WHERE  `id` = 9 LIMIT 1 [ RunTime:0.000372s ]
[ sql ] [ SQL ] SHOW COLUMNS FROM `goods_image` [ RunTime:0.000494s ]
[ sql ] [ SQL ] SELECT * FROM `goods_image` WHERE  `goods_id` = 9 [ RunTime:0.000267s ]
[ sql ] [ SQL ] SELECT * FROM `goods_image` WHERE  `goods_id` = 9 [ RunTime:0.000246s ]
[ sql ] [ SQL ] SHOW COLUMNS FROM `image_by_goods` [ RunTime:0.000513s ]
[ sql ] [ SQL ] SELECT * FROM `image_by_goods` WHERE  `id` IN (25,26,27) [ RunTime:0.000296s ]
---------------------------------------------------------------
[ 2018-05-15T16:58:16+08:00 ] 111.59.124.149 GET /api/Banner?id=1&location=%E5%8C%97%E4%BA%AC
[ info ] www.guetused.top/api/Banner?id=1&location=%E5%8C%97%E4%BA%AC [运行时间：0.060228s][吞吐率：16.60req/s] [内存消耗：3,430.44kb] [文件加载：46]
[ sql ] [ DB ] CONNECT:[ UseTime:0.002436s ] mysql:host=127.0.0.1;dbname=store;charset=utf8
[ sql ] [ SQL ] SHOW COLUMNS FROM `banner` [ RunTime:0.000743s ]
[ sql ] [ SQL ] SELECT * FROM `banner` WHERE  `id` = 1 LIMIT 1 [ RunTime:0.001266s ]
[ sql ] [ SQL ] SHOW COLUMNS FROM `banner_item` [ RunTime:0.001087s ]
[ sql ] [ SQL ] SELECT * FROM `banner_item` WHERE  `location` = '北京'  AND `banner_id` = 1 [ RunTime:0.001008s ]
[ sql ] [ SQL ] SELECT * FROM `banner_item` WHERE  `location` = '北京'  AND `banner_id` = 1 [ RunTime:0.000626s ]
[ sql ] [ SQL ] SHOW COLUMNS FROM `image_by_banner` [ RunTime:0.001130s ]
[ sql ] [ SQL ] SELECT * FROM `image_by_banner` WHERE  `id` IN (1,2,3) [ RunTime:0.001946s ]
---------------------------------------------------------------
[ 2018-05-15T16:58:16+08:00 ] 111.59.124.149 GET /api/NewGoods?location=%E5%8C%97%E4%BA%AC
[ info ] www.guetused.top/api/NewGoods?location=%E5%8C%97%E4%BA%AC [运行时间：0.062620s][吞吐率：15.97req/s] [内存消耗：3,535.31kb] [文件加载：47]
[ sql ] [ DB ] CONNECT:[ UseTime:0.001942s ] mysql:host=127.0.0.1;dbname=store;charset=utf8
[ sql ] [ SQL ] SHOW COLUMNS FROM `type_location` [ RunTime:0.001275s ]
[ sql ] [ SQL ] SELECT * FROM `type_location` WHERE  `location` = '北京' ORDER BY `create_time` DESC [ RunTime:0.000890s ]
[ sql ] [ SQL ] SHOW COLUMNS FROM `goods` [ RunTime:0.002994s ]
[ sql ] [ SQL ] SELECT `id`,`title`,`price` FROM `goods` WHERE  `id` IN (9,8,7,6,5,4,3,2,1) ORDER BY `create_time` [ RunTime:0.000828s ]
[ sql ] [ SQL ] SELECT `id`,`title`,`price` FROM `goods` WHERE  `id` IN (9,8,7,6,5,4,3,2,1) ORDER BY `create_time` [ RunTime:0.004117s ]
[ sql ] [ SQL ] SHOW COLUMNS FROM `goods_image` [ RunTime:0.000658s ]
[ sql ] [ SQL ] SELECT * FROM `goods_image` WHERE  `goods_id` IN (1,2,3,4,5,6,7,8,9) [ RunTime:0.000293s ]
[ sql ] [ SQL ] SELECT `id`,`title`,`price` FROM `goods` WHERE  `id` IN (9,8,7,6,5,4,3,2,1) ORDER BY `create_time` [ RunTime:0.000345s ]
[ sql ] [ SQL ] SELECT * FROM `goods_image` WHERE  `goods_id` IN (1,2,3,4,5,6,7,8,9) [ RunTime:0.000284s ]
[ sql ] [ SQL ] SHOW COLUMNS FROM `image_by_goods` [ RunTime:0.000552s ]
[ sql ] [ SQL ] SELECT * FROM `image_by_goods` WHERE  `id` IN (1,2,3,4,5,6,7,8,9,10,11,12,61,62,63,64,65,66,19,20,21,22,23,24,25,26,27) [ RunTime:0.000383s ]
---------------------------------------------------------------
[ 2018-05-15T16:58:55+08:00 ] 117.136.97.18 GET /api/Banner?id=1&location=%E5%8C%97%E4%BA%AC
[ info ] www.guetused.top/api/Banner?id=1&location=%E5%8C%97%E4%BA%AC [运行时间：0.060296s][吞吐率：16.58req/s] [内存消耗：3,430.52kb] [文件加载：46]
[ sql ] [ DB ] CONNECT:[ UseTime:0.001954s ] mysql:host=127.0.0.1;dbname=store;charset=utf8
[ sql ] [ SQL ] SHOW COLUMNS FROM `banner` [ RunTime:0.001500s ]
[ sql ] [ SQL ] SELECT * FROM `banner` WHERE  `id` = 1 LIMIT 1 [ RunTime:0.001011s ]
[ sql ] [ SQL ] SHOW COLUMNS FROM `banner_item` [ RunTime:0.001422s ]
[ sql ] [ SQL ] SELECT * FROM `banner_item` WHERE  `location` = '北京'  AND `banner_id` = 1 [ RunTime:0.001025s ]
[ sql ] [ SQL ] SELECT * FROM `banner_item` WHERE  `location` = '北京'  AND `banner_id` = 1 [ RunTime:0.001922s ]
[ sql ] [ SQL ] SHOW COLUMNS FROM `image_by_banner` [ RunTime:0.001413s ]
[ sql ] [ SQL ] SELECT * FROM `image_by_banner` WHERE  `id` IN (1,2,3) [ RunTime:0.000766s ]
---------------------------------------------------------------
[ 2018-05-15T16:58:55+08:00 ] 117.136.97.18 GET /api/NewGoods?location=%E5%8C%97%E4%BA%AC
[ info ] www.guetused.top/api/NewGoods?location=%E5%8C%97%E4%BA%AC [运行时间：0.061838s][吞吐率：16.17req/s] [内存消耗：3,535.52kb] [文件加载：47]
[ sql ] [ DB ] CONNECT:[ UseTime:0.001160s ] mysql:host=127.0.0.1;dbname=store;charset=utf8
[ sql ] [ SQL ] SHOW COLUMNS FROM `type_location` [ RunTime:0.001123s ]
[ sql ] [ SQL ] SELECT * FROM `type_location` WHERE  `location` = '北京' ORDER BY `create_time` DESC [ RunTime:0.000950s ]
[ sql ] [ SQL ] SHOW COLUMNS FROM `goods` [ RunTime:0.001293s ]
[ sql ] [ SQL ] SELECT `id`,`title`,`price` FROM `goods` WHERE  `id` IN (9,8,7,6,5,4,3,2,1) ORDER BY `create_time` [ RunTime:0.002089s ]
[ sql ] [ SQL ] SELECT `id`,`title`,`price` FROM `goods` WHERE  `id` IN (9,8,7,6,5,4,3,2,1) ORDER BY `create_time` [ RunTime:0.001054s ]
[ sql ] [ SQL ] SHOW COLUMNS FROM `goods_image` [ RunTime:0.000978s ]
[ sql ] [ SQL ] SELECT * FROM `goods_image` WHERE  `goods_id` IN (1,2,3,4,5,6,7,8,9) [ RunTime:0.003974s ]
[ sql ] [ SQL ] SELECT `id`,`title`,`price` FROM `goods` WHERE  `id` IN (9,8,7,6,5,4,3,2,1) ORDER BY `create_time` [ RunTime:0.000341s ]
[ sql ] [ SQL ] SELECT * FROM `goods_image` WHERE  `goods_id` IN (1,2,3,4,5,6,7,8,9) [ RunTime:0.000319s ]
[ sql ] [ SQL ] SHOW COLUMNS FROM `image_by_goods` [ RunTime:0.000551s ]
[ sql ] [ SQL ] SELECT * FROM `image_by_goods` WHERE  `id` IN (1,2,3,4,5,6,7,8,9,10,11,12,61,62,63,64,65,66,19,20,21,22,23,24,25,26,27) [ RunTime:0.000436s ]
---------------------------------------------------------------
[ 2018-05-15T16:59:37+08:00 ] 111.59.124.149 GET /api/Banner?id=1&location=%E5%8C%97%E4%BA%AC
[ info ] www.guetused.top/api/Banner?id=1&location=%E5%8C%97%E4%BA%AC [运行时间：0.060939s][吞吐率：16.41req/s] [内存消耗：3,430.81kb] [文件加载：46]
[ sql ] [ DB ] CONNECT:[ UseTime:0.005620s ] mysql:host=127.0.0.1;dbname=store;charset=utf8
[ sql ] [ SQL ] SHOW COLUMNS FROM `banner` [ RunTime:0.000758s ]
[ sql ] [ SQL ] SELECT * FROM `banner` WHERE  `id` = 1 LIMIT 1 [ RunTime:0.000325s ]
[ sql ] [ SQL ] SHOW COLUMNS FROM `banner_item` [ RunTime:0.000568s ]
[ sql ] [ SQL ] SELECT * FROM `banner_item` WHERE  `location` = '北京'  AND `banner_id` = 1 [ RunTime:0.000273s ]
[ sql ] [ SQL ] SELECT * FROM `banner_item` WHERE  `location` = '北京'  AND `banner_id` = 1 [ RunTime:0.000267s ]
[ sql ] [ SQL ] SHOW COLUMNS FROM `image_by_banner` [ RunTime:0.000541s ]
[ sql ] [ SQL ] SELECT * FROM `image_by_banner` WHERE  `id` IN (1,2,3) [ RunTime:0.000281s ]
---------------------------------------------------------------
[ 2018-05-15T16:59:37+08:00 ] 111.59.124.149 GET /api/NewGoods?location=%E5%8C%97%E4%BA%AC
[ info ] www.guetused.top/api/NewGoods?location=%E5%8C%97%E4%BA%AC [运行时间：0.057081s][吞吐率：17.52req/s] [内存消耗：3,535.06kb] [文件加载：47]
[ sql ] [ DB ] CONNECT:[ UseTime:0.010065s ] mysql:host=127.0.0.1;dbname=store;charset=utf8
[ sql ] [ SQL ] SHOW COLUMNS FROM `type_location` [ RunTime:0.000557s ]
[ sql ] [ SQL ] SELECT * FROM `type_location` WHERE  `location` = '北京' ORDER BY `create_time` DESC [ RunTime:0.000351s ]
[ sql ] [ SQL ] SHOW COLUMNS FROM `goods` [ RunTime:0.000561s ]
[ sql ] [ SQL ] SELECT `id`,`title`,`price` FROM `goods` WHERE  `id` IN (9,8,7,6,5,4,3,2,1) ORDER BY `create_time` [ RunTime:0.000314s ]
[ sql ] [ SQL ] SELECT `id`,`title`,`price` FROM `goods` WHERE  `id` IN (9,8,7,6,5,4,3,2,1) ORDER BY `create_time` [ RunTime:0.000320s ]
[ sql ] [ SQL ] SHOW COLUMNS FROM `goods_image` [ RunTime:0.000533s ]
[ sql ] [ SQL ] SELECT * FROM `goods_image` WHERE  `goods_id` IN (1,2,3,4,5,6,7,8,9) [ RunTime:0.000276s ]
[ sql ] [ SQL ] SELECT `id`,`title`,`price` FROM `goods` WHERE  `id` IN (9,8,7,6,5,4,3,2,1) ORDER BY `create_time` [ RunTime:0.000340s ]
[ sql ] [ SQL ] SELECT * FROM `goods_image` WHERE  `goods_id` IN (1,2,3,4,5,6,7,8,9) [ RunTime:0.000328s ]
[ sql ] [ SQL ] SHOW COLUMNS FROM `image_by_goods` [ RunTime:0.000534s ]
[ sql ] [ SQL ] SELECT * FROM `image_by_goods` WHERE  `id` IN (1,2,3,4,5,6,7,8,9,10,11,12,61,62,63,64,65,66,19,20,21,22,23,24,25,26,27) [ RunTime:0.000410s ]
---------------------------------------------------------------
[ 2018-05-15T16:59:55+08:00 ] 111.59.124.149 GET /api/Banner?id=1&location=%E5%8C%97%E4%BA%AC
[ info ] www.guetused.top/api/Banner?id=1&location=%E5%8C%97%E4%BA%AC [运行时间：0.063160s][吞吐率：15.83req/s] [内存消耗：3,430.44kb] [文件加载：46]
[ sql ] [ DB ] CONNECT:[ UseTime:0.001317s ] mysql:host=127.0.0.1;dbname=store;charset=utf8
[ sql ] [ SQL ] SHOW COLUMNS FROM `banner` [ RunTime:0.003122s ]
[ sql ] [ SQL ] SELECT * FROM `banner` WHERE  `id` = 1 LIMIT 1 [ RunTime:0.000834s ]
[ sql ] [ SQL ] SHOW COLUMNS FROM `banner_item` [ RunTime:0.002859s ]
[ sql ] [ SQL ] SELECT * FROM `banner_item` WHERE  `location` = '北京'  AND `banner_id` = 1 [ RunTime:0.000537s ]
[ sql ] [ SQL ] SELECT * FROM `banner_item` WHERE  `location` = '北京'  AND `banner_id` = 1 [ RunTime:0.000755s ]
[ sql ] [ SQL ] SHOW COLUMNS FROM `image_by_banner` [ RunTime:0.002316s ]
[ sql ] [ SQL ] SELECT * FROM `image_by_banner` WHERE  `id` IN (1,2,3) [ RunTime:0.000267s ]
---------------------------------------------------------------
[ 2018-05-15T16:59:55+08:00 ] 111.59.124.149 GET /api/NewGoods?location=%E5%8C%97%E4%BA%AC
[ info ] www.guetused.top/api/NewGoods?location=%E5%8C%97%E4%BA%AC [运行时间：0.061998s][吞吐率：16.13req/s] [内存消耗：3,535.31kb] [文件加载：47]
[ sql ] [ DB ] CONNECT:[ UseTime:0.002530s ] mysql:host=127.0.0.1;dbname=store;charset=utf8
[ sql ] [ SQL ] SHOW COLUMNS FROM `type_location` [ RunTime:0.002313s ]
[ sql ] [ SQL ] SELECT * FROM `type_location` WHERE  `location` = '北京' ORDER BY `create_time` DESC [ RunTime:0.000392s ]
[ sql ] [ SQL ] SHOW COLUMNS FROM `goods` [ RunTime:0.001250s ]
[ sql ] [ SQL ] SELECT `id`,`title`,`price` FROM `goods` WHERE  `id` IN (9,8,7,6,5,4,3,2,1) ORDER BY `create_time` [ RunTime:0.000850s ]
[ sql ] [ SQL ] SELECT `id`,`title`,`price` FROM `goods` WHERE  `id` IN (9,8,7,6,5,4,3,2,1) ORDER BY `create_time` [ RunTime:0.000567s ]
[ sql ] [ SQL ] SHOW COLUMNS FROM `goods_image` [ RunTime:0.002615s ]
[ sql ] [ SQL ] SELECT * FROM `goods_image` WHERE  `goods_id` IN (1,2,3,4,5,6,7,8,9) [ RunTime:0.001011s ]
[ sql ] [ SQL ] SELECT `id`,`title`,`price` FROM `goods` WHERE  `id` IN (9,8,7,6,5,4,3,2,1) ORDER BY `create_time` [ RunTime:0.004560s ]
[ sql ] [ SQL ] SELECT * FROM `goods_image` WHERE  `goods_id` IN (1,2,3,4,5,6,7,8,9) [ RunTime:0.000306s ]
[ sql ] [ SQL ] SHOW COLUMNS FROM `image_by_goods` [ RunTime:0.000525s ]
[ sql ] [ SQL ] SELECT * FROM `image_by_goods` WHERE  `id` IN (1,2,3,4,5,6,7,8,9,10,11,12,61,62,63,64,65,66,19,20,21,22,23,24,25,26,27) [ RunTime:0.000431s ]
---------------------------------------------------------------
[ 2018-05-15T17:01:09+08:00 ] 111.59.124.149 GET /api/Banner?id=1&location=%E5%8C%97%E4%BA%AC
[ info ] www.guetused.top/api/Banner?id=1&location=%E5%8C%97%E4%BA%AC [运行时间：0.063599s][吞吐率：15.72req/s] [内存消耗：3,430.41kb] [文件加载：46]
[ sql ] [ DB ] CONNECT:[ UseTime:0.001634s ] mysql:host=127.0.0.1;dbname=store;charset=utf8
[ sql ] [ SQL ] SHOW COLUMNS FROM `banner` [ RunTime:0.001459s ]
[ sql ] [ SQL ] SELECT * FROM `banner` WHERE  `id` = 1 LIMIT 1 [ RunTime:0.000973s ]
[ sql ] [ SQL ] SHOW COLUMNS FROM `banner_item` [ RunTime:0.001889s ]
[ sql ] [ SQL ] SELECT * FROM `banner_item` WHERE  `location` = '北京'  AND `banner_id` = 1 [ RunTime:0.001968s ]
[ sql ] [ SQL ] SELECT * FROM `banner_item` WHERE  `location` = '北京'  AND `banner_id` = 1 [ RunTime:0.000412s ]
[ sql ] [ SQL ] SHOW COLUMNS FROM `image_by_banner` [ RunTime:0.001685s ]
[ sql ] [ SQL ] SELECT * FROM `image_by_banner` WHERE  `id` IN (1,2,3) [ RunTime:0.001934s ]
---------------------------------------------------------------
[ 2018-05-15T17:01:09+08:00 ] 111.59.124.149 GET /api/NewGoods?location=%E5%8C%97%E4%BA%AC
[ info ] www.guetused.top/api/NewGoods?location=%E5%8C%97%E4%BA%AC [运行时间：0.063235s][吞吐率：15.81req/s] [内存消耗：3,535.31kb] [文件加载：47]
[ sql ] [ DB ] CONNECT:[ UseTime:0.001176s ] mysql:host=127.0.0.1;dbname=store;charset=utf8
[ sql ] [ SQL ] SHOW COLUMNS FROM `type_location` [ RunTime:0.001137s ]
[ sql ] [ SQL ] SELECT * FROM `type_location` WHERE  `location` = '北京' ORDER BY `create_time` DESC [ RunTime:0.000878s ]
[ sql ] [ SQL ] SHOW COLUMNS FROM `goods` [ RunTime:0.000763s ]
[ sql ] [ SQL ] SELECT `id`,`title`,`price` FROM `goods` WHERE  `id` IN (9,8,7,6,5,4,3,2,1) ORDER BY `create_time` [ RunTime:0.000881s ]
[ sql ] [ SQL ] SELECT `id`,`title`,`price` FROM `goods` WHERE  `id` IN (9,8,7,6,5,4,3,2,1) ORDER BY `create_time` [ RunTime:0.002382s ]
[ sql ] [ SQL ] SHOW COLUMNS FROM `goods_image` [ RunTime:0.000727s ]
[ sql ] [ SQL ] SELECT * FROM `goods_image` WHERE  `goods_id` IN (1,2,3,4,5,6,7,8,9) [ RunTime:0.000837s ]
[ sql ] [ SQL ] SELECT `id`,`title`,`price` FROM `goods` WHERE  `id` IN (9,8,7,6,5,4,3,2,1) ORDER BY `create_time` [ RunTime:0.003940s ]
[ sql ] [ SQL ] SELECT * FROM `goods_image` WHERE  `goods_id` IN (1,2,3,4,5,6,7,8,9) [ RunTime:0.000286s ]
[ sql ] [ SQL ] SHOW COLUMNS FROM `image_by_goods` [ RunTime:0.000506s ]
[ sql ] [ SQL ] SELECT * FROM `image_by_goods` WHERE  `id` IN (1,2,3,4,5,6,7,8,9,10,11,12,61,62,63,64,65,66,19,20,21,22,23,24,25,26,27) [ RunTime:0.000383s ]
---------------------------------------------------------------
[ 2018-05-15T17:01:20+08:00 ] 111.59.124.149 GET /api/Banner?id=1&location=%E5%8C%97%E4%BA%AC
[ info ] www.guetused.top/api/Banner?id=1&location=%E5%8C%97%E4%BA%AC [运行时间：0.062107s][吞吐率：16.10req/s] [内存消耗：3,430.41kb] [文件加载：46]
[ sql ] [ DB ] CONNECT:[ UseTime:0.001938s ] mysql:host=127.0.0.1;dbname=store;charset=utf8
[ sql ] [ SQL ] SHOW COLUMNS FROM `banner` [ RunTime:0.000771s ]
[ sql ] [ SQL ] SELECT * FROM `banner` WHERE  `id` = 1 LIMIT 1 [ RunTime:0.001079s ]
[ sql ] [ SQL ] SHOW COLUMNS FROM `banner_item` [ RunTime:0.001036s ]
[ sql ] [ SQL ] SELECT * FROM `banner_item` WHERE  `location` = '北京'  AND `banner_id` = 1 [ RunTime:0.001260s ]
[ sql ] [ SQL ] SELECT * FROM `banner_item` WHERE  `location` = '北京'  AND `banner_id` = 1 [ RunTime:0.000264s ]
[ sql ] [ SQL ] SHOW COLUMNS FROM `image_by_banner` [ RunTime:0.001257s ]
[ sql ] [ SQL ] SELECT * FROM `image_by_banner` WHERE  `id` IN (1,2,3) [ RunTime:0.002512s ]
---------------------------------------------------------------
[ 2018-05-15T17:01:20+08:00 ] 111.59.124.149 GET /api/NewGoods?location=%E5%8C%97%E4%BA%AC
[ info ] www.guetused.top/api/NewGoods?location=%E5%8C%97%E4%BA%AC [运行时间：0.063457s][吞吐率：15.76req/s] [内存消耗：3,535.31kb] [文件加载：47]
[ sql ] [ DB ] CONNECT:[ UseTime:0.001793s ] mysql:host=127.0.0.1;dbname=store;charset=utf8
[ sql ] [ SQL ] SHOW COLUMNS FROM `type_location` [ RunTime:0.001145s ]
[ sql ] [ SQL ] SELECT * FROM `type_location` WHERE  `location` = '北京' ORDER BY `create_time` DESC [ RunTime:0.000982s ]
[ sql ] [ SQL ] SHOW COLUMNS FROM `goods` [ RunTime:0.002708s ]
[ sql ] [ SQL ] SELECT `id`,`title`,`price` FROM `goods` WHERE  `id` IN (9,8,7,6,5,4,3,2,1) ORDER BY `create_time` [ RunTime:0.001007s ]
[ sql ] [ SQL ] SELECT `id`,`title`,`price` FROM `goods` WHERE  `id` IN (9,8,7,6,5,4,3,2,1) ORDER BY `create_time` [ RunTime:0.000504s ]
[ sql ] [ SQL ] SHOW COLUMNS FROM `goods_image` [ RunTime:0.004161s ]
[ sql ] [ SQL ] SELECT * FROM `goods_image` WHERE  `goods_id` IN (1,2,3,4,5,6,7,8,9) [ RunTime:0.000281s ]
[ sql ] [ SQL ] SELECT `id`,`title`,`price` FROM `goods` WHERE  `id` IN (9,8,7,6,5,4,3,2,1) ORDER BY `create_time` [ RunTime:0.000334s ]
[ sql ] [ SQL ] SELECT * FROM `goods_image` WHERE  `goods_id` IN (1,2,3,4,5,6,7,8,9) [ RunTime:0.000288s ]
[ sql ] [ SQL ] SHOW COLUMNS FROM `image_by_goods` [ RunTime:0.000537s ]
[ sql ] [ SQL ] SELECT * FROM `image_by_goods` WHERE  `id` IN (1,2,3,4,5,6,7,8,9,10,11,12,61,62,63,64,65,66,19,20,21,22,23,24,25,26,27) [ RunTime:0.000385s ]
---------------------------------------------------------------
[ 2018-05-15T17:01:29+08:00 ] 111.59.124.149 GET /api/Banner?id=1&location=%E5%8C%97%E4%BA%AC
[ info ] www.guetused.top/api/Banner?id=1&location=%E5%8C%97%E4%BA%AC [运行时间：0.060546s][吞吐率：16.52req/s] [内存消耗：3,430.44kb] [文件加载：46]
[ sql ] [ DB ] CONNECT:[ UseTime:0.001725s ] mysql:host=127.0.0.1;dbname=store;charset=utf8
[ sql ] [ SQL ] SHOW COLUMNS FROM `banner` [ RunTime:0.001314s ]
[ sql ] [ SQL ] SELECT * FROM `banner` WHERE  `id` = 1 LIMIT 1 [ RunTime:0.001052s ]
[ sql ] [ SQL ] SHOW COLUMNS FROM `banner_item` [ RunTime:0.002184s ]
[ sql ] [ SQL ] SELECT * FROM `banner_item` WHERE  `location` = '北京'  AND `banner_id` = 1 [ RunTime:0.000987s ]
[ sql ] [ SQL ] SELECT * FROM `banner_item` WHERE  `location` = '北京'  AND `banner_id` = 1 [ RunTime:0.000514s ]
[ sql ] [ SQL ] SHOW COLUMNS FROM `image_by_banner` [ RunTime:0.000985s ]
[ sql ] [ SQL ] SELECT * FROM `image_by_banner` WHERE  `id` IN (1,2,3) [ RunTime:0.001997s ]
---------------------------------------------------------------
[ 2018-05-15T17:01:29+08:00 ] 111.59.124.149 GET /api/NewGoods?location=%E5%8C%97%E4%BA%AC
[ info ] www.guetused.top/api/NewGoods?location=%E5%8C%97%E4%BA%AC [运行时间：0.058852s][吞吐率：16.99req/s] [内存消耗：3,535.31kb] [文件加载：47]
[ sql ] [ DB ] CONNECT:[ UseTime:0.001562s ] mysql:host=127.0.0.1;dbname=store;charset=utf8
[ sql ] [ SQL ] SHOW COLUMNS FROM `type_location` [ RunTime:0.000720s ]
[ sql ] [ SQL ] SELECT * FROM `type_location` WHERE  `location` = '北京' ORDER BY `create_time` DESC [ RunTime:0.001098s ]
[ sql ] [ SQL ] SHOW COLUMNS FROM `goods` [ RunTime:0.001117s ]
[ sql ] [ SQL ] SELECT `id`,`title`,`price` FROM `goods` WHERE  `id` IN (9,8,7,6,5,4,3,2,1) ORDER BY `create_time` [ RunTime:0.000936s ]
[ sql ] [ SQL ] SELECT `id`,`title`,`price` FROM `goods` WHERE  `id` IN (9,8,7,6,5,4,3,2,1) ORDER BY `create_time` [ RunTime:0.000790s ]
[ sql ] [ SQL ] SHOW COLUMNS FROM `goods_image` [ RunTime:0.002585s ]
[ sql ] [ SQL ] SELECT * FROM `goods_image` WHERE  `goods_id` IN (1,2,3,4,5,6,7,8,9) [ RunTime:0.000949s ]
[ sql ] [ SQL ] SELECT `id`,`title`,`price` FROM `goods` WHERE  `id` IN (9,8,7,6,5,4,3,2,1) ORDER BY `create_time` [ RunTime:0.003755s ]
[ sql ] [ SQL ] SELECT * FROM `goods_image` WHERE  `goods_id` IN (1,2,3,4,5,6,7,8,9) [ RunTime:0.000320s ]
[ sql ] [ SQL ] SHOW COLUMNS FROM `image_by_goods` [ RunTime:0.000544s ]
[ sql ] [ SQL ] SELECT * FROM `image_by_goods` WHERE  `id` IN (1,2,3,4,5,6,7,8,9,10,11,12,61,62,63,64,65,66,19,20,21,22,23,24,25,26,27) [ RunTime:0.000406s ]
---------------------------------------------------------------
[ 2018-05-15T17:03:22+08:00 ] 111.59.124.149 GET /api/Banner?id=1&location=%E5%8C%97%E4%BA%AC
[ info ] www.guetused.top/api/Banner?id=1&location=%E5%8C%97%E4%BA%AC [运行时间：0.064811s][吞吐率：15.43req/s] [内存消耗：3,430.44kb] [文件加载：46]
[ sql ] [ DB ] CONNECT:[ UseTime:0.004268s ] mysql:host=127.0.0.1;dbname=store;charset=utf8
[ sql ] [ SQL ] SHOW COLUMNS FROM `banner` [ RunTime:0.000772s ]
[ sql ] [ SQL ] SELECT * FROM `banner` WHERE  `id` = 1 LIMIT 1 [ RunTime:0.001173s ]
[ sql ] [ SQL ] SHOW COLUMNS FROM `banner_item` [ RunTime:0.001124s ]
[ sql ] [ SQL ] SELECT * FROM `banner_item` WHERE  `location` = '北京'  AND `banner_id` = 1 [ RunTime:0.001261s ]
[ sql ] [ SQL ] SELECT * FROM `banner_item` WHERE  `location` = '北京'  AND `banner_id` = 1 [ RunTime:0.000881s ]
[ sql ] [ SQL ] SHOW COLUMNS FROM `image_by_banner` [ RunTime:0.002225s ]
[ sql ] [ SQL ] SELECT * FROM `image_by_banner` WHERE  `id` IN (1,2,3) [ RunTime:0.001183s ]
---------------------------------------------------------------
[ 2018-05-15T17:03:22+08:00 ] 111.59.124.149 GET /api/NewGoods?location=%E5%8C%97%E4%BA%AC
[ info ] www.guetused.top/api/NewGoods?location=%E5%8C%97%E4%BA%AC [运行时间：0.071936s][吞吐率：13.90req/s] [内存消耗：3,535.31kb] [文件加载：47]
[ sql ] [ DB ] CONNECT:[ UseTime:0.001914s ] mysql:host=127.0.0.1;dbname=store;charset=utf8
[ sql ] [ SQL ] SHOW COLUMNS FROM `type_location` [ RunTime:0.001350s ]
[ sql ] [ SQL ] SELECT * FROM `type_location` WHERE  `location` = '北京' ORDER BY `create_time` DESC [ RunTime:0.000808s ]
[ sql ] [ SQL ] SHOW COLUMNS FROM `goods` [ RunTime:0.002405s ]
[ sql ] [ SQL ] SELECT `id`,`title`,`price` FROM `goods` WHERE  `id` IN (9,8,7,6,5,4,3,2,1) ORDER BY `create_time` [ RunTime:0.000977s ]
[ sql ] [ SQL ] SELECT `id`,`title`,`price` FROM `goods` WHERE  `id` IN (9,8,7,6,5,4,3,2,1) ORDER BY `create_time` [ RunTime:0.000808s ]
[ sql ] [ SQL ] SHOW COLUMNS FROM `goods_image` [ RunTime:0.005218s ]
[ sql ] [ SQL ] SELECT * FROM `goods_image` WHERE  `goods_id` IN (1,2,3,4,5,6,7,8,9) [ RunTime:0.000398s ]
[ sql ] [ SQL ] SELECT `id`,`title`,`price` FROM `goods` WHERE  `id` IN (9,8,7,6,5,4,3,2,1) ORDER BY `create_time` [ RunTime:0.000439s ]
[ sql ] [ SQL ] SELECT * FROM `goods_image` WHERE  `goods_id` IN (1,2,3,4,5,6,7,8,9) [ RunTime:0.000412s ]
[ sql ] [ SQL ] SHOW COLUMNS FROM `image_by_goods` [ RunTime:0.000724s ]
[ sql ] [ SQL ] SELECT * FROM `image_by_goods` WHERE  `id` IN (1,2,3,4,5,6,7,8,9,10,11,12,61,62,63,64,65,66,19,20,21,22,23,24,25,26,27) [ RunTime:0.000528s ]
---------------------------------------------------------------
[ 2018-05-15T17:03:34+08:00 ] 111.59.124.149 GET /api/Banner?id=1&location=%E5%8C%97%E4%BA%AC
[ info ] www.guetused.top/api/Banner?id=1&location=%E5%8C%97%E4%BA%AC [运行时间：0.053521s][吞吐率：18.68req/s] [内存消耗：3,430.44kb] [文件加载：46]
[ sql ] [ DB ] CONNECT:[ UseTime:0.010497s ] mysql:host=127.0.0.1;dbname=store;charset=utf8
[ sql ] [ SQL ] SHOW COLUMNS FROM `banner` [ RunTime:0.000756s ]
[ sql ] [ SQL ] SELECT * FROM `banner` WHERE  `id` = 1 LIMIT 1 [ RunTime:0.001076s ]
[ sql ] [ SQL ] SHOW COLUMNS FROM `banner_item` [ RunTime:0.001098s ]
[ sql ] [ SQL ] SELECT * FROM `banner_item` WHERE  `location` = '北京'  AND `banner_id` = 1 [ RunTime:0.001255s ]
[ sql ] [ SQL ] SELECT * FROM `banner_item` WHERE  `location` = '北京'  AND `banner_id` = 1 [ RunTime:0.002559s ]
[ sql ] [ SQL ] SHOW COLUMNS FROM `image_by_banner` [ RunTime:0.000707s ]
[ sql ] [ SQL ] SELECT * FROM `image_by_banner` WHERE  `id` IN (1,2,3) [ RunTime:0.000839s ]
---------------------------------------------------------------
[ 2018-05-15T17:03:34+08:00 ] 111.59.124.149 GET /api/NewGoods?location=%E5%8C%97%E4%BA%AC
[ info ] www.guetused.top/api/NewGoods?location=%E5%8C%97%E4%BA%AC [运行时间：0.053725s][吞吐率：18.61req/s] [内存消耗：3,535.31kb] [文件加载：47]
[ sql ] [ DB ] CONNECT:[ UseTime:0.001971s ] mysql:host=127.0.0.1;dbname=store;charset=utf8
[ sql ] [ SQL ] SHOW COLUMNS FROM `type_location` [ RunTime:0.001213s ]
[ sql ] [ SQL ] SELECT * FROM `type_location` WHERE  `location` = '北京' ORDER BY `create_time` DESC [ RunTime:0.000982s ]
[ sql ] [ SQL ] SHOW COLUMNS FROM `goods` [ RunTime:0.002223s ]
[ sql ] [ SQL ] SELECT `id`,`title`,`price` FROM `goods` WHERE  `id` IN (9,8,7,6,5,4,3,2,1) ORDER BY `create_time` [ RunTime:0.000319s ]
[ sql ] [ SQL ] SELECT `id`,`title`,`price` FROM `goods` WHERE  `id` IN (9,8,7,6,5,4,3,2,1) ORDER BY `create_time` [ RunTime:0.001517s ]
[ sql ] [ SQL ] SHOW COLUMNS FROM `goods_image` [ RunTime:0.004236s ]
[ sql ] [ SQL ] SELECT * FROM `goods_image` WHERE  `goods_id` IN (1,2,3,4,5,6,7,8,9) [ RunTime:0.000269s ]
[ sql ] [ SQL ] SELECT `id`,`title`,`price` FROM `goods` WHERE  `id` IN (9,8,7,6,5,4,3,2,1) ORDER BY `create_time` [ RunTime:0.000353s ]
[ sql ] [ SQL ] SELECT * FROM `goods_image` WHERE  `goods_id` IN (1,2,3,4,5,6,7,8,9) [ RunTime:0.000314s ]
[ sql ] [ SQL ] SHOW COLUMNS FROM `image_by_goods` [ RunTime:0.000551s ]
[ sql ] [ SQL ] SELECT * FROM `image_by_goods` WHERE  `id` IN (1,2,3,4,5,6,7,8,9,10,11,12,61,62,63,64,65,66,19,20,21,22,23,24,25,26,27) [ RunTime:0.000391s ]
---------------------------------------------------------------
[ 2018-05-15T17:06:24+08:00 ] 111.59.124.149 GET /api/Banner?id=1&location=%E5%8C%97%E4%BA%AC
[ info ] www.guetused.top/api/Banner?id=1&location=%E5%8C%97%E4%BA%AC [运行时间：0.058570s][吞吐率：17.07req/s] [内存消耗：3,430.70kb] [文件加载：46]
[ sql ] [ DB ] CONNECT:[ UseTime:0.002330s ] mysql:host=127.0.0.1;dbname=store;charset=utf8
[ sql ] [ SQL ] SHOW COLUMNS FROM `banner` [ RunTime:0.000752s ]
[ sql ] [ SQL ] SELECT * FROM `banner` WHERE  `id` = 1 LIMIT 1 [ RunTime:0.000335s ]
[ sql ] [ SQL ] SHOW COLUMNS FROM `banner_item` [ RunTime:0.001296s ]
[ sql ] [ SQL ] SELECT * FROM `banner_item` WHERE  `location` = '北京'  AND `banner_id` = 1 [ RunTime:0.000847s ]
[ sql ] [ SQL ] SELECT * FROM `banner_item` WHERE  `location` = '北京'  AND `banner_id` = 1 [ RunTime:0.001008s ]
[ sql ] [ SQL ] SHOW COLUMNS FROM `image_by_banner` [ RunTime:0.000722s ]
[ sql ] [ SQL ] SELECT * FROM `image_by_banner` WHERE  `id` IN (1,2,3) [ RunTime:0.001069s ]
---------------------------------------------------------------
[ 2018-05-15T17:06:24+08:00 ] 111.59.124.149 GET /api/NewGoods?location=%E5%8C%97%E4%BA%AC
[ info ] www.guetused.top/api/NewGoods?location=%E5%8C%97%E4%BA%AC [运行时间：0.062390s][吞吐率：16.03req/s] [内存消耗：3,535.19kb] [文件加载：47]
[ sql ] [ DB ] CONNECT:[ UseTime:0.002662s ] mysql:host=127.0.0.1;dbname=store;charset=utf8
[ sql ] [ SQL ] SHOW COLUMNS FROM `type_location` [ RunTime:0.001016s ]
[ sql ] [ SQL ] SELECT * FROM `type_location` WHERE  `location` = '北京' ORDER BY `create_time` DESC [ RunTime:0.002182s ]
[ sql ] [ SQL ] SHOW COLUMNS FROM `goods` [ RunTime:0.001635s ]
[ sql ] [ SQL ] SELECT `id`,`title`,`price` FROM `goods` WHERE  `id` IN (9,8,7,6,5,4,3,2,1) ORDER BY `create_time` [ RunTime:0.004381s ]
[ sql ] [ SQL ] SELECT `id`,`title`,`price` FROM `goods` WHERE  `id` IN (9,8,7,6,5,4,3,2,1) ORDER BY `create_time` [ RunTime:0.000439s ]
[ sql ] [ SQL ] SHOW COLUMNS FROM `goods_image` [ RunTime:0.000553s ]
[ sql ] [ SQL ] SELECT * FROM `goods_image` WHERE  `goods_id` IN (1,2,3,4,5,6,7,8,9) [ RunTime:0.000305s ]
[ sql ] [ SQL ] SELECT `id`,`title`,`price` FROM `goods` WHERE  `id` IN (9,8,7,6,5,4,3,2,1) ORDER BY `create_time` [ RunTime:0.000304s ]
[ sql ] [ SQL ] SELECT * FROM `goods_image` WHERE  `goods_id` IN (1,2,3,4,5,6,7,8,9) [ RunTime:0.000285s ]
[ sql ] [ SQL ] SHOW COLUMNS FROM `image_by_goods` [ RunTime:0.000513s ]
[ sql ] [ SQL ] SELECT * FROM `image_by_goods` WHERE  `id` IN (1,2,3,4,5,6,7,8,9,10,11,12,61,62,63,64,65,66,19,20,21,22,23,24,25,26,27) [ RunTime:0.000395s ]
---------------------------------------------------------------
[ 2018-05-15T17:06:51+08:00 ] 117.136.97.18 GET /api/Banner?id=1&location=%E5%8C%97%E4%BA%AC
[ info ] www.guetused.top/api/Banner?id=1&location=%E5%8C%97%E4%BA%AC [运行时间：0.052373s][吞吐率：19.09req/s] [内存消耗：3,430.52kb] [文件加载：46]
[ sql ] [ DB ] CONNECT:[ UseTime:0.001969s ] mysql:host=127.0.0.1;dbname=store;charset=utf8
[ sql ] [ SQL ] SHOW COLUMNS FROM `banner` [ RunTime:0.001473s ]
[ sql ] [ SQL ] SELECT * FROM `banner` WHERE  `id` = 1 LIMIT 1 [ RunTime:0.000862s ]
[ sql ] [ SQL ] SHOW COLUMNS FROM `banner_item` [ RunTime:0.002240s ]
[ sql ] [ SQL ] SELECT * FROM `banner_item` WHERE  `location` = '北京'  AND `banner_id` = 1 [ RunTime:0.001168s ]
[ sql ] [ SQL ] SELECT * FROM `banner_item` WHERE  `location` = '北京'  AND `banner_id` = 1 [ RunTime:0.000775s ]
[ sql ] [ SQL ] SHOW COLUMNS FROM `image_by_banner` [ RunTime:0.002247s ]
[ sql ] [ SQL ] SELECT * FROM `image_by_banner` WHERE  `id` IN (1,2,3) [ RunTime:0.000507s ]
---------------------------------------------------------------
[ 2018-05-15T17:06:51+08:00 ] 117.136.97.18 GET /api/NewGoods?location=%E5%8C%97%E4%BA%AC
[ info ] www.guetused.top/api/NewGoods?location=%E5%8C%97%E4%BA%AC [运行时间：0.071056s][吞吐率：14.07req/s] [内存消耗：3,535.52kb] [文件加载：47]
[ sql ] [ DB ] CONNECT:[ UseTime:0.001532s ] mysql:host=127.0.0.1;dbname=store;charset=utf8
[ sql ] [ SQL ] SHOW COLUMNS FROM `type_location` [ RunTime:0.000777s ]
[ sql ] [ SQL ] SELECT * FROM `type_location` WHERE  `location` = '北京' ORDER BY `create_time` DESC [ RunTime:0.001242s ]
[ sql ] [ SQL ] SHOW COLUMNS FROM `goods` [ RunTime:0.001056s ]
[ sql ] [ SQL ] SELECT `id`,`title`,`price` FROM `goods` WHERE  `id` IN (9,8,7,6,5,4,3,2,1) ORDER BY `create_time` [ RunTime:0.001074s ]
[ sql ] [ SQL ] SELECT `id`,`title`,`price` FROM `goods` WHERE  `id` IN (9,8,7,6,5,4,3,2,1) ORDER BY `create_time` [ RunTime:0.000784s ]
[ sql ] [ SQL ] SHOW COLUMNS FROM `goods_image` [ RunTime:0.002302s ]
[ sql ] [ SQL ] SELECT * FROM `goods_image` WHERE  `goods_id` IN (1,2,3,4,5,6,7,8,9) [ RunTime:0.000934s ]
[ sql ] [ SQL ] SELECT `id`,`title`,`price` FROM `goods` WHERE  `id` IN (9,8,7,6,5,4,3,2,1) ORDER BY `create_time` [ RunTime:0.004141s ]
[ sql ] [ SQL ] SELECT * FROM `goods_image` WHERE  `goods_id` IN (1,2,3,4,5,6,7,8,9) [ RunTime:0.000482s ]
[ sql ] [ SQL ] SHOW COLUMNS FROM `image_by_goods` [ RunTime:0.000537s ]
[ sql ] [ SQL ] SELECT * FROM `image_by_goods` WHERE  `id` IN (1,2,3,4,5,6,7,8,9,10,11,12,61,62,63,64,65,66,19,20,21,22,23,24,25,26,27) [ RunTime:0.000410s ]
---------------------------------------------------------------
[ 2018-05-15T17:08:23+08:00 ] 111.59.124.149 GET /api/Banner?id=1&location=%E5%8C%97%E4%BA%AC
[ info ] www.guetused.top/api/Banner?id=1&location=%E5%8C%97%E4%BA%AC [运行时间：0.069596s][吞吐率：14.37req/s] [内存消耗：3,430.44kb] [文件加载：46]
[ sql ] [ DB ] CONNECT:[ UseTime:0.006475s ] mysql:host=127.0.0.1;dbname=store;charset=utf8
[ sql ] [ SQL ] SHOW COLUMNS FROM `banner` [ RunTime:0.001699s ]
[ sql ] [ SQL ] SELECT * FROM `banner` WHERE  `id` = 1 LIMIT 1 [ RunTime:0.001232s ]
[ sql ] [ SQL ] SHOW COLUMNS FROM `banner_item` [ RunTime:0.001645s ]
[ sql ] [ SQL ] SELECT * FROM `banner_item` WHERE  `location` = '北京'  AND `banner_id` = 1 [ RunTime:0.000957s ]
[ sql ] [ SQL ] SELECT * FROM `banner_item` WHERE  `location` = '北京'  AND `banner_id` = 1 [ RunTime:0.000414s ]
[ sql ] [ SQL ] SHOW COLUMNS FROM `image_by_banner` [ RunTime:0.002371s ]
[ sql ] [ SQL ] SELECT * FROM `image_by_banner` WHERE  `id` IN (1,2,3) [ RunTime:0.001082s ]
---------------------------------------------------------------
[ 2018-05-15T17:08:23+08:00 ] 111.59.124.149 GET /api/NewGoods?location=%E5%8C%97%E4%BA%AC
[ info ] www.guetused.top/api/NewGoods?location=%E5%8C%97%E4%BA%AC [运行时间：0.072496s][吞吐率：13.79req/s] [内存消耗：3,535.31kb] [文件加载：47]
[ sql ] [ DB ] CONNECT:[ UseTime:0.001736s ] mysql:host=127.0.0.1;dbname=store;charset=utf8
[ sql ] [ SQL ] SHOW COLUMNS FROM `type_location` [ RunTime:0.001272s ]
[ sql ] [ SQL ] SELECT * FROM `type_location` WHERE  `location` = '北京' ORDER BY `create_time` DESC [ RunTime:0.001274s ]
[ sql ] [ SQL ] SHOW COLUMNS FROM `goods` [ RunTime:0.001067s ]
[ sql ] [ SQL ] SELECT `id`,`title`,`price` FROM `goods` WHERE  `id` IN (9,8,7,6,5,4,3,2,1) ORDER BY `create_time` [ RunTime:0.002798s ]
[ sql ] [ SQL ] SELECT `id`,`title`,`price` FROM `goods` WHERE  `id` IN (9,8,7,6,5,4,3,2,1) ORDER BY `create_time` [ RunTime:0.001067s ]
[ sql ] [ SQL ] SHOW COLUMNS FROM `goods_image` [ RunTime:0.004500s ]
[ sql ] [ SQL ] SELECT * FROM `goods_image` WHERE  `goods_id` IN (1,2,3,4,5,6,7,8,9) [ RunTime:0.000440s ]
[ sql ] [ SQL ] SELECT `id`,`title`,`price` FROM `goods` WHERE  `id` IN (9,8,7,6,5,4,3,2,1) ORDER BY `create_time` [ RunTime:0.000321s ]
[ sql ] [ SQL ] SELECT * FROM `goods_image` WHERE  `goods_id` IN (1,2,3,4,5,6,7,8,9) [ RunTime:0.000306s ]
[ sql ] [ SQL ] SHOW COLUMNS FROM `image_by_goods` [ RunTime:0.000566s ]
[ sql ] [ SQL ] SELECT * FROM `image_by_goods` WHERE  `id` IN (1,2,3,4,5,6,7,8,9,10,11,12,61,62,63,64,65,66,19,20,21,22,23,24,25,26,27) [ RunTime:0.000404s ]
---------------------------------------------------------------
[ 2018-05-15T17:15:29+08:00 ] 111.59.124.149 GET /api/Banner?id=1&location=%E5%8C%97%E4%BA%AC
[ info ] www.guetused.top/api/Banner?id=1&location=%E5%8C%97%E4%BA%AC [运行时间：0.053687s][吞吐率：18.63req/s] [内存消耗：3,430.70kb] [文件加载：46]
[ sql ] [ DB ] CONNECT:[ UseTime:0.002088s ] mysql:host=127.0.0.1;dbname=store;charset=utf8
[ sql ] [ SQL ] SHOW COLUMNS FROM `banner` [ RunTime:0.000749s ]
[ sql ] [ SQL ] SELECT * FROM `banner` WHERE  `id` = 1 LIMIT 1 [ RunTime:0.000347s ]
[ sql ] [ SQL ] SHOW COLUMNS FROM `banner_item` [ RunTime:0.000509s ]
[ sql ] [ SQL ] SELECT * FROM `banner_item` WHERE  `location` = '北京'  AND `banner_id` = 1 [ RunTime:0.000304s ]
[ sql ] [ SQL ] SELECT * FROM `banner_item` WHERE  `location` = '北京'  AND `banner_id` = 1 [ RunTime:0.000266s ]
[ sql ] [ SQL ] SHOW COLUMNS FROM `image_by_banner` [ RunTime:0.000502s ]
[ sql ] [ SQL ] SELECT * FROM `image_by_banner` WHERE  `id` IN (1,2,3) [ RunTime:0.000305s ]
---------------------------------------------------------------
[ 2018-05-15T17:15:29+08:00 ] 111.59.124.149 GET /api/NewGoods?location=%E5%8C%97%E4%BA%AC
[ info ] www.guetused.top/api/NewGoods?location=%E5%8C%97%E4%BA%AC [运行时间：0.049081s][吞吐率：20.37req/s] [内存消耗：3,535.19kb] [文件加载：47]
[ sql ] [ DB ] CONNECT:[ UseTime:0.009459s ] mysql:host=127.0.0.1;dbname=store;charset=utf8
[ sql ] [ SQL ] SHOW COLUMNS FROM `type_location` [ RunTime:0.000568s ]
[ sql ] [ SQL ] SELECT * FROM `type_location` WHERE  `location` = '北京' ORDER BY `create_time` DESC [ RunTime:0.000340s ]
[ sql ] [ SQL ] SHOW COLUMNS FROM `goods` [ RunTime:0.000580s ]
[ sql ] [ SQL ] SELECT `id`,`title`,`price` FROM `goods` WHERE  `id` IN (9,8,7,6,5,4,3,2,1) ORDER BY `create_time` [ RunTime:0.000328s ]
[ sql ] [ SQL ] SELECT `id`,`title`,`price` FROM `goods` WHERE  `id` IN (9,8,7,6,5,4,3,2,1) ORDER BY `create_time` [ RunTime:0.000330s ]
[ sql ] [ SQL ] SHOW COLUMNS FROM `goods_image` [ RunTime:0.000533s ]
[ sql ] [ SQL ] SELECT * FROM `goods_image` WHERE  `goods_id` IN (1,2,3,4,5,6,7,8,9) [ RunTime:0.000278s ]
[ sql ] [ SQL ] SELECT `id`,`title`,`price` FROM `goods` WHERE  `id` IN (9,8,7,6,5,4,3,2,1) ORDER BY `create_time` [ RunTime:0.000307s ]
[ sql ] [ SQL ] SELECT * FROM `goods_image` WHERE  `goods_id` IN (1,2,3,4,5,6,7,8,9) [ RunTime:0.000302s ]
[ sql ] [ SQL ] SHOW COLUMNS FROM `image_by_goods` [ RunTime:0.000589s ]
[ sql ] [ SQL ] SELECT * FROM `image_by_goods` WHERE  `id` IN (1,2,3,4,5,6,7,8,9,10,11,12,61,62,63,64,65,66,19,20,21,22,23,24,25,26,27) [ RunTime:0.000422s ]
---------------------------------------------------------------
[ 2018-05-15T17:15:38+08:00 ] 111.59.124.149 GET /api/Goods?id=9
[ info ] www.guetused.top/api/Goods?id=9 [运行时间：0.031623s][吞吐率：31.62req/s] [内存消耗：3,799.50kb] [文件加载：52]
[ sql ] [ DB ] CONNECT:[ UseTime:0.000353s ] mysql:host=127.0.0.1;dbname=store;charset=utf8
[ sql ] [ SQL ] SHOW COLUMNS FROM `goods` [ RunTime:0.000780s ]
[ sql ] [ SQL ] SELECT * FROM `goods` WHERE  `id` = 9 LIMIT 1 [ RunTime:0.000367s ]
[ sql ] [ SQL ] SHOW COLUMNS FROM `goods_image` [ RunTime:0.000561s ]
[ sql ] [ SQL ] SELECT * FROM `goods_image` WHERE  `goods_id` = 9 [ RunTime:0.000256s ]
[ sql ] [ SQL ] SELECT * FROM `goods_image` WHERE  `goods_id` = 9 [ RunTime:0.000291s ]
[ sql ] [ SQL ] SHOW COLUMNS FROM `image_by_goods` [ RunTime:0.000511s ]
[ sql ] [ SQL ] SELECT * FROM `image_by_goods` WHERE  `id` IN (25,26,27) [ RunTime:0.000336s ]
---------------------------------------------------------------
[ 2018-05-15T21:44:24+08:00 ] 117.136.98.120 GET /api/Task?location=%E5%8C%97%E4%BA%AC
[ info ] www.guetused.top/api/Task?location=%E5%8C%97%E4%BA%AC [运行时间：0.069740s][吞吐率：14.34req/s] [内存消耗：3,323.10kb] [文件加载：44]
[ sql ] [ DB ] CONNECT:[ UseTime:0.002035s ] mysql:host=127.0.0.1;dbname=store;charset=utf8
[ sql ] [ SQL ] SHOW COLUMNS FROM `task_location` [ RunTime:0.001506s ]
[ sql ] [ SQL ] SELECT * FROM `task_location` WHERE  `location` = '北京' [ RunTime:0.001721s ]
[ sql ] [ SQL ] SHOW COLUMNS FROM `task` [ RunTime:0.002170s ]
[ sql ] [ SQL ] SELECT * FROM `task` WHERE  `id` IN (1,2) [ RunTime:0.001439s ]
---------------------------------------------------------------
[ 2018-05-15T21:44:24+08:00 ] 117.136.98.120 GET /api/Banner?id=1&location=%E5%8C%97%E4%BA%AC
[ info ] www.guetused.top/api/Banner?id=1&location=%E5%8C%97%E4%BA%AC [运行时间：0.068514s][吞吐率：14.60req/s] [内存消耗：3,430.65kb] [文件加载：46]
[ sql ] [ DB ] CONNECT:[ UseTime:0.001917s ] mysql:host=127.0.0.1;dbname=store;charset=utf8
[ sql ] [ SQL ] SHOW COLUMNS FROM `banner` [ RunTime:0.001623s ]
[ sql ] [ SQL ] SELECT * FROM `banner` WHERE  `id` = 1 LIMIT 1 [ RunTime:0.001829s ]
[ sql ] [ SQL ] SHOW COLUMNS FROM `banner_item` [ RunTime:0.001901s ]
[ sql ] [ SQL ] SELECT * FROM `banner_item` WHERE  `location` = '北京'  AND `banner_id` = 1 [ RunTime:0.005627s ]
[ sql ] [ SQL ] SELECT * FROM `banner_item` WHERE  `location` = '北京'  AND `banner_id` = 1 [ RunTime:0.000514s ]
[ sql ] [ SQL ] SHOW COLUMNS FROM `image_by_banner` [ RunTime:0.001789s ]
[ sql ] [ SQL ] SELECT * FROM `image_by_banner` WHERE  `id` IN (1,2,3) [ RunTime:0.000428s ]
---------------------------------------------------------------
[ 2018-05-15T21:44:24+08:00 ] 117.136.98.120 GET /api/NewGoods?location=%E5%8C%97%E4%BA%AC
[ info ] www.guetused.top/api/NewGoods?location=%E5%8C%97%E4%BA%AC [运行时间：0.101372s][吞吐率：9.86req/s] [内存消耗：3,535.59kb] [文件加载：47]
[ sql ] [ DB ] CONNECT:[ UseTime:0.003173s ] mysql:host=127.0.0.1;dbname=store;charset=utf8
[ sql ] [ SQL ] SHOW COLUMNS FROM `type_location` [ RunTime:0.002741s ]
[ sql ] [ SQL ] SELECT * FROM `type_location` WHERE  `location` = '北京' ORDER BY `create_time` DESC [ RunTime:0.001344s ]
[ sql ] [ SQL ] SHOW COLUMNS FROM `goods` [ RunTime:0.002161s ]
[ sql ] [ SQL ] SELECT `id`,`title`,`price` FROM `goods` WHERE  `id` IN (9,8,7,6,5,4,3,2,1) ORDER BY `create_time` [ RunTime:0.004560s ]
[ sql ] [ SQL ] SELECT `id`,`title`,`price` FROM `goods` WHERE  `id` IN (9,8,7,6,5,4,3,2,1) ORDER BY `create_time` [ RunTime:0.002485s ]
[ sql ] [ SQL ] SHOW COLUMNS FROM `goods_image` [ RunTime:0.000796s ]
[ sql ] [ SQL ] SELECT * FROM `goods_image` WHERE  `goods_id` IN (1,2,3,4,5,6,7,8,9) [ RunTime:0.004680s ]
[ sql ] [ SQL ] SELECT `id`,`title`,`price` FROM `goods` WHERE  `id` IN (9,8,7,6,5,4,3,2,1) ORDER BY `create_time` [ RunTime:0.000518s ]
[ sql ] [ SQL ] SELECT * FROM `goods_image` WHERE  `goods_id` IN (1,2,3,4,5,6,7,8,9) [ RunTime:0.000316s ]
[ sql ] [ SQL ] SHOW COLUMNS FROM `image_by_goods` [ RunTime:0.000615s ]
[ sql ] [ SQL ] SELECT * FROM `image_by_goods` WHERE  `id` IN (1,2,3,4,5,6,7,8,9,10,11,12,61,62,63,64,65,66,19,20,21,22,23,24,25,26,27) [ RunTime:0.000414s ]
---------------------------------------------------------------
[ 2018-05-15T21:44:37+08:00 ] 117.136.98.120 POST /api/Token/user
[ info ] www.guetused.top/api/Token/user [运行时间：0.258379s][吞吐率：3.87req/s] [内存消耗：3,284.63kb] [文件加载：46]
[ sql ] [ DB ] CONNECT:[ UseTime:0.000345s ] mysql:host=127.0.0.1;dbname=store;charset=utf8
[ sql ] [ SQL ] SHOW COLUMNS FROM `user` [ RunTime:0.000758s ]
[ sql ] [ SQL ] SELECT * FROM `user` WHERE  `openid` = 'oyKA95aeisZH87vnR6uYOABfOch4' LIMIT 1 [ RunTime:0.000411s ]
