---------------------------------------------------------------
[ 2018-05-17T17:15:32+08:00 ] 111.59.124.172 POST /api/Token/user
[ info ] www.guetused.top/api/Token/user [运行时间：0.245996s][吞吐率：4.07req/s] [内存消耗：3,284.62kb] [文件加载：46]
[ sql ] [ DB ] CONNECT:[ UseTime:0.000426s ] mysql:host=127.0.0.1;dbname=store;charset=utf8
[ sql ] [ SQL ] SHOW COLUMNS FROM `user` [ RunTime:0.000786s ]
[ sql ] [ SQL ] SELECT * FROM `user` WHERE  `openid` = 'oyKA95aeisZH87vnR6uYOABfOch4' LIMIT 1 [ RunTime:0.000351s ]
---------------------------------------------------------------
[ 2018-05-17T17:16:33+08:00 ] 111.59.124.172 POST /api/AddGoods
[ info ] www.guetused.top/api/AddGoods [运行时间：0.036133s][吞吐率：27.68req/s] [内存消耗：3,555.98kb] [文件加载：51]
[ sql ] [ DB ] CONNECT:[ UseTime:0.000590s ] mysql:host=127.0.0.1;dbname=store;charset=utf8
[ sql ] [ SQL ] SHOW COLUMNS FROM `goods` [ RunTime:0.001261s ]
[ sql ] [ SQL ] INSERT INTO `goods` (`title` , `describe` , `location` , `price` , `user_id` , `type` , `create_time` , `update_time`) VALUES ('华为p20' , 'jfklsdjjflkdsj降低了开发加拉塞克减肥离开时间' , '北京' , 1200 , 5 , 11 , '2018-05-17 17:16:33' , '2018-05-17 17:16:33') [ RunTime:0.000353s ]
[ sql ] [ SQL ] SHOW COLUMNS FROM `image_by_goods` [ RunTime:0.000553s ]
[ sql ] [ SQL ] SHOW COLUMNS FROM `type_location` [ RunTime:0.000575s ]
[ sql ] [ SQL ] INSERT INTO `type_location` (`type` , `goods_id` , `location` , `create_time` , `update_time`) VALUES (11 , 45 , '北京' , '2018-05-17 17:16:33' , '2018-05-17 17:16:33') [ RunTime:0.000384s ]
[ sql ] [ SQL ] SHOW COLUMNS FROM `goods_image` [ RunTime:0.000506s ]
---------------------------------------------------------------
[ 2018-05-17T17:18:16+08:00 ] 111.59.124.172 POST /api/AddGoods
[ info ] www.guetused.top/api/AddGoods [运行时间：0.039862s][吞吐率：25.09req/s] [内存消耗：3,555.98kb] [文件加载：51]
[ sql ] [ DB ] CONNECT:[ UseTime:0.000739s ] mysql:host=127.0.0.1;dbname=store;charset=utf8
[ sql ] [ SQL ] SHOW COLUMNS FROM `goods` [ RunTime:0.000906s ]
[ sql ] [ SQL ] INSERT INTO `goods` (`title` , `describe` , `location` , `price` , `user_id` , `type` , `create_time` , `update_time`) VALUES ('华为p20' , 'jfklsdjjflkdsj降低了开发加拉塞克减肥离开时间' , '北京' , 1200 , 5 , 11 , '2018-05-17 17:18:16' , '2018-05-17 17:18:16') [ RunTime:0.000446s ]
[ sql ] [ SQL ] SHOW COLUMNS FROM `image_by_goods` [ RunTime:0.000523s ]
[ sql ] [ SQL ] SHOW COLUMNS FROM `type_location` [ RunTime:0.000555s ]
[ sql ] [ SQL ] INSERT INTO `type_location` (`type` , `goods_id` , `location` , `create_time` , `update_time`) VALUES (11 , 46 , '北京' , '2018-05-17 17:18:16' , '2018-05-17 17:18:16') [ RunTime:0.000222s ]
[ sql ] [ SQL ] SHOW COLUMNS FROM `goods_image` [ RunTime:0.001137s ]
---------------------------------------------------------------
[ 2018-05-17T17:18:46+08:00 ] 111.59.124.172 POST /api/AddGoods
[ info ] www.guetused.top/api/AddGoods [运行时间：0.036544s][吞吐率：27.36req/s] [内存消耗：3,559.63kb] [文件加载：51]
[ sql ] [ DB ] CONNECT:[ UseTime:0.000380s ] mysql:host=127.0.0.1;dbname=store;charset=utf8
[ sql ] [ SQL ] SHOW COLUMNS FROM `goods` [ RunTime:0.001018s ]
[ sql ] [ SQL ] INSERT INTO `goods` (`title` , `describe` , `location` , `price` , `user_id` , `type` , `create_time` , `update_time`) VALUES ('华为p20' , 'jfklsdjjflkdsj降低了开发加拉塞克减肥离开时间' , '北京' , 1200 , 5 , 11 , '2018-05-17 17:18:46' , '2018-05-17 17:18:46') [ RunTime:0.000329s ]
[ sql ] [ SQL ] SHOW COLUMNS FROM `image_by_goods` [ RunTime:0.000525s ]
[ sql ] [ SQL ] INSERT INTO `image_by_goods` (`image_url` , `goods_id` , `from`) VALUES ('/images/20180517/3efb67eb6573901fe0f5ab441c0f5512.png' , 47 , 1) [ RunTime:0.000256s ]
[ sql ] [ SQL ] INSERT INTO `image_by_goods` (`image_url` , `goods_id` , `from`) VALUES ('/images/20180517/1333ca750cf3f308600c8568a0505e83.png' , 47 , 1) [ RunTime:0.000097s ]
[ sql ] [ SQL ] INSERT INTO `image_by_goods` (`image_url` , `goods_id` , `from`) VALUES ('/images/20180517/245f52cb749630ad1316658d8c69f8ba.png' , 47 , 1) [ RunTime:0.000095s ]
[ sql ] [ SQL ] INSERT INTO `image_by_goods` (`image_url` , `goods_id` , `from`) VALUES ('/images/20180517/98b004a6abec0aa6aa875bf597bf5e79.png' , 47 , 1) [ RunTime:0.000103s ]
[ sql ] [ SQL ] SHOW COLUMNS FROM `type_location` [ RunTime:0.000634s ]
[ sql ] [ SQL ] INSERT INTO `type_location` (`type` , `goods_id` , `location` , `create_time` , `update_time`) VALUES (11 , 47 , '北京' , '2018-05-17 17:18:46' , '2018-05-17 17:18:46') [ RunTime:0.000224s ]
[ sql ] [ SQL ] SHOW COLUMNS FROM `goods_image` [ RunTime:0.000618s ]
[ sql ] [ SQL ] INSERT INTO `goods_image` (`goods_id` , `image_id`) VALUES (47 , 161) [ RunTime:0.000202s ]
[ sql ] [ SQL ] INSERT INTO `goods_image` (`goods_id` , `image_id`) VALUES (47 , 162) [ RunTime:0.000134s ]
[ sql ] [ SQL ] INSERT INTO `goods_image` (`goods_id` , `image_id`) VALUES (47 , 163) [ RunTime:0.000093s ]
[ sql ] [ SQL ] INSERT INTO `goods_image` (`goods_id` , `image_id`) VALUES (47 , 164) [ RunTime:0.000146s ]
---------------------------------------------------------------
[ 2018-05-17T17:22:35+08:00 ] 111.59.124.172 POST /api/AddGoods
[ info ] www.guetused.top/api/AddGoods [运行时间：0.033006s][吞吐率：30.30req/s] [内存消耗：3,555.79kb] [文件加载：51]
[ sql ] [ DB ] CONNECT:[ UseTime:0.000485s ] mysql:host=127.0.0.1;dbname=store;charset=utf8
[ sql ] [ SQL ] SHOW COLUMNS FROM `goods` [ RunTime:0.000945s ]
[ sql ] [ SQL ] INSERT INTO `goods` (`title` , `describe` , `location` , `price` , `user_id` , `type` , `create_time` , `update_time`) VALUES ('华为p20' , 'jfklsdjjflkdsj降低了开发加拉塞克减肥离开时间' , '北京' , 1200 , 5 , 11 , '2018-05-17 17:22:35' , '2018-05-17 17:22:35') [ RunTime:0.000365s ]
[ sql ] [ SQL ] SHOW COLUMNS FROM `image_by_goods` [ RunTime:0.000564s ]
[ sql ] [ SQL ] SHOW COLUMNS FROM `type_location` [ RunTime:0.000622s ]
[ sql ] [ SQL ] INSERT INTO `type_location` (`type` , `goods_id` , `location` , `create_time` , `update_time`) VALUES (11 , 48 , '北京' , '2018-05-17 17:22:35' , '2018-05-17 17:22:35') [ RunTime:0.000278s ]
[ sql ] [ SQL ] SHOW COLUMNS FROM `goods_image` [ RunTime:0.000520s ]
---------------------------------------------------------------
[ 2018-05-17T17:23:09+08:00 ] 111.59.124.172 POST /api/AddGoods
[ info ] www.guetused.top/api/AddGoods [运行时间：0.033740s][吞吐率：29.64req/s] [内存消耗：3,555.98kb] [文件加载：51]
[ sql ] [ DB ] CONNECT:[ UseTime:0.000495s ] mysql:host=127.0.0.1;dbname=store;charset=utf8
[ sql ] [ SQL ] SHOW COLUMNS FROM `goods` [ RunTime:0.000906s ]
[ sql ] [ SQL ] INSERT INTO `goods` (`title` , `describe` , `location` , `price` , `user_id` , `type` , `create_time` , `update_time`) VALUES ('华为p20' , 'jfklsdjjflkdsj降低了开发加拉塞克减肥离开时间' , '北京' , 1200 , 5 , 11 , '2018-05-17 17:23:09' , '2018-05-17 17:23:09') [ RunTime:0.000397s ]
[ sql ] [ SQL ] SHOW COLUMNS FROM `image_by_goods` [ RunTime:0.000567s ]
[ sql ] [ SQL ] SHOW COLUMNS FROM `type_location` [ RunTime:0.000579s ]
[ sql ] [ SQL ] INSERT INTO `type_location` (`type` , `goods_id` , `location` , `create_time` , `update_time`) VALUES (11 , 49 , '北京' , '2018-05-17 17:23:09' , '2018-05-17 17:23:09') [ RunTime:0.000233s ]
[ sql ] [ SQL ] SHOW COLUMNS FROM `goods_image` [ RunTime:0.000600s ]
---------------------------------------------------------------
[ 2018-05-17T17:23:21+08:00 ] 111.59.124.172 POST /api/AddGoods
[ info ] www.guetused.top/api/AddGoods [运行时间：0.033613s][吞吐率：29.75req/s] [内存消耗：3,559.63kb] [文件加载：51]
[ sql ] [ DB ] CONNECT:[ UseTime:0.000364s ] mysql:host=127.0.0.1;dbname=store;charset=utf8
[ sql ] [ SQL ] SHOW COLUMNS FROM `goods` [ RunTime:0.000818s ]
[ sql ] [ SQL ] INSERT INTO `goods` (`title` , `describe` , `location` , `price` , `user_id` , `type` , `create_time` , `update_time`) VALUES ('华为p20' , 'jfklsdjjflkdsj降低了开发加拉塞克减肥离开时间' , '北京' , 1200 , 5 , 11 , '2018-05-17 17:23:21' , '2018-05-17 17:23:21') [ RunTime:0.000340s ]
[ sql ] [ SQL ] SHOW COLUMNS FROM `image_by_goods` [ RunTime:0.000554s ]
[ sql ] [ SQL ] INSERT INTO `image_by_goods` (`image_url` , `goods_id` , `from`) VALUES ('/images/20180517/08a52c9e1096090be5341fb9dfbc8602.png' , 50 , 1) [ RunTime:0.000227s ]
[ sql ] [ SQL ] INSERT INTO `image_by_goods` (`image_url` , `goods_id` , `from`) VALUES ('/images/20180517/e036391047d30062ae0471e2651af391.png' , 50 , 1) [ RunTime:0.000097s ]
[ sql ] [ SQL ] INSERT INTO `image_by_goods` (`image_url` , `goods_id` , `from`) VALUES ('/images/20180517/68216ad690dd8d3d00f368d3e4507f3b.png' , 50 , 1) [ RunTime:0.000098s ]
[ sql ] [ SQL ] INSERT INTO `image_by_goods` (`image_url` , `goods_id` , `from`) VALUES ('/images/20180517/8e4b8fb7914718e4730113b591caeb2e.png' , 50 , 1) [ RunTime:0.000106s ]
[ sql ] [ SQL ] SHOW COLUMNS FROM `type_location` [ RunTime:0.000559s ]
[ sql ] [ SQL ] INSERT INTO `type_location` (`type` , `goods_id` , `location` , `create_time` , `update_time`) VALUES (11 , 50 , '北京' , '2018-05-17 17:23:21' , '2018-05-17 17:23:21') [ RunTime:0.000215s ]
[ sql ] [ SQL ] SHOW COLUMNS FROM `goods_image` [ RunTime:0.000499s ]
[ sql ] [ SQL ] INSERT INTO `goods_image` (`goods_id` , `image_id`) VALUES (50 , 165) [ RunTime:0.000227s ]
[ sql ] [ SQL ] INSERT INTO `goods_image` (`goods_id` , `image_id`) VALUES (50 , 166) [ RunTime:0.000093s ]
[ sql ] [ SQL ] INSERT INTO `goods_image` (`goods_id` , `image_id`) VALUES (50 , 167) [ RunTime:0.000087s ]
[ sql ] [ SQL ] INSERT INTO `goods_image` (`goods_id` , `image_id`) VALUES (50 , 168) [ RunTime:0.000087s ]
---------------------------------------------------------------
[ 2018-05-17T17:25:05+08:00 ] 111.59.124.172 POST /api/AddGoods
[ info ] www.guetused.top/api/AddGoods [运行时间：0.033600s][吞吐率：29.76req/s] [内存消耗：3,555.98kb] [文件加载：51]
[ sql ] [ DB ] CONNECT:[ UseTime:0.000415s ] mysql:host=127.0.0.1;dbname=store;charset=utf8
[ sql ] [ SQL ] SHOW COLUMNS FROM `goods` [ RunTime:0.000861s ]
[ sql ] [ SQL ] INSERT INTO `goods` (`title` , `describe` , `location` , `price` , `user_id` , `type` , `create_time` , `update_time`) VALUES ('华为p20' , 'jfklsdjjflkdsj降低了开发加拉塞克减肥离开时间' , '北京' , 1200 , 5 , 11 , '2018-05-17 17:25:05' , '2018-05-17 17:25:05') [ RunTime:0.000341s ]
[ sql ] [ SQL ] SHOW COLUMNS FROM `image_by_goods` [ RunTime:0.000524s ]
[ sql ] [ SQL ] SHOW COLUMNS FROM `type_location` [ RunTime:0.000595s ]
[ sql ] [ SQL ] INSERT INTO `type_location` (`type` , `goods_id` , `location` , `create_time` , `update_time`) VALUES (11 , 51 , '北京' , '2018-05-17 17:25:05' , '2018-05-17 17:25:05') [ RunTime:0.000228s ]
[ sql ] [ SQL ] SHOW COLUMNS FROM `goods_image` [ RunTime:0.000742s ]
---------------------------------------------------------------
[ 2018-05-17T19:03:23+08:00 ] 111.59.124.172 POST /api/AddGoods
[ info ] www.guetused.top/api/AddGoods [运行时间：0.036714s][吞吐率：27.24req/s] [内存消耗：3,555.79kb] [文件加载：51]
[ sql ] [ DB ] CONNECT:[ UseTime:0.000822s ] mysql:host=127.0.0.1;dbname=store;charset=utf8
[ sql ] [ SQL ] SHOW COLUMNS FROM `goods` [ RunTime:0.001297s ]
[ sql ] [ SQL ] INSERT INTO `goods` (`title` , `describe` , `location` , `price` , `user_id` , `type` , `create_time` , `update_time`) VALUES ('华为p20' , 'jfklsdjjflkdsj降低了开发加拉塞克减肥离开时间' , '北京' , 1200 , 5 , 11 , '2018-05-17 19:03:23' , '2018-05-17 19:03:23') [ RunTime:0.000430s ]
[ sql ] [ SQL ] SHOW COLUMNS FROM `image_by_goods` [ RunTime:0.000590s ]
[ sql ] [ SQL ] SHOW COLUMNS FROM `type_location` [ RunTime:0.001110s ]
[ sql ] [ SQL ] INSERT INTO `type_location` (`type` , `goods_id` , `location` , `create_time` , `update_time`) VALUES (11 , 52 , '北京' , '2018-05-17 19:03:23' , '2018-05-17 19:03:23') [ RunTime:0.000298s ]
[ sql ] [ SQL ] SHOW COLUMNS FROM `goods_image` [ RunTime:0.000544s ]
---------------------------------------------------------------
[ 2018-05-17T19:06:32+08:00 ] 111.59.124.172 POST /api/AddGoods
[ info ] www.guetused.top/api/AddGoods [运行时间：0.034136s][吞吐率：29.29req/s] [内存消耗：3,555.98kb] [文件加载：51]
[ sql ] [ DB ] CONNECT:[ UseTime:0.000699s ] mysql:host=127.0.0.1;dbname=store;charset=utf8
[ sql ] [ SQL ] SHOW COLUMNS FROM `goods` [ RunTime:0.000900s ]
[ sql ] [ SQL ] INSERT INTO `goods` (`title` , `describe` , `location` , `price` , `user_id` , `type` , `create_time` , `update_time`) VALUES ('华为p20' , 'jfklsdjjflkdsj降低了开发加拉塞克减肥离开时间' , '北京' , 1200 , 5 , 11 , '2018-05-17 19:06:32' , '2018-05-17 19:06:32') [ RunTime:0.000337s ]
[ sql ] [ SQL ] SHOW COLUMNS FROM `image_by_goods` [ RunTime:0.000521s ]
[ sql ] [ SQL ] SHOW COLUMNS FROM `type_location` [ RunTime:0.000553s ]
[ sql ] [ SQL ] INSERT INTO `type_location` (`type` , `goods_id` , `location` , `create_time` , `update_time`) VALUES (11 , 53 , '北京' , '2018-05-17 19:06:32' , '2018-05-17 19:06:32') [ RunTime:0.000269s ]
[ sql ] [ SQL ] SHOW COLUMNS FROM `goods_image` [ RunTime:0.000504s ]
---------------------------------------------------------------
[ 2018-05-17T19:57:02+08:00 ] 111.59.124.172 POST /api/Token/user
[ info ] www.guetused.top/api/Token/user [运行时间：0.276132s][吞吐率：3.62req/s] [内存消耗：3,284.62kb] [文件加载：46]
[ sql ] [ DB ] CONNECT:[ UseTime:0.000428s ] mysql:host=127.0.0.1;dbname=store;charset=utf8
[ sql ] [ SQL ] SHOW COLUMNS FROM `user` [ RunTime:0.000847s ]
[ sql ] [ SQL ] SELECT * FROM `user` WHERE  `openid` = 'oyKA95aeisZH87vnR6uYOABfOch4' LIMIT 1 [ RunTime:0.000389s ]
---------------------------------------------------------------
[ 2018-05-17T19:57:24+08:00 ] 111.59.124.172 POST /api/AddGoods
[ info ] www.guetused.top/api/AddGoods [运行时间：0.044397s][吞吐率：22.52req/s] [内存消耗：3,559.63kb] [文件加载：51]
[ sql ] [ DB ] CONNECT:[ UseTime:0.000454s ] mysql:host=127.0.0.1;dbname=store;charset=utf8
[ sql ] [ SQL ] SHOW COLUMNS FROM `goods` [ RunTime:0.000842s ]
[ sql ] [ SQL ] INSERT INTO `goods` (`title` , `describe` , `location` , `price` , `user_id` , `type` , `create_time` , `update_time`) VALUES ('华为p20' , 'jfklsdjjflkdsj降低了开发加拉塞克减肥离开时间' , '北京' , 1200 , 5 , 11 , '2018-05-17 19:57:24' , '2018-05-17 19:57:24') [ RunTime:0.000339s ]
[ sql ] [ SQL ] SHOW COLUMNS FROM `image_by_goods` [ RunTime:0.000507s ]
[ sql ] [ SQL ] INSERT INTO `image_by_goods` (`image_url` , `goods_id` , `from`) VALUES ('/images/20180517/0d3af29bf30d45423aff1aab1b0a8838.png' , 54 , 1) [ RunTime:0.000216s ]
[ sql ] [ SQL ] INSERT INTO `image_by_goods` (`image_url` , `goods_id` , `from`) VALUES ('/images/20180517/6e7e07aa84a2a224f0ed225a319e70b6.png' , 54 , 1) [ RunTime:0.000093s ]
[ sql ] [ SQL ] INSERT INTO `image_by_goods` (`image_url` , `goods_id` , `from`) VALUES ('/images/20180517/49f7d4485b66cdede34f9e4046984cc4.png' , 54 , 1) [ RunTime:0.000090s ]
[ sql ] [ SQL ] INSERT INTO `image_by_goods` (`image_url` , `goods_id` , `from`) VALUES ('/images/20180517/82970eb796253dd5699db5935e468bb9.png' , 54 , 1) [ RunTime:0.000107s ]
[ sql ] [ SQL ] SHOW COLUMNS FROM `type_location` [ RunTime:0.000537s ]
[ sql ] [ SQL ] INSERT INTO `type_location` (`type` , `goods_id` , `location` , `create_time` , `update_time`) VALUES (11 , 54 , '北京' , '2018-05-17 19:57:24' , '2018-05-17 19:57:24') [ RunTime:0.000214s ]
[ sql ] [ SQL ] SHOW COLUMNS FROM `goods_image` [ RunTime:0.000523s ]
[ sql ] [ SQL ] INSERT INTO `goods_image` (`goods_id` , `image_id`) VALUES (54 , 169) [ RunTime:0.000195s ]
[ sql ] [ SQL ] INSERT INTO `goods_image` (`goods_id` , `image_id`) VALUES (54 , 170) [ RunTime:0.000090s ]
[ sql ] [ SQL ] INSERT INTO `goods_image` (`goods_id` , `image_id`) VALUES (54 , 171) [ RunTime:0.000111s ]
[ sql ] [ SQL ] INSERT INTO `goods_image` (`goods_id` , `image_id`) VALUES (54 , 172) [ RunTime:0.000087s ]
---------------------------------------------------------------
[ 2018-05-17T19:59:00+08:00 ] 111.59.124.172 POST /api/AddGoods
[ info ] www.guetused.top/api/AddGoods [运行时间：0.034681s][吞吐率：28.83req/s] [内存消耗：3,559.63kb] [文件加载：51]
[ sql ] [ DB ] CONNECT:[ UseTime:0.000444s ] mysql:host=127.0.0.1;dbname=store;charset=utf8
[ sql ] [ SQL ] SHOW COLUMNS FROM `goods` [ RunTime:0.000794s ]
[ sql ] [ SQL ] INSERT INTO `goods` (`title` , `describe` , `location` , `price` , `user_id` , `type` , `create_time` , `update_time`) VALUES ('华为p20' , 'jfklsdjjflkdsj降低了开发加拉塞克减肥离开时间' , '北京' , 1200 , 5 , 11 , '2018-05-17 19:59:00' , '2018-05-17 19:59:00') [ RunTime:0.000352s ]
[ sql ] [ SQL ] SHOW COLUMNS FROM `image_by_goods` [ RunTime:0.000529s ]
[ sql ] [ SQL ] INSERT INTO `image_by_goods` (`image_url` , `goods_id` , `from`) VALUES ('/images/20180517/ba74e702d2fee2fe2fbb5c1bfff4a51a.png' , 55 , 1) [ RunTime:0.000252s ]
[ sql ] [ SQL ] INSERT INTO `image_by_goods` (`image_url` , `goods_id` , `from`) VALUES ('/images/20180517/9ce7f3edab44440c8d14e66b0696b4fa.png' , 55 , 1) [ RunTime:0.000100s ]
[ sql ] [ SQL ] INSERT INTO `image_by_goods` (`image_url` , `goods_id` , `from`) VALUES ('/images/20180517/ac1026a547fb545476611598fd8c8ab4.png' , 55 , 1) [ RunTime:0.000114s ]
[ sql ] [ SQL ] INSERT INTO `image_by_goods` (`image_url` , `goods_id` , `from`) VALUES ('/images/20180517/779a5405cc5c466ef405282dd1a0b15c.png' , 55 , 1) [ RunTime:0.000109s ]
[ sql ] [ SQL ] SHOW COLUMNS FROM `type_location` [ RunTime:0.000546s ]
[ sql ] [ SQL ] INSERT INTO `type_location` (`type` , `goods_id` , `location` , `create_time` , `update_time`) VALUES (11 , 55 , '北京' , '2018-05-17 19:59:00' , '2018-05-17 19:59:00') [ RunTime:0.000238s ]
[ sql ] [ SQL ] SHOW COLUMNS FROM `goods_image` [ RunTime:0.000545s ]
[ sql ] [ SQL ] INSERT INTO `goods_image` (`goods_id` , `image_id`) VALUES (55 , 173) [ RunTime:0.000204s ]
[ sql ] [ SQL ] INSERT INTO `goods_image` (`goods_id` , `image_id`) VALUES (55 , 174) [ RunTime:0.000095s ]
[ sql ] [ SQL ] INSERT INTO `goods_image` (`goods_id` , `image_id`) VALUES (55 , 175) [ RunTime:0.000097s ]
[ sql ] [ SQL ] INSERT INTO `goods_image` (`goods_id` , `image_id`) VALUES (55 , 176) [ RunTime:0.000090s ]
---------------------------------------------------------------
[ 2018-05-17T20:35:40+08:00 ] 111.59.124.172 POST /api/AddGoods
[ info ] www.guetused.top/api/AddGoods [运行时间：0.035755s][吞吐率：27.97req/s] [内存消耗：3,559.86kb] [文件加载：51]
[ sql ] [ DB ] CONNECT:[ UseTime:0.000478s ] mysql:host=127.0.0.1;dbname=store;charset=utf8
[ sql ] [ SQL ] SHOW COLUMNS FROM `goods` [ RunTime:0.000806s ]
[ sql ] [ SQL ] INSERT INTO `goods` (`title` , `describe` , `location` , `price` , `user_id` , `type` , `create_time` , `update_time`) VALUES ('华为p20' , 'jfklsdjjflkdsj降低了开发加拉塞克减肥离开时间' , '北京' , 1200 , 5 , 11 , '2018-05-17 20:35:40' , '2018-05-17 20:35:40') [ RunTime:0.000330s ]
[ sql ] [ SQL ] SHOW COLUMNS FROM `image_by_goods` [ RunTime:0.000586s ]
[ sql ] [ SQL ] INSERT INTO `image_by_goods` (`image_url` , `goods_id` , `from`) VALUES ('/images/20180517/3488dd4db1ead71729f2ac3b8e5a498f.png' , 56 , 1) [ RunTime:0.000218s ]
[ sql ] [ SQL ] INSERT INTO `image_by_goods` (`image_url` , `goods_id` , `from`) VALUES ('/images/20180517/85fa745661c7b3b739b76440069f6538.png' , 56 , 1) [ RunTime:0.000121s ]
[ sql ] [ SQL ] INSERT INTO `image_by_goods` (`image_url` , `goods_id` , `from`) VALUES ('/images/20180517/0283fa4dbab73965664b4d8c5cf4b34c.png' , 56 , 1) [ RunTime:0.000093s ]
[ sql ] [ SQL ] INSERT INTO `image_by_goods` (`image_url` , `goods_id` , `from`) VALUES ('/images/20180517/ae4541f7da3085160ab8b2e73978b892.png' , 56 , 1) [ RunTime:0.000091s ]
[ sql ] [ SQL ] SHOW COLUMNS FROM `type_location` [ RunTime:0.000579s ]
[ sql ] [ SQL ] INSERT INTO `type_location` (`type` , `goods_id` , `location` , `create_time` , `update_time`) VALUES (11 , 56 , '北京' , '2018-05-17 20:35:40' , '2018-05-17 20:35:40') [ RunTime:0.000215s ]
[ sql ] [ SQL ] SHOW COLUMNS FROM `goods_image` [ RunTime:0.000515s ]
[ sql ] [ SQL ] INSERT INTO `goods_image` (`goods_id` , `image_id`) VALUES (56 , 177) [ RunTime:0.000227s ]
[ sql ] [ SQL ] INSERT INTO `goods_image` (`goods_id` , `image_id`) VALUES (56 , 178) [ RunTime:0.000109s ]
[ sql ] [ SQL ] INSERT INTO `goods_image` (`goods_id` , `image_id`) VALUES (56 , 179) [ RunTime:0.000112s ]
[ sql ] [ SQL ] INSERT INTO `goods_image` (`goods_id` , `image_id`) VALUES (56 , 180) [ RunTime:0.000220s ]
---------------------------------------------------------------
[ 2018-05-17T20:42:09+08:00 ] 111.59.124.172 POST /api/AddGoods
[ info ] www.guetused.top/api/AddGoods [运行时间：0.036823s][吞吐率：27.16req/s] [内存消耗：3,559.86kb] [文件加载：51]
[ sql ] [ DB ] CONNECT:[ UseTime:0.000422s ] mysql:host=127.0.0.1;dbname=store;charset=utf8
[ sql ] [ SQL ] SHOW COLUMNS FROM `goods` [ RunTime:0.001026s ]
[ sql ] [ SQL ] INSERT INTO `goods` (`title` , `describe` , `location` , `price` , `user_id` , `type` , `create_time` , `update_time`) VALUES ('华为p20' , 'jfklsdjjflkdsj降低了开发加拉塞克减肥离开时间' , '北京' , 1200 , 5 , 11 , '2018-05-17 20:42:09' , '2018-05-17 20:42:09') [ RunTime:0.000338s ]
[ sql ] [ SQL ] SHOW COLUMNS FROM `image_by_goods` [ RunTime:0.000521s ]
[ sql ] [ SQL ] INSERT INTO `image_by_goods` (`image_url` , `goods_id` , `from`) VALUES ('/images/20180517/16cb0b3c7e42c864b844b7d9c63d6a56.png' , 10 , 1) [ RunTime:0.000214s ]
[ sql ] [ SQL ] INSERT INTO `image_by_goods` (`image_url` , `goods_id` , `from`) VALUES ('/images/20180517/8dd8944cb8e02e53b71186c4c0aadfb3.png' , 10 , 1) [ RunTime:0.000096s ]
[ sql ] [ SQL ] INSERT INTO `image_by_goods` (`image_url` , `goods_id` , `from`) VALUES ('/images/20180517/de97f2ce11ed7a8144179544a294b539.png' , 10 , 1) [ RunTime:0.000092s ]
[ sql ] [ SQL ] INSERT INTO `image_by_goods` (`image_url` , `goods_id` , `from`) VALUES ('/images/20180517/c10ec13c187b89cb8b6955894ec72160.png' , 10 , 1) [ RunTime:0.000098s ]
[ sql ] [ SQL ] SHOW COLUMNS FROM `type_location` [ RunTime:0.000610s ]
[ sql ] [ SQL ] INSERT INTO `type_location` (`type` , `goods_id` , `location` , `create_time` , `update_time`) VALUES (11 , 10 , '北京' , '2018-05-17 20:42:09' , '2018-05-17 20:42:09') [ RunTime:0.000219s ]
[ sql ] [ SQL ] SHOW COLUMNS FROM `goods_image` [ RunTime:0.000570s ]
[ sql ] [ SQL ] INSERT INTO `goods_image` (`goods_id` , `image_id`) VALUES (10 , 28) [ RunTime:0.000197s ]
[ sql ] [ SQL ] INSERT INTO `goods_image` (`goods_id` , `image_id`) VALUES (10 , 29) [ RunTime:0.000115s ]
[ sql ] [ SQL ] INSERT INTO `goods_image` (`goods_id` , `image_id`) VALUES (10 , 30) [ RunTime:0.000089s ]
[ sql ] [ SQL ] INSERT INTO `goods_image` (`goods_id` , `image_id`) VALUES (10 , 31) [ RunTime:0.000086s ]
---------------------------------------------------------------
[ 2018-05-17T20:42:56+08:00 ] 111.59.124.172 GET /api/Task?location=%E5%8C%97%E4%BA%AC
[ info ] www.guetused.top/api/Task?location=%E5%8C%97%E4%BA%AC [运行时间：0.072144s][吞吐率：13.86req/s] [内存消耗：3,323.23kb] [文件加载：44]
[ sql ] [ DB ] CONNECT:[ UseTime:0.002984s ] mysql:host=127.0.0.1;dbname=store;charset=utf8
[ sql ] [ SQL ] SHOW COLUMNS FROM `task_location` [ RunTime:0.001543s ]
[ sql ] [ SQL ] SELECT * FROM `task_location` WHERE  `location` = '北京' [ RunTime:0.000818s ]
[ sql ] [ SQL ] SHOW COLUMNS FROM `task` [ RunTime:0.001608s ]
[ sql ] [ SQL ] SELECT * FROM `task` WHERE  `id` IN (1,2) [ RunTime:0.003008s ]
---------------------------------------------------------------
[ 2018-05-17T20:42:56+08:00 ] 111.59.124.172 GET /api/Banner?id=1&location=%E5%8C%97%E4%BA%AC
[ info ] www.guetused.top/api/Banner?id=1&location=%E5%8C%97%E4%BA%AC [运行时间：0.088842s][吞吐率：11.26req/s] [内存消耗：3,431.06kb] [文件加载：46]
[ sql ] [ DB ] CONNECT:[ UseTime:0.004592s ] mysql:host=127.0.0.1;dbname=store;charset=utf8
[ sql ] [ SQL ] SHOW COLUMNS FROM `banner` [ RunTime:0.001503s ]
[ sql ] [ SQL ] SELECT * FROM `banner` WHERE  `id` = 1 LIMIT 1 [ RunTime:0.000992s ]
[ sql ] [ SQL ] SHOW COLUMNS FROM `banner_item` [ RunTime:0.002625s ]
[ sql ] [ SQL ] SELECT * FROM `banner_item` WHERE  `location` = '北京'  AND `banner_id` = 1 [ RunTime:0.000968s ]
[ sql ] [ SQL ] SELECT * FROM `banner_item` WHERE  `location` = '北京'  AND `banner_id` = 1 [ RunTime:0.004581s ]
[ sql ] [ SQL ] SHOW COLUMNS FROM `image_by_banner` [ RunTime:0.000814s ]
[ sql ] [ SQL ] SELECT * FROM `image_by_banner` WHERE  `id` IN (1,2,3) [ RunTime:0.001037s ]
---------------------------------------------------------------
[ 2018-05-17T20:42:56+08:00 ] 111.59.124.172 GET /api/NewGoods?location=%E5%8C%97%E4%BA%AC
[ info ] www.guetused.top/api/NewGoods?location=%E5%8C%97%E4%BA%AC [运行时间：0.083038s][吞吐率：12.04req/s] [内存消耗：3,540.97kb] [文件加载：47]
[ sql ] [ DB ] CONNECT:[ UseTime:0.004651s ] mysql:host=127.0.0.1;dbname=store;charset=utf8
[ sql ] [ SQL ] SHOW COLUMNS FROM `type_location` [ RunTime:0.001643s ]
[ sql ] [ SQL ] SELECT * FROM `type_location` WHERE  `location` = '北京' ORDER BY `create_time` DESC [ RunTime:0.005723s ]
[ sql ] [ SQL ] SHOW COLUMNS FROM `goods` [ RunTime:0.001693s ]
[ sql ] [ SQL ] SELECT `id`,`title`,`price` FROM `goods` WHERE  `id` IN (10,9,8,7,6,5,4,3,2,1) ORDER BY `create_time` [ RunTime:0.003976s ]
[ sql ] [ SQL ] SELECT `id`,`title`,`price` FROM `goods` WHERE  `id` IN (10,9,8,7,6,5,4,3,2,1) ORDER BY `create_time` [ RunTime:0.000431s ]
[ sql ] [ SQL ] SHOW COLUMNS FROM `goods_image` [ RunTime:0.000565s ]
[ sql ] [ SQL ] SELECT * FROM `goods_image` WHERE  `goods_id` IN (1,2,3,4,5,6,7,8,9,10) [ RunTime:0.000293s ]
[ sql ] [ SQL ] SELECT `id`,`title`,`price` FROM `goods` WHERE  `id` IN (10,9,8,7,6,5,4,3,2,1) ORDER BY `create_time` [ RunTime:0.000318s ]
[ sql ] [ SQL ] SELECT * FROM `goods_image` WHERE  `goods_id` IN (1,2,3,4,5,6,7,8,9,10) [ RunTime:0.000331s ]
[ sql ] [ SQL ] SHOW COLUMNS FROM `image_by_goods` [ RunTime:0.000553s ]
[ sql ] [ SQL ] SELECT * FROM `image_by_goods` WHERE  `id` IN (1,2,3,4,5,6,7,8,9,10,11,12,61,62,63,64,65,66,19,20,21,22,23,24,25,26,27,28,29,30,31) [ RunTime:0.000572s ]
---------------------------------------------------------------
[ 2018-05-17T20:43:02+08:00 ] 111.59.124.172 GET /api/Goods?id=10
[ info ] www.guetused.top/api/Goods?id=10 [运行时间：0.035771s][吞吐率：27.96req/s] [内存消耗：3,805.10kb] [文件加载：52]
[ sql ] [ DB ] CONNECT:[ UseTime:0.000458s ] mysql:host=127.0.0.1;dbname=store;charset=utf8
[ sql ] [ SQL ] SHOW COLUMNS FROM `goods` [ RunTime:0.000869s ]
[ sql ] [ SQL ] SELECT * FROM `goods` WHERE  `id` = 10 LIMIT 1 [ RunTime:0.000370s ]
[ sql ] [ SQL ] SHOW COLUMNS FROM `goods_image` [ RunTime:0.000605s ]
[ sql ] [ SQL ] SELECT * FROM `goods_image` WHERE  `goods_id` = 10 [ RunTime:0.000315s ]
[ sql ] [ SQL ] SELECT * FROM `goods_image` WHERE  `goods_id` = 10 [ RunTime:0.000274s ]
[ sql ] [ SQL ] SHOW COLUMNS FROM `image_by_goods` [ RunTime:0.000571s ]
[ sql ] [ SQL ] SELECT * FROM `image_by_goods` WHERE  `id` IN (28,29,30,31) [ RunTime:0.000319s ]
---------------------------------------------------------------
[ 2018-05-17T20:43:11+08:00 ] 111.59.124.172 GET /api/Goods?id=10
[ info ] www.guetused.top/api/Goods?id=10 [运行时间：0.033872s][吞吐率：29.52req/s] [内存消耗：3,805.10kb] [文件加载：52]
[ sql ] [ DB ] CONNECT:[ UseTime:0.000498s ] mysql:host=127.0.0.1;dbname=store;charset=utf8
[ sql ] [ SQL ] SHOW COLUMNS FROM `goods` [ RunTime:0.000808s ]
[ sql ] [ SQL ] SELECT * FROM `goods` WHERE  `id` = 10 LIMIT 1 [ RunTime:0.000376s ]
[ sql ] [ SQL ] SHOW COLUMNS FROM `goods_image` [ RunTime:0.000572s ]
[ sql ] [ SQL ] SELECT * FROM `goods_image` WHERE  `goods_id` = 10 [ RunTime:0.000263s ]
[ sql ] [ SQL ] SELECT * FROM `goods_image` WHERE  `goods_id` = 10 [ RunTime:0.000265s ]
[ sql ] [ SQL ] SHOW COLUMNS FROM `image_by_goods` [ RunTime:0.000578s ]
[ sql ] [ SQL ] SELECT * FROM `image_by_goods` WHERE  `id` IN (28,29,30,31) [ RunTime:0.000302s ]
---------------------------------------------------------------
[ 2018-05-17T21:10:09+08:00 ] 111.59.124.172 GET /api/Banner?id=1&location=%E5%8C%97%E4%BA%AC
[ info ] www.guetused.top/api/Banner?id=1&location=%E5%8C%97%E4%BA%AC [运行时间：0.084456s][吞吐率：11.84req/s] [内存消耗：3,430.65kb] [文件加载：46]
[ sql ] [ DB ] CONNECT:[ UseTime:0.003441s ] mysql:host=127.0.0.1;dbname=store;charset=utf8
[ sql ] [ SQL ] SHOW COLUMNS FROM `banner` [ RunTime:0.001527s ]
[ sql ] [ SQL ] SELECT * FROM `banner` WHERE  `id` = 1 LIMIT 1 [ RunTime:0.000899s ]
[ sql ] [ SQL ] SHOW COLUMNS FROM `banner_item` [ RunTime:0.001610s ]
[ sql ] [ SQL ] SELECT * FROM `banner_item` WHERE  `location` = '北京'  AND `banner_id` = 1 [ RunTime:0.000898s ]
[ sql ] [ SQL ] SELECT * FROM `banner_item` WHERE  `location` = '北京'  AND `banner_id` = 1 [ RunTime:0.002010s ]
[ sql ] [ SQL ] SHOW COLUMNS FROM `image_by_banner` [ RunTime:0.001443s ]
[ sql ] [ SQL ] SELECT * FROM `image_by_banner` WHERE  `id` IN (1,2,3) [ RunTime:0.000768s ]
---------------------------------------------------------------
[ 2018-05-17T21:10:09+08:00 ] 111.59.124.172 GET /api/NewGoods?location=%E5%8C%97%E4%BA%AC
[ info ] www.guetused.top/api/NewGoods?location=%E5%8C%97%E4%BA%AC [运行时间：0.085849s][吞吐率：11.65req/s] [内存消耗：3,540.81kb] [文件加载：47]
[ sql ] [ DB ] CONNECT:[ UseTime:0.002452s ] mysql:host=127.0.0.1;dbname=store;charset=utf8
[ sql ] [ SQL ] SHOW COLUMNS FROM `type_location` [ RunTime:0.001198s ]
[ sql ] [ SQL ] SELECT * FROM `type_location` WHERE  `location` = '北京' ORDER BY `create_time` DESC [ RunTime:0.000940s ]
[ sql ] [ SQL ] SHOW COLUMNS FROM `goods` [ RunTime:0.001362s ]
[ sql ] [ SQL ] SELECT `id`,`title`,`price` FROM `goods` WHERE  `id` IN (10,9,8,7,6,5,4,3,2,1) ORDER BY `create_time` [ RunTime:0.002160s ]
[ sql ] [ SQL ] SELECT `id`,`title`,`price` FROM `goods` WHERE  `id` IN (10,9,8,7,6,5,4,3,2,1) ORDER BY `create_time` [ RunTime:0.000969s ]
[ sql ] [ SQL ] SHOW COLUMNS FROM `goods_image` [ RunTime:0.001033s ]
[ sql ] [ SQL ] SELECT * FROM `goods_image` WHERE  `goods_id` IN (1,2,3,4,5,6,7,8,9,10) [ RunTime:0.004306s ]
[ sql ] [ SQL ] SELECT `id`,`title`,`price` FROM `goods` WHERE  `id` IN (10,9,8,7,6,5,4,3,2,1) ORDER BY `create_time` [ RunTime:0.000323s ]
[ sql ] [ SQL ] SELECT * FROM `goods_image` WHERE  `goods_id` IN (1,2,3,4,5,6,7,8,9,10) [ RunTime:0.000300s ]
[ sql ] [ SQL ] SHOW COLUMNS FROM `image_by_goods` [ RunTime:0.000576s ]
[ sql ] [ SQL ] SELECT * FROM `image_by_goods` WHERE  `id` IN (1,2,3,4,5,6,7,8,9,10,11,12,61,62,63,64,65,66,19,20,21,22,23,24,25,26,27,28,29,30,31) [ RunTime:0.000425s ]
---------------------------------------------------------------
[ 2018-05-17T21:10:09+08:00 ] 111.59.124.172 GET /api/Task?location=%E5%8C%97%E4%BA%AC
[ info ] www.guetused.top/api/Task?location=%E5%8C%97%E4%BA%AC [运行时间：0.070701s][吞吐率：14.14req/s] [内存消耗：3,323.10kb] [文件加载：44]
[ sql ] [ DB ] CONNECT:[ UseTime:0.028127s ] mysql:host=127.0.0.1;dbname=store;charset=utf8
[ sql ] [ SQL ] SHOW COLUMNS FROM `task_location` [ RunTime:0.000611s ]
[ sql ] [ SQL ] SELECT * FROM `task_location` WHERE  `location` = '北京' [ RunTime:0.000291s ]
[ sql ] [ SQL ] SHOW COLUMNS FROM `task` [ RunTime:0.000597s ]
[ sql ] [ SQL ] SELECT * FROM `task` WHERE  `id` IN (1,2) [ RunTime:0.000297s ]
---------------------------------------------------------------
[ 2018-05-17T21:10:21+08:00 ] 111.59.124.172 GET /api/Task?location=%E5%8C%97%E4%BA%AC
[ info ] www.guetused.top/api/Task?location=%E5%8C%97%E4%BA%AC [运行时间：0.081518s][吞吐率：12.27req/s] [内存消耗：3,322.91kb] [文件加载：44]
[ sql ] [ DB ] CONNECT:[ UseTime:0.005626s ] mysql:host=127.0.0.1;dbname=store;charset=utf8
[ sql ] [ SQL ] SHOW COLUMNS FROM `task_location` [ RunTime:0.001063s ]
[ sql ] [ SQL ] SELECT * FROM `task_location` WHERE  `location` = '北京' [ RunTime:0.002413s ]
[ sql ] [ SQL ] SHOW COLUMNS FROM `task` [ RunTime:0.002456s ]
[ sql ] [ SQL ] SELECT * FROM `task` WHERE  `id` IN (1,2) [ RunTime:0.002856s ]
---------------------------------------------------------------
[ 2018-05-17T21:10:21+08:00 ] 111.59.124.172 GET /api/Banner?id=1&location=%E5%8C%97%E4%BA%AC
[ info ] www.guetused.top/api/Banner?id=1&location=%E5%8C%97%E4%BA%AC [运行时间：0.100369s][吞吐率：9.96req/s] [内存消耗：3,430.95kb] [文件加载：46]
[ sql ] [ DB ] CONNECT:[ UseTime:0.009802s ] mysql:host=127.0.0.1;dbname=store;charset=utf8
[ sql ] [ SQL ] SHOW COLUMNS FROM `banner` [ RunTime:0.002653s ]
[ sql ] [ SQL ] SELECT * FROM `banner` WHERE  `id` = 1 LIMIT 1 [ RunTime:0.001725s ]
[ sql ] [ SQL ] SHOW COLUMNS FROM `banner_item` [ RunTime:0.001566s ]
[ sql ] [ SQL ] SELECT * FROM `banner_item` WHERE  `location` = '北京'  AND `banner_id` = 1 [ RunTime:0.001850s ]
[ sql ] [ SQL ] SELECT * FROM `banner_item` WHERE  `location` = '北京'  AND `banner_id` = 1 [ RunTime:0.004000s ]
[ sql ] [ SQL ] SHOW COLUMNS FROM `image_by_banner` [ RunTime:0.003288s ]
[ sql ] [ SQL ] SELECT * FROM `image_by_banner` WHERE  `id` IN (1,2,3) [ RunTime:0.001174s ]
---------------------------------------------------------------
[ 2018-05-17T21:10:21+08:00 ] 111.59.124.172 GET /api/NewGoods?location=%E5%8C%97%E4%BA%AC
[ info ] www.guetused.top/api/NewGoods?location=%E5%8C%97%E4%BA%AC [运行时间：0.091487s][吞吐率：10.93req/s] [内存消耗：3,541.09kb] [文件加载：47]
[ sql ] [ DB ] CONNECT:[ UseTime:0.002719s ] mysql:host=127.0.0.1;dbname=store;charset=utf8
[ sql ] [ SQL ] SHOW COLUMNS FROM `type_location` [ RunTime:0.001386s ]
[ sql ] [ SQL ] SELECT * FROM `type_location` WHERE  `location` = '北京' ORDER BY `create_time` DESC [ RunTime:0.001705s ]
[ sql ] [ SQL ] SHOW COLUMNS FROM `goods` [ RunTime:0.001860s ]
[ sql ] [ SQL ] SELECT `id`,`title`,`price` FROM `goods` WHERE  `id` IN (10,9,8,7,6,5,4,3,2,1) ORDER BY `create_time` [ RunTime:0.006399s ]
[ sql ] [ SQL ] SELECT `id`,`title`,`price` FROM `goods` WHERE  `id` IN (10,9,8,7,6,5,4,3,2,1) ORDER BY `create_time` [ RunTime:0.001671s ]
[ sql ] [ SQL ] SHOW COLUMNS FROM `goods_image` [ RunTime:0.004519s ]
[ sql ] [ SQL ] SELECT * FROM `goods_image` WHERE  `goods_id` IN (1,2,3,4,5,6,7,8,9,10) [ RunTime:0.000403s ]
[ sql ] [ SQL ] SELECT `id`,`title`,`price` FROM `goods` WHERE  `id` IN (10,9,8,7,6,5,4,3,2,1) ORDER BY `create_time` [ RunTime:0.000317s ]
[ sql ] [ SQL ] SELECT * FROM `goods_image` WHERE  `goods_id` IN (1,2,3,4,5,6,7,8,9,10) [ RunTime:0.000301s ]
[ sql ] [ SQL ] SHOW COLUMNS FROM `image_by_goods` [ RunTime:0.000561s ]
[ sql ] [ SQL ] SELECT * FROM `image_by_goods` WHERE  `id` IN (1,2,3,4,5,6,7,8,9,10,11,12,61,62,63,64,65,66,19,20,21,22,23,24,25,26,27,28,29,30,31) [ RunTime:0.000428s ]
---------------------------------------------------------------
[ 2018-05-17T21:34:29+08:00 ] 111.59.124.172 POST /api/AddGoods
[ info ] www.guetused.top/api/AddGoods [运行时间：0.036769s][吞吐率：27.20req/s] [内存消耗：3,559.86kb] [文件加载：51]
[ sql ] [ DB ] CONNECT:[ UseTime:0.001501s ] mysql:host=127.0.0.1;dbname=store;charset=utf8
[ sql ] [ SQL ] SHOW COLUMNS FROM `goods` [ RunTime:0.001750s ]
[ sql ] [ SQL ] INSERT INTO `goods` (`title` , `describe` , `location` , `price` , `user_id` , `type` , `create_time` , `update_time`) VALUES ('华为p20' , 'jfklsdjjflkdsj降低了开发加拉塞克减肥离开时间' , '北京' , 1200 , 5 , 11 , '2018-05-17 21:34:29' , '2018-05-17 21:34:29') [ RunTime:0.000360s ]
[ sql ] [ SQL ] SHOW COLUMNS FROM `image_by_goods` [ RunTime:0.000522s ]
[ sql ] [ SQL ] INSERT INTO `image_by_goods` (`image_url` , `goods_id` , `from`) VALUES ('/images/20180517/de4c4a4a25e32e900b460a5fa9ce87a1.png' , 19 , 1) [ RunTime:0.000241s ]
[ sql ] [ SQL ] INSERT INTO `image_by_goods` (`image_url` , `goods_id` , `from`) VALUES ('/images/20180517/e1698c4dd3092e055e1321d06cc1714f.png' , 19 , 1) [ RunTime:0.000094s ]
[ sql ] [ SQL ] INSERT INTO `image_by_goods` (`image_url` , `goods_id` , `from`) VALUES ('/images/20180517/c41fb259dfd4c2b56c88f387aee073e7.png' , 19 , 1) [ RunTime:0.000093s ]
[ sql ] [ SQL ] INSERT INTO `image_by_goods` (`image_url` , `goods_id` , `from`) VALUES ('/images/20180517/9f14f9c2610253562e1e743b5cbb7cbf.png' , 19 , 1) [ RunTime:0.000113s ]
[ sql ] [ SQL ] SHOW COLUMNS FROM `type_location` [ RunTime:0.000543s ]
[ sql ] [ SQL ] INSERT INTO `type_location` (`type` , `goods_id` , `location` , `create_time` , `update_time`) VALUES (11 , 19 , '北京' , '2018-05-17 21:34:29' , '2018-05-17 21:34:29') [ RunTime:0.000231s ]
[ sql ] [ SQL ] SHOW COLUMNS FROM `goods_image` [ RunTime:0.000526s ]
[ sql ] [ SQL ] INSERT INTO `goods_image` (`goods_id` , `image_id`) VALUES (19 , 32) [ RunTime:0.000199s ]
[ sql ] [ SQL ] INSERT INTO `goods_image` (`goods_id` , `image_id`) VALUES (19 , 33) [ RunTime:0.000092s ]
[ sql ] [ SQL ] INSERT INTO `goods_image` (`goods_id` , `image_id`) VALUES (19 , 34) [ RunTime:0.000101s ]
[ sql ] [ SQL ] INSERT INTO `goods_image` (`goods_id` , `image_id`) VALUES (19 , 35) [ RunTime:0.000104s ]
---------------------------------------------------------------
[ 2018-05-17T21:35:28+08:00 ] 111.59.124.172 POST /api/AddGoods
[ info ] www.guetused.top/api/AddGoods [运行时间：0.034498s][吞吐率：28.99req/s] [内存消耗：3,559.63kb] [文件加载：51]
[ sql ] [ DB ] CONNECT:[ UseTime:0.000406s ] mysql:host=127.0.0.1;dbname=store;charset=utf8
[ sql ] [ SQL ] SHOW COLUMNS FROM `goods` [ RunTime:0.000793s ]
[ sql ] [ SQL ] INSERT INTO `goods` (`title` , `describe` , `location` , `price` , `user_id` , `type` , `create_time` , `update_time`) VALUES ('华为p20' , 'jfklsdjjflkdsj降低了开发加拉塞克减肥离开时间' , '北京' , 1200 , 5 , 11 , '2018-05-17 21:35:28' , '2018-05-17 21:35:28') [ RunTime:0.000364s ]
[ sql ] [ SQL ] SHOW COLUMNS FROM `image_by_goods` [ RunTime:0.000560s ]
[ sql ] [ SQL ] INSERT INTO `image_by_goods` (`image_url` , `goods_id` , `from`) VALUES ('/images/20180517/39858b0c583c3b080f8fab1f4c66ba92.png' , 20 , 1) [ RunTime:0.000209s ]
[ sql ] [ SQL ] INSERT INTO `image_by_goods` (`image_url` , `goods_id` , `from`) VALUES ('/images/20180517/113b19413c6814895446859475017757.png' , 20 , 1) [ RunTime:0.000095s ]
[ sql ] [ SQL ] INSERT INTO `image_by_goods` (`image_url` , `goods_id` , `from`) VALUES ('/images/20180517/839464cc176dcd858c84721375c04b37.png' , 20 , 1) [ RunTime:0.000106s ]
[ sql ] [ SQL ] INSERT INTO `image_by_goods` (`image_url` , `goods_id` , `from`) VALUES ('/images/20180517/2b5f9c98157991c6e9db5963791eb332.png' , 20 , 1) [ RunTime:0.000097s ]
[ sql ] [ SQL ] SHOW COLUMNS FROM `type_location` [ RunTime:0.000568s ]
[ sql ] [ SQL ] INSERT INTO `type_location` (`type` , `goods_id` , `location` , `create_time` , `update_time`) VALUES (11 , 20 , '北京' , '2018-05-17 21:35:28' , '2018-05-17 21:35:28') [ RunTime:0.000219s ]
[ sql ] [ SQL ] SHOW COLUMNS FROM `goods_image` [ RunTime:0.000537s ]
[ sql ] [ SQL ] INSERT INTO `goods_image` (`goods_id` , `image_id`) VALUES (20 , 36) [ RunTime:0.000232s ]
[ sql ] [ SQL ] INSERT INTO `goods_image` (`goods_id` , `image_id`) VALUES (20 , 37) [ RunTime:0.000093s ]
[ sql ] [ SQL ] INSERT INTO `goods_image` (`goods_id` , `image_id`) VALUES (20 , 38) [ RunTime:0.000125s ]
[ sql ] [ SQL ] INSERT INTO `goods_image` (`goods_id` , `image_id`) VALUES (20 , 39) [ RunTime:0.000088s ]
---------------------------------------------------------------
[ 2018-05-17T21:48:08+08:00 ] 111.59.124.172 POST /api/AddGoods
[ info ] www.guetused.top/api/AddGoods [运行时间：0.041896s][吞吐率：23.87req/s] [内存消耗：3,558.52kb] [文件加载：51]
[ sql ] [ DB ] CONNECT:[ UseTime:0.004876s ] mysql:host=127.0.0.1;dbname=store;charset=utf8
[ sql ] [ SQL ] SHOW COLUMNS FROM `goods` [ RunTime:0.001201s ]
[ sql ] [ SQL ] INSERT INTO `goods` (`title` , `describe` , `location` , `price` , `user_id` , `type` , `create_time` , `update_time`) VALUES ('华为p20' , 'jfklsdjjflkdsj降低了开发加拉塞克减肥离开时间' , '北京' , 1200 , 5 , 11 , '2018-05-17 21:48:08' , '2018-05-17 21:48:08') [ RunTime:0.000373s ]
[ sql ] [ SQL ] SHOW COLUMNS FROM `image_by_goods` [ RunTime:0.000586s ]
[ sql ] [ SQL ] INSERT INTO `image_by_goods` (`image_url` , `goods_id` , `from`) VALUES ('/images/' , 21 , 1) [ RunTime:0.000239s ]
[ sql ] [ SQL ] INSERT INTO `image_by_goods` (`image_url` , `goods_id` , `from`) VALUES ('/images/' , 21 , 1) [ RunTime:0.000102s ]
[ sql ] [ SQL ] INSERT INTO `image_by_goods` (`image_url` , `goods_id` , `from`) VALUES ('/images/' , 21 , 1) [ RunTime:0.000098s ]
[ sql ] [ SQL ] INSERT INTO `image_by_goods` (`image_url` , `goods_id` , `from`) VALUES ('/images/' , 21 , 1) [ RunTime:0.000099s ]
[ sql ] [ SQL ] SHOW COLUMNS FROM `type_location` [ RunTime:0.000561s ]
[ sql ] [ SQL ] INSERT INTO `type_location` (`type` , `goods_id` , `location` , `create_time` , `update_time`) VALUES (11 , 21 , '北京' , '2018-05-17 21:48:08' , '2018-05-17 21:48:08') [ RunTime:0.000241s ]
[ sql ] [ SQL ] SHOW COLUMNS FROM `goods_image` [ RunTime:0.000552s ]
[ sql ] [ SQL ] INSERT INTO `goods_image` (`goods_id` , `image_id`) VALUES (21 , 40) [ RunTime:0.000208s ]
[ sql ] [ SQL ] INSERT INTO `goods_image` (`goods_id` , `image_id`) VALUES (21 , 41) [ RunTime:0.000098s ]
[ sql ] [ SQL ] INSERT INTO `goods_image` (`goods_id` , `image_id`) VALUES (21 , 42) [ RunTime:0.000107s ]
[ sql ] [ SQL ] INSERT INTO `goods_image` (`goods_id` , `image_id`) VALUES (21 , 43) [ RunTime:0.000094s ]
---------------------------------------------------------------
[ 2018-05-17T21:49:09+08:00 ] 111.59.124.172 POST /api/AddGoods
[ info ] www.guetused.top/api/AddGoods [运行时间：0.036535s][吞吐率：27.37req/s] [内存消耗：3,558.91kb] [文件加载：51]
[ sql ] [ DB ] CONNECT:[ UseTime:0.000402s ] mysql:host=127.0.0.1;dbname=store;charset=utf8
[ sql ] [ SQL ] SHOW COLUMNS FROM `goods` [ RunTime:0.000794s ]
[ sql ] [ SQL ] INSERT INTO `goods` (`title` , `describe` , `location` , `price` , `user_id` , `type` , `create_time` , `update_time`) VALUES ('华为p20' , 'jfklsdjjflkdsj降低了开发加拉塞克减肥离开时间' , '北京' , 1200 , 5 , 11 , '2018-05-17 21:49:09' , '2018-05-17 21:49:09') [ RunTime:0.000335s ]
[ sql ] [ SQL ] SHOW COLUMNS FROM `image_by_goods` [ RunTime:0.000521s ]
[ sql ] [ SQL ] INSERT INTO `image_by_goods` (`image_url` , `goods_id` , `from`) VALUES ('/images/' , 22 , 1) [ RunTime:0.000213s ]
[ sql ] [ SQL ] INSERT INTO `image_by_goods` (`image_url` , `goods_id` , `from`) VALUES ('/images/' , 22 , 1) [ RunTime:0.000096s ]
[ sql ] [ SQL ] INSERT INTO `image_by_goods` (`image_url` , `goods_id` , `from`) VALUES ('/images/' , 22 , 1) [ RunTime:0.000121s ]
[ sql ] [ SQL ] INSERT INTO `image_by_goods` (`image_url` , `goods_id` , `from`) VALUES ('/images/' , 22 , 1) [ RunTime:0.000106s ]
[ sql ] [ SQL ] SHOW COLUMNS FROM `type_location` [ RunTime:0.000736s ]
[ sql ] [ SQL ] INSERT INTO `type_location` (`type` , `goods_id` , `location` , `create_time` , `update_time`) VALUES (11 , 22 , '北京' , '2018-05-17 21:49:09' , '2018-05-17 21:49:09') [ RunTime:0.000220s ]
[ sql ] [ SQL ] SHOW COLUMNS FROM `goods_image` [ RunTime:0.000516s ]
[ sql ] [ SQL ] INSERT INTO `goods_image` (`goods_id` , `image_id`) VALUES (22 , 44) [ RunTime:0.000201s ]
[ sql ] [ SQL ] INSERT INTO `goods_image` (`goods_id` , `image_id`) VALUES (22 , 45) [ RunTime:0.000098s ]
[ sql ] [ SQL ] INSERT INTO `goods_image` (`goods_id` , `image_id`) VALUES (22 , 46) [ RunTime:0.000098s ]
[ sql ] [ SQL ] INSERT INTO `goods_image` (`goods_id` , `image_id`) VALUES (22 , 47) [ RunTime:0.000088s ]
---------------------------------------------------------------
[ 2018-05-17T21:52:50+08:00 ] 111.59.124.172 POST /api/AddGoods
[ info ] www.guetused.top/api/AddGoods [运行时间：0.034812s][吞吐率：28.73req/s] [内存消耗：3,558.91kb] [文件加载：51]
[ sql ] [ DB ] CONNECT:[ UseTime:0.000459s ] mysql:host=127.0.0.1;dbname=store;charset=utf8
[ sql ] [ SQL ] SHOW COLUMNS FROM `goods` [ RunTime:0.000864s ]
[ sql ] [ SQL ] INSERT INTO `goods` (`title` , `describe` , `location` , `price` , `user_id` , `type` , `create_time` , `update_time`) VALUES ('华为p20' , 'jfklsdjjflkdsj降低了开发加拉塞克减肥离开时间' , '北京' , 1200 , 5 , 11 , '2018-05-17 21:52:50' , '2018-05-17 21:52:50') [ RunTime:0.000353s ]
[ sql ] [ SQL ] SHOW COLUMNS FROM `image_by_goods` [ RunTime:0.000562s ]
[ sql ] [ SQL ] INSERT INTO `image_by_goods` (`image_url` , `goods_id` , `from`) VALUES ('/images/' , 23 , 1) [ RunTime:0.000215s ]
[ sql ] [ SQL ] INSERT INTO `image_by_goods` (`image_url` , `goods_id` , `from`) VALUES ('/images/' , 23 , 1) [ RunTime:0.000103s ]
[ sql ] [ SQL ] INSERT INTO `image_by_goods` (`image_url` , `goods_id` , `from`) VALUES ('/images/' , 23 , 1) [ RunTime:0.000096s ]
[ sql ] [ SQL ] INSERT INTO `image_by_goods` (`image_url` , `goods_id` , `from`) VALUES ('/images/' , 23 , 1) [ RunTime:0.000095s ]
[ sql ] [ SQL ] SHOW COLUMNS FROM `type_location` [ RunTime:0.000547s ]
[ sql ] [ SQL ] INSERT INTO `type_location` (`type` , `goods_id` , `location` , `create_time` , `update_time`) VALUES (11 , 23 , '北京' , '2018-05-17 21:52:50' , '2018-05-17 21:52:50') [ RunTime:0.000255s ]
[ sql ] [ SQL ] SHOW COLUMNS FROM `goods_image` [ RunTime:0.000513s ]
[ sql ] [ SQL ] INSERT INTO `goods_image` (`goods_id` , `image_id`) VALUES (23 , 48) [ RunTime:0.000210s ]
[ sql ] [ SQL ] INSERT INTO `goods_image` (`goods_id` , `image_id`) VALUES (23 , 49) [ RunTime:0.000096s ]
[ sql ] [ SQL ] INSERT INTO `goods_image` (`goods_id` , `image_id`) VALUES (23 , 50) [ RunTime:0.000091s ]
[ sql ] [ SQL ] INSERT INTO `goods_image` (`goods_id` , `image_id`) VALUES (23 , 51) [ RunTime:0.000099s ]
