---------------------------------------------------------------
[ 2018-05-18T10:28:31+08:00 ] 111.59.124.172 POST /api/Token/user
[ info ] www.guetused.top/api/Token/user [运行时间：0.276600s][吞吐率：3.62req/s] [内存消耗：3,289.38kb] [文件加载：46]
[ sql ] [ DB ] CONNECT:[ UseTime:0.000489s ] mysql:host=127.0.0.1;dbname=store;charset=utf8
[ sql ] [ SQL ] SHOW COLUMNS FROM `user` [ RunTime:0.000810s ]
[ sql ] [ SQL ] SELECT * FROM `user` WHERE  `openid` = 'oyKA95aeisZH87vnR6uYOABfOch4' LIMIT 1 [ RunTime:0.000375s ]
---------------------------------------------------------------
[ 2018-05-18T10:30:55+08:00 ] 111.59.124.172 POST /api/AddGoods
[ info ] www.guetused.top/api/AddGoods [运行时间：0.040023s][吞吐率：24.99req/s] [内存消耗：3,852.20kb] [文件加载：54]
[ sql ] [ DB ] CONNECT:[ UseTime:0.000476s ] mysql:host=127.0.0.1;dbname=store;charset=utf8
[ sql ] [ SQL ] SHOW COLUMNS FROM `goods` [ RunTime:0.000937s ]
[ sql ] [ SQL ] INSERT INTO `goods` (`title` , `describe` , `location` , `price` , `user_id` , `type` , `create_time` , `update_time`) VALUES ('华为p20' , 'jfklsdjjflkdsj降低了开发加拉塞克减肥离开时间' , '北京' , 1200 , 5 , 11 , '2018-05-18 10:30:55' , '2018-05-18 10:30:55') [ RunTime:0.000371s ]
[ sql ] [ SQL ] SHOW COLUMNS FROM `image_by_goods` [ RunTime:0.000655s ]
[ sql ] [ SQL ] INSERT INTO `image_by_goods` (`image_url` , `goods_id` , `from`) VALUES ('/images/20180518/aab93a7ccaf48da92e3334bfeb58a131.png' , 5 , 1) [ RunTime:0.000213s ]
[ sql ] [ SQL ] INSERT INTO `image_by_goods` (`image_url` , `goods_id` , `from`) VALUES ('/images/20180518/17c40b40e3edc0c5e388ce79ba340c5f.png' , 5 , 1) [ RunTime:0.000110s ]
[ sql ] [ SQL ] INSERT INTO `image_by_goods` (`image_url` , `goods_id` , `from`) VALUES ('/images/20180518/8b8c439f228b8277abf62fffdabe2a88.png' , 5 , 1) [ RunTime:0.000093s ]
[ sql ] [ SQL ] INSERT INTO `image_by_goods` (`image_url` , `goods_id` , `from`) VALUES ('/images/20180518/1b8f28e9c350a794b80d26cff52bccb4.png' , 5 , 1) [ RunTime:0.000093s ]
[ sql ] [ SQL ] INSERT INTO `image_by_goods` (`image_url` , `goods_id` , `from`) VALUES ('/images/20180518/a8cd64c9d1fd41088da195c4de6a8a6a.png' , 5 , 1) [ RunTime:0.000092s ]
[ sql ] [ SQL ] INSERT INTO `image_by_goods` (`image_url` , `goods_id` , `from`) VALUES ('/images/20180518/19e65de3f66cb7e8e058fb7798810230.png' , 5 , 1) [ RunTime:0.000097s ]
[ sql ] [ SQL ] INSERT INTO `image_by_goods` (`image_url` , `goods_id` , `from`) VALUES ('/images/20180518/07236d3e68c3a2f21be57275fcaba2b8.png' , 5 , 1) [ RunTime:0.000091s ]
[ sql ] [ SQL ] INSERT INTO `image_by_goods` (`image_url` , `goods_id` , `from`) VALUES ('/images/20180518/a4ed67c345a8e097a0d2f55754a4361d.png' , 5 , 1) [ RunTime:0.000095s ]
[ sql ] [ SQL ] SHOW COLUMNS FROM `type_location` [ RunTime:0.000608s ]
[ sql ] [ SQL ] INSERT INTO `type_location` (`type` , `goods_id` , `location` , `create_time` , `update_time`) VALUES (11 , 5 , '北京' , '2018-05-18 10:30:55' , '2018-05-18 10:30:55') [ RunTime:0.000259s ]
[ sql ] [ SQL ] SHOW COLUMNS FROM `goods_image` [ RunTime:0.000607s ]
[ sql ] [ SQL ] INSERT INTO `goods_image` (`goods_id` , `image_id`) VALUES (5 , 13) [ RunTime:0.000201s ]
[ sql ] [ SQL ] INSERT INTO `goods_image` (`goods_id` , `image_id`) VALUES (5 , 14) [ RunTime:0.000090s ]
[ sql ] [ SQL ] INSERT INTO `goods_image` (`goods_id` , `image_id`) VALUES (5 , 15) [ RunTime:0.000103s ]
[ sql ] [ SQL ] INSERT INTO `goods_image` (`goods_id` , `image_id`) VALUES (5 , 16) [ RunTime:0.000088s ]
[ sql ] [ SQL ] INSERT INTO `goods_image` (`goods_id` , `image_id`) VALUES (5 , 17) [ RunTime:0.000087s ]
[ sql ] [ SQL ] INSERT INTO `goods_image` (`goods_id` , `image_id`) VALUES (5 , 18) [ RunTime:0.000086s ]
[ sql ] [ SQL ] INSERT INTO `goods_image` (`goods_id` , `image_id`) VALUES (5 , 19) [ RunTime:0.000099s ]
[ sql ] [ SQL ] INSERT INTO `goods_image` (`goods_id` , `image_id`) VALUES (5 , 20) [ RunTime:0.000088s ]
---------------------------------------------------------------
[ 2018-05-18T10:32:59+08:00 ] 111.59.124.172 POST /api/AddGoods
[ info ] www.guetused.top/api/AddGoods [运行时间：0.036522s][吞吐率：27.38req/s] [内存消耗：3,847.67kb] [文件加载：54]
[ sql ] [ DB ] CONNECT:[ UseTime:0.000533s ] mysql:host=127.0.0.1;dbname=store;charset=utf8
[ sql ] [ SQL ] SHOW COLUMNS FROM `goods` [ RunTime:0.000875s ]
[ sql ] [ SQL ] INSERT INTO `goods` (`title` , `describe` , `location` , `price` , `user_id` , `type` , `create_time` , `update_time`) VALUES ('华为p20' , 'jfklsdjjflkdsj降低了开发加拉塞克减肥离开时间' , '北京' , 1200 , 5 , 11 , '2018-05-18 10:32:59' , '2018-05-18 10:32:59') [ RunTime:0.000361s ]
[ sql ] [ SQL ] SHOW COLUMNS FROM `image_by_goods` [ RunTime:0.000548s ]
[ sql ] [ SQL ] INSERT INTO `image_by_goods` (`image_url` , `goods_id` , `from`) VALUES ('/images/20180518/8895be04cd4f90d2af39fcc6b7fa0199.png' , 6 , 1) [ RunTime:0.000207s ]
[ sql ] [ SQL ] INSERT INTO `image_by_goods` (`image_url` , `goods_id` , `from`) VALUES ('/images/20180518/1bd660238fb4348bd5344cf23c81391b.png' , 6 , 1) [ RunTime:0.000123s ]
[ sql ] [ SQL ] INSERT INTO `image_by_goods` (`image_url` , `goods_id` , `from`) VALUES ('/images/20180518/f22456d48d2c1c6e45bdb81d29d869db.png' , 6 , 1) [ RunTime:0.000095s ]
[ sql ] [ SQL ] INSERT INTO `image_by_goods` (`image_url` , `goods_id` , `from`) VALUES ('/images/20180518/61e8dcbca95d396ac986fc187c1f7bbd.png' , 6 , 1) [ RunTime:0.000094s ]
[ sql ] [ SQL ] SHOW COLUMNS FROM `type_location` [ RunTime:0.000567s ]
[ sql ] [ SQL ] INSERT INTO `type_location` (`type` , `goods_id` , `location` , `create_time` , `update_time`) VALUES (11 , 6 , '北京' , '2018-05-18 10:32:59' , '2018-05-18 10:32:59') [ RunTime:0.000215s ]
[ sql ] [ SQL ] SHOW COLUMNS FROM `goods_image` [ RunTime:0.000513s ]
[ sql ] [ SQL ] INSERT INTO `goods_image` (`goods_id` , `image_id`) VALUES (6 , 21) [ RunTime:0.000210s ]
[ sql ] [ SQL ] INSERT INTO `goods_image` (`goods_id` , `image_id`) VALUES (6 , 22) [ RunTime:0.000093s ]
[ sql ] [ SQL ] INSERT INTO `goods_image` (`goods_id` , `image_id`) VALUES (6 , 23) [ RunTime:0.000088s ]
[ sql ] [ SQL ] INSERT INTO `goods_image` (`goods_id` , `image_id`) VALUES (6 , 24) [ RunTime:0.000088s ]
---------------------------------------------------------------
[ 2018-05-18T10:35:26+08:00 ] 111.59.124.172 POST /api/AddGoods
[ info ] www.guetused.top/api/AddGoods [运行时间：0.041704s][吞吐率：23.98req/s] [内存消耗：3,847.59kb] [文件加载：54]
[ sql ] [ DB ] CONNECT:[ UseTime:0.000432s ] mysql:host=127.0.0.1;dbname=store;charset=utf8
[ sql ] [ SQL ] SHOW COLUMNS FROM `goods` [ RunTime:0.000896s ]
[ sql ] [ SQL ] INSERT INTO `goods` (`title` , `describe` , `location` , `price` , `user_id` , `type` , `create_time` , `update_time`) VALUES ('华为p20' , 'jfklsdjjflkdsj降低了开发加拉塞克减肥离开时间' , '北京' , 1200 , 5 , 11 , '2018-05-18 10:35:26' , '2018-05-18 10:35:26') [ RunTime:0.000405s ]
[ sql ] [ SQL ] SHOW COLUMNS FROM `image_by_goods` [ RunTime:0.000615s ]
[ sql ] [ SQL ] INSERT INTO `image_by_goods` (`image_url` , `goods_id` , `from`) VALUES ('/images/20180518/37f268fc9f1437fc1322ee01d8723ccb.png' , 7 , 1) [ RunTime:0.000231s ]
[ sql ] [ SQL ] INSERT INTO `image_by_goods` (`image_url` , `goods_id` , `from`) VALUES ('/images/20180518/e0dad5322bbc03d776ff5c697393db55.png' , 7 , 1) [ RunTime:0.000104s ]
[ sql ] [ SQL ] INSERT INTO `image_by_goods` (`image_url` , `goods_id` , `from`) VALUES ('/images/20180518/92eebc388e69263f49df8bce1077d855.png' , 7 , 1) [ RunTime:0.000111s ]
[ sql ] [ SQL ] INSERT INTO `image_by_goods` (`image_url` , `goods_id` , `from`) VALUES ('/images/20180518/04548402b82fa5c75e031e9d55f8121b.png' , 7 , 1) [ RunTime:0.000108s ]
[ sql ] [ SQL ] SHOW COLUMNS FROM `type_location` [ RunTime:0.000604s ]
[ sql ] [ SQL ] INSERT INTO `type_location` (`type` , `goods_id` , `location` , `create_time` , `update_time`) VALUES (11 , 7 , '北京' , '2018-05-18 10:35:26' , '2018-05-18 10:35:26') [ RunTime:0.000228s ]
[ sql ] [ SQL ] SHOW COLUMNS FROM `goods_image` [ RunTime:0.000589s ]
[ sql ] [ SQL ] INSERT INTO `goods_image` (`goods_id` , `image_id`) VALUES (7 , 25) [ RunTime:0.000218s ]
[ sql ] [ SQL ] INSERT INTO `goods_image` (`goods_id` , `image_id`) VALUES (7 , 26) [ RunTime:0.000102s ]
[ sql ] [ SQL ] INSERT INTO `goods_image` (`goods_id` , `image_id`) VALUES (7 , 27) [ RunTime:0.000112s ]
[ sql ] [ SQL ] INSERT INTO `goods_image` (`goods_id` , `image_id`) VALUES (7 , 28) [ RunTime:0.000104s ]
---------------------------------------------------------------
[ 2018-05-18T10:36:01+08:00 ] 111.59.124.172 POST /api/AddGoods
[ info ] www.guetused.top/api/AddGoods [运行时间：0.042289s][吞吐率：23.65req/s] [内存消耗：3,847.59kb] [文件加载：54]
[ sql ] [ DB ] CONNECT:[ UseTime:0.000434s ] mysql:host=127.0.0.1;dbname=store;charset=utf8
[ sql ] [ SQL ] SHOW COLUMNS FROM `goods` [ RunTime:0.000837s ]
[ sql ] [ SQL ] INSERT INTO `goods` (`title` , `describe` , `location` , `price` , `user_id` , `type` , `create_time` , `update_time`) VALUES ('华为p20' , 'jfklsdjjflkdsj降低了开发加拉塞克减肥离开时间' , '北京' , 1200 , 5 , 11 , '2018-05-18 10:36:01' , '2018-05-18 10:36:01') [ RunTime:0.000364s ]
[ sql ] [ SQL ] SHOW COLUMNS FROM `image_by_goods` [ RunTime:0.000549s ]
[ sql ] [ SQL ] INSERT INTO `image_by_goods` (`image_url` , `goods_id` , `from`) VALUES ('/images/20180518/855fbf99b00974dc57f4c539284cd979.png' , 8 , 1) [ RunTime:0.000205s ]
[ sql ] [ SQL ] INSERT INTO `image_by_goods` (`image_url` , `goods_id` , `from`) VALUES ('/images/20180518/d63bf6eaf1880d3154c77f39bb05ec1f.png' , 8 , 1) [ RunTime:0.000118s ]
[ sql ] [ SQL ] INSERT INTO `image_by_goods` (`image_url` , `goods_id` , `from`) VALUES ('/images/20180518/ebda5c2d9567a00423138ec452345581.png' , 8 , 1) [ RunTime:0.000097s ]
[ sql ] [ SQL ] INSERT INTO `image_by_goods` (`image_url` , `goods_id` , `from`) VALUES ('/images/20180518/f29e450fc766f104139045f06a2a1ad3.png' , 8 , 1) [ RunTime:0.000091s ]
[ sql ] [ SQL ] SHOW COLUMNS FROM `type_location` [ RunTime:0.000565s ]
[ sql ] [ SQL ] INSERT INTO `type_location` (`type` , `goods_id` , `location` , `create_time` , `update_time`) VALUES (11 , 8 , '北京' , '2018-05-18 10:36:01' , '2018-05-18 10:36:01') [ RunTime:0.000218s ]
[ sql ] [ SQL ] SHOW COLUMNS FROM `goods_image` [ RunTime:0.000510s ]
[ sql ] [ SQL ] INSERT INTO `goods_image` (`goods_id` , `image_id`) VALUES (8 , 29) [ RunTime:0.000251s ]
[ sql ] [ SQL ] INSERT INTO `goods_image` (`goods_id` , `image_id`) VALUES (8 , 30) [ RunTime:0.000102s ]
[ sql ] [ SQL ] INSERT INTO `goods_image` (`goods_id` , `image_id`) VALUES (8 , 31) [ RunTime:0.000088s ]
[ sql ] [ SQL ] INSERT INTO `goods_image` (`goods_id` , `image_id`) VALUES (8 , 32) [ RunTime:0.000091s ]
---------------------------------------------------------------
[ 2018-05-18T10:36:04+08:00 ] 111.59.124.172 POST /api/AddGoods
[ info ] www.guetused.top/api/AddGoods [运行时间：0.035478s][吞吐率：28.19req/s] [内存消耗：3,847.59kb] [文件加载：54]
[ sql ] [ DB ] CONNECT:[ UseTime:0.000399s ] mysql:host=127.0.0.1;dbname=store;charset=utf8
[ sql ] [ SQL ] SHOW COLUMNS FROM `goods` [ RunTime:0.000790s ]
[ sql ] [ SQL ] INSERT INTO `goods` (`title` , `describe` , `location` , `price` , `user_id` , `type` , `create_time` , `update_time`) VALUES ('华为p20' , 'jfklsdjjflkdsj降低了开发加拉塞克减肥离开时间' , '北京' , 1200 , 5 , 11 , '2018-05-18 10:36:04' , '2018-05-18 10:36:04') [ RunTime:0.000310s ]
[ sql ] [ SQL ] SHOW COLUMNS FROM `image_by_goods` [ RunTime:0.000533s ]
[ sql ] [ SQL ] INSERT INTO `image_by_goods` (`image_url` , `goods_id` , `from`) VALUES ('/images/20180518/b9fa64a976019aa619927b3d98b9a8e1.png' , 9 , 1) [ RunTime:0.000242s ]
[ sql ] [ SQL ] INSERT INTO `image_by_goods` (`image_url` , `goods_id` , `from`) VALUES ('/images/20180518/bbfd55e473f1a7a0dad4dccaa5e518d2.png' , 9 , 1) [ RunTime:0.000096s ]
[ sql ] [ SQL ] INSERT INTO `image_by_goods` (`image_url` , `goods_id` , `from`) VALUES ('/images/20180518/e600c9610f1f5063b4ec55089296754d.png' , 9 , 1) [ RunTime:0.000094s ]
[ sql ] [ SQL ] INSERT INTO `image_by_goods` (`image_url` , `goods_id` , `from`) VALUES ('/images/20180518/7f2ab418ca932d1f96500d1b11ef003e.png' , 9 , 1) [ RunTime:0.000094s ]
[ sql ] [ SQL ] SHOW COLUMNS FROM `type_location` [ RunTime:0.000537s ]
[ sql ] [ SQL ] INSERT INTO `type_location` (`type` , `goods_id` , `location` , `create_time` , `update_time`) VALUES (11 , 9 , '北京' , '2018-05-18 10:36:04' , '2018-05-18 10:36:04') [ RunTime:0.000225s ]
[ sql ] [ SQL ] SHOW COLUMNS FROM `goods_image` [ RunTime:0.000534s ]
[ sql ] [ SQL ] INSERT INTO `goods_image` (`goods_id` , `image_id`) VALUES (9 , 33) [ RunTime:0.000196s ]
[ sql ] [ SQL ] INSERT INTO `goods_image` (`goods_id` , `image_id`) VALUES (9 , 34) [ RunTime:0.000092s ]
[ sql ] [ SQL ] INSERT INTO `goods_image` (`goods_id` , `image_id`) VALUES (9 , 35) [ RunTime:0.000117s ]
[ sql ] [ SQL ] INSERT INTO `goods_image` (`goods_id` , `image_id`) VALUES (9 , 36) [ RunTime:0.000089s ]
---------------------------------------------------------------
[ 2018-05-18T10:36:07+08:00 ] 111.59.124.172 POST /api/AddGoods
[ info ] www.guetused.top/api/AddGoods [运行时间：0.037943s][吞吐率：26.36req/s] [内存消耗：3,847.66kb] [文件加载：54]
[ sql ] [ DB ] CONNECT:[ UseTime:0.000427s ] mysql:host=127.0.0.1;dbname=store;charset=utf8
[ sql ] [ SQL ] SHOW COLUMNS FROM `goods` [ RunTime:0.000815s ]
[ sql ] [ SQL ] INSERT INTO `goods` (`title` , `describe` , `location` , `price` , `user_id` , `type` , `create_time` , `update_time`) VALUES ('华为p20' , 'jfklsdjjflkdsj降低了开发加拉塞克减肥离开时间' , '北京' , 1200 , 5 , 11 , '2018-05-18 10:36:07' , '2018-05-18 10:36:07') [ RunTime:0.000360s ]
[ sql ] [ SQL ] SHOW COLUMNS FROM `image_by_goods` [ RunTime:0.000563s ]
[ sql ] [ SQL ] INSERT INTO `image_by_goods` (`image_url` , `goods_id` , `from`) VALUES ('/images/20180518/12fff4c4015bd2a1eafaf6572b834aa6.png' , 10 , 1) [ RunTime:0.000214s ]
[ sql ] [ SQL ] INSERT INTO `image_by_goods` (`image_url` , `goods_id` , `from`) VALUES ('/images/20180518/2084313651e065a6abec59ad10f2b934.png' , 10 , 1) [ RunTime:0.000096s ]
[ sql ] [ SQL ] INSERT INTO `image_by_goods` (`image_url` , `goods_id` , `from`) VALUES ('/images/20180518/abdd9e7eef3f52488b9c8866ee14b725.png' , 10 , 1) [ RunTime:0.000120s ]
[ sql ] [ SQL ] INSERT INTO `image_by_goods` (`image_url` , `goods_id` , `from`) VALUES ('/images/20180518/4f1b5faf2b629bfc72d038c8570b07ee.png' , 10 , 1) [ RunTime:0.000099s ]
[ sql ] [ SQL ] SHOW COLUMNS FROM `type_location` [ RunTime:0.000608s ]
[ sql ] [ SQL ] INSERT INTO `type_location` (`type` , `goods_id` , `location` , `create_time` , `update_time`) VALUES (11 , 10 , '北京' , '2018-05-18 10:36:07' , '2018-05-18 10:36:07') [ RunTime:0.000220s ]
[ sql ] [ SQL ] SHOW COLUMNS FROM `goods_image` [ RunTime:0.000525s ]
[ sql ] [ SQL ] INSERT INTO `goods_image` (`goods_id` , `image_id`) VALUES (10 , 37) [ RunTime:0.000198s ]
[ sql ] [ SQL ] INSERT INTO `goods_image` (`goods_id` , `image_id`) VALUES (10 , 38) [ RunTime:0.000111s ]
[ sql ] [ SQL ] INSERT INTO `goods_image` (`goods_id` , `image_id`) VALUES (10 , 39) [ RunTime:0.000089s ]
[ sql ] [ SQL ] INSERT INTO `goods_image` (`goods_id` , `image_id`) VALUES (10 , 40) [ RunTime:0.000089s ]
---------------------------------------------------------------
[ 2018-05-18T10:36:17+08:00 ] 111.59.124.172 POST /api/AddGoods
[ info ] www.guetused.top/api/AddGoods [运行时间：0.037244s][吞吐率：26.85req/s] [内存消耗：3,847.66kb] [文件加载：54]
[ sql ] [ DB ] CONNECT:[ UseTime:0.000423s ] mysql:host=127.0.0.1;dbname=store;charset=utf8
[ sql ] [ SQL ] SHOW COLUMNS FROM `goods` [ RunTime:0.000780s ]
[ sql ] [ SQL ] INSERT INTO `goods` (`title` , `describe` , `location` , `price` , `user_id` , `type` , `create_time` , `update_time`) VALUES ('华为p20' , 'jfklsdjjflkdsj降低了开发加拉塞克减肥离开时间' , '北京' , 1200 , 5 , 11 , '2018-05-18 10:36:17' , '2018-05-18 10:36:17') [ RunTime:0.000343s ]
[ sql ] [ SQL ] SHOW COLUMNS FROM `image_by_goods` [ RunTime:0.000552s ]
[ sql ] [ SQL ] INSERT INTO `image_by_goods` (`image_url` , `goods_id` , `from`) VALUES ('/images/20180518/c02d817693649c3eb1a1c4b436f2627d.png' , 11 , 1) [ RunTime:0.000213s ]
[ sql ] [ SQL ] INSERT INTO `image_by_goods` (`image_url` , `goods_id` , `from`) VALUES ('/images/20180518/7a4c6c1d388f7fe7862077488cec7cbf.png' , 11 , 1) [ RunTime:0.000096s ]
[ sql ] [ SQL ] INSERT INTO `image_by_goods` (`image_url` , `goods_id` , `from`) VALUES ('/images/20180518/563dffceecc973b09b7c50f1dae88ad7.png' , 11 , 1) [ RunTime:0.000112s ]
[ sql ] [ SQL ] INSERT INTO `image_by_goods` (`image_url` , `goods_id` , `from`) VALUES ('/images/20180518/459b49c34e02b86c8fb90eb81fc26410.png' , 11 , 1) [ RunTime:0.000095s ]
[ sql ] [ SQL ] SHOW COLUMNS FROM `type_location` [ RunTime:0.000566s ]
[ sql ] [ SQL ] INSERT INTO `type_location` (`type` , `goods_id` , `location` , `create_time` , `update_time`) VALUES (11 , 11 , '北京' , '2018-05-18 10:36:17' , '2018-05-18 10:36:17') [ RunTime:0.000238s ]
[ sql ] [ SQL ] SHOW COLUMNS FROM `goods_image` [ RunTime:0.000506s ]
[ sql ] [ SQL ] INSERT INTO `goods_image` (`goods_id` , `image_id`) VALUES (11 , 41) [ RunTime:0.000224s ]
[ sql ] [ SQL ] INSERT INTO `goods_image` (`goods_id` , `image_id`) VALUES (11 , 42) [ RunTime:0.000095s ]
[ sql ] [ SQL ] INSERT INTO `goods_image` (`goods_id` , `image_id`) VALUES (11 , 43) [ RunTime:0.000088s ]
[ sql ] [ SQL ] INSERT INTO `goods_image` (`goods_id` , `image_id`) VALUES (11 , 44) [ RunTime:0.000087s ]
---------------------------------------------------------------
[ 2018-05-18T12:18:56+08:00 ] 111.59.124.172 POST /api/AddTask
[ info ] www.guetused.top/api/AddTask [运行时间：0.028416s][吞吐率：35.19req/s] [内存消耗：3,151.16kb] [文件加载：44]
[ sql ] [ DB ] CONNECT:[ UseTime:0.000452s ] mysql:host=127.0.0.1;dbname=store;charset=utf8
[ sql ] [ SQL ] SHOW COLUMNS FROM `task` [ RunTime:0.000804s ]
[ sql ] [ SQL ] INSERT INTO `task` (`title` , `price` , `describe` , `image_url` , `from` , `user_id`) VALUES ('上课' , 10 , '帮签到' , '/images/20180518/566b86d553d3367ca527dd619c2cfa9e.png' , '1' , 5) [ RunTime:0.000376s ]
[ sql ] [ SQL ] SHOW COLUMNS FROM `task_location` [ RunTime:0.000564s ]
[ sql ] [ SQL ] INSERT INTO `task_location` (`location` , `task_id`) VALUES ('北京' , 4) [ RunTime:0.000221s ]
---------------------------------------------------------------
[ 2018-05-18T22:11:41+08:00 ] 111.59.124.172 POST /api/Token/user
[ info ] www.guetused.top/api/Token/user [运行时间：0.264985s][吞吐率：3.77req/s] [内存消耗：3,292.16kb] [文件加载：46]
[ sql ] [ DB ] CONNECT:[ UseTime:0.000425s ] mysql:host=127.0.0.1;dbname=store;charset=utf8
[ sql ] [ SQL ] SHOW COLUMNS FROM `user` [ RunTime:0.000806s ]
[ sql ] [ SQL ] SELECT * FROM `user` WHERE  `openid` = 'oyKA95aeisZH87vnR6uYOABfOch4' LIMIT 1 [ RunTime:0.000364s ]
---------------------------------------------------------------
[ 2018-05-18T22:14:30+08:00 ] 111.59.124.172 POST /api/Token/user
[ info ] www.guetused.top/api/Token/user [运行时间：0.183034s][吞吐率：5.46req/s] [内存消耗：3,292.25kb] [文件加载：46]
[ sql ] [ DB ] CONNECT:[ UseTime:0.000443s ] mysql:host=127.0.0.1;dbname=store;charset=utf8
[ sql ] [ SQL ] SHOW COLUMNS FROM `user` [ RunTime:0.000785s ]
[ sql ] [ SQL ] SELECT * FROM `user` WHERE  `openid` = 'oyKA95aeisZH87vnR6uYOABfOch4' LIMIT 1 [ RunTime:0.000345s ]
---------------------------------------------------------------
[ 2018-05-18T22:14:34+08:00 ] 111.59.124.172 POST /api/AddGoods
[ info ] www.guetused.top/api/AddGoods [运行时间：0.034436s][吞吐率：29.04req/s] [内存消耗：3,846.44kb] [文件加载：54]
[ sql ] [ DB ] CONNECT:[ UseTime:0.000404s ] mysql:host=127.0.0.1;dbname=store;charset=utf8
[ sql ] [ SQL ] SHOW COLUMNS FROM `goods` [ RunTime:0.000866s ]
[ sql ] [ SQL ] INSERT INTO `goods` (`title` , `describe` , `location` , `price` , `user_id` , `type` , `create_time` , `update_time`) VALUES ('华为p20' , 'jfklsdjjflkdsj降低了开发加拉塞克减肥离开时间' , '北京' , 1200 , 5 , 11 , '2018-05-18 22:14:34' , '2018-05-18 22:14:34') [ RunTime:0.000327s ]
[ sql ] [ SQL ] SHOW COLUMNS FROM `image_by_goods` [ RunTime:0.000519s ]
[ sql ] [ SQL ] INSERT INTO `image_by_goods` (`image_url` , `goods_id` , `from`) VALUES ('/images/20180518/59592155775b5a3cfb45584847b97e09.png' , 5 , 1) [ RunTime:0.000213s ]
[ sql ] [ SQL ] SHOW COLUMNS FROM `type_location` [ RunTime:0.000613s ]
[ sql ] [ SQL ] INSERT INTO `type_location` (`type` , `goods_id` , `location` , `create_time` , `update_time`) VALUES (11 , 5 , '北京' , '2018-05-18 22:14:34' , '2018-05-18 22:14:34') [ RunTime:0.000225s ]
[ sql ] [ SQL ] SHOW COLUMNS FROM `goods_image` [ RunTime:0.000573s ]
[ sql ] [ SQL ] INSERT INTO `goods_image` (`goods_id` , `image_id`) VALUES (5 , 13) [ RunTime:0.000229s ]
---------------------------------------------------------------
[ 2018-05-18T22:14:37+08:00 ] 111.59.124.172 POST /api/AddTask
[ info ] www.guetused.top/api/AddTask [运行时间：0.041569s][吞吐率：24.06req/s] [内存消耗：3,155.63kb] [文件加载：44]
[ sql ] [ DB ] CONNECT:[ UseTime:0.000446s ] mysql:host=127.0.0.1;dbname=store;charset=utf8
[ sql ] [ SQL ] SHOW COLUMNS FROM `task` [ RunTime:0.000881s ]
[ sql ] [ SQL ] INSERT INTO `task` (`title` , `price` , `describe` , `image_url` , `from` , `user_id` , `create_time` , `update_time`) VALUES ('上课' , 10 , '帮签到' , '/images/20180518/1a212d3d52b487c23652f8c9fe98e005.png' , '1' , 5 , '2018-05-18 22:14:37' , '2018-05-18 22:14:37') [ RunTime:0.000313s ]
[ sql ] [ SQL ] SHOW COLUMNS FROM `task_location` [ RunTime:0.000551s ]
[ sql ] [ SQL ] INSERT INTO `task_location` (`location` , `task_id` , `create_time` , `update_time`) VALUES ('北京' , 5 , '2018-05-18 22:14:37' , '2018-05-18 22:14:37') [ RunTime:0.000226s ]
---------------------------------------------------------------
[ 2018-05-18T22:17:16+08:00 ] 111.59.124.172 POST /api/AddTask
[ info ] www.guetused.top/api/AddTask [运行时间：0.030744s][吞吐率：32.53req/s] [内存消耗：3,443.13kb] [文件加载：47]
[ sql ] [ DB ] CONNECT:[ UseTime:0.000456s ] mysql:host=127.0.0.1;dbname=store;charset=utf8
[ sql ] [ SQL ] SHOW COLUMNS FROM `task` [ RunTime:0.000974s ]
[ sql ] [ SQL ] INSERT INTO `task` (`title` , `price` , `describe` , `image_url` , `from` , `user_id` , `create_time` , `update_time`) VALUES ('上课' , 10 , '帮签到' , '/images/20180518/b742150a923190dfddc409bebccb466a.png' , '1' , 5 , '2018-05-18 22:17:16' , '2018-05-18 22:17:16') [ RunTime:0.000384s ]
[ sql ] [ SQL ] SHOW COLUMNS FROM `task_location` [ RunTime:0.000591s ]
[ sql ] [ SQL ] INSERT INTO `task_location` (`location` , `task_id` , `create_time` , `update_time`) VALUES ('北京' , 6 , '2018-05-18 22:17:16' , '2018-05-18 22:17:16') [ RunTime:0.000229s ]
---------------------------------------------------------------
[ 2018-05-18T22:17:18+08:00 ] 111.59.124.172 POST /api/AddTask
[ info ] www.guetused.top/api/AddTask [运行时间：0.032548s][吞吐率：30.72req/s] [内存消耗：3,443.13kb] [文件加载：47]
[ sql ] [ DB ] CONNECT:[ UseTime:0.000442s ] mysql:host=127.0.0.1;dbname=store;charset=utf8
[ sql ] [ SQL ] SHOW COLUMNS FROM `task` [ RunTime:0.000901s ]
[ sql ] [ SQL ] INSERT INTO `task` (`title` , `price` , `describe` , `image_url` , `from` , `user_id` , `create_time` , `update_time`) VALUES ('上课' , 10 , '帮签到' , '/images/20180518/9d166a635b2beb479d1ea60bc22a5d6b.png' , '1' , 5 , '2018-05-18 22:17:18' , '2018-05-18 22:17:18') [ RunTime:0.000329s ]
[ sql ] [ SQL ] SHOW COLUMNS FROM `task_location` [ RunTime:0.000561s ]
[ sql ] [ SQL ] INSERT INTO `task_location` (`location` , `task_id` , `create_time` , `update_time`) VALUES ('北京' , 7 , '2018-05-18 22:17:18' , '2018-05-18 22:17:18') [ RunTime:0.000229s ]
---------------------------------------------------------------
[ 2018-05-18T22:44:23+08:00 ] 111.59.124.172 POST /api/Token/user
[ info ] www.guetused.top/api/Token/user [运行时间：0.243467s][吞吐率：4.11req/s] [内存消耗：3,294.67kb] [文件加载：46]
[ sql ] [ DB ] CONNECT:[ UseTime:0.000400s ] mysql:host=127.0.0.1;dbname=store;charset=utf8
[ sql ] [ SQL ] SHOW COLUMNS FROM `user` [ RunTime:0.000787s ]
[ sql ] [ SQL ] SELECT * FROM `user` WHERE  `openid` = 'oyKA95aeisZH87vnR6uYOABfOch4' LIMIT 1 [ RunTime:0.000346s ]
---------------------------------------------------------------
[ 2018-05-18T22:44:39+08:00 ] 111.59.124.172 POST /api/MyGoods
[ info ] www.guetused.top/api/MyGoods [运行时间：0.030309s][吞吐率：32.99req/s] [内存消耗：3,370.97kb] [文件加载：47]
[ sql ] [ DB ] CONNECT:[ UseTime:0.000518s ] mysql:host=127.0.0.1;dbname=store;charset=utf8
[ sql ] [ SQL ] SHOW COLUMNS FROM `goods` [ RunTime:0.000871s ]
[ sql ] [ SQL ] SELECT * FROM `goods` WHERE  `id` = 0 [ RunTime:0.000408s ]
---------------------------------------------------------------
[ 2018-05-18T22:45:19+08:00 ] 111.59.124.172 POST /api/MyGoods
[ info ] www.guetused.top/api/MyGoods [运行时间：0.027800s][吞吐率：35.97req/s] [内存消耗：3,371.44kb] [文件加载：47]
[ sql ] [ DB ] CONNECT:[ UseTime:0.000435s ] mysql:host=127.0.0.1;dbname=store;charset=utf8
[ sql ] [ SQL ] SHOW COLUMNS FROM `goods` [ RunTime:0.000802s ]
[ sql ] [ SQL ] SELECT * FROM `goods` WHERE  `id` = 0 [ RunTime:0.000528s ]
---------------------------------------------------------------
[ 2018-05-18T22:46:12+08:00 ] 111.59.124.172 POST /api/MyGoods
[ info ] www.guetused.top/api/MyGoods [运行时间：0.027529s][吞吐率：36.33req/s] [内存消耗：3,371.58kb] [文件加载：47]
[ sql ] [ DB ] CONNECT:[ UseTime:0.000453s ] mysql:host=127.0.0.1;dbname=store;charset=utf8
[ sql ] [ SQL ] SHOW COLUMNS FROM `goods` [ RunTime:0.000786s ]
[ sql ] [ SQL ] SELECT * FROM `goods` WHERE  `id` = 0 [ RunTime:0.000353s ]
---------------------------------------------------------------
[ 2018-05-18T22:46:47+08:00 ] 111.59.124.172 POST /api/MyGoods
[ info ] www.guetused.top/api/MyGoods [运行时间：0.024593s][吞吐率：40.66req/s] [内存消耗：3,374.65kb] [文件加载：47]
[ sql ] [ DB ] CONNECT:[ UseTime:0.000533s ] mysql:host=127.0.0.1;dbname=store;charset=utf8
[ sql ] [ SQL ] SHOW COLUMNS FROM `goods` [ RunTime:0.000806s ]
[ sql ] [ SQL ] SELECT * FROM `goods` WHERE  `user_id` = 5 [ RunTime:0.000377s ]
---------------------------------------------------------------
[ 2018-05-18T22:47:01+08:00 ] 111.59.124.172 POST /api/MyGoods
[ info ] www.guetused.top/api/MyGoods [运行时间：0.028890s][吞吐率：34.61req/s] [内存消耗：3,374.12kb] [文件加载：47]
[ sql ] [ DB ] CONNECT:[ UseTime:0.000460s ] mysql:host=127.0.0.1;dbname=store;charset=utf8
[ sql ] [ SQL ] SHOW COLUMNS FROM `goods` [ RunTime:0.000808s ]
[ sql ] [ SQL ] SELECT * FROM `goods` WHERE  `user_id` = 5 [ RunTime:0.000393s ]
---------------------------------------------------------------
[ 2018-05-18T22:55:58+08:00 ] 111.59.124.172 POST /api/MyGoods
[ info ] www.guetused.top/api/MyGoods [运行时间：0.028623s][吞吐率：34.94req/s] [内存消耗：3,374.43kb] [文件加载：47]
[ sql ] [ DB ] CONNECT:[ UseTime:0.000452s ] mysql:host=127.0.0.1;dbname=store;charset=utf8
[ sql ] [ SQL ] SHOW COLUMNS FROM `goods` [ RunTime:0.000828s ]
[ sql ] [ SQL ] SELECT * FROM `goods` WHERE  `user_id` = 5 [ RunTime:0.000409s ]
---------------------------------------------------------------
[ 2018-05-18T22:57:15+08:00 ] 111.59.124.172 POST /api/AddGoods
[ info ] www.guetused.top/api/AddGoods [运行时间：0.035347s][吞吐率：28.29req/s] [内存消耗：3,853.09kb] [文件加载：54]
[ sql ] [ DB ] CONNECT:[ UseTime:0.000422s ] mysql:host=127.0.0.1;dbname=store;charset=utf8
[ sql ] [ SQL ] SHOW COLUMNS FROM `goods` [ RunTime:0.000817s ]
[ sql ] [ SQL ] INSERT INTO `goods` (`title` , `describe` , `location` , `price` , `user_id` , `type` , `create_time` , `update_time`) VALUES ('华为p20' , 'jfklsdjjflkdsj降低了开发加拉塞克减肥离开时间' , '北京' , 1200 , 5 , 11 , '2018-05-18 22:57:15' , '2018-05-18 22:57:15') [ RunTime:0.000355s ]
[ sql ] [ SQL ] SHOW COLUMNS FROM `image_by_goods` [ RunTime:0.000573s ]
[ sql ] [ SQL ] INSERT INTO `image_by_goods` (`image_url` , `goods_id` , `from`) VALUES ('/images/20180518/ee59e3eb061f50f5f0b3e84a23a69ef5.png' , 6 , 1) [ RunTime:0.000216s ]
[ sql ] [ SQL ] SHOW COLUMNS FROM `type_location` [ RunTime:0.000552s ]
[ sql ] [ SQL ] INSERT INTO `type_location` (`type` , `goods_id` , `location` , `create_time` , `update_time`) VALUES (11 , 6 , '北京' , '2018-05-18 22:57:15' , '2018-05-18 22:57:15') [ RunTime:0.000230s ]
[ sql ] [ SQL ] SHOW COLUMNS FROM `goods_image` [ RunTime:0.000556s ]
[ sql ] [ SQL ] INSERT INTO `goods_image` (`goods_id` , `image_id`) VALUES (6 , 14) [ RunTime:0.000207s ]
---------------------------------------------------------------
[ 2018-05-18T22:57:30+08:00 ] 111.59.124.172 POST /api/MyGoods
[ info ] www.guetused.top/api/MyGoods [运行时间：0.028012s][吞吐率：35.70req/s] [内存消耗：3,374.84kb] [文件加载：47]
[ sql ] [ DB ] CONNECT:[ UseTime:0.000466s ] mysql:host=127.0.0.1;dbname=store;charset=utf8
[ sql ] [ SQL ] SHOW COLUMNS FROM `goods` [ RunTime:0.000815s ]
[ sql ] [ SQL ] SELECT * FROM `goods` WHERE  `user_id` = 5 [ RunTime:0.000387s ]
