---------------------------------------------------------------
[ 2018-05-21T20:22:43+08:00 ] 111.59.124.145 GET /api/Task?location=%E5%8C%97%E4%BA%AC
[ info ] www.guetused.top/api/Task?location=%E5%8C%97%E4%BA%AC [运行时间：0.029820s][吞吐率：33.53req/s] [内存消耗：3,421.59kb] [文件加载：45]
[ sql ] [ DB ] CONNECT:[ UseTime:0.000626s ] mysql:host=127.0.0.1;dbname=store;charset=utf8
[ sql ] [ SQL ] SHOW COLUMNS FROM `task_location` [ RunTime:0.000807s ]
[ sql ] [ SQL ] SELECT * FROM `task_location` WHERE (  `location` = '北京' ) AND `task_location`.`delete_time` IS NULL [ RunTime:0.000391s ]
[ sql ] [ SQL ] SHOW COLUMNS FROM `task` [ RunTime:0.000570s ]
[ sql ] [ SQL ] SELECT * FROM `task` WHERE (  `id` IN (1,2,4,5,8,9) ) AND `task`.`delete_time` IS NULL [ RunTime:0.000354s ]
---------------------------------------------------------------
[ 2018-05-21T21:32:14+08:00 ] 111.59.124.145 GET /api/Banner?id=1&location=%E5%8C%97%E4%BA%AC
[ info ] www.guetused.top/api/Banner?id=1&location=%E5%8C%97%E4%BA%AC [运行时间：0.064254s][吞吐率：15.56req/s] [内存消耗：3,468.34kb] [文件加载：46]
[ sql ] [ DB ] CONNECT:[ UseTime:0.003978s ] mysql:host=127.0.0.1;dbname=store;charset=utf8
[ sql ] [ SQL ] SHOW COLUMNS FROM `banner` [ RunTime:0.001629s ]
[ sql ] [ SQL ] SELECT * FROM `banner` WHERE  `id` = 1 LIMIT 1 [ RunTime:0.001172s ]
[ sql ] [ SQL ] SHOW COLUMNS FROM `banner_item` [ RunTime:0.001363s ]
[ sql ] [ SQL ] SELECT * FROM `banner_item` WHERE  `location` = '北京'  AND `banner_id` = 1 [ RunTime:0.000962s ]
[ sql ] [ SQL ] SELECT * FROM `banner_item` WHERE  `location` = '北京'  AND `banner_id` = 1 [ RunTime:0.001911s ]
[ sql ] [ SQL ] SHOW COLUMNS FROM `image_by_banner` [ RunTime:0.001411s ]
[ sql ] [ SQL ] SELECT * FROM `image_by_banner` WHERE  `id` IN (1,2,3) [ RunTime:0.000793s ]
---------------------------------------------------------------
[ 2018-05-21T21:32:14+08:00 ] 111.59.124.145 GET /api/NewGoods?location=%E5%8C%97%E4%BA%AC
[ info ] www.guetused.top/api/NewGoods?location=%E5%8C%97%E4%BA%AC [运行时间：0.062624s][吞吐率：15.97req/s] [内存消耗：3,599.99kb] [文件加载：48]
[ sql ] [ DB ] CONNECT:[ UseTime:0.001323s ] mysql:host=127.0.0.1;dbname=store;charset=utf8
[ sql ] [ SQL ] SHOW COLUMNS FROM `type_location` [ RunTime:0.001282s ]
[ sql ] [ SQL ] SELECT * FROM `type_location` WHERE (  `location` = '北京' ) AND `type_location`.`delete_time` IS NULL ORDER BY `create_time` DESC [ RunTime:0.001022s ]
[ sql ] [ SQL ] SHOW COLUMNS FROM `goods` [ RunTime:0.001319s ]
[ sql ] [ SQL ] SELECT `id`,`title`,`price` FROM `goods` WHERE (  `id` IN (4,3,2,1) ) AND `goods`.`delete_time` IS NULL ORDER BY `create_time` [ RunTime:0.002271s ]
[ sql ] [ SQL ] SELECT `id`,`title`,`price` FROM `goods` WHERE (  `id` IN (4,3,2,1) ) AND `goods`.`delete_time` IS NULL ORDER BY `create_time` [ RunTime:0.001020s ]
[ sql ] [ SQL ] SHOW COLUMNS FROM `goods_image` [ RunTime:0.001064s ]
[ sql ] [ SQL ] SELECT * FROM `goods_image` WHERE  `goods_id` IN (1,2,3,4) [ RunTime:0.004434s ]
[ sql ] [ SQL ] SELECT `id`,`title`,`price` FROM `goods` WHERE (  `id` IN (4,3,2,1) ) AND `goods`.`delete_time` IS NULL ORDER BY `create_time` [ RunTime:0.000336s ]
[ sql ] [ SQL ] SELECT * FROM `goods_image` WHERE  `goods_id` IN (1,2,3,4) [ RunTime:0.000293s ]
[ sql ] [ SQL ] SHOW COLUMNS FROM `image_by_goods` [ RunTime:0.000602s ]
[ sql ] [ SQL ] SELECT * FROM `image_by_goods` WHERE  `id` IN (1,2,3,4,5,6,7,8,9,10,11,12) [ RunTime:0.000354s ]
---------------------------------------------------------------
[ 2018-05-21T21:32:14+08:00 ] 111.59.124.145 GET /api/Task?location=%E5%8C%97%E4%BA%AC
[ info ] www.guetused.top/api/Task?location=%E5%8C%97%E4%BA%AC [运行时间：0.030062s][吞吐率：33.26req/s] [内存消耗：3,422.48kb] [文件加载：45]
[ sql ] [ DB ] CONNECT:[ UseTime:0.000397s ] mysql:host=127.0.0.1;dbname=store;charset=utf8
[ sql ] [ SQL ] SHOW COLUMNS FROM `task_location` [ RunTime:0.000773s ]
[ sql ] [ SQL ] SELECT * FROM `task_location` WHERE (  `location` = '北京' ) AND `task_location`.`delete_time` IS NULL [ RunTime:0.000359s ]
[ sql ] [ SQL ] SHOW COLUMNS FROM `task` [ RunTime:0.000615s ]
[ sql ] [ SQL ] SELECT * FROM `task` WHERE (  `id` IN (1,2,4,5,8,9) ) AND `task`.`delete_time` IS NULL [ RunTime:0.000396s ]
---------------------------------------------------------------
[ 2018-05-21T21:32:17+08:00 ] 111.59.124.145 GET /api/Goods?id=1
[ info ] www.guetused.top/api/Goods?id=1 [运行时间：0.036541s][吞吐率：27.37req/s] [内存消耗：3,888.76kb] [文件加载：53]
[ sql ] [ DB ] CONNECT:[ UseTime:0.000500s ] mysql:host=127.0.0.1;dbname=store;charset=utf8
[ sql ] [ SQL ] SHOW COLUMNS FROM `goods` [ RunTime:0.000845s ]
[ sql ] [ SQL ] SELECT * FROM `goods` WHERE (  `id` = 1 ) AND `goods`.`delete_time` IS NULL LIMIT 1 [ RunTime:0.000386s ]
[ sql ] [ SQL ] SHOW COLUMNS FROM `goods_image` [ RunTime:0.000535s ]
[ sql ] [ SQL ] SELECT * FROM `goods_image` WHERE  `goods_id` = 1 [ RunTime:0.000285s ]
[ sql ] [ SQL ] SELECT * FROM `goods_image` WHERE  `goods_id` = 1 [ RunTime:0.000254s ]
[ sql ] [ SQL ] SHOW COLUMNS FROM `image_by_goods` [ RunTime:0.000557s ]
[ sql ] [ SQL ] SELECT * FROM `image_by_goods` WHERE  `id` IN (4,5,6) [ RunTime:0.000285s ]
---------------------------------------------------------------
[ 2018-05-21T21:32:22+08:00 ] 111.59.124.145 GET /api/Goods?id=1
[ info ] www.guetused.top/api/Goods?id=1 [运行时间：0.036092s][吞吐率：27.71req/s] [内存消耗：3,888.76kb] [文件加载：53]
[ sql ] [ DB ] CONNECT:[ UseTime:0.000619s ] mysql:host=127.0.0.1;dbname=store;charset=utf8
[ sql ] [ SQL ] SHOW COLUMNS FROM `goods` [ RunTime:0.000842s ]
[ sql ] [ SQL ] SELECT * FROM `goods` WHERE (  `id` = 1 ) AND `goods`.`delete_time` IS NULL LIMIT 1 [ RunTime:0.000372s ]
[ sql ] [ SQL ] SHOW COLUMNS FROM `goods_image` [ RunTime:0.000597s ]
[ sql ] [ SQL ] SELECT * FROM `goods_image` WHERE  `goods_id` = 1 [ RunTime:0.000252s ]
[ sql ] [ SQL ] SELECT * FROM `goods_image` WHERE  `goods_id` = 1 [ RunTime:0.000285s ]
[ sql ] [ SQL ] SHOW COLUMNS FROM `image_by_goods` [ RunTime:0.000561s ]
[ sql ] [ SQL ] SELECT * FROM `image_by_goods` WHERE  `id` IN (4,5,6) [ RunTime:0.000287s ]
