---------------------------------------------------------------
[ 2018-05-23T12:43:42+08:00 ] 111.59.124.145 GET /api/banner?id=1&location=%E5%8C%97%E4%BA%AC
[ info ] www.guetused.top/api/banner?id=1&location=%E5%8C%97%E4%BA%AC [运行时间：0.027053s][吞吐率：36.96req/s] [内存消耗：3,475.84kb] [文件加载：47]
[ sql ] [ DB ] CONNECT:[ UseTime:0.000482s ] mysql:host=127.0.0.1;dbname=store;charset=utf8
[ sql ] [ SQL ] SHOW COLUMNS FROM `banner` [ RunTime:0.000735s ]
[ sql ] [ SQL ] SELECT * FROM `banner` WHERE  `id` = 1 LIMIT 1 [ RunTime:0.000332s ]
[ sql ] [ SQL ] SHOW COLUMNS FROM `banner_item` [ RunTime:0.000547s ]
[ sql ] [ SQL ] SELECT * FROM `banner_item` WHERE  `location` = '北京'  AND `banner_id` = 1 [ RunTime:0.000289s ]
[ sql ] [ SQL ] SELECT * FROM `banner_item` WHERE  `location` = '北京'  AND `banner_id` = 1 [ RunTime:0.000277s ]
[ sql ] [ SQL ] SHOW COLUMNS FROM `image_by_banner` [ RunTime:0.000524s ]
[ sql ] [ SQL ] SELECT * FROM `image_by_banner` WHERE  `id` IN (1,2,3) [ RunTime:0.000302s ]
---------------------------------------------------------------
[ 2018-05-23T12:43:49+08:00 ] 111.59.124.145 GET /api/banner?id=1&location=%E5%8C%97%E4%BA%AC
[ info ] www.guetused.top/api/banner?id=1&location=%E5%8C%97%E4%BA%AC [运行时间：0.026762s][吞吐率：37.37req/s] [内存消耗：3,475.86kb] [文件加载：47]
[ sql ] [ DB ] CONNECT:[ UseTime:0.000403s ] mysql:host=127.0.0.1;dbname=store;charset=utf8
[ sql ] [ SQL ] SHOW COLUMNS FROM `banner` [ RunTime:0.000770s ]
[ sql ] [ SQL ] SELECT * FROM `banner` WHERE  `id` = 1 LIMIT 1 [ RunTime:0.000326s ]
[ sql ] [ SQL ] SHOW COLUMNS FROM `banner_item` [ RunTime:0.000519s ]
[ sql ] [ SQL ] SELECT * FROM `banner_item` WHERE  `location` = '北京'  AND `banner_id` = 1 [ RunTime:0.000307s ]
[ sql ] [ SQL ] SELECT * FROM `banner_item` WHERE  `location` = '北京'  AND `banner_id` = 1 [ RunTime:0.000274s ]
[ sql ] [ SQL ] SHOW COLUMNS FROM `image_by_banner` [ RunTime:0.000542s ]
[ sql ] [ SQL ] SELECT * FROM `image_by_banner` WHERE  `id` IN (1,2,3) [ RunTime:0.000283s ]
---------------------------------------------------------------
[ 2018-05-23T12:43:50+08:00 ] 111.59.124.145 GET /api/banner?id=1&location=%E5%8C%97%E4%BA%AC
[ info ] www.guetused.top/api/banner?id=1&location=%E5%8C%97%E4%BA%AC [运行时间：0.026691s][吞吐率：37.47req/s] [内存消耗：3,475.86kb] [文件加载：47]
[ sql ] [ DB ] CONNECT:[ UseTime:0.000390s ] mysql:host=127.0.0.1;dbname=store;charset=utf8
[ sql ] [ SQL ] SHOW COLUMNS FROM `banner` [ RunTime:0.000792s ]
[ sql ] [ SQL ] SELECT * FROM `banner` WHERE  `id` = 1 LIMIT 1 [ RunTime:0.000314s ]
[ sql ] [ SQL ] SHOW COLUMNS FROM `banner_item` [ RunTime:0.000555s ]
[ sql ] [ SQL ] SELECT * FROM `banner_item` WHERE  `location` = '北京'  AND `banner_id` = 1 [ RunTime:0.000277s ]
[ sql ] [ SQL ] SELECT * FROM `banner_item` WHERE  `location` = '北京'  AND `banner_id` = 1 [ RunTime:0.000291s ]
[ sql ] [ SQL ] SHOW COLUMNS FROM `image_by_banner` [ RunTime:0.000538s ]
[ sql ] [ SQL ] SELECT * FROM `image_by_banner` WHERE  `id` IN (1,2,3) [ RunTime:0.000288s ]
---------------------------------------------------------------
[ 2018-05-23T12:43:51+08:00 ] 111.59.124.145 GET /api/banner?id=1&location=%E5%8C%97%E4%BA%AC
[ info ] www.guetused.top/api/banner?id=1&location=%E5%8C%97%E4%BA%AC [运行时间：0.027744s][吞吐率：36.04req/s] [内存消耗：3,475.86kb] [文件加载：47]
[ sql ] [ DB ] CONNECT:[ UseTime:0.000409s ] mysql:host=127.0.0.1;dbname=store;charset=utf8
[ sql ] [ SQL ] SHOW COLUMNS FROM `banner` [ RunTime:0.002192s ]
[ sql ] [ SQL ] SELECT * FROM `banner` WHERE  `id` = 1 LIMIT 1 [ RunTime:0.000334s ]
[ sql ] [ SQL ] SHOW COLUMNS FROM `banner_item` [ RunTime:0.000528s ]
[ sql ] [ SQL ] SELECT * FROM `banner_item` WHERE  `location` = '北京'  AND `banner_id` = 1 [ RunTime:0.000265s ]
[ sql ] [ SQL ] SELECT * FROM `banner_item` WHERE  `location` = '北京'  AND `banner_id` = 1 [ RunTime:0.000335s ]
[ sql ] [ SQL ] SHOW COLUMNS FROM `image_by_banner` [ RunTime:0.000531s ]
[ sql ] [ SQL ] SELECT * FROM `image_by_banner` WHERE  `id` IN (1,2,3) [ RunTime:0.000317s ]
---------------------------------------------------------------
[ 2018-05-23T12:43:51+08:00 ] 111.59.124.145 GET /api/banner?id=1&location=%E5%8C%97%E4%BA%AC
[ info ] www.guetused.top/api/banner?id=1&location=%E5%8C%97%E4%BA%AC [运行时间：0.026761s][吞吐率：37.37req/s] [内存消耗：3,475.86kb] [文件加载：47]
[ sql ] [ DB ] CONNECT:[ UseTime:0.000396s ] mysql:host=127.0.0.1;dbname=store;charset=utf8
[ sql ] [ SQL ] SHOW COLUMNS FROM `banner` [ RunTime:0.000751s ]
[ sql ] [ SQL ] SELECT * FROM `banner` WHERE  `id` = 1 LIMIT 1 [ RunTime:0.000340s ]
[ sql ] [ SQL ] SHOW COLUMNS FROM `banner_item` [ RunTime:0.000520s ]
[ sql ] [ SQL ] SELECT * FROM `banner_item` WHERE  `location` = '北京'  AND `banner_id` = 1 [ RunTime:0.000294s ]
[ sql ] [ SQL ] SELECT * FROM `banner_item` WHERE  `location` = '北京'  AND `banner_id` = 1 [ RunTime:0.000305s ]
[ sql ] [ SQL ] SHOW COLUMNS FROM `image_by_banner` [ RunTime:0.000534s ]
[ sql ] [ SQL ] SELECT * FROM `image_by_banner` WHERE  `id` IN (1,2,3) [ RunTime:0.000303s ]
---------------------------------------------------------------
[ 2018-05-23T12:43:51+08:00 ] 111.59.124.145 GET /api/banner?id=1&location=%E5%8C%97%E4%BA%AC
[ info ] www.guetused.top/api/banner?id=1&location=%E5%8C%97%E4%BA%AC [运行时间：0.026623s][吞吐率：37.56req/s] [内存消耗：3,475.86kb] [文件加载：47]
[ sql ] [ DB ] CONNECT:[ UseTime:0.000421s ] mysql:host=127.0.0.1;dbname=store;charset=utf8
[ sql ] [ SQL ] SHOW COLUMNS FROM `banner` [ RunTime:0.000750s ]
[ sql ] [ SQL ] SELECT * FROM `banner` WHERE  `id` = 1 LIMIT 1 [ RunTime:0.000309s ]
[ sql ] [ SQL ] SHOW COLUMNS FROM `banner_item` [ RunTime:0.000535s ]
[ sql ] [ SQL ] SELECT * FROM `banner_item` WHERE  `location` = '北京'  AND `banner_id` = 1 [ RunTime:0.000291s ]
[ sql ] [ SQL ] SELECT * FROM `banner_item` WHERE  `location` = '北京'  AND `banner_id` = 1 [ RunTime:0.000289s ]
[ sql ] [ SQL ] SHOW COLUMNS FROM `image_by_banner` [ RunTime:0.000552s ]
[ sql ] [ SQL ] SELECT * FROM `image_by_banner` WHERE  `id` IN (1,2,3) [ RunTime:0.000284s ]
---------------------------------------------------------------
[ 2018-05-23T12:43:51+08:00 ] 111.59.124.145 GET /api/banner?id=1&location=%E5%8C%97%E4%BA%AC
[ info ] www.guetused.top/api/banner?id=1&location=%E5%8C%97%E4%BA%AC [运行时间：0.027883s][吞吐率：35.86req/s] [内存消耗：3,475.86kb] [文件加载：47]
[ sql ] [ DB ] CONNECT:[ UseTime:0.000417s ] mysql:host=127.0.0.1;dbname=store;charset=utf8
[ sql ] [ SQL ] SHOW COLUMNS FROM `banner` [ RunTime:0.000774s ]
[ sql ] [ SQL ] SELECT * FROM `banner` WHERE  `id` = 1 LIMIT 1 [ RunTime:0.000333s ]
[ sql ] [ SQL ] SHOW COLUMNS FROM `banner_item` [ RunTime:0.000565s ]
[ sql ] [ SQL ] SELECT * FROM `banner_item` WHERE  `location` = '北京'  AND `banner_id` = 1 [ RunTime:0.000286s ]
[ sql ] [ SQL ] SELECT * FROM `banner_item` WHERE  `location` = '北京'  AND `banner_id` = 1 [ RunTime:0.000337s ]
[ sql ] [ SQL ] SHOW COLUMNS FROM `image_by_banner` [ RunTime:0.000529s ]
[ sql ] [ SQL ] SELECT * FROM `image_by_banner` WHERE  `id` IN (1,2,3) [ RunTime:0.000312s ]
---------------------------------------------------------------
[ 2018-05-23T12:44:05+08:00 ] 111.59.124.145 GET /api/banner?id=1&location=%E5%8C%97%E4%BA%AC
[ info ] www.guetused.top/api/banner?id=1&location=%E5%8C%97%E4%BA%AC [运行时间：0.027139s][吞吐率：36.85req/s] [内存消耗：3,476.41kb] [文件加载：47]
[ sql ] [ DB ] CONNECT:[ UseTime:0.000425s ] mysql:host=127.0.0.1;dbname=store;charset=utf8
[ sql ] [ SQL ] SHOW COLUMNS FROM `banner` [ RunTime:0.000752s ]
[ sql ] [ SQL ] SELECT * FROM `banner` WHERE  `id` = 1 LIMIT 1 [ RunTime:0.000310s ]
[ sql ] [ SQL ] SHOW COLUMNS FROM `banner_item` [ RunTime:0.000505s ]
[ sql ] [ SQL ] SELECT * FROM `banner_item` WHERE  `location` = '北京'  AND `banner_id` = 1 [ RunTime:0.000285s ]
[ sql ] [ SQL ] SELECT * FROM `banner_item` WHERE  `location` = '北京'  AND `banner_id` = 1 [ RunTime:0.000266s ]
[ sql ] [ SQL ] SHOW COLUMNS FROM `image_by_banner` [ RunTime:0.000527s ]
[ sql ] [ SQL ] SELECT * FROM `image_by_banner` WHERE  `id` IN (1,2,3) [ RunTime:0.000273s ]
---------------------------------------------------------------
[ 2018-05-23T12:44:07+08:00 ] 111.59.124.145 GET /api/banner?id=1&location=%E5%8C%97%E4%BA%AC
[ info ] www.guetused.top/api/banner?id=1&location=%E5%8C%97%E4%BA%AC [运行时间：0.026785s][吞吐率：37.33req/s] [内存消耗：3,476.41kb] [文件加载：47]
[ sql ] [ DB ] CONNECT:[ UseTime:0.000391s ] mysql:host=127.0.0.1;dbname=store;charset=utf8
[ sql ] [ SQL ] SHOW COLUMNS FROM `banner` [ RunTime:0.000733s ]
[ sql ] [ SQL ] SELECT * FROM `banner` WHERE  `id` = 1 LIMIT 1 [ RunTime:0.000330s ]
[ sql ] [ SQL ] SHOW COLUMNS FROM `banner_item` [ RunTime:0.000547s ]
[ sql ] [ SQL ] SELECT * FROM `banner_item` WHERE  `location` = '北京'  AND `banner_id` = 1 [ RunTime:0.000301s ]
[ sql ] [ SQL ] SELECT * FROM `banner_item` WHERE  `location` = '北京'  AND `banner_id` = 1 [ RunTime:0.000307s ]
[ sql ] [ SQL ] SHOW COLUMNS FROM `image_by_banner` [ RunTime:0.000534s ]
[ sql ] [ SQL ] SELECT * FROM `image_by_banner` WHERE  `id` IN (1,2,3) [ RunTime:0.000295s ]
---------------------------------------------------------------
[ 2018-05-23T12:44:14+08:00 ] 111.59.124.145 GET /api/banner?id=1&location=%E5%8C%97%E4%BA%AC
[ info ] www.guetused.top/api/banner?id=1&location=%E5%8C%97%E4%BA%AC [运行时间：0.028409s][吞吐率：35.20req/s] [内存消耗：3,476.52kb] [文件加载：47]
[ sql ] [ DB ] CONNECT:[ UseTime:0.000370s ] mysql:host=127.0.0.1;dbname=store;charset=utf8
[ sql ] [ SQL ] SHOW COLUMNS FROM `banner` [ RunTime:0.000740s ]
[ sql ] [ SQL ] SELECT * FROM `banner` WHERE  `id` = 1 LIMIT 1 [ RunTime:0.000310s ]
[ sql ] [ SQL ] SHOW COLUMNS FROM `banner_item` [ RunTime:0.000537s ]
[ sql ] [ SQL ] SELECT * FROM `banner_item` WHERE  `location` = '北京'  AND `banner_id` = 1 [ RunTime:0.000279s ]
[ sql ] [ SQL ] SELECT * FROM `banner_item` WHERE  `location` = '北京'  AND `banner_id` = 1 [ RunTime:0.000316s ]
[ sql ] [ SQL ] SHOW COLUMNS FROM `image_by_banner` [ RunTime:0.000513s ]
[ sql ] [ SQL ] SELECT * FROM `image_by_banner` WHERE  `id` IN (1,2,3) [ RunTime:0.000290s ]
---------------------------------------------------------------
[ 2018-05-23T12:44:25+08:00 ] 111.59.124.145 GET /api/Banner?id=1&location=%E5%8C%97%E4%BA%AC
[ info ] www.guetused.top/api/Banner?id=1&location=%E5%8C%97%E4%BA%AC [运行时间：0.067070s][吞吐率：14.91req/s] [内存消耗：3,475.90kb] [文件加载：47]
[ sql ] [ DB ] CONNECT:[ UseTime:0.040834s ] mysql:host=127.0.0.1;dbname=store;charset=utf8
[ sql ] [ SQL ] SHOW COLUMNS FROM `banner` [ RunTime:0.000724s ]
[ sql ] [ SQL ] SELECT * FROM `banner` WHERE  `id` = 1 LIMIT 1 [ RunTime:0.000345s ]
[ sql ] [ SQL ] SHOW COLUMNS FROM `banner_item` [ RunTime:0.000512s ]
[ sql ] [ SQL ] SELECT * FROM `banner_item` WHERE  `location` = '北京'  AND `banner_id` = 1 [ RunTime:0.000276s ]
[ sql ] [ SQL ] SELECT * FROM `banner_item` WHERE  `location` = '北京'  AND `banner_id` = 1 [ RunTime:0.000265s ]
[ sql ] [ SQL ] SHOW COLUMNS FROM `image_by_banner` [ RunTime:0.000507s ]
[ sql ] [ SQL ] SELECT * FROM `image_by_banner` WHERE  `id` IN (1,2,3) [ RunTime:0.000287s ]
---------------------------------------------------------------
[ 2018-05-23T12:44:25+08:00 ] 111.59.124.145 GET /api/Task?location=%E5%8C%97%E4%BA%AC
[ info ] www.guetused.top/api/Task?location=%E5%8C%97%E4%BA%AC [运行时间：0.047103s][吞吐率：21.23req/s] [内存消耗：3,421.09kb] [文件加载：46]
[ sql ] [ DB ] CONNECT:[ UseTime:0.010396s ] mysql:host=127.0.0.1;dbname=store;charset=utf8
[ sql ] [ SQL ] SHOW COLUMNS FROM `task_location` [ RunTime:0.001189s ]
[ sql ] [ SQL ] SELECT * FROM `task_location` WHERE (  `location` = '北京' ) AND `task_location`.`delete_time` IS NULL [ RunTime:0.001080s ]
[ sql ] [ SQL ] SHOW COLUMNS FROM `task` [ RunTime:0.001913s ]
[ sql ] [ SQL ] SELECT * FROM `task` WHERE (  `id` IN (1,2) ) AND `task`.`delete_time` IS NULL [ RunTime:0.000377s ]
---------------------------------------------------------------
[ 2018-05-23T12:44:25+08:00 ] 111.59.124.145 GET /api/NewGoods?location=%E5%8C%97%E4%BA%AC
[ info ] www.guetused.top/api/NewGoods?location=%E5%8C%97%E4%BA%AC [运行时间：0.065324s][吞吐率：15.31req/s] [内存消耗：3,606.98kb] [文件加载：49]
[ sql ] [ DB ] CONNECT:[ UseTime:0.018037s ] mysql:host=127.0.0.1;dbname=store;charset=utf8
[ sql ] [ SQL ] SHOW COLUMNS FROM `type_location` [ RunTime:0.000555s ]
[ sql ] [ SQL ] SELECT * FROM `type_location` WHERE (  `location` = '北京' ) AND `type_location`.`delete_time` IS NULL ORDER BY `create_time` DESC [ RunTime:0.001023s ]
[ sql ] [ SQL ] SHOW COLUMNS FROM `goods` [ RunTime:0.001087s ]
[ sql ] [ SQL ] SELECT `id`,`title`,`price` FROM `goods` WHERE (  `id` IN (4,3,2,1) ) AND `goods`.`delete_time` IS NULL ORDER BY `create_time` [ RunTime:0.001017s ]
[ sql ] [ SQL ] SELECT `id`,`title`,`price` FROM `goods` WHERE (  `id` IN (4,3,2,1) ) AND `goods`.`delete_time` IS NULL ORDER BY `create_time` [ RunTime:0.004082s ]
[ sql ] [ SQL ] SHOW COLUMNS FROM `goods_image` [ RunTime:0.000517s ]
[ sql ] [ SQL ] SELECT * FROM `goods_image` WHERE  `goods_id` IN (1,2,3,4) [ RunTime:0.000246s ]
[ sql ] [ SQL ] SELECT `id`,`title`,`price` FROM `goods` WHERE (  `id` IN (4,3,2,1) ) AND `goods`.`delete_time` IS NULL ORDER BY `create_time` [ RunTime:0.000288s ]
[ sql ] [ SQL ] SELECT * FROM `goods_image` WHERE  `goods_id` IN (1,2,3,4) [ RunTime:0.000262s ]
[ sql ] [ SQL ] SHOW COLUMNS FROM `image_by_goods` [ RunTime:0.000522s ]
[ sql ] [ SQL ] SELECT * FROM `image_by_goods` WHERE  `id` IN (1,2,3,4,5,6,7,8,9,10,11,12) [ RunTime:0.000296s ]
---------------------------------------------------------------
[ 2018-05-23T13:31:33+08:00 ] 111.59.124.145 POST /api/Token/user
[ info ] www.guetused.top/api/Token/user [运行时间：0.234664s][吞吐率：4.26req/s] [内存消耗：3,330.40kb] [文件加载：47]
[ sql ] [ DB ] CONNECT:[ UseTime:0.000527s ] mysql:host=127.0.0.1;dbname=store;charset=utf8
[ sql ] [ SQL ] SHOW COLUMNS FROM `user` [ RunTime:0.000809s ]
[ sql ] [ SQL ] SELECT * FROM `user` WHERE  `openid` = 'oyKA95aeisZH87vnR6uYOABfOch4' LIMIT 1 [ RunTime:0.000350s ]
---------------------------------------------------------------
[ 2018-05-23T13:31:37+08:00 ] 111.59.124.145 POST /api/Token/user
[ info ] www.guetused.top/api/Token/user [运行时间：0.171042s][吞吐率：5.85req/s] [内存消耗：3,330.53kb] [文件加载：47]
[ sql ] [ DB ] CONNECT:[ UseTime:0.000339s ] mysql:host=127.0.0.1;dbname=store;charset=utf8
[ sql ] [ SQL ] SHOW COLUMNS FROM `user` [ RunTime:0.000742s ]
[ sql ] [ SQL ] SELECT * FROM `user` WHERE  `openid` = 'oyKA95aeisZH87vnR6uYOABfOch4' LIMIT 1 [ RunTime:0.000341s ]
---------------------------------------------------------------
[ 2018-05-23T13:31:59+08:00 ] 111.59.124.145 POST /api/collectGoods
[ info ] www.guetused.top/api/collectGoods [运行时间：0.026314s][吞吐率：38.00req/s] [内存消耗：3,425.98kb] [文件加载：47]
[ sql ] [ DB ] CONNECT:[ UseTime:0.000382s ] mysql:host=127.0.0.1;dbname=store;charset=utf8
[ sql ] [ SQL ] SHOW COLUMNS FROM `collect_goods` [ RunTime:0.000770s ]
[ sql ] [ SQL ] SELECT * FROM `collect_goods` WHERE (  `goods_id` = 1  AND `user_id` = 1 ) AND `collect_goods`.`delete_time` IS NULL LIMIT 1 [ RunTime:0.000356s ]
[ sql ] [ SQL ] SHOW COLUMNS FROM `goods` [ RunTime:0.000578s ]
[ sql ] [ SQL ] SELECT * FROM `goods` WHERE (  `id` = 1  AND `user_id` = 1 ) AND `goods`.`delete_time` IS NULL LIMIT 1 [ RunTime:0.000311s ]
[ sql ] [ SQL ] INSERT INTO `collect_goods` (`user_id` , `goods_id` , `create_time` , `update_time`) VALUES (1 , 1 , '2018-05-23 13:31:59' , '2018-05-23 13:31:59') [ RunTime:0.001693s ]
---------------------------------------------------------------
[ 2018-05-23T13:33:15+08:00 ] 111.59.124.145 GET /api/Task?location=%E5%8C%97%E4%BA%AC
[ info ] www.guetused.top/api/Task?location=%E5%8C%97%E4%BA%AC [运行时间：0.060166s][吞吐率：16.62req/s] [内存消耗：3,421.49kb] [文件加载：46]
[ sql ] [ DB ] CONNECT:[ UseTime:0.019412s ] mysql:host=127.0.0.1;dbname=store;charset=utf8
[ sql ] [ SQL ] SHOW COLUMNS FROM `task_location` [ RunTime:0.001928s ]
[ sql ] [ SQL ] SELECT * FROM `task_location` WHERE (  `location` = '北京' ) AND `task_location`.`delete_time` IS NULL [ RunTime:0.000957s ]
[ sql ] [ SQL ] SHOW COLUMNS FROM `task` [ RunTime:0.001853s ]
[ sql ] [ SQL ] SELECT * FROM `task` WHERE (  `id` IN (1,2) ) AND `task`.`delete_time` IS NULL [ RunTime:0.002514s ]
---------------------------------------------------------------
[ 2018-05-23T13:33:15+08:00 ] 111.59.124.145 GET /api/Banner?id=1&location=%E5%8C%97%E4%BA%AC
[ info ] www.guetused.top/api/Banner?id=1&location=%E5%8C%97%E4%BA%AC [运行时间：0.056885s][吞吐率：17.58req/s] [内存消耗：3,475.90kb] [文件加载：47]
[ sql ] [ DB ] CONNECT:[ UseTime:0.011057s ] mysql:host=127.0.0.1;dbname=store;charset=utf8
[ sql ] [ SQL ] SHOW COLUMNS FROM `banner` [ RunTime:0.000975s ]
[ sql ] [ SQL ] SELECT * FROM `banner` WHERE  `id` = 1 LIMIT 1 [ RunTime:0.001057s ]
[ sql ] [ SQL ] SHOW COLUMNS FROM `banner_item` [ RunTime:0.001902s ]
[ sql ] [ SQL ] SELECT * FROM `banner_item` WHERE  `location` = '北京'  AND `banner_id` = 1 [ RunTime:0.001525s ]
[ sql ] [ SQL ] SELECT * FROM `banner_item` WHERE  `location` = '北京'  AND `banner_id` = 1 [ RunTime:0.004572s ]
[ sql ] [ SQL ] SHOW COLUMNS FROM `image_by_banner` [ RunTime:0.001521s ]
[ sql ] [ SQL ] SELECT * FROM `image_by_banner` WHERE  `id` IN (1,2,3) [ RunTime:0.001524s ]
---------------------------------------------------------------
[ 2018-05-23T13:33:15+08:00 ] 111.59.124.145 GET /api/NewGoods?location=%E5%8C%97%E4%BA%AC
[ info ] www.guetused.top/api/NewGoods?location=%E5%8C%97%E4%BA%AC [运行时间：0.082753s][吞吐率：12.08req/s] [内存消耗：3,529.06kb] [文件加载：48]
[ sql ] [ DB ] CONNECT:[ UseTime:0.004371s ] mysql:host=127.0.0.1;dbname=store;charset=utf8
[ sql ] [ SQL ] SHOW COLUMNS FROM `type_location` [ RunTime:0.002031s ]
[ sql ] [ SQL ] SELECT * FROM `type_location` WHERE (  `location` = '北京' ) AND `type_location`.`delete_time` IS NULL ORDER BY `create_time` DESC [ RunTime:0.005654s ]
[ sql ] [ SQL ] SHOW COLUMNS FROM `goods` [ RunTime:0.001289s ]
[ sql ] [ SQL ] SELECT `id`,`title`,`price` FROM `goods` WHERE (  `id` IN (4,3,2,1) ) AND `goods`.`delete_time` IS NULL ORDER BY `create_time` [ RunTime:0.000856s ]
[ sql ] [ SQL ] SELECT `id`,`title`,`price` FROM `goods` WHERE (  `id` IN (4,3,2,1) ) AND `goods`.`delete_time` IS NULL ORDER BY `create_time` [ RunTime:0.003847s ]
[ sql ] [ SQL ] SELECT `id`,`title`,`price` FROM `goods` WHERE (  `id` IN (4,3,2,1) ) AND `goods`.`delete_time` IS NULL ORDER BY `create_time` [ RunTime:0.000359s ]
---------------------------------------------------------------
[ 2018-05-23T13:34:21+08:00 ] 111.59.124.145 GET /api/NewGoods?location=%E5%8C%97%E4%BA%AC
[ info ] www.guetused.top/api/NewGoods?location=%E5%8C%97%E4%BA%AC [运行时间：0.061662s][吞吐率：16.22req/s] [内存消耗：3,607.44kb] [文件加载：49]
[ sql ] [ DB ] CONNECT:[ UseTime:0.004008s ] mysql:host=127.0.0.1;dbname=store;charset=utf8
[ sql ] [ SQL ] SHOW COLUMNS FROM `type_location` [ RunTime:0.000764s ]
[ sql ] [ SQL ] SELECT * FROM `type_location` WHERE (  `location` = '北京' ) AND `type_location`.`delete_time` IS NULL ORDER BY `create_time` DESC [ RunTime:0.000402s ]
[ sql ] [ SQL ] SHOW COLUMNS FROM `goods` [ RunTime:0.000538s ]
[ sql ] [ SQL ] SELECT `id`,`title`,`price` FROM `goods` WHERE (  `id` IN (4,3,2,1) ) AND `goods`.`delete_time` IS NULL ORDER BY `create_time` [ RunTime:0.000308s ]
[ sql ] [ SQL ] SELECT `id`,`title`,`price` FROM `goods` WHERE (  `id` IN (4,3,2,1) ) AND `goods`.`delete_time` IS NULL ORDER BY `create_time` [ RunTime:0.000288s ]
[ sql ] [ SQL ] SHOW COLUMNS FROM `goods_image` [ RunTime:0.000541s ]
[ sql ] [ SQL ] SELECT * FROM `goods_image` WHERE  `goods_id` IN (1,2,3,4) [ RunTime:0.000247s ]
[ sql ] [ SQL ] SELECT `id`,`title`,`price` FROM `goods` WHERE (  `id` IN (4,3,2,1) ) AND `goods`.`delete_time` IS NULL ORDER BY `create_time` [ RunTime:0.000284s ]
[ sql ] [ SQL ] SELECT * FROM `goods_image` WHERE  `goods_id` IN (1,2,3,4) [ RunTime:0.000254s ]
[ sql ] [ SQL ] SHOW COLUMNS FROM `image_by_goods` [ RunTime:0.000539s ]
[ sql ] [ SQL ] SELECT * FROM `image_by_goods` WHERE  `id` IN (1,2,3,4,5,6,7,8,9,10,11,12) [ RunTime:0.000297s ]
---------------------------------------------------------------
[ 2018-05-23T13:34:21+08:00 ] 111.59.124.145 GET /api/Banner?id=1&location=%E5%8C%97%E4%BA%AC
[ info ] www.guetused.top/api/Banner?id=1&location=%E5%8C%97%E4%BA%AC [运行时间：0.082785s][吞吐率：12.08req/s] [内存消耗：3,475.90kb] [文件加载：47]
[ sql ] [ DB ] CONNECT:[ UseTime:0.013748s ] mysql:host=127.0.0.1;dbname=store;charset=utf8
[ sql ] [ SQL ] SHOW COLUMNS FROM `banner` [ RunTime:0.000602s ]
[ sql ] [ SQL ] SELECT * FROM `banner` WHERE  `id` = 1 LIMIT 1 [ RunTime:0.000297s ]
[ sql ] [ SQL ] SHOW COLUMNS FROM `banner_item` [ RunTime:0.000545s ]
[ sql ] [ SQL ] SELECT * FROM `banner_item` WHERE  `location` = '北京'  AND `banner_id` = 1 [ RunTime:0.000311s ]
[ sql ] [ SQL ] SELECT * FROM `banner_item` WHERE  `location` = '北京'  AND `banner_id` = 1 [ RunTime:0.000342s ]
[ sql ] [ SQL ] SHOW COLUMNS FROM `image_by_banner` [ RunTime:0.001842s ]
[ sql ] [ SQL ] SELECT * FROM `image_by_banner` WHERE  `id` IN (1,2,3) [ RunTime:0.000394s ]
---------------------------------------------------------------
[ 2018-05-23T13:34:21+08:00 ] 111.59.124.145 GET /api/Task?location=%E5%8C%97%E4%BA%AC
[ info ] www.guetused.top/api/Task?location=%E5%8C%97%E4%BA%AC [运行时间：0.058622s][吞吐率：17.06req/s] [内存消耗：3,421.49kb] [文件加载：46]
[ sql ] [ DB ] CONNECT:[ UseTime:0.017898s ] mysql:host=127.0.0.1;dbname=store;charset=utf8
[ sql ] [ SQL ] SHOW COLUMNS FROM `task_location` [ RunTime:0.000817s ]
[ sql ] [ SQL ] SELECT * FROM `task_location` WHERE (  `location` = '北京' ) AND `task_location`.`delete_time` IS NULL [ RunTime:0.004364s ]
[ sql ] [ SQL ] SHOW COLUMNS FROM `task` [ RunTime:0.000648s ]
[ sql ] [ SQL ] SELECT * FROM `task` WHERE (  `id` IN (1,2) ) AND `task`.`delete_time` IS NULL [ RunTime:0.000298s ]
---------------------------------------------------------------
[ 2018-05-23T13:41:11+08:00 ] 111.59.124.145 POST /api/AddGoods
[ info ] www.guetused.top/api/AddGoods [运行时间：0.036368s][吞吐率：27.50req/s] [内存消耗：3,932.05kb] [文件加载：56]
[ sql ] [ DB ] CONNECT:[ UseTime:0.000413s ] mysql:host=127.0.0.1;dbname=store;charset=utf8
[ sql ] [ SQL ] SHOW COLUMNS FROM `goods` [ RunTime:0.000890s ]
[ sql ] [ SQL ] INSERT INTO `goods` (`title` , `describe` , `location` , `price` , `user_id` , `type` , `create_time` , `update_time`) VALUES ('华为p20' , 'jfklsdjjflkdsj降低了开发加拉塞克减肥离开时间' , '北京' , 1200 , 1 , 12 , '2018-05-23 13:41:11' , '2018-05-23 13:41:11') [ RunTime:0.000342s ]
[ sql ] [ SQL ] SHOW COLUMNS FROM `image_by_goods` [ RunTime:0.000536s ]
[ sql ] [ SQL ] INSERT INTO `image_by_goods` (`image_url` , `goods_id` , `from`) VALUES ('/images/20180523/a2798411a5c8ceeca8088fd62a3677ed.png' , 5 , 1) [ RunTime:0.000201s ]
[ sql ] [ SQL ] SHOW COLUMNS FROM `type_location` [ RunTime:0.000534s ]
[ sql ] [ SQL ] INSERT INTO `type_location` (`type` , `goods_id` , `location` , `create_time` , `update_time`) VALUES (12 , 5 , '北京' , '2018-05-23 13:41:11' , '2018-05-23 13:41:11') [ RunTime:0.000239s ]
[ sql ] [ SQL ] SHOW COLUMNS FROM `goods_image` [ RunTime:0.000495s ]
[ sql ] [ SQL ] INSERT INTO `goods_image` (`goods_id` , `image_id`) VALUES (5 , 13) [ RunTime:0.000209s ]
---------------------------------------------------------------
[ 2018-05-23T13:42:00+08:00 ] 111.59.124.145 POST /api/AddTask
[ info ] www.guetused.top/api/AddTask [运行时间：0.028620s][吞吐率：34.94req/s] [内存消耗：3,528.91kb] [文件加载：49]
[ sql ] [ DB ] CONNECT:[ UseTime:0.000431s ] mysql:host=127.0.0.1;dbname=store;charset=utf8
[ sql ] [ SQL ] SHOW COLUMNS FROM `task` [ RunTime:0.000815s ]
[ sql ] [ SQL ] INSERT INTO `task` (`title` , `price` , `describe` , `image_url` , `from` , `user_id` , `create_time` , `update_time`) VALUES ('上课' , 10 , '帮签到' , '/images/20180523/42eb2d7a3dbe690d8d88d0f9a969a368.png' , '1' , 1 , '2018-05-23 13:42:00' , '2018-05-23 13:42:00') [ RunTime:0.000323s ]
[ sql ] [ SQL ] SHOW COLUMNS FROM `task_location` [ RunTime:0.000585s ]
[ sql ] [ SQL ] INSERT INTO `task_location` (`location` , `task_id` , `create_time` , `update_time`) VALUES ('北京' , 3 , '2018-05-23 13:42:00' , '2018-05-23 13:42:00') [ RunTime:0.000210s ]
---------------------------------------------------------------
[ 2018-05-23T13:43:02+08:00 ] 111.59.124.145 GET /api/Task?location=%E5%8C%97%E4%BA%AC
[ info ] www.guetused.top/api/Task?location=%E5%8C%97%E4%BA%AC [运行时间：0.060027s][吞吐率：16.66req/s] [内存消耗：3,423.46kb] [文件加载：46]
[ sql ] [ DB ] CONNECT:[ UseTime:0.019966s ] mysql:host=127.0.0.1;dbname=store;charset=utf8
[ sql ] [ SQL ] SHOW COLUMNS FROM `task_location` [ RunTime:0.002060s ]
[ sql ] [ SQL ] SELECT * FROM `task_location` WHERE (  `location` = '北京' ) AND `task_location`.`delete_time` IS NULL [ RunTime:0.000955s ]
[ sql ] [ SQL ] SHOW COLUMNS FROM `task` [ RunTime:0.001713s ]
[ sql ] [ SQL ] SELECT * FROM `task` WHERE (  `id` IN (1,2,3) ) AND `task`.`delete_time` IS NULL [ RunTime:0.001789s ]
---------------------------------------------------------------
[ 2018-05-23T13:43:02+08:00 ] 111.59.124.145 GET /api/Banner?id=1&location=%E5%8C%97%E4%BA%AC
[ info ] www.guetused.top/api/Banner?id=1&location=%E5%8C%97%E4%BA%AC [运行时间：0.081674s][吞吐率：12.24req/s] [内存消耗：3,475.77kb] [文件加载：47]
[ sql ] [ DB ] CONNECT:[ UseTime:0.005319s ] mysql:host=127.0.0.1;dbname=store;charset=utf8
[ sql ] [ SQL ] SHOW COLUMNS FROM `banner` [ RunTime:0.001785s ]
[ sql ] [ SQL ] SELECT * FROM `banner` WHERE  `id` = 1 LIMIT 1 [ RunTime:0.005449s ]
[ sql ] [ SQL ] SHOW COLUMNS FROM `banner_item` [ RunTime:0.000511s ]
[ sql ] [ SQL ] SELECT * FROM `banner_item` WHERE  `location` = '北京'  AND `banner_id` = 1 [ RunTime:0.000913s ]
[ sql ] [ SQL ] SELECT * FROM `banner_item` WHERE  `location` = '北京'  AND `banner_id` = 1 [ RunTime:0.001907s ]
[ sql ] [ SQL ] SHOW COLUMNS FROM `image_by_banner` [ RunTime:0.000520s ]
[ sql ] [ SQL ] SELECT * FROM `image_by_banner` WHERE  `id` IN (1,2,3) [ RunTime:0.000305s ]
---------------------------------------------------------------
[ 2018-05-23T13:43:02+08:00 ] 111.59.124.145 GET /api/NewGoods?location=%E5%8C%97%E4%BA%AC
[ info ] www.guetused.top/api/NewGoods?location=%E5%8C%97%E4%BA%AC [运行时间：0.067039s][吞吐率：14.92req/s] [内存消耗：3,608.90kb] [文件加载：49]
[ sql ] [ DB ] CONNECT:[ UseTime:0.011429s ] mysql:host=127.0.0.1;dbname=store;charset=utf8
[ sql ] [ SQL ] SHOW COLUMNS FROM `type_location` [ RunTime:0.000646s ]
[ sql ] [ SQL ] SELECT * FROM `type_location` WHERE (  `location` = '北京' ) AND `type_location`.`delete_time` IS NULL ORDER BY `create_time` DESC [ RunTime:0.001086s ]
[ sql ] [ SQL ] SHOW COLUMNS FROM `goods` [ RunTime:0.003045s ]
[ sql ] [ SQL ] SELECT `id`,`title`,`price` FROM `goods` WHERE (  `id` IN (5,4,3,2,1) ) AND `goods`.`delete_time` IS NULL ORDER BY `create_time` [ RunTime:0.004395s ]
[ sql ] [ SQL ] SELECT `id`,`title`,`price` FROM `goods` WHERE (  `id` IN (5,4,3,2,1) ) AND `goods`.`delete_time` IS NULL ORDER BY `create_time` [ RunTime:0.001599s ]
[ sql ] [ SQL ] SHOW COLUMNS FROM `goods_image` [ RunTime:0.002124s ]
[ sql ] [ SQL ] SELECT * FROM `goods_image` WHERE  `goods_id` IN (1,2,3,4,5) [ RunTime:0.000254s ]
[ sql ] [ SQL ] SELECT `id`,`title`,`price` FROM `goods` WHERE (  `id` IN (5,4,3,2,1) ) AND `goods`.`delete_time` IS NULL ORDER BY `create_time` [ RunTime:0.005302s ]
[ sql ] [ SQL ] SELECT * FROM `goods_image` WHERE  `goods_id` IN (1,2,3,4,5) [ RunTime:0.000260s ]
[ sql ] [ SQL ] SHOW COLUMNS FROM `image_by_goods` [ RunTime:0.000527s ]
[ sql ] [ SQL ] SELECT * FROM `image_by_goods` WHERE  `id` IN (1,2,3,4,5,6,7,8,9,10,11,12,13) [ RunTime:0.000323s ]
---------------------------------------------------------------
[ 2018-05-23T13:43:09+08:00 ] 111.59.124.145 GET /api/TaskParticulars?id=1
[ info ] www.guetused.top/api/TaskParticulars?id=1 [运行时间：0.021551s][吞吐率：46.40req/s] [内存消耗：3,240.78kb] [文件加载：42]
[ sql ] [ DB ] CONNECT:[ UseTime:0.000342s ] mysql:host=127.0.0.1;dbname=store;charset=utf8
[ sql ] [ SQL ] SHOW COLUMNS FROM `task` [ RunTime:0.000742s ]
[ sql ] [ SQL ] SELECT * FROM `task` WHERE (  `id` = 1 ) AND `task`.`delete_time` IS NULL LIMIT 1 [ RunTime:0.000358s ]
---------------------------------------------------------------
[ 2018-05-23T13:43:12+08:00 ] 111.59.124.145 GET /api/TypeLocation?type=11&location=%E5%8C%97%E4%BA%AC
[ info ] www.guetused.top/api/TypeLocation?type=11&location=%E5%8C%97%E4%BA%AC [运行时间：0.031382s][吞吐率：31.87req/s] [内存消耗：3,607.24kb] [文件加载：49]
[ sql ] [ DB ] CONNECT:[ UseTime:0.000378s ] mysql:host=127.0.0.1;dbname=store;charset=utf8
[ sql ] [ SQL ] SHOW COLUMNS FROM `type_location` [ RunTime:0.000759s ]
[ sql ] [ SQL ] SELECT * FROM `type_location` WHERE (  `type` = 11  AND `location` = '北京' ) AND `type_location`.`delete_time` IS NULL [ RunTime:0.000370s ]
[ sql ] [ SQL ] SHOW COLUMNS FROM `goods` [ RunTime:0.000570s ]
[ sql ] [ SQL ] SELECT `id`,`title`,`price` FROM `goods` WHERE (  `id` IN (1,2,3,4) ) AND `goods`.`delete_time` IS NULL [ RunTime:0.000342s ]
[ sql ] [ SQL ] SELECT `id`,`title`,`price` FROM `goods` WHERE (  `id` IN (1,2,3,4) ) AND `goods`.`delete_time` IS NULL [ RunTime:0.000393s ]
[ sql ] [ SQL ] SHOW COLUMNS FROM `goods_image` [ RunTime:0.000549s ]
[ sql ] [ SQL ] SELECT * FROM `goods_image` WHERE  `goods_id` IN (1,2,3,4) [ RunTime:0.000261s ]
[ sql ] [ SQL ] SELECT `id`,`title`,`price` FROM `goods` WHERE (  `id` IN (1,2,3,4) ) AND `goods`.`delete_time` IS NULL [ RunTime:0.000294s ]
[ sql ] [ SQL ] SELECT * FROM `goods_image` WHERE  `goods_id` IN (1,2,3,4) [ RunTime:0.000279s ]
[ sql ] [ SQL ] SHOW COLUMNS FROM `image_by_goods` [ RunTime:0.000560s ]
[ sql ] [ SQL ] SELECT * FROM `image_by_goods` WHERE  `id` IN (1,2,3,4,5,6,7,8,9,10,11,12) [ RunTime:0.000309s ]
---------------------------------------------------------------
[ 2018-05-23T13:43:13+08:00 ] 111.59.124.145 GET /api/TypeLocation?type=12&location=%E5%8C%97%E4%BA%AC
[ info ] www.guetused.top/api/TypeLocation?type=12&location=%E5%8C%97%E4%BA%AC [运行时间：0.029731s][吞吐率：33.64req/s] [内存消耗：3,592.84kb] [文件加载：49]
[ sql ] [ DB ] CONNECT:[ UseTime:0.000392s ] mysql:host=127.0.0.1;dbname=store;charset=utf8
[ sql ] [ SQL ] SHOW COLUMNS FROM `type_location` [ RunTime:0.000808s ]
[ sql ] [ SQL ] SELECT * FROM `type_location` WHERE (  `type` = 12  AND `location` = '北京' ) AND `type_location`.`delete_time` IS NULL [ RunTime:0.000387s ]
[ sql ] [ SQL ] SHOW COLUMNS FROM `goods` [ RunTime:0.000557s ]
[ sql ] [ SQL ] SELECT `id`,`title`,`price` FROM `goods` WHERE (  `id` IN (5) ) AND `goods`.`delete_time` IS NULL [ RunTime:0.000326s ]
[ sql ] [ SQL ] SELECT `id`,`title`,`price` FROM `goods` WHERE (  `id` IN (5) ) AND `goods`.`delete_time` IS NULL [ RunTime:0.000283s ]
[ sql ] [ SQL ] SHOW COLUMNS FROM `goods_image` [ RunTime:0.000551s ]
[ sql ] [ SQL ] SELECT * FROM `goods_image` WHERE  `goods_id` IN (5) [ RunTime:0.000245s ]
[ sql ] [ SQL ] SELECT `id`,`title`,`price` FROM `goods` WHERE (  `id` IN (5) ) AND `goods`.`delete_time` IS NULL [ RunTime:0.000350s ]
[ sql ] [ SQL ] SELECT * FROM `goods_image` WHERE  `goods_id` IN (5) [ RunTime:0.000262s ]
[ sql ] [ SQL ] SHOW COLUMNS FROM `image_by_goods` [ RunTime:0.000521s ]
[ sql ] [ SQL ] SELECT * FROM `image_by_goods` WHERE  `id` IN (13) [ RunTime:0.000261s ]
---------------------------------------------------------------
[ 2018-05-23T13:43:14+08:00 ] 111.59.124.145 GET /api/TypeLocation?type=11&location=%E5%8C%97%E4%BA%AC
[ info ] www.guetused.top/api/TypeLocation?type=11&location=%E5%8C%97%E4%BA%AC [运行时间：0.033306s][吞吐率：30.02req/s] [内存消耗：3,607.24kb] [文件加载：49]
[ sql ] [ DB ] CONNECT:[ UseTime:0.000374s ] mysql:host=127.0.0.1;dbname=store;charset=utf8
[ sql ] [ SQL ] SHOW COLUMNS FROM `type_location` [ RunTime:0.002281s ]
[ sql ] [ SQL ] SELECT * FROM `type_location` WHERE (  `type` = 11  AND `location` = '北京' ) AND `type_location`.`delete_time` IS NULL [ RunTime:0.000376s ]
[ sql ] [ SQL ] SHOW COLUMNS FROM `goods` [ RunTime:0.000559s ]
[ sql ] [ SQL ] SELECT `id`,`title`,`price` FROM `goods` WHERE (  `id` IN (1,2,3,4) ) AND `goods`.`delete_time` IS NULL [ RunTime:0.000349s ]
[ sql ] [ SQL ] SELECT `id`,`title`,`price` FROM `goods` WHERE (  `id` IN (1,2,3,4) ) AND `goods`.`delete_time` IS NULL [ RunTime:0.000335s ]
[ sql ] [ SQL ] SHOW COLUMNS FROM `goods_image` [ RunTime:0.000537s ]
[ sql ] [ SQL ] SELECT * FROM `goods_image` WHERE  `goods_id` IN (1,2,3,4) [ RunTime:0.000257s ]
[ sql ] [ SQL ] SELECT `id`,`title`,`price` FROM `goods` WHERE (  `id` IN (1,2,3,4) ) AND `goods`.`delete_time` IS NULL [ RunTime:0.000326s ]
[ sql ] [ SQL ] SELECT * FROM `goods_image` WHERE  `goods_id` IN (1,2,3,4) [ RunTime:0.000265s ]
[ sql ] [ SQL ] SHOW COLUMNS FROM `image_by_goods` [ RunTime:0.000539s ]
[ sql ] [ SQL ] SELECT * FROM `image_by_goods` WHERE  `id` IN (1,2,3,4,5,6,7,8,9,10,11,12) [ RunTime:0.000296s ]
---------------------------------------------------------------
[ 2018-05-23T13:44:19+08:00 ] 111.59.124.145 POST /api/MyGoods
[ info ] www.guetused.top/api/MyGoods [运行时间：0.027926s][吞吐率：35.81req/s] [内存消耗：3,452.65kb] [文件加载：49]
[ sql ] [ DB ] CONNECT:[ UseTime:0.000424s ] mysql:host=127.0.0.1;dbname=store;charset=utf8
[ sql ] [ SQL ] SHOW COLUMNS FROM `goods` [ RunTime:0.002009s ]
[ sql ] [ SQL ] SELECT * FROM `goods` WHERE (  `user_id` = 1 ) AND `goods`.`delete_time` IS NULL [ RunTime:0.000397s ]
---------------------------------------------------------------
[ 2018-05-23T17:08:41+08:00 ] 111.59.124.145 GET /api/NewGoods?location=%E5%8C%97%E4%BA%AC
[ info ] www.guetused.top/api/NewGoods?location=%E5%8C%97%E4%BA%AC [运行时间：0.033558s][吞吐率：29.80req/s] [内存消耗：3,608.80kb] [文件加载：49]
[ sql ] [ DB ] CONNECT:[ UseTime:0.000477s ] mysql:host=127.0.0.1;dbname=store;charset=utf8
[ sql ] [ SQL ] SHOW COLUMNS FROM `type_location` [ RunTime:0.000781s ]
[ sql ] [ SQL ] SELECT * FROM `type_location` WHERE (  `location` = '北京' ) AND `type_location`.`delete_time` IS NULL ORDER BY `create_time` DESC [ RunTime:0.000438s ]
[ sql ] [ SQL ] SHOW COLUMNS FROM `goods` [ RunTime:0.000548s ]
[ sql ] [ SQL ] SELECT `id`,`title`,`price` FROM `goods` WHERE (  `id` IN (5,4,3,2,1) ) AND `goods`.`delete_time` IS NULL ORDER BY `create_time` [ RunTime:0.000375s ]
[ sql ] [ SQL ] SELECT `id`,`title`,`price` FROM `goods` WHERE (  `id` IN (5,4,3,2,1) ) AND `goods`.`delete_time` IS NULL ORDER BY `create_time` [ RunTime:0.000353s ]
[ sql ] [ SQL ] SHOW COLUMNS FROM `goods_image` [ RunTime:0.000540s ]
[ sql ] [ SQL ] SELECT * FROM `goods_image` WHERE  `goods_id` IN (1,2,3,4,5) [ RunTime:0.000253s ]
[ sql ] [ SQL ] SELECT `id`,`title`,`price` FROM `goods` WHERE (  `id` IN (5,4,3,2,1) ) AND `goods`.`delete_time` IS NULL ORDER BY `create_time` [ RunTime:0.000303s ]
[ sql ] [ SQL ] SELECT * FROM `goods_image` WHERE  `goods_id` IN (1,2,3,4,5) [ RunTime:0.000264s ]
[ sql ] [ SQL ] SHOW COLUMNS FROM `image_by_goods` [ RunTime:0.000515s ]
[ sql ] [ SQL ] SELECT * FROM `image_by_goods` WHERE  `id` IN (1,2,3,4,5,6,7,8,9,10,11,12,13) [ RunTime:0.000390s ]
---------------------------------------------------------------
[ 2018-05-23T17:08:45+08:00 ] 111.59.124.145 POST /api/Token/user
[ info ] www.guetused.top/api/Token/user [运行时间：0.224118s][吞吐率：4.46req/s] [内存消耗：3,330.25kb] [文件加载：47]
[ sql ] [ DB ] CONNECT:[ UseTime:0.000536s ] mysql:host=127.0.0.1;dbname=store;charset=utf8
[ sql ] [ SQL ] SHOW COLUMNS FROM `user` [ RunTime:0.000781s ]
[ sql ] [ SQL ] SELECT * FROM `user` WHERE  `openid` = 'oyKA95aeisZH87vnR6uYOABfOch4' LIMIT 1 [ RunTime:0.000373s ]
---------------------------------------------------------------
[ 2018-05-23T17:08:53+08:00 ] 111.59.124.145 GET /api/Task?location=%E5%8C%97%E4%BA%AC
[ info ] www.guetused.top/api/Task?location=%E5%8C%97%E4%BA%AC [运行时间：0.054966s][吞吐率：18.19req/s] [内存消耗：3,423.43kb] [文件加载：46]
[ sql ] [ DB ] CONNECT:[ UseTime:0.007563s ] mysql:host=127.0.0.1;dbname=store;charset=utf8
[ sql ] [ SQL ] SHOW COLUMNS FROM `task_location` [ RunTime:0.000792s ]
[ sql ] [ SQL ] SELECT * FROM `task_location` WHERE (  `location` = '北京' ) AND `task_location`.`delete_time` IS NULL [ RunTime:0.000372s ]
[ sql ] [ SQL ] SHOW COLUMNS FROM `task` [ RunTime:0.000595s ]
[ sql ] [ SQL ] SELECT * FROM `task` WHERE (  `id` IN (1,2,3) ) AND `task`.`delete_time` IS NULL [ RunTime:0.000367s ]
---------------------------------------------------------------
[ 2018-05-23T17:08:53+08:00 ] 111.59.124.145 GET /api/Banner?id=1&location=%E5%8C%97%E4%BA%AC
[ info ] www.guetused.top/api/Banner?id=1&location=%E5%8C%97%E4%BA%AC [运行时间：0.090353s][吞吐率：11.07req/s] [内存消耗：3,475.70kb] [文件加载：47]
[ sql ] [ DB ] CONNECT:[ UseTime:0.010686s ] mysql:host=127.0.0.1;dbname=store;charset=utf8
[ sql ] [ SQL ] SHOW COLUMNS FROM `banner` [ RunTime:0.001402s ]
[ sql ] [ SQL ] SELECT * FROM `banner` WHERE  `id` = 1 LIMIT 1 [ RunTime:0.000942s ]
[ sql ] [ SQL ] SHOW COLUMNS FROM `banner_item` [ RunTime:0.001453s ]
[ sql ] [ SQL ] SELECT * FROM `banner_item` WHERE  `location` = '北京'  AND `banner_id` = 1 [ RunTime:0.000880s ]
[ sql ] [ SQL ] SELECT * FROM `banner_item` WHERE  `location` = '北京'  AND `banner_id` = 1 [ RunTime:0.000428s ]
[ sql ] [ SQL ] SHOW COLUMNS FROM `image_by_banner` [ RunTime:0.002479s ]
[ sql ] [ SQL ] SELECT * FROM `image_by_banner` WHERE  `id` IN (1,2,3) [ RunTime:0.000985s ]
---------------------------------------------------------------
[ 2018-05-23T17:08:54+08:00 ] 111.59.124.145 GET /api/NewGoods?location=%E5%8C%97%E4%BA%AC
[ info ] www.guetused.top/api/NewGoods?location=%E5%8C%97%E4%BA%AC [运行时间：0.088619s][吞吐率：11.28req/s] [内存消耗：3,608.92kb] [文件加载：49]
[ sql ] [ DB ] CONNECT:[ UseTime:0.008195s ] mysql:host=127.0.0.1;dbname=store;charset=utf8
[ sql ] [ SQL ] SHOW COLUMNS FROM `type_location` [ RunTime:0.001209s ]
[ sql ] [ SQL ] SELECT * FROM `type_location` WHERE (  `location` = '北京' ) AND `type_location`.`delete_time` IS NULL ORDER BY `create_time` DESC [ RunTime:0.001158s ]
[ sql ] [ SQL ] SHOW COLUMNS FROM `goods` [ RunTime:0.001021s ]
[ sql ] [ SQL ] SELECT `id`,`title`,`price` FROM `goods` WHERE (  `id` IN (5,4,3,2,1) ) AND `goods`.`delete_time` IS NULL ORDER BY `create_time` [ RunTime:0.002414s ]
[ sql ] [ SQL ] SELECT `id`,`title`,`price` FROM `goods` WHERE (  `id` IN (5,4,3,2,1) ) AND `goods`.`delete_time` IS NULL ORDER BY `create_time` [ RunTime:0.000589s ]
[ sql ] [ SQL ] SHOW COLUMNS FROM `goods_image` [ RunTime:0.001118s ]
[ sql ] [ SQL ] SELECT * FROM `goods_image` WHERE  `goods_id` IN (1,2,3,4,5) [ RunTime:0.004145s ]
[ sql ] [ SQL ] SELECT `id`,`title`,`price` FROM `goods` WHERE (  `id` IN (5,4,3,2,1) ) AND `goods`.`delete_time` IS NULL ORDER BY `create_time` [ RunTime:0.000349s ]
[ sql ] [ SQL ] SELECT * FROM `goods_image` WHERE  `goods_id` IN (1,2,3,4,5) [ RunTime:0.000302s ]
[ sql ] [ SQL ] SHOW COLUMNS FROM `image_by_goods` [ RunTime:0.000542s ]
[ sql ] [ SQL ] SELECT * FROM `image_by_goods` WHERE  `id` IN (1,2,3,4,5,6,7,8,9,10,11,12,13) [ RunTime:0.000323s ]
---------------------------------------------------------------
[ 2018-05-23T17:08:58+08:00 ] 111.59.124.145 GET /api/Goods?id=3
[ info ] www.guetused.top/api/Goods?id=3 [运行时间：0.029199s][吞吐率：34.25req/s] [内存消耗：3,896.27kb] [文件加载：54]
[ sql ] [ DB ] CONNECT:[ UseTime:0.000408s ] mysql:host=127.0.0.1;dbname=store;charset=utf8
[ sql ] [ SQL ] SHOW COLUMNS FROM `goods` [ RunTime:0.000756s ]
[ sql ] [ SQL ] SELECT * FROM `goods` WHERE `goods`.`delete_time` IS NULL LIMIT 1 [ RunTime:0.000311s ]
[ sql ] [ SQL ] SHOW COLUMNS FROM `goods_image` [ RunTime:0.000488s ]
[ sql ] [ SQL ] SELECT * FROM `goods_image` WHERE  `goods_id` = 1 [ RunTime:0.000249s ]
[ sql ] [ SQL ] SELECT * FROM `goods_image` WHERE  `goods_id` = 1 [ RunTime:0.000240s ]
[ sql ] [ SQL ] SHOW COLUMNS FROM `image_by_goods` [ RunTime:0.000592s ]
[ sql ] [ SQL ] SELECT * FROM `image_by_goods` WHERE  `id` IN (4,5,6) [ RunTime:0.000275s ]
---------------------------------------------------------------
[ 2018-05-23T17:09:02+08:00 ] 111.59.124.145 GET /api/TypeLocation?type=11&location=%E5%8C%97%E4%BA%AC
[ info ] www.guetused.top/api/TypeLocation?type=11&location=%E5%8C%97%E4%BA%AC [运行时间：0.032670s][吞吐率：30.61req/s] [内存消耗：3,607.24kb] [文件加载：49]
[ sql ] [ DB ] CONNECT:[ UseTime:0.000398s ] mysql:host=127.0.0.1;dbname=store;charset=utf8
[ sql ] [ SQL ] SHOW COLUMNS FROM `type_location` [ RunTime:0.000800s ]
[ sql ] [ SQL ] SELECT * FROM `type_location` WHERE (  `type` = 11  AND `location` = '北京' ) AND `type_location`.`delete_time` IS NULL [ RunTime:0.000375s ]
[ sql ] [ SQL ] SHOW COLUMNS FROM `goods` [ RunTime:0.000561s ]
[ sql ] [ SQL ] SELECT `id`,`title`,`price` FROM `goods` WHERE (  `id` IN (1,2,3,4) ) AND `goods`.`delete_time` IS NULL [ RunTime:0.000362s ]
[ sql ] [ SQL ] SELECT `id`,`title`,`price` FROM `goods` WHERE (  `id` IN (1,2,3,4) ) AND `goods`.`delete_time` IS NULL [ RunTime:0.000337s ]
[ sql ] [ SQL ] SHOW COLUMNS FROM `goods_image` [ RunTime:0.000569s ]
[ sql ] [ SQL ] SELECT * FROM `goods_image` WHERE  `goods_id` IN (1,2,3,4) [ RunTime:0.000266s ]
[ sql ] [ SQL ] SELECT `id`,`title`,`price` FROM `goods` WHERE (  `id` IN (1,2,3,4) ) AND `goods`.`delete_time` IS NULL [ RunTime:0.000300s ]
[ sql ] [ SQL ] SELECT * FROM `goods_image` WHERE  `goods_id` IN (1,2,3,4) [ RunTime:0.000270s ]
[ sql ] [ SQL ] SHOW COLUMNS FROM `image_by_goods` [ RunTime:0.000564s ]
[ sql ] [ SQL ] SELECT * FROM `image_by_goods` WHERE  `id` IN (1,2,3,4,5,6,7,8,9,10,11,12) [ RunTime:0.000311s ]
---------------------------------------------------------------
[ 2018-05-23T19:51:25+08:00 ] 111.59.124.145 GET /api/Banner?id=1&location=%E5%8C%97%E4%BA%AC
[ info ] www.guetused.top/api/Banner?id=1&location=%E5%8C%97%E4%BA%AC [运行时间：0.052608s][吞吐率：19.01req/s] [内存消耗：3,475.77kb] [文件加载：47]
[ sql ] [ DB ] CONNECT:[ UseTime:0.010932s ] mysql:host=127.0.0.1;dbname=store;charset=utf8
[ sql ] [ SQL ] SHOW COLUMNS FROM `banner` [ RunTime:0.004350s ]
[ sql ] [ SQL ] SELECT * FROM `banner` WHERE  `id` = 1 LIMIT 1 [ RunTime:0.000332s ]
[ sql ] [ SQL ] SHOW COLUMNS FROM `banner_item` [ RunTime:0.000560s ]
[ sql ] [ SQL ] SELECT * FROM `banner_item` WHERE  `location` = '北京'  AND `banner_id` = 1 [ RunTime:0.000265s ]
[ sql ] [ SQL ] SELECT * FROM `banner_item` WHERE  `location` = '北京'  AND `banner_id` = 1 [ RunTime:0.000287s ]
[ sql ] [ SQL ] SHOW COLUMNS FROM `image_by_banner` [ RunTime:0.000549s ]
[ sql ] [ SQL ] SELECT * FROM `image_by_banner` WHERE  `id` IN (1,2,3) [ RunTime:0.000286s ]
---------------------------------------------------------------
[ 2018-05-23T19:51:25+08:00 ] 111.59.124.145 GET /api/Task?location=%E5%8C%97%E4%BA%AC
[ info ] www.guetused.top/api/Task?location=%E5%8C%97%E4%BA%AC [运行时间：0.072334s][吞吐率：13.82req/s] [内存消耗：3,423.27kb] [文件加载：46]
[ sql ] [ DB ] CONNECT:[ UseTime:0.009880s ] mysql:host=127.0.0.1;dbname=store;charset=utf8
[ sql ] [ SQL ] SHOW COLUMNS FROM `task_location` [ RunTime:0.001296s ]
[ sql ] [ SQL ] SELECT * FROM `task_location` WHERE (  `location` = '北京' ) AND `task_location`.`delete_time` IS NULL [ RunTime:0.000873s ]
[ sql ] [ SQL ] SHOW COLUMNS FROM `task` [ RunTime:0.001154s ]
[ sql ] [ SQL ] SELECT * FROM `task` WHERE (  `id` IN (1,2,3) ) AND `task`.`delete_time` IS NULL [ RunTime:0.001107s ]
---------------------------------------------------------------
[ 2018-05-23T19:51:25+08:00 ] 111.59.124.145 GET /api/NewGoods?location=%E5%8C%97%E4%BA%AC
[ info ] www.guetused.top/api/NewGoods?location=%E5%8C%97%E4%BA%AC [运行时间：0.093592s][吞吐率：10.68req/s] [内存消耗：3,608.90kb] [文件加载：49]
[ sql ] [ DB ] CONNECT:[ UseTime:0.009334s ] mysql:host=127.0.0.1;dbname=store;charset=utf8
[ sql ] [ SQL ] SHOW COLUMNS FROM `type_location` [ RunTime:0.001166s ]
[ sql ] [ SQL ] SELECT * FROM `type_location` WHERE (  `location` = '北京' ) AND `type_location`.`delete_time` IS NULL ORDER BY `create_time` DESC [ RunTime:0.001095s ]
[ sql ] [ SQL ] SHOW COLUMNS FROM `goods` [ RunTime:0.001152s ]
[ sql ] [ SQL ] SELECT `id`,`title`,`price` FROM `goods` WHERE (  `id` IN (5,4,3,2,1) ) AND `goods`.`delete_time` IS NULL ORDER BY `create_time` [ RunTime:0.004069s ]
[ sql ] [ SQL ] SELECT `id`,`title`,`price` FROM `goods` WHERE (  `id` IN (5,4,3,2,1) ) AND `goods`.`delete_time` IS NULL ORDER BY `create_time` [ RunTime:0.000306s ]
[ sql ] [ SQL ] SHOW COLUMNS FROM `goods_image` [ RunTime:0.000506s ]
[ sql ] [ SQL ] SELECT * FROM `goods_image` WHERE  `goods_id` IN (1,2,3,4,5) [ RunTime:0.000262s ]
[ sql ] [ SQL ] SELECT `id`,`title`,`price` FROM `goods` WHERE (  `id` IN (5,4,3,2,1) ) AND `goods`.`delete_time` IS NULL ORDER BY `create_time` [ RunTime:0.000345s ]
[ sql ] [ SQL ] SELECT * FROM `goods_image` WHERE  `goods_id` IN (1,2,3,4,5) [ RunTime:0.000260s ]
[ sql ] [ SQL ] SHOW COLUMNS FROM `image_by_goods` [ RunTime:0.000507s ]
[ sql ] [ SQL ] SELECT * FROM `image_by_goods` WHERE  `id` IN (1,2,3,4,5,6,7,8,9,10,11,12,13) [ RunTime:0.000355s ]
---------------------------------------------------------------
[ 2018-05-23T20:18:15+08:00 ] 111.59.124.145 POST /api/Token/user
[ info ] www.guetused.top/api/Token/user [运行时间：0.265445s][吞吐率：3.77req/s] [内存消耗：3,330.21kb] [文件加载：47]
[ sql ] [ DB ] CONNECT:[ UseTime:0.000425s ] mysql:host=127.0.0.1;dbname=store;charset=utf8
[ sql ] [ SQL ] SHOW COLUMNS FROM `user` [ RunTime:0.000780s ]
[ sql ] [ SQL ] SELECT * FROM `user` WHERE  `openid` = 'oyKA95aeisZH87vnR6uYOABfOch4' LIMIT 1 [ RunTime:0.000389s ]
---------------------------------------------------------------
[ 2018-05-23T22:10:47+08:00 ] 223.104.91.235 POST /api/Token/user
[ info ] www.guetused.top/api/Token/user [运行时间：0.250557s][吞吐率：3.99req/s] [内存消耗：3,330.25kb] [文件加载：47]
[ sql ] [ DB ] CONNECT:[ UseTime:0.000529s ] mysql:host=127.0.0.1;dbname=store;charset=utf8
[ sql ] [ SQL ] SHOW COLUMNS FROM `user` [ RunTime:0.000791s ]
[ sql ] [ SQL ] SELECT * FROM `user` WHERE  `openid` = 'oyKA95aeisZH87vnR6uYOABfOch4' LIMIT 1 [ RunTime:0.000360s ]
---------------------------------------------------------------
[ 2018-05-23T22:38:54+08:00 ] 111.59.124.145 GET /api/Goods?id=1
[ info ] www.guetused.top/api/Goods?id=1 [运行时间：0.032597s][吞吐率：30.68req/s] [内存消耗：3,896.16kb] [文件加载：54]
[ sql ] [ DB ] CONNECT:[ UseTime:0.000482s ] mysql:host=127.0.0.1;dbname=store;charset=utf8
[ sql ] [ SQL ] SHOW COLUMNS FROM `goods` [ RunTime:0.000823s ]
[ sql ] [ SQL ] SELECT * FROM `goods` WHERE `goods`.`delete_time` IS NULL LIMIT 1 [ RunTime:0.000355s ]
[ sql ] [ SQL ] SHOW COLUMNS FROM `goods_image` [ RunTime:0.000536s ]
[ sql ] [ SQL ] SELECT * FROM `goods_image` WHERE  `goods_id` = 1 [ RunTime:0.000261s ]
[ sql ] [ SQL ] SELECT * FROM `goods_image` WHERE  `goods_id` = 1 [ RunTime:0.000275s ]
[ sql ] [ SQL ] SHOW COLUMNS FROM `image_by_goods` [ RunTime:0.000512s ]
[ sql ] [ SQL ] SELECT * FROM `image_by_goods` WHERE  `id` IN (4,5,6) [ RunTime:0.000297s ]
---------------------------------------------------------------
[ 2018-05-23T22:38:58+08:00 ] 111.59.124.145 GET /api/Goods?id=1
[ info ] www.guetused.top/api/Goods?id=1 [运行时间：0.032645s][吞吐率：30.63req/s] [内存消耗：3,896.27kb] [文件加载：54]
[ sql ] [ DB ] CONNECT:[ UseTime:0.000407s ] mysql:host=127.0.0.1;dbname=store;charset=utf8
[ sql ] [ SQL ] SHOW COLUMNS FROM `goods` [ RunTime:0.003549s ]
[ sql ] [ SQL ] SELECT * FROM `goods` WHERE `goods`.`delete_time` IS NULL LIMIT 1 [ RunTime:0.000332s ]
[ sql ] [ SQL ] SHOW COLUMNS FROM `goods_image` [ RunTime:0.000517s ]
[ sql ] [ SQL ] SELECT * FROM `goods_image` WHERE  `goods_id` = 1 [ RunTime:0.000246s ]
[ sql ] [ SQL ] SELECT * FROM `goods_image` WHERE  `goods_id` = 1 [ RunTime:0.000274s ]
[ sql ] [ SQL ] SHOW COLUMNS FROM `image_by_goods` [ RunTime:0.000492s ]
[ sql ] [ SQL ] SELECT * FROM `image_by_goods` WHERE  `id` IN (4,5,6) [ RunTime:0.000293s ]
